<?xml version="1.0" encoding="UTF-8"?>
<testsuites name="Entry Point - Quick Action (1)" time="629.585" tests="4" failures="4" errors="0">
   <testsuite name="Entry Point - Quick Action (1)" tests="4" failures="4" errors="0" time="629.585" skipped="0" timestamp="2024-02-26 11:47:10" hostname="00145409nuralianatasha - localhost" id="Test Suites/SOW2/Entry Point - Quick Action (1)">
      <properties>
         <property name="deviceName" value="emulator-5554 (sdk_gphone64_arm64 - Android 13)"/>
         <property name="devicePlatform" value=""/>
         <property name="logFolder" value="/Users/00145409nuralianatasha/Desktop/automation_Retail_FX(public_git)/Reports/20240226_114707/SOW2/Entry Point - Quick Action (1)/20240226_114707"/>
         <property name="logFiles" value="/Users/00145409nuralianatasha/Desktop/automation_Retail_FX(public_git)/Reports/20240226_114707/SOW2/Entry Point - Quick Action (1)/20240226_114707/execution0.log, /Users/00145409nuralianatasha/Desktop/automation_Retail_FX(public_git)/Reports/20240226_114707/SOW2/Entry Point - Quick Action (1)/20240226_114707/appium.log"/>
         <property name="attachments" value="/Users/00145409nuralianatasha/Desktop/automation_Retail_FX(public_git)/Reports/20240226_114707/SOW2/Entry Point - Quick Action (1)/20240226_114707/1708919250493.png, /Users/00145409nuralianatasha/Desktop/automation_Retail_FX(public_git)/Reports/20240226_114707/SOW2/Entry Point - Quick Action (1)/20240226_114707/1708919321416.png, /Users/00145409nuralianatasha/Desktop/automation_Retail_FX(public_git)/Reports/20240226_114707/SOW2/Entry Point - Quick Action (1)/20240226_114707/1708919323886.png, /Users/00145409nuralianatasha/Desktop/automation_Retail_FX(public_git)/Reports/20240226_114707/SOW2/Entry Point - Quick Action (1)/20240226_114707/1708919325370.png, /Users/00145409nuralianatasha/Desktop/automation_Retail_FX(public_git)/Reports/20240226_114707/SOW2/Entry Point - Quick Action (1)/20240226_114707/1708919326591.png, /Users/00145409nuralianatasha/Desktop/automation_Retail_FX(public_git)/Reports/20240226_114707/SOW2/Entry Point - Quick Action (1)/20240226_114707/1708919336230.png, /Users/00145409nuralianatasha/Desktop/automation_Retail_FX(public_git)/Reports/20240226_114707/SOW2/Entry Point - Quick Action (1)/20240226_114707/1708919404310.png, /Users/00145409nuralianatasha/Desktop/automation_Retail_FX(public_git)/Reports/20240226_114707/SOW2/Entry Point - Quick Action (1)/20240226_114707/1708919413510.png, /Users/00145409nuralianatasha/Desktop/automation_Retail_FX(public_git)/Reports/20240226_114707/SOW2/Entry Point - Quick Action (1)/20240226_114707/1708919424010.png, /Users/00145409nuralianatasha/Desktop/automation_Retail_FX(public_git)/Reports/20240226_114707/SOW2/Entry Point - Quick Action (1)/20240226_114707/1708919438907.png, /Users/00145409nuralianatasha/Desktop/automation_Retail_FX(public_git)/Reports/20240226_114707/SOW2/Entry Point - Quick Action (1)/20240226_114707/1708919441581.png, /Users/00145409nuralianatasha/Desktop/automation_Retail_FX(public_git)/Reports/20240226_114707/SOW2/Entry Point - Quick Action (1)/20240226_114707/1708919459871.png, /Users/00145409nuralianatasha/Desktop/automation_Retail_FX(public_git)/Reports/20240226_114707/SOW2/Entry Point - Quick Action (1)/20240226_114707/1708919461685.png, /Users/00145409nuralianatasha/Desktop/automation_Retail_FX(public_git)/Reports/20240226_114707/SOW2/Entry Point - Quick Action (1)/20240226_114707/1708919529311.png, /Users/00145409nuralianatasha/Desktop/automation_Retail_FX(public_git)/Reports/20240226_114707/SOW2/Entry Point - Quick Action (1)/20240226_114707/1708919532114.png, /Users/00145409nuralianatasha/Desktop/automation_Retail_FX(public_git)/Reports/20240226_114707/SOW2/Entry Point - Quick Action (1)/20240226_114707/1708919542159.png, /Users/00145409nuralianatasha/Desktop/automation_Retail_FX(public_git)/Reports/20240226_114707/SOW2/Entry Point - Quick Action (1)/20240226_114707/1708919558842.png, /Users/00145409nuralianatasha/Desktop/automation_Retail_FX(public_git)/Reports/20240226_114707/SOW2/Entry Point - Quick Action (1)/20240226_114707/1708919569667.png, /Users/00145409nuralianatasha/Desktop/automation_Retail_FX(public_git)/Reports/20240226_114707/SOW2/Entry Point - Quick Action (1)/20240226_114707/1708919587358.png, /Users/00145409nuralianatasha/Desktop/automation_Retail_FX(public_git)/Reports/20240226_114707/SOW2/Entry Point - Quick Action (1)/20240226_114707/1708919588952.png, /Users/00145409nuralianatasha/Desktop/automation_Retail_FX(public_git)/Reports/20240226_114707/SOW2/Entry Point - Quick Action (1)/20240226_114707/1708919657085.png, /Users/00145409nuralianatasha/Desktop/automation_Retail_FX(public_git)/Reports/20240226_114707/SOW2/Entry Point - Quick Action (1)/20240226_114707/1708919660288.png, /Users/00145409nuralianatasha/Desktop/automation_Retail_FX(public_git)/Reports/20240226_114707/SOW2/Entry Point - Quick Action (1)/20240226_114707/1708919675200.png, /Users/00145409nuralianatasha/Desktop/automation_Retail_FX(public_git)/Reports/20240226_114707/SOW2/Entry Point - Quick Action (1)/20240226_114707/1708919690128.png, /Users/00145409nuralianatasha/Desktop/automation_Retail_FX(public_git)/Reports/20240226_114707/SOW2/Entry Point - Quick Action (1)/20240226_114707/1708919706317.png, /Users/00145409nuralianatasha/Desktop/automation_Retail_FX(public_git)/Reports/20240226_114707/SOW2/Entry Point - Quick Action (1)/20240226_114707/1708919724572.png, /Users/00145409nuralianatasha/Desktop/automation_Retail_FX(public_git)/Reports/20240226_114707/SOW2/Entry Point - Quick Action (1)/20240226_114707/1708919726651.png, /Users/00145409nuralianatasha/Desktop/automation_Retail_FX(public_git)/Reports/20240226_114707/SOW2/Entry Point - Quick Action (1)/20240226_114707/1708919786694.png, /Users/00145409nuralianatasha/Desktop/automation_Retail_FX(public_git)/Reports/20240226_114707/SOW2/Entry Point - Quick Action (1)/20240226_114707/1708919795299.png, /Users/00145409nuralianatasha/Desktop/automation_Retail_FX(public_git)/Reports/20240226_114707/SOW2/Entry Point - Quick Action (1)/20240226_114707/1708919804327.png, /Users/00145409nuralianatasha/Desktop/automation_Retail_FX(public_git)/Reports/20240226_114707/SOW2/Entry Point - Quick Action (1)/20240226_114707/1708919824224.png, /Users/00145409nuralianatasha/Desktop/automation_Retail_FX(public_git)/Reports/20240226_114707/SOW2/Entry Point - Quick Action (1)/20240226_114707/1708919835039.png, /Users/00145409nuralianatasha/Desktop/automation_Retail_FX(public_git)/Reports/20240226_114707/SOW2/Entry Point - Quick Action (1)/20240226_114707/1708919857778.png, /Users/00145409nuralianatasha/Desktop/automation_Retail_FX(public_git)/Reports/20240226_114707/SOW2/Entry Point - Quick Action (1)/20240226_114707/1708919859369.png"/>
         <property name="hostName" value="00145409nuralianatasha - localhost"/>
         <property name="os" value="Mac OS X 64bit"/>
         <property name="appiumServerStatus" value="{&quot;value&quot;:{&quot;build&quot;:{&quot;version&quot;:&quot;1.22.3&quot;}},&quot;sessionId&quot;:null,&quot;status&quot;:0}"/>
         <property name="katalonVersion" value="8.6.0.208"/>
         <property name="deviceOS" value="Android"/>
         <property name="appiumVersion" value="1.22.3"/>
         <property name="deviceModel" value="sdk_gphone64_arm64"/>
         <property name="hostAddress" value="127.0.0.1"/>
         <property name="deviceManufacturer" value="Google"/>
         <property name="deviceId" value="emulator-5554"/>
         <property name="deviceName" value="emulator-5554 (sdk_gphone64_arm64 - Android 13)"/>
         <property name="deviceOSVersion" value="13"/>
      </properties>
      <testcase name="Test Cases/RETAILFX-SOW2 Market Order/Entry Point - Quick Action/SOW2 - G1A Account to G1A Account" time="230.923" classname="Test Cases/RETAILFX-SOW2 Market Order/Entry Point - Quick Action/SOW2 - G1A Account to G1A Account" status="FAILED">
         <failure type="FAILED" message="Test Cases/RETAILFX-SOW2 Market Order/Entry Point - Quick Action/SOW2 - G1A Account to G1A Account FAILED.
Reason:
com.kms.katalon.core.exception.StepFailedException: Element 'Object Repository/Global Account Page/dynamicText' not found
	at com.kms.katalon.core.keyword.internal.KeywordMain.stepFailed(KeywordMain.groovy:39)
	at com.kms.katalon.core.mobile.keyword.internal.MobileKeywordMain.stepFailed(MobileKeywordMain.groovy:40)
	at com.kms.katalon.core.mobile.keyword.builtin.VerifyElementExistKeyword$_verifyElementExist_closure1.doCall(VerifyElementExistKeyword.groovy:77)
	at com.kms.katalon.core.mobile.keyword.builtin.VerifyElementExistKeyword$_verifyElementExist_closure1.call(VerifyElementExistKeyword.groovy)
	at com.kms.katalon.core.mobile.keyword.internal.MobileKeywordMain.runKeyword(MobileKeywordMain.groovy:21)
	at com.kms.katalon.core.mobile.keyword.builtin.VerifyElementExistKeyword.verifyElementExist(VerifyElementExistKeyword.groovy:80)
	at com.kms.katalon.core.mobile.keyword.builtin.VerifyElementExistKeyword.execute(VerifyElementExistKeyword.groovy:64)
	at com.kms.katalon.core.keyword.internal.KeywordExecutor.executeKeywordForPlatform(KeywordExecutor.groovy:74)
	at com.kms.katalon.core.mobile.keyword.MobileBuiltInKeywords.verifyElementExist(MobileBuiltInKeywords.groovy:1739)
	at com.kms.katalon.core.mobile.keyword.MobileBuiltInKeywords$verifyElementExist$4.call(Unknown Source)
	at SOW2 - G1A Account to G1A Account.run(SOW2 - G1A Account to G1A Account:158)
	at com.kms.katalon.core.main.ScriptEngine.run(ScriptEngine.java:194)
	at com.kms.katalon.core.main.ScriptEngine.runScriptAsRawText(ScriptEngine.java:119)
	at com.kms.katalon.core.main.TestCaseExecutor.runScript(TestCaseExecutor.java:448)
	at com.kms.katalon.core.main.TestCaseExecutor.doExecute(TestCaseExecutor.java:439)
	at com.kms.katalon.core.main.TestCaseExecutor.processExecutionPhase(TestCaseExecutor.java:418)
	at com.kms.katalon.core.main.TestCaseExecutor.accessMainPhase(TestCaseExecutor.java:410)
	at com.kms.katalon.core.main.TestCaseExecutor.execute(TestCaseExecutor.java:285)
	at com.kms.katalon.core.common.CommonExecutor.accessTestCaseMainPhase(CommonExecutor.java:65)
	at com.kms.katalon.core.main.TestSuiteExecutor.accessTestSuiteMainPhase(TestSuiteExecutor.java:148)
	at com.kms.katalon.core.main.TestSuiteExecutor.execute(TestSuiteExecutor.java:106)
	at com.kms.katalon.core.main.TestCaseMain.startTestSuite(TestCaseMain.java:187)
	at com.kms.katalon.core.main.TestCaseMain$startTestSuite$0.call(Unknown Source)
	at TempTestSuite1708919227400.run(TempTestSuite1708919227400.groovy:36)
"/>
         <system-out><![CDATA[2024-02-26 11:47:11 - [TEST_CASE][FAILED] - Test Cases/RETAILFX-SOW2 Market Order/Entry Point - Quick Action/SOW2 - G1A Account to G1A Account: Test Cases/RETAILFX-SOW2 Market Order/Entry Point - Quick Action/SOW2 - G1A Account to G1A Account FAILED.
Reason:
com.kms.katalon.core.exception.StepFailedException: Element 'Object Repository/Global Account Page/dynamicText' not found
	at com.kms.katalon.core.keyword.internal.KeywordMain.stepFailed(KeywordMain.groovy:39)
	at com.kms.katalon.core.mobile.keyword.internal.MobileKeywordMain.stepFailed(MobileKeywordMain.groovy:40)
	at com.kms.katalon.core.mobile.keyword.builtin.VerifyElementExistKeyword$_verifyElementExist_closure1.doCall(VerifyElementExistKeyword.groovy:77)
	at com.kms.katalon.core.mobile.keyword.builtin.VerifyElementExistKeyword$_verifyElementExist_closure1.call(VerifyElementExistKeyword.groovy)
	at com.kms.katalon.core.mobile.keyword.internal.MobileKeywordMain.runKeyword(MobileKeywordMain.groovy:21)
	at com.kms.katalon.core.mobile.keyword.builtin.VerifyElementExistKeyword.verifyElementExist(VerifyElementExistKeyword.groovy:80)
	at com.kms.katalon.core.mobile.keyword.builtin.VerifyElementExistKeyword.execute(VerifyElementExistKeyword.groovy:64)
	at com.kms.katalon.core.keyword.internal.KeywordExecutor.executeKeywordForPlatform(KeywordExecutor.groovy:74)
	at com.kms.katalon.core.mobile.keyword.MobileBuiltInKeywords.verifyElementExist(MobileBuiltInKeywords.groovy:1739)
	at com.kms.katalon.core.mobile.keyword.MobileBuiltInKeywords$verifyElementExist$4.call(Unknown Source)
	at SOW2 - G1A Account to G1A Account.run(SOW2 - G1A Account to G1A Account:158)
	at com.kms.katalon.core.main.ScriptEngine.run(ScriptEngine.java:194)
	at com.kms.katalon.core.main.ScriptEngine.runScriptAsRawText(ScriptEngine.java:119)
	at com.kms.katalon.core.main.TestCaseExecutor.runScript(TestCaseExecutor.java:448)
	at com.kms.katalon.core.main.TestCaseExecutor.doExecute(TestCaseExecutor.java:439)
	at com.kms.katalon.core.main.TestCaseExecutor.processExecutionPhase(TestCaseExecutor.java:418)
	at com.kms.katalon.core.main.TestCaseExecutor.accessMainPhase(TestCaseExecutor.java:410)
	at com.kms.katalon.core.main.TestCaseExecutor.execute(TestCaseExecutor.java:285)
	at com.kms.katalon.core.common.CommonExecutor.accessTestCaseMainPhase(CommonExecutor.java:65)
	at com.kms.katalon.core.main.TestSuiteExecutor.accessTestSuiteMainPhase(TestSuiteExecutor.java:148)
	at com.kms.katalon.core.main.TestSuiteExecutor.execute(TestSuiteExecutor.java:106)
	at com.kms.katalon.core.main.TestCaseMain.startTestSuite(TestCaseMain.java:187)
	at com.kms.katalon.core.main.TestCaseMain$startTestSuite$0.call(Unknown Source)
	at TempTestSuite1708919227400.run(TempTestSuite1708919227400.groovy:36)


2024-02-26 11:47:12 - [TEST_STEP][PASSED] - startExistingApplication("com.maybank2u.life.uat"): Starting app with application ID: 'com.maybank2u.life.uat'

2024-02-26 11:47:12 - [MESSAGE][INFO] - User set preference: ['appWaitActivity', '']

2024-02-26 11:47:12 - [MESSAGE][INFO] - User set preference: ['autoGrantPermission', 'true']

2024-02-26 11:47:12 - [MESSAGE][INFO] - User set preference: ['noReset', 'true']

2024-02-26 11:47:12 - [MESSAGE][INFO] - User set preference: ['deviceId', '']

2024-02-26 11:47:12 - [MESSAGE][INFO] - User set preference: ['newCommandTimeout', '10000']

2024-02-26 11:47:12 - [MESSAGE][INFO] - Detected NodeJS location: "/opt/homebrew/Cellar/node/20.2.0/bin/node"

2024-02-26 11:47:13 - [MESSAGE][INFO] - Appium server started on port 57,866

2024-02-26 11:47:23 - [MESSAGE][PASSED] - Starting app with application ID: 'com.maybank2u.life.uat'

2024-02-26 11:47:23 - [TEST_STEP][PASSED] - a = 8: null

2024-02-26 11:47:23 - [TEST_STEP][PASSED] - utilities.Entry_Point.Quick_Action(8): utilities.Entry_Point.Quick_Action is PASSED

2024-02-26 11:47:23 - [MESSAGE][WARNING] - Timeout '0' is invalid. Using default page load timeout: '30'

2024-02-26 11:47:30 - [MESSAGE][PASSED] - Element 'Object Repository/Dashboard_Login/android.widget.TextView - Login' is visible

2024-02-26 11:47:30 - [MESSAGE][PASSED] - Screenshot is taken
[[ATTACHMENT|/Users/00145409nuralianatasha/Desktop/automation_Retail_FX(public_git)/Reports/20240226_114707/SOW2/Entry Point - Quick Action (1)/20240226_114707/1708919250493.png]]

2024-02-26 11:47:31 - [MESSAGE][WARNING] - Timeout '0' is invalid. Using default page load timeout: '30'

2024-02-26 11:47:31 - [MESSAGE][PASSED] - Tapped on element 'Object Repository/Dashboard_Login/android.widget.TextView - Login'

2024-02-26 11:47:41 - [MESSAGE][PASSED] - Delayed 10 second(s)

2024-02-26 11:47:41 - [MESSAGE][PASSED] - Tapped on element 'Object Repository/Calc_Numpad/android.widget.TextView - 1'

2024-02-26 11:47:42 - [MESSAGE][PASSED] - Delayed 1 second(s)

2024-02-26 11:47:52 - [MESSAGE][PASSED] - Delayed 10 second(s)

2024-02-26 11:47:52 - [MESSAGE][PASSED] - Tapped on element 'Object Repository/Calc_Numpad/android.widget.TextView - 1'

2024-02-26 11:47:53 - [MESSAGE][PASSED] - Delayed 1 second(s)

2024-02-26 11:48:03 - [MESSAGE][PASSED] - Delayed 10 second(s)

2024-02-26 11:48:03 - [MESSAGE][PASSED] - Tapped on element 'Object Repository/Calc_Numpad/android.widget.TextView - 1'

2024-02-26 11:48:04 - [MESSAGE][PASSED] - Delayed 1 second(s)

2024-02-26 11:48:14 - [MESSAGE][PASSED] - Delayed 10 second(s)

2024-02-26 11:48:15 - [MESSAGE][PASSED] - Tapped on element 'Object Repository/Calc_Numpad/android.widget.TextView - 1'

2024-02-26 11:48:16 - [MESSAGE][PASSED] - Delayed 1 second(s)

2024-02-26 11:48:26 - [MESSAGE][PASSED] - Delayed 10 second(s)

2024-02-26 11:48:26 - [MESSAGE][PASSED] - Tapped on element 'Object Repository/Calc_Numpad/android.widget.TextView - 1'

2024-02-26 11:48:27 - [MESSAGE][PASSED] - Delayed 1 second(s)

2024-02-26 11:48:37 - [MESSAGE][PASSED] - Delayed 10 second(s)

2024-02-26 11:48:37 - [MESSAGE][PASSED] - Tapped on element 'Object Repository/Calc_Numpad/android.widget.TextView - 1'

2024-02-26 11:48:38 - [MESSAGE][PASSED] - Delayed 1 second(s)

2024-02-26 11:48:39 - [MESSAGE][WARNING] - Timeout '0' is invalid. Using default page load timeout: '30'

2024-02-26 11:48:41 - [MESSAGE][PASSED] - Element 'Object Repository/Dashboard_Login/User_name' is present

2024-02-26 11:48:41 - [MESSAGE][WARNING] - Timeout '0' is invalid. Using default page load timeout: '30'

2024-02-26 11:48:41 - [MESSAGE][PASSED] - Element 'Object Repository/Dashboard_Login/User_name' is exist

2024-02-26 11:48:41 - [MESSAGE][PASSED] - Screenshot is taken
[[ATTACHMENT|/Users/00145409nuralianatasha/Desktop/automation_Retail_FX(public_git)/Reports/20240226_114707/SOW2/Entry Point - Quick Action (1)/20240226_114707/1708919321416.png]]

2024-02-26 11:48:41 - [MESSAGE][WARNING] - Timeout '0' is invalid. Using default page load timeout: '30'

2024-02-26 11:48:42 - [MESSAGE][PASSED] - Tapped on element 'Object Repository/Mange_Quick_Actions/android.widget.TextView - Customise'

2024-02-26 11:48:42 - [MESSAGE][WARNING] - Timeout '0' is invalid. Using default page load timeout: '30'

2024-02-26 11:48:43 - [MESSAGE][PASSED] - Element 'Object Repository/Mange_Quick_Actions/android.widget.TextView - Manage Quick Actions' is present

2024-02-26 11:48:43 - [MESSAGE][WARNING] - Timeout '0' is invalid. Using default page load timeout: '30'

2024-02-26 11:48:43 - [MESSAGE][PASSED] - Element 'Object Repository/Mange_Quick_Actions/android.widget.TextView - Manage Quick Actions' is exist

2024-02-26 11:48:43 - [MESSAGE][WARNING] - Timeout '0' is invalid. Using default page load timeout: '30'

2024-02-26 11:48:43 - [MESSAGE][PASSED] - Element 'Object Repository/Mange_Quick_Actions/android.widget.TextView - Simply hold and drag to rearrange the actions' is exist

2024-02-26 11:48:43 - [MESSAGE][WARNING] - Timeout '0' is invalid. Using default page load timeout: '30'

2024-02-26 11:48:43 - [MESSAGE][PASSED] - Element 'Object Repository/Mange_Quick_Actions/android.widget.TextView - Your current favourite actions' is exist

2024-02-26 11:48:43 - [MESSAGE][WARNING] - Timeout '0' is invalid. Using default page load timeout: '30'

2024-02-26 11:48:43 - [MESSAGE][PASSED] - Object 'Object Repository/Mange_Quick_Actions/android.widget.TextView - Save Changes' has attribute 'clickable' with value 'false'

2024-02-26 11:48:44 - [MESSAGE][PASSED] - Screenshot is taken
[[ATTACHMENT|/Users/00145409nuralianatasha/Desktop/automation_Retail_FX(public_git)/Reports/20240226_114707/SOW2/Entry Point - Quick Action (1)/20240226_114707/1708919323886.png]]

2024-02-26 11:48:44 - [MESSAGE][WARNING] - Timeout '0' is invalid. Using default page load timeout: '30'

2024-02-26 11:48:44 - [MESSAGE][PASSED] - Tapped on element 'Object Repository/Mange_Quick_Actions/android.widget.Remove_Image'

2024-02-26 11:48:45 - [MESSAGE][PASSED] - Swiped from 271,1,756 to 0,0

2024-02-26 11:48:45 - [MESSAGE][PASSED] - Screenshot is taken
[[ATTACHMENT|/Users/00145409nuralianatasha/Desktop/automation_Retail_FX(public_git)/Reports/20240226_114707/SOW2/Entry Point - Quick Action (1)/20240226_114707/1708919325370.png]]

2024-02-26 11:48:45 - [MESSAGE][WARNING] - Timeout '0' is invalid. Using default page load timeout: '30'

2024-02-26 11:48:45 - [MESSAGE][PASSED] - Tapped on element 'Object Repository/Mange_Quick_Actions/android.widget.TextView - Currency Exchange'

2024-02-26 11:48:45 - [MESSAGE][WARNING] - Timeout '0' is invalid. Using default page load timeout: '30'

2024-02-26 11:48:46 - [MESSAGE][PASSED] - Tapped on element 'Object Repository/Mange_Quick_Actions/android.widget.TextView - Save Changes'

2024-02-26 11:48:46 - [MESSAGE][PASSED] - Screenshot is taken
[[ATTACHMENT|/Users/00145409nuralianatasha/Desktop/automation_Retail_FX(public_git)/Reports/20240226_114707/SOW2/Entry Point - Quick Action (1)/20240226_114707/1708919326591.png]]

2024-02-26 11:48:46 - [MESSAGE][WARNING] - Timeout '0' is invalid. Using default page load timeout: '30'

2024-02-26 11:48:47 - [MESSAGE][PASSED] - Element 'Object Repository/Quick_Action/android.widget.TextView - Currency Exchange' is exist

2024-02-26 11:48:47 - [MESSAGE][WARNING] - Timeout '0' is invalid. Using default page load timeout: '30'

2024-02-26 11:48:48 - [MESSAGE][PASSED] - Tapped on element 'Object Repository/Quick_Action/android.widget.TextView - Currency Exchange'

2024-02-26 11:48:48 - [MESSAGE][WARNING] - Timeout '0' is invalid. Using default page load timeout: '30'

2024-02-26 11:48:50 - [MESSAGE][PASSED] - Tapped on element 'Object Repository/Global Account Page/dynamicText'

2024-02-26 11:48:50 - [MESSAGE][WARNING] - Timeout '0' is invalid. Using default page load timeout: '30'

2024-02-26 11:48:50 - [MESSAGE][PASSED] - Tapped on element 'Object Repository/Global Account Page/dynamicText'

2024-02-26 11:48:50 - [MESSAGE][PASSED] - utilities.Entry_Point.Quick_Action is PASSED

2024-02-26 11:48:50 - [TEST_STEP][PASSED] - checkLinkedDevice = Validation.checkElementExists("Object Repository/Market Order Page/android.widget.TextView - Enter your password"): Element 'Object Repository/Market Order Page/android.widget.TextView - Enter your password' is exist

2024-02-26 11:48:53 - [MESSAGE][PASSED] - Element 'Object Repository/Market Order Page/android.widget.TextView - Enter your password' is exist

2024-02-26 11:48:53 - [TEST_STEP][PASSED] - if (checkLinkedDevice == true): Tapped on element 'Object Repository/Global Account Page/dynamicText'

2024-02-26 11:48:53 - [TEST_STEP][PASSED] - setText(findTestObject("Object Repository/Dashboard_Login/Onboarding_Login/Password"), findTestData("Username_Password").getValue("Password", a), 0, CONTINUE_ON_FAILURE): Text 'Maybank@1' has been set to element 'Object Repository/Dashboard_Login/Onboarding_Login/Password'

2024-02-26 11:48:53 - [MESSAGE][WARNING] - Timeout '0' is invalid. Using default page load timeout: '30'

2024-02-26 11:48:54 - [MESSAGE][PASSED] - Text 'Maybank@1' has been set to element 'Object Repository/Dashboard_Login/Onboarding_Login/Password'

2024-02-26 11:48:54 - [TEST_STEP][PASSED] - hideKeyboard(CONTINUE_ON_FAILURE): Keyboard is hidden

2024-02-26 11:48:56 - [MESSAGE][PASSED] - Keyboard is hidden

2024-02-26 11:48:56 - [TEST_STEP][PASSED] - takeScreenshot(): Screenshot is taken

2024-02-26 11:48:56 - [MESSAGE][PASSED] - Screenshot is taken
[[ATTACHMENT|/Users/00145409nuralianatasha/Desktop/automation_Retail_FX(public_git)/Reports/20240226_114707/SOW2/Entry Point - Quick Action (1)/20240226_114707/1708919336230.png]]

2024-02-26 11:48:56 - [TEST_STEP][PASSED] - tap(findTestObject("Global Account Page/dynamicText", ["text":"Continue"]), 10, CONTINUE_ON_FAILURE): Tapped on element 'Object Repository/Global Account Page/dynamicText'

2024-02-26 11:48:56 - [MESSAGE][PASSED] - Tapped on element 'Object Repository/Global Account Page/dynamicText'

2024-02-26 11:48:56 - [TEST_STEP][PASSED] - delay(10): Delayed 10 second(s)

2024-02-26 11:49:06 - [MESSAGE][PASSED] - Delayed 10 second(s)

2024-02-26 11:49:06 - [TEST_STEP][PASSED] - tap(findTestObject("SOW2-Market Order/android.widget.TextView _EditText"), 0, CONTINUE_ON_FAILURE): Tapped on element 'Object Repository/SOW2-Market Order/android.widget.TextView _EditText'

2024-02-26 11:49:07 - [MESSAGE][WARNING] - Timeout '0' is invalid. Using default page load timeout: '30'

2024-02-26 11:49:07 - [MESSAGE][PASSED] - Tapped on element 'Object Repository/SOW2-Market Order/android.widget.TextView _EditText'

2024-02-26 11:49:07 - [TEST_STEP][PASSED] - waitForElementPresent(findTestObject("Object Repository/Calc_Pad/android.widget.Image"), 20, OPTIONAL): Object Object Repository/Calc_Pad/android.widget.Image not found

2024-02-26 11:49:27 - [MESSAGE][WARNING] - Object Object Repository/Calc_Pad/android.widget.Image not found

2024-02-26 11:49:27 - [TEST_STEP][PASSED] - digits = "5000": null

2024-02-26 11:49:27 - [TEST_STEP][PASSED] - currency_Numpad(digits): null

2024-02-26 11:49:27 - [TEST_STEP][PASSED] - digit_length = digits.length(): null

2024-02-26 11:49:27 - [TEST_STEP][PASSED] - for ([i = 0, i < digit_length, (i++)]): Object Object Repository/Calc_Pad/android.widget.TextView - 0 not found

2024-02-26 11:49:27 - [TEST_STEP][PASSED] - if (digits[i] == "1"): null

2024-02-26 11:49:27 - [TEST_STEP][PASSED] - else if (digits[i] == "2"): null

2024-02-26 11:49:27 - [TEST_STEP][PASSED] - else if (digits[i] == "3"): null

2024-02-26 11:49:27 - [TEST_STEP][PASSED] - else if (digits[i] == "4"): null

2024-02-26 11:49:27 - [TEST_STEP][PASSED] - else if (digits[i] == "5"): Object Object Repository/Calc_Pad/android.widget.TextView - 5 not found

2024-02-26 11:49:27 - [TEST_STEP][PASSED] - tap(findTestObject("Object Repository/Calc_Pad/android.widget.TextView - 5"), 5, OPTIONAL): Object Object Repository/Calc_Pad/android.widget.TextView - 5 not found

2024-02-26 11:49:32 - [MESSAGE][WARNING] - Object Object Repository/Calc_Pad/android.widget.TextView - 5 not found

2024-02-26 11:49:32 - [TEST_STEP][PASSED] - if (digits[i] == "1"): null

2024-02-26 11:49:32 - [TEST_STEP][PASSED] - else if (digits[i] == "2"): null

2024-02-26 11:49:32 - [TEST_STEP][PASSED] - else if (digits[i] == "3"): null

2024-02-26 11:49:32 - [TEST_STEP][PASSED] - else if (digits[i] == "4"): null

2024-02-26 11:49:32 - [TEST_STEP][PASSED] - else if (digits[i] == "5"): null

2024-02-26 11:49:32 - [TEST_STEP][PASSED] - else if (digits[i] == "6"): null

2024-02-26 11:49:32 - [TEST_STEP][PASSED] - else if (digits[i] == "7"): null

2024-02-26 11:49:32 - [TEST_STEP][PASSED] - else if (digits[i] == "8"): null

2024-02-26 11:49:32 - [TEST_STEP][PASSED] - else if (digits[i] == "9"): null

2024-02-26 11:49:32 - [TEST_STEP][PASSED] - else if (digits[i] == "0"): Object Object Repository/Calc_Pad/android.widget.TextView - 0 not found

2024-02-26 11:49:32 - [TEST_STEP][PASSED] - tap(findTestObject("Object Repository/Calc_Pad/android.widget.TextView - 0"), 5, OPTIONAL): Object Object Repository/Calc_Pad/android.widget.TextView - 0 not found

2024-02-26 11:49:37 - [MESSAGE][WARNING] - Object Object Repository/Calc_Pad/android.widget.TextView - 0 not found

2024-02-26 11:49:37 - [TEST_STEP][PASSED] - if (digits[i] == "1"): null

2024-02-26 11:49:37 - [TEST_STEP][PASSED] - else if (digits[i] == "2"): null

2024-02-26 11:49:37 - [TEST_STEP][PASSED] - else if (digits[i] == "3"): null

2024-02-26 11:49:37 - [TEST_STEP][PASSED] - else if (digits[i] == "4"): null

2024-02-26 11:49:37 - [TEST_STEP][PASSED] - else if (digits[i] == "5"): null

2024-02-26 11:49:37 - [TEST_STEP][PASSED] - else if (digits[i] == "6"): null

2024-02-26 11:49:37 - [TEST_STEP][PASSED] - else if (digits[i] == "7"): null

2024-02-26 11:49:37 - [TEST_STEP][PASSED] - else if (digits[i] == "8"): null

2024-02-26 11:49:37 - [TEST_STEP][PASSED] - else if (digits[i] == "9"): null

2024-02-26 11:49:37 - [TEST_STEP][PASSED] - else if (digits[i] == "0"): Object Object Repository/Calc_Pad/android.widget.TextView - 0 not found

2024-02-26 11:49:37 - [TEST_STEP][PASSED] - tap(findTestObject("Object Repository/Calc_Pad/android.widget.TextView - 0"), 5, OPTIONAL): Object Object Repository/Calc_Pad/android.widget.TextView - 0 not found

2024-02-26 11:49:43 - [MESSAGE][WARNING] - Object Object Repository/Calc_Pad/android.widget.TextView - 0 not found

2024-02-26 11:49:43 - [TEST_STEP][PASSED] - if (digits[i] == "1"): null

2024-02-26 11:49:43 - [TEST_STEP][PASSED] - else if (digits[i] == "2"): null

2024-02-26 11:49:43 - [TEST_STEP][PASSED] - else if (digits[i] == "3"): null

2024-02-26 11:49:43 - [TEST_STEP][PASSED] - else if (digits[i] == "4"): null

2024-02-26 11:49:43 - [TEST_STEP][PASSED] - else if (digits[i] == "5"): null

2024-02-26 11:49:43 - [TEST_STEP][PASSED] - else if (digits[i] == "6"): null

2024-02-26 11:49:43 - [TEST_STEP][PASSED] - else if (digits[i] == "7"): null

2024-02-26 11:49:43 - [TEST_STEP][PASSED] - else if (digits[i] == "8"): null

2024-02-26 11:49:43 - [TEST_STEP][PASSED] - else if (digits[i] == "9"): null

2024-02-26 11:49:43 - [TEST_STEP][PASSED] - else if (digits[i] == "0"): Object Object Repository/Calc_Pad/android.widget.TextView - 0 not found

2024-02-26 11:49:43 - [TEST_STEP][PASSED] - tap(findTestObject("Object Repository/Calc_Pad/android.widget.TextView - 0"), 5, OPTIONAL): Object Object Repository/Calc_Pad/android.widget.TextView - 0 not found

2024-02-26 11:49:48 - [MESSAGE][WARNING] - Object Object Repository/Calc_Pad/android.widget.TextView - 0 not found

2024-02-26 11:49:48 - [TEST_STEP][PASSED] - tap(findTestObject("Object Repository/Calc_Pad/android.widget.Image"), 5, OPTIONAL): Object Object Repository/Calc_Pad/android.widget.Image not found

2024-02-26 11:49:53 - [MESSAGE][WARNING] - Object Object Repository/Calc_Pad/android.widget.Image not found

2024-02-26 11:49:53 - [TEST_STEP][PASSED] - delay(5): Delayed 5 second(s)

2024-02-26 11:49:58 - [MESSAGE][PASSED] - Delayed 5 second(s)

2024-02-26 11:49:58 - [TEST_STEP][PASSED] - utilities.Mobile_Keywords.sow2market_orderdropdown("US Dol", "USD - US Dollar"): utilities.Mobile_Keywords.sow2market_orderdropdown is PASSED

2024-02-26 11:49:58 - [MESSAGE][WARNING] - Timeout '0' is invalid. Using default page load timeout: '30'

2024-02-26 11:49:58 - [MESSAGE][PASSED] - Tapped on element 'Object Repository/SOW2-Market Order/Select_Currency Dropdown'

2024-02-26 11:49:59 - [MESSAGE][PASSED] - Element 'Object Repository/SOW2-Market Order/android.view.View - Select Currency' is present

2024-02-26 11:50:00 - [MESSAGE][PASSED] - Element 'Object Repository/SOW2-Market Order/android.view.View - Select Currency' is exist

2024-02-26 11:50:00 - [MESSAGE][PASSED] - Tapped on element 'Object Repository/SOW2-Market Order/android.widget.EditText_SearchCurrency'

2024-02-26 11:50:01 - [MESSAGE][PASSED] - Text 'US Dol' has been set to element 'Object Repository/SOW2-Market Order/android.widget.EditText_SearchCurrency'

2024-02-26 11:50:02 - [MESSAGE][PASSED] - Keyboard is hidden

2024-02-26 11:50:02 - [MESSAGE][PASSED] - Element 'Object Repository/Global Account Page/dynamicText' is exist

2024-02-26 11:50:02 - [MESSAGE][PASSED] - Tapped on element 'Object Repository/Global Account Page/dynamicText'

2024-02-26 11:50:02 - [MESSAGE][PASSED] - utilities.Mobile_Keywords.sow2market_orderdropdown is PASSED

2024-02-26 11:50:02 - [TEST_STEP][PASSED] - verifyElementExist(findTestObject("Global Account Page/dynamicText", ["text":"Exchange rate"]), 5, CONTINUE_ON_FAILURE): Element 'Object Repository/Global Account Page/dynamicText' is exist

2024-02-26 11:50:03 - [MESSAGE][PASSED] - Element 'Object Repository/Global Account Page/dynamicText' is exist

2024-02-26 11:50:03 - [TEST_STEP][PASSED] - currency_TextMsg = getText(findTestObject("General/android.widget.TextView _Conversion"), 0, CONTINUE_ON_FAILURE): Text of element 'Object Repository/General/android.widget.TextView _Conversion' is: 'USD 1 = MYR 4.7915'

2024-02-26 11:50:03 - [MESSAGE][WARNING] - Timeout '0' is invalid. Using default page load timeout: '30'

2024-02-26 11:50:03 - [MESSAGE][PASSED] - Text of element 'Object Repository/General/android.widget.TextView _Conversion' is: 'USD 1 = MYR 4.7915'

2024-02-26 11:50:03 - [TEST_STEP][PASSED] - comment(currency_TextMsg): USD 1 = MYR 4.7915

2024-02-26 11:50:03 - [MESSAGE][INFO] - USD 1 = MYR 4.7915

2024-02-26 11:50:03 - [TEST_STEP][PASSED] - roundedNumber = Validation.convertUSDToMYR(currency_TextMsg): null

2024-02-26 11:50:03 - [TEST_STEP][PASSED] - verifyElementExist(findTestObject("Global Account Page/dynamicText", ["text":"Conversion fee"]), 5, CONTINUE_ON_FAILURE): Element 'Object Repository/Global Account Page/dynamicText' is exist

2024-02-26 11:50:03 - [MESSAGE][PASSED] - Element 'Object Repository/Global Account Page/dynamicText' is exist

2024-02-26 11:50:03 - [TEST_STEP][PASSED] - Conversion_Fee = getText(findTestObject("SOW2-Market Order/ConversionFee_Text"), 5, CONTINUE_ON_FAILURE): Text of element 'Object Repository/SOW2-Market Order/ConversionFee_Text' is: 'USD 0.00'

2024-02-26 11:50:03 - [MESSAGE][PASSED] - Text of element 'Object Repository/SOW2-Market Order/ConversionFee_Text' is: 'USD 0.00'

2024-02-26 11:50:03 - [TEST_STEP][PASSED] - verifyElementExist(findTestObject("Global Account Page/dynamicText", ["text":"Total to pay"]), 5, CONTINUE_ON_FAILURE): Element 'Object Repository/Global Account Page/dynamicText' is exist

2024-02-26 11:50:04 - [MESSAGE][PASSED] - Element 'Object Repository/Global Account Page/dynamicText' is exist

2024-02-26 11:50:04 - [TEST_STEP][PASSED] - verifyElementExist(findTestObject("Global Account Page/dynamicText", ["text":"MYR 50.00"]), 5, CONTINUE_ON_FAILURE): Element 'Object Repository/Global Account Page/dynamicText' is exist

2024-02-26 11:50:04 - [MESSAGE][PASSED] - Element 'Object Repository/Global Account Page/dynamicText' is exist

2024-02-26 11:50:04 - [TEST_STEP][PASSED] - verifyElementExist(findTestObject("Global Account Page/dynamicText", ["text":"Amount to receive"]), 5, CONTINUE_ON_FAILURE): Element 'Object Repository/Global Account Page/dynamicText' is exist

2024-02-26 11:50:04 - [MESSAGE][PASSED] - Element 'Object Repository/Global Account Page/dynamicText' is exist

2024-02-26 11:50:04 - [TEST_STEP][PASSED] - verifyElementExist(findTestObject("General/android.widget.EditText _AmountReceived", ["text":roundedNumber]), 5, CONTINUE_ON_FAILURE): Element 'Object Repository/General/android.widget.EditText _AmountReceived' is exist

2024-02-26 11:50:04 - [MESSAGE][PASSED] - Element 'Object Repository/General/android.widget.EditText _AmountReceived' is exist

2024-02-26 11:50:04 - [TEST_STEP][PASSED] - takeScreenshot(): Screenshot is taken

2024-02-26 11:50:04 - [MESSAGE][PASSED] - Screenshot is taken
[[ATTACHMENT|/Users/00145409nuralianatasha/Desktop/automation_Retail_FX(public_git)/Reports/20240226_114707/SOW2/Entry Point - Quick Action (1)/20240226_114707/1708919404310.png]]

2024-02-26 11:50:04 - [TEST_STEP][PASSED] - tap(findTestObject("SOW2-Market Order/android.widget.Dynamic_Button", ["text":"Next"]), 0, CONTINUE_ON_FAILURE): Tapped on element 'Object Repository/SOW2-Market Order/android.widget.Dynamic_Button'

2024-02-26 11:50:04 - [MESSAGE][WARNING] - Timeout '0' is invalid. Using default page load timeout: '30'

2024-02-26 11:50:04 - [MESSAGE][PASSED] - Tapped on element 'Object Repository/SOW2-Market Order/android.widget.Dynamic_Button'

2024-02-26 11:50:04 - [TEST_STEP][PASSED] - waitForElementPresent(findTestObject("Global Account Page/dynamicText", ["text":"Step 2 of 2"]), 5, CONTINUE_ON_FAILURE): Element 'Object Repository/Global Account Page/dynamicText' is present

2024-02-26 11:50:06 - [MESSAGE][PASSED] - Element 'Object Repository/Global Account Page/dynamicText' is present

2024-02-26 11:50:06 - [TEST_STEP][PASSED] - verifyElementExist(findTestObject("Global Account Page/dynamicText", ["text":"Step 2 of 2"]), 5, CONTINUE_ON_FAILURE): Element 'Object Repository/Global Account Page/dynamicText' is exist

2024-02-26 11:50:06 - [MESSAGE][PASSED] - Element 'Object Repository/Global Account Page/dynamicText' is exist

2024-02-26 11:50:06 - [TEST_STEP][PASSED] - verifyElementExist(findTestObject("Global Account Page/dynamicText", ["text":"USD/MYR"]), 5, CONTINUE_ON_FAILURE): Element 'Object Repository/Global Account Page/dynamicText' is exist

2024-02-26 11:50:06 - [MESSAGE][PASSED] - Element 'Object Repository/Global Account Page/dynamicText' is exist

2024-02-26 11:50:06 - [TEST_STEP][PASSED] - verifyElementExist(findTestObject("SOW2-Market Order/android.widget.TextView - Im converting"), 5, CONTINUE_ON_FAILURE): Element 'Object Repository/SOW2-Market Order/android.widget.TextView - Im converting' is exist

2024-02-26 11:50:06 - [MESSAGE][PASSED] - Element 'Object Repository/SOW2-Market Order/android.widget.TextView - Im converting' is exist

2024-02-26 11:50:06 - [TEST_STEP][PASSED] - verifyElementExist(findTestObject("Global Account Page/dynamicText", ["text":"MYR 50.00"]), 5, CONTINUE_ON_FAILURE): Element 'Object Repository/Global Account Page/dynamicText' is exist

2024-02-26 11:50:06 - [MESSAGE][PASSED] - Element 'Object Repository/Global Account Page/dynamicText' is exist

2024-02-26 11:50:06 - [TEST_STEP][PASSED] - verifyElementExist(findTestObject("Global Account Page/dynamicText", ["text":"Transfer from"]), 5, CONTINUE_ON_FAILURE): Element 'Object Repository/Global Account Page/dynamicText' is exist

2024-02-26 11:50:06 - [MESSAGE][PASSED] - Element 'Object Repository/Global Account Page/dynamicText' is exist

2024-02-26 11:50:06 - [TEST_STEP][PASSED] - verifyElementExist(findTestObject("Global Account Page/dynamicText", ["text":"Transfer to"]), 5, CONTINUE_ON_FAILURE): Element 'Object Repository/Global Account Page/dynamicText' is exist

2024-02-26 11:50:06 - [MESSAGE][PASSED] - Element 'Object Repository/Global Account Page/dynamicText' is exist

2024-02-26 11:50:06 - [TEST_STEP][PASSED] - utilities.Mobile_Keywords.scrollFromTopToBottom(): utilities.Mobile_Keywords.scrollFromTopToBottom is PASSED

2024-02-26 11:50:07 - [MESSAGE][PASSED] - Current device physical height is 2138

2024-02-26 11:50:07 - [MESSAGE][PASSED] - Current device physical width is 1080

2024-02-26 11:50:08 - [MESSAGE][PASSED] - Swiped from 540,1,496 to 540,641

2024-02-26 11:50:13 - [MESSAGE][PASSED] - Delayed 5 second(s)

2024-02-26 11:50:13 - [MESSAGE][PASSED] - utilities.Mobile_Keywords.scrollFromTopToBottom is PASSED

2024-02-26 11:50:13 - [TEST_STEP][PASSED] - takeScreenshot(): Screenshot is taken

2024-02-26 11:50:13 - [MESSAGE][PASSED] - Screenshot is taken
[[ATTACHMENT|/Users/00145409nuralianatasha/Desktop/automation_Retail_FX(public_git)/Reports/20240226_114707/SOW2/Entry Point - Quick Action (1)/20240226_114707/1708919413510.png]]

2024-02-26 11:50:13 - [TEST_STEP][PASSED] - tap(findTestObject("SOW2-Market Order/android.widget.Dynamic_Button", ["text":"Get Quote"]), 0, CONTINUE_ON_FAILURE): Tapped on element 'Object Repository/SOW2-Market Order/android.widget.Dynamic_Button'

2024-02-26 11:50:13 - [MESSAGE][WARNING] - Timeout '0' is invalid. Using default page load timeout: '30'

2024-02-26 11:50:14 - [MESSAGE][PASSED] - Tapped on element 'Object Repository/SOW2-Market Order/android.widget.Dynamic_Button'

2024-02-26 11:50:14 - [TEST_STEP][PASSED] - currency_TextMsg1 = getText(findTestObject("General/android.widget.TextView _Conversion"), 0, CONTINUE_ON_FAILURE): Text of element 'Object Repository/General/android.widget.TextView _Conversion' is: 'USD 1 = MYR 4.7635'

2024-02-26 11:50:14 - [MESSAGE][WARNING] - Timeout '0' is invalid. Using default page load timeout: '30'

2024-02-26 11:50:16 - [MESSAGE][PASSED] - Text of element 'Object Repository/General/android.widget.TextView _Conversion' is: 'USD 1 = MYR 4.7635'

2024-02-26 11:50:16 - [TEST_STEP][PASSED] - roundedNumber1 = Validation.convertUSDToMYR(currency_TextMsg1): null

2024-02-26 11:50:16 - [TEST_STEP][PASSED] - waitForElementPresent(findTestObject("Global Account Page/dynamicText", ["text":"Confirmation"]), 5, CONTINUE_ON_FAILURE): Element 'Object Repository/Global Account Page/dynamicText' is present

2024-02-26 11:50:16 - [MESSAGE][PASSED] - Element 'Object Repository/Global Account Page/dynamicText' is present

2024-02-26 11:50:16 - [TEST_STEP][PASSED] - verifyElementExist(findTestObject("Global Account Page/dynamicText", ["text":"Transfer from"]), 5, CONTINUE_ON_FAILURE): Element 'Object Repository/Global Account Page/dynamicText' is exist

2024-02-26 11:50:16 - [MESSAGE][PASSED] - Element 'Object Repository/Global Account Page/dynamicText' is exist

2024-02-26 11:50:16 - [TEST_STEP][PASSED] - verifyElementExist(findTestObject("Global Account Page/dynamicText", ["text":"Global Access Account-i (MYR)"]), 5, CONTINUE_ON_FAILURE): Element 'Object Repository/Global Account Page/dynamicText' is exist

2024-02-26 11:50:16 - [MESSAGE][PASSED] - Element 'Object Repository/Global Account Page/dynamicText' is exist

2024-02-26 11:50:16 - [TEST_STEP][PASSED] - verifyElementExist(findTestObject("Global Account Page/dynamicText", ["text":"Transfer to"]), 5, CONTINUE_ON_FAILURE): Element 'Object Repository/Global Account Page/dynamicText' is exist

2024-02-26 11:50:17 - [MESSAGE][PASSED] - Element 'Object Repository/Global Account Page/dynamicText' is exist

2024-02-26 11:50:17 - [TEST_STEP][PASSED] - verifyElementExist(findTestObject("Global Account Page/dynamicText", ["text":"Global Access Account-i (USD)"]), 5, CONTINUE_ON_FAILURE): Element 'Object Repository/Global Account Page/dynamicText' is exist

2024-02-26 11:50:17 - [MESSAGE][PASSED] - Element 'Object Repository/Global Account Page/dynamicText' is exist

2024-02-26 11:50:17 - [TEST_STEP][PASSED] - verifyElementExist(findTestObject("Global Account Page/dynamicText", ["text":"Amount to receive"]), 5, CONTINUE_ON_FAILURE): Element 'Object Repository/Global Account Page/dynamicText' is exist

2024-02-26 11:50:17 - [MESSAGE][PASSED] - Element 'Object Repository/Global Account Page/dynamicText' is exist

2024-02-26 11:50:17 - [TEST_STEP][PASSED] - println("below is the rounded number" + roundedNumber1): null

2024-02-26 11:50:17 - [TEST_STEP][PASSED] - verifyElementExist(findTestObject("Global Account Page/dynamicText", ["text":"USD " + roundedNumber1]), 5, CONTINUE_ON_FAILURE): Element 'Object Repository/Global Account Page/dynamicText' is exist

2024-02-26 11:50:18 - [MESSAGE][PASSED] - Element 'Object Repository/Global Account Page/dynamicText' is exist

2024-02-26 11:50:18 - [TEST_STEP][PASSED] - verifyElementExist(findTestObject("Global Account Page/dynamicText", ["text":"Transaction type"]), 5, CONTINUE_ON_FAILURE): Element 'Object Repository/Global Account Page/dynamicText' is exist

2024-02-26 11:50:18 - [MESSAGE][PASSED] - Element 'Object Repository/Global Account Page/dynamicText' is exist

2024-02-26 11:50:18 - [TEST_STEP][PASSED] - verifyElementExist(findTestObject("Global Account Page/dynamicText", ["text":"Currency Conversion"]), 5, CONTINUE_ON_FAILURE): Element 'Object Repository/Global Account Page/dynamicText' is exist

2024-02-26 11:50:18 - [MESSAGE][PASSED] - Element 'Object Repository/Global Account Page/dynamicText' is exist

2024-02-26 11:50:18 - [TEST_STEP][FAILED] - verifyElementExist(findTestObject("Global Account Page/dynamicText", ["text":"I have read and agree to the BNM Foreign Exchange Rules, I accept the declaration as well as the Terms & Conditions for this transfer."]), 5, CONTINUE_ON_FAILURE): Element 'Object Repository/Global Account Page/dynamicText' not found

2024-02-26 11:50:24 - [MESSAGE][FAILED] - Element 'Object Repository/Global Account Page/dynamicText' not found

2024-02-26 11:50:24 - [TEST_STEP][PASSED] - takeScreenshot(CONTINUE_ON_FAILURE): Screenshot is taken

2024-02-26 11:50:24 - [MESSAGE][PASSED] - Screenshot is taken
[[ATTACHMENT|/Users/00145409nuralianatasha/Desktop/automation_Retail_FX(public_git)/Reports/20240226_114707/SOW2/Entry Point - Quick Action (1)/20240226_114707/1708919424010.png]]

2024-02-26 11:50:24 - [TEST_STEP][PASSED] - tap(findTestObject("SOW2-Market Order/android.view.View - I have read and agree to the BNM Foreign Exchange Rules, I accept the declaration as well as the Terms  Conditions for this transfer"), 0, CONTINUE_ON_FAILURE): Tapped on element 'Object Repository/SOW2-Market Order/android.view.View - I have read and agree to the BNM Foreign Exchange Rules, I accept the declaration as well as the Terms  Conditions for this transfer'

2024-02-26 11:50:24 - [MESSAGE][WARNING] - Timeout '0' is invalid. Using default page load timeout: '30'

2024-02-26 11:50:24 - [MESSAGE][PASSED] - Tapped on element 'Object Repository/SOW2-Market Order/android.view.View - I have read and agree to the BNM Foreign Exchange Rules, I accept the declaration as well as the Terms  Conditions for this transfer'

2024-02-26 11:50:24 - [TEST_STEP][PASSED] - utilities.Mobile_Keywords.scrollFromTopToBottom(): utilities.Mobile_Keywords.scrollFromTopToBottom is PASSED

2024-02-26 11:50:25 - [MESSAGE][PASSED] - Current device physical height is 2138

2024-02-26 11:50:25 - [MESSAGE][PASSED] - Current device physical width is 1080

2024-02-26 11:50:26 - [MESSAGE][PASSED] - Swiped from 540,1,496 to 540,641

2024-02-26 11:50:31 - [MESSAGE][PASSED] - Delayed 5 second(s)

2024-02-26 11:50:31 - [MESSAGE][PASSED] - utilities.Mobile_Keywords.scrollFromTopToBottom is PASSED

2024-02-26 11:50:31 - [TEST_STEP][PASSED] - tap(findTestObject("SOW2-Market Order/android.widget.Dynamic_Button", ["text":"Confirm"]), 0, CONTINUE_ON_FAILURE): Tapped on element 'Object Repository/SOW2-Market Order/android.widget.Dynamic_Button'

2024-02-26 11:50:31 - [MESSAGE][WARNING] - Timeout '0' is invalid. Using default page load timeout: '30'

2024-02-26 11:50:31 - [MESSAGE][PASSED] - Tapped on element 'Object Repository/SOW2-Market Order/android.widget.Dynamic_Button'

2024-02-26 11:50:31 - [TEST_STEP][PASSED] - waitForElementPresent(findTestObject("Global Account Page/dynamicText", ["text":"Transaction Successful"]), 5, CONTINUE_ON_FAILURE): Element 'Object Repository/Global Account Page/dynamicText' is present

2024-02-26 11:50:38 - [MESSAGE][PASSED] - Element 'Object Repository/Global Account Page/dynamicText' is present

2024-02-26 11:50:38 - [TEST_STEP][PASSED] - verifyElementExist(findTestObject("Global Account Page/dynamicText", ["text":"Transaction Successful"]), 5, CONTINUE_ON_FAILURE): Element 'Object Repository/Global Account Page/dynamicText' is exist

2024-02-26 11:50:38 - [MESSAGE][PASSED] - Element 'Object Repository/Global Account Page/dynamicText' is exist

2024-02-26 11:50:38 - [TEST_STEP][PASSED] - verifyElementExist(findTestObject("Global Account Page/dynamicText", ["text":"Reference ID"]), 5, CONTINUE_ON_FAILURE): Element 'Object Repository/Global Account Page/dynamicText' is exist

2024-02-26 11:50:38 - [MESSAGE][PASSED] - Element 'Object Repository/Global Account Page/dynamicText' is exist

2024-02-26 11:50:38 - [TEST_STEP][PASSED] - verifyElementExist(findTestObject("Global Account Page/dynamicText", ["text":"Order ID"]), 5, CONTINUE_ON_FAILURE): Element 'Object Repository/Global Account Page/dynamicText' is exist

2024-02-26 11:50:38 - [MESSAGE][PASSED] - Element 'Object Repository/Global Account Page/dynamicText' is exist

2024-02-26 11:50:38 - [TEST_STEP][PASSED] - verifyElementExist(findTestObject("Global Account Page/dynamicText", ["text":"Date & time"]), 5, CONTINUE_ON_FAILURE): Element 'Object Repository/Global Account Page/dynamicText' is exist

2024-02-26 11:50:38 - [MESSAGE][PASSED] - Element 'Object Repository/Global Account Page/dynamicText' is exist

2024-02-26 11:50:38 - [TEST_STEP][PASSED] - verifyElementExist(findTestObject("Global Account Page/dynamicText", ["text":"Converted from"]), 5, CONTINUE_ON_FAILURE): Element 'Object Repository/Global Account Page/dynamicText' is exist

2024-02-26 11:50:38 - [MESSAGE][PASSED] - Element 'Object Repository/Global Account Page/dynamicText' is exist

2024-02-26 11:50:38 - [TEST_STEP][PASSED] - verifyElementExist(findTestObject("Global Account Page/dynamicText", ["text":"Amount received"]), 5, CONTINUE_ON_FAILURE): Element 'Object Repository/Global Account Page/dynamicText' is exist

2024-02-26 11:50:38 - [MESSAGE][PASSED] - Element 'Object Repository/Global Account Page/dynamicText' is exist

2024-02-26 11:50:38 - [TEST_STEP][PASSED] - verifyElementExist(findTestObject("Global Account Page/dynamicText", ["text":"USD " + roundedNumber1]), 5, CONTINUE_ON_FAILURE): Element 'Object Repository/Global Account Page/dynamicText' is exist

2024-02-26 11:50:38 - [MESSAGE][PASSED] - Element 'Object Repository/Global Account Page/dynamicText' is exist

2024-02-26 11:50:38 - [TEST_STEP][PASSED] - verifyElementExist(findTestObject("Global Account Page/dynamicText", ["text":"Exchange rate"]), 5, CONTINUE_ON_FAILURE): Element 'Object Repository/Global Account Page/dynamicText' is exist

2024-02-26 11:50:38 - [MESSAGE][PASSED] - Element 'Object Repository/Global Account Page/dynamicText' is exist

2024-02-26 11:50:38 - [TEST_STEP][PASSED] - verifyElementExist(findTestObject("Global Account Page/dynamicText", ["text":"Transaction type"]), 5, CONTINUE_ON_FAILURE): Element 'Object Repository/Global Account Page/dynamicText' is exist

2024-02-26 11:50:38 - [MESSAGE][PASSED] - Element 'Object Repository/Global Account Page/dynamicText' is exist

2024-02-26 11:50:38 - [TEST_STEP][PASSED] - verifyElementExist(findTestObject("Global Account Page/dynamicText", ["text":"Currency Conversion"]), 5, CONTINUE_ON_FAILURE): Element 'Object Repository/Global Account Page/dynamicText' is exist

2024-02-26 11:50:38 - [MESSAGE][PASSED] - Element 'Object Repository/Global Account Page/dynamicText' is exist

2024-02-26 11:50:38 - [TEST_STEP][PASSED] - verifyElementExist(findTestObject("Global Account Page/dynamicText", ["text":"Share Receipt"]), 5, CONTINUE_ON_FAILURE): Element 'Object Repository/Global Account Page/dynamicText' is exist

2024-02-26 11:50:38 - [MESSAGE][PASSED] - Element 'Object Repository/Global Account Page/dynamicText' is exist

2024-02-26 11:50:38 - [TEST_STEP][PASSED] - verifyElementExist(findTestObject("Global Account Page/dynamicText", ["text":"Done"]), 5, CONTINUE_ON_FAILURE): Element 'Object Repository/Global Account Page/dynamicText' is exist

2024-02-26 11:50:38 - [MESSAGE][PASSED] - Element 'Object Repository/Global Account Page/dynamicText' is exist

2024-02-26 11:50:38 - [TEST_STEP][PASSED] - takeScreenshot(CONTINUE_ON_FAILURE): Screenshot is taken

2024-02-26 11:50:39 - [MESSAGE][PASSED] - Screenshot is taken
[[ATTACHMENT|/Users/00145409nuralianatasha/Desktop/automation_Retail_FX(public_git)/Reports/20240226_114707/SOW2/Entry Point - Quick Action (1)/20240226_114707/1708919438907.png]]

2024-02-26 11:50:39 - [TEST_STEP][PASSED] - tap(findTestObject("Global Account Page/dynamicText", ["text":"Share Receipt"]), 0, CONTINUE_ON_FAILURE): Tapped on element 'Object Repository/Global Account Page/dynamicText'

2024-02-26 11:50:39 - [MESSAGE][WARNING] - Timeout '0' is invalid. Using default page load timeout: '30'

2024-02-26 11:50:39 - [MESSAGE][PASSED] - Tapped on element 'Object Repository/Global Account Page/dynamicText'

2024-02-26 11:50:39 - [TEST_STEP][PASSED] - waitForElementPresent(findTestObject("Global Account Page/dynamicText", ["text":"Currency Exchange"]), 5, CONTINUE_ON_FAILURE): Element 'Object Repository/Global Account Page/dynamicText' is present

2024-02-26 11:50:41 - [MESSAGE][PASSED] - Element 'Object Repository/Global Account Page/dynamicText' is present

2024-02-26 11:50:41 - [TEST_STEP][PASSED] - verifyElementExist(findTestObject("Global Account Page/dynamicText", ["text":"Completed"]), 5, CONTINUE_ON_FAILURE): Element 'Object Repository/Global Account Page/dynamicText' is exist

2024-02-26 11:50:41 - [MESSAGE][PASSED] - Element 'Object Repository/Global Account Page/dynamicText' is exist

2024-02-26 11:50:41 - [TEST_STEP][PASSED] - verifyElementExist(findTestObject("Global Account Page/dynamicText", ["text":"Currency Exchange"]), 5, CONTINUE_ON_FAILURE): Element 'Object Repository/Global Account Page/dynamicText' is exist

2024-02-26 11:50:41 - [MESSAGE][PASSED] - Element 'Object Repository/Global Account Page/dynamicText' is exist

2024-02-26 11:50:41 - [TEST_STEP][PASSED] - takeScreenshot(): Screenshot is taken

2024-02-26 11:50:42 - [MESSAGE][PASSED] - Screenshot is taken
[[ATTACHMENT|/Users/00145409nuralianatasha/Desktop/automation_Retail_FX(public_git)/Reports/20240226_114707/SOW2/Entry Point - Quick Action (1)/20240226_114707/1708919441581.png]]

2024-02-26 11:50:42 - [TEST_STEP][PASSED] - verifyElementExist(findTestObject("Global Account Page/dynamicText", ["text":"From account"]), 5, CONTINUE_ON_FAILURE): Element 'Object Repository/Global Account Page/dynamicText' is exist

2024-02-26 11:50:42 - [MESSAGE][PASSED] - Element 'Object Repository/Global Account Page/dynamicText' is exist

2024-02-26 11:50:42 - [TEST_STEP][FAILED] - verifyElementExist(findTestObject("Global Account Page/dynamicText", ["text":"Global Access Account-i (MYR)

9000 0002 1160"]), 5, CONTINUE_ON_FAILURE): Element 'Object Repository/Global Account Page/dynamicText' not found

2024-02-26 11:50:47 - [MESSAGE][FAILED] - Element 'Object Repository/Global Account Page/dynamicText' not found

2024-02-26 11:50:47 - [TEST_STEP][PASSED] - verifyElementExist(findTestObject("Global Account Page/dynamicText", ["text":"To account"]), 5, CONTINUE_ON_FAILURE): Element 'Object Repository/Global Account Page/dynamicText' is exist

2024-02-26 11:50:47 - [MESSAGE][PASSED] - Element 'Object Repository/Global Account Page/dynamicText' is exist

2024-02-26 11:50:47 - [TEST_STEP][FAILED] - verifyElementExist(findTestObject("Global Account Page/dynamicText", ["text":"Global Access Account-i (USD)

9000 0002 1160"]), 5, CONTINUE_ON_FAILURE): Element 'Object Repository/Global Account Page/dynamicText' not found

2024-02-26 11:50:52 - [MESSAGE][FAILED] - Element 'Object Repository/Global Account Page/dynamicText' not found

2024-02-26 11:50:52 - [TEST_STEP][PASSED] - verifyElementExist(findTestObject("Global Account Page/dynamicText", ["text":"Transaction type"]), 5, CONTINUE_ON_FAILURE): Element 'Object Repository/Global Account Page/dynamicText' is exist

2024-02-26 11:50:52 - [MESSAGE][PASSED] - Element 'Object Repository/Global Account Page/dynamicText' is exist

2024-02-26 11:50:52 - [TEST_STEP][PASSED] - utilities.Mobile_Keywords.scrollFromTopToBottom(): utilities.Mobile_Keywords.scrollFromTopToBottom is PASSED

2024-02-26 11:50:52 - [MESSAGE][PASSED] - Current device physical height is 2138

2024-02-26 11:50:53 - [MESSAGE][PASSED] - Current device physical width is 1080

2024-02-26 11:50:54 - [MESSAGE][PASSED] - Swiped from 540,1,496 to 540,641

2024-02-26 11:50:59 - [MESSAGE][PASSED] - Delayed 5 second(s)

2024-02-26 11:50:59 - [MESSAGE][PASSED] - utilities.Mobile_Keywords.scrollFromTopToBottom is PASSED

2024-02-26 11:50:59 - [TEST_STEP][PASSED] - verifyElementExist(findTestObject("Global Account Page/dynamicText", ["text":Conversion_Fee]), 5, CONTINUE_ON_FAILURE): Element 'Object Repository/Global Account Page/dynamicText' is exist

2024-02-26 11:50:59 - [MESSAGE][PASSED] - Element 'Object Repository/Global Account Page/dynamicText' is exist

2024-02-26 11:50:59 - [TEST_STEP][PASSED] - verifyElementExist(findTestObject("Global Account Page/dynamicText", ["text":"Currency Conversion"]), 5, CONTINUE_ON_FAILURE): Element 'Object Repository/Global Account Page/dynamicText' is exist

2024-02-26 11:50:59 - [MESSAGE][PASSED] - Element 'Object Repository/Global Account Page/dynamicText' is exist

2024-02-26 11:50:59 - [TEST_STEP][PASSED] - verifyElementExist(findTestObject("Global Account Page/dynamicText", ["text":"Amount received"]), 5, CONTINUE_ON_FAILURE): Element 'Object Repository/Global Account Page/dynamicText' is exist

2024-02-26 11:50:59 - [MESSAGE][PASSED] - Element 'Object Repository/Global Account Page/dynamicText' is exist

2024-02-26 11:50:59 - [TEST_STEP][PASSED] - verifyElementExist(findTestObject("Global Account Page/dynamicText", ["text":"USD " + roundedNumber1]), 5, CONTINUE_ON_FAILURE): Element 'Object Repository/Global Account Page/dynamicText' is exist

2024-02-26 11:50:59 - [MESSAGE][PASSED] - Element 'Object Repository/Global Account Page/dynamicText' is exist

2024-02-26 11:50:59 - [TEST_STEP][PASSED] - takeScreenshot(): Screenshot is taken

2024-02-26 11:51:00 - [MESSAGE][PASSED] - Screenshot is taken
[[ATTACHMENT|/Users/00145409nuralianatasha/Desktop/automation_Retail_FX(public_git)/Reports/20240226_114707/SOW2/Entry Point - Quick Action (1)/20240226_114707/1708919459871.png]]

2024-02-26 11:51:00 - [TEST_STEP][PASSED] - tap(findTestObject("Market Order Page/android.widget.ImageViewBack_Button"), 0, CONTINUE_ON_FAILURE): Tapped on element 'Object Repository/Market Order Page/android.widget.ImageViewBack_Button'

2024-02-26 11:51:00 - [MESSAGE][WARNING] - Timeout '0' is invalid. Using default page load timeout: '30'

2024-02-26 11:51:00 - [MESSAGE][PASSED] - Tapped on element 'Object Repository/Market Order Page/android.widget.ImageViewBack_Button'

2024-02-26 11:51:00 - [TEST_STEP][PASSED] - waitForElementPresent(findTestObject("Global Account Page/dynamicText", ["text":"Transaction Successful"]), 5, CONTINUE_ON_FAILURE): Element 'Object Repository/Global Account Page/dynamicText' is present

2024-02-26 11:51:01 - [MESSAGE][PASSED] - Element 'Object Repository/Global Account Page/dynamicText' is present

2024-02-26 11:51:01 - [TEST_STEP][PASSED] - verifyElementExist(findTestObject("Global Account Page/dynamicText", ["text":"Transaction Successful"]), 5, CONTINUE_ON_FAILURE): Element 'Object Repository/Global Account Page/dynamicText' is exist

2024-02-26 11:51:01 - [MESSAGE][PASSED] - Element 'Object Repository/Global Account Page/dynamicText' is exist

2024-02-26 11:51:01 - [TEST_STEP][PASSED] - takeScreenshot(): Screenshot is taken

2024-02-26 11:51:02 - [MESSAGE][PASSED] - Screenshot is taken
[[ATTACHMENT|/Users/00145409nuralianatasha/Desktop/automation_Retail_FX(public_git)/Reports/20240226_114707/SOW2/Entry Point - Quick Action (1)/20240226_114707/1708919461685.png]]

2024-02-26 11:51:02 - [TEST_STEP][PASSED] - tap(findTestObject("Global Account Page/dynamicText", ["text":"Done"]), 0, CONTINUE_ON_FAILURE): Tapped on element 'Object Repository/Global Account Page/dynamicText'

2024-02-26 11:51:02 - [MESSAGE][WARNING] - Timeout '0' is invalid. Using default page load timeout: '30'

2024-02-26 11:51:02 - [MESSAGE][PASSED] - Tapped on element 'Object Repository/Global Account Page/dynamicText']]></system-out>
         <system-err><![CDATA[2024-02-26 11:47:11 - [TEST_CASE][FAILED] - Test Cases/RETAILFX-SOW2 Market Order/Entry Point - Quick Action/SOW2 - G1A Account to G1A Account: Test Cases/RETAILFX-SOW2 Market Order/Entry Point - Quick Action/SOW2 - G1A Account to G1A Account FAILED.
Reason:
com.kms.katalon.core.exception.StepFailedException: Element 'Object Repository/Global Account Page/dynamicText' not found
	at com.kms.katalon.core.keyword.internal.KeywordMain.stepFailed(KeywordMain.groovy:39)
	at com.kms.katalon.core.mobile.keyword.internal.MobileKeywordMain.stepFailed(MobileKeywordMain.groovy:40)
	at com.kms.katalon.core.mobile.keyword.builtin.VerifyElementExistKeyword$_verifyElementExist_closure1.doCall(VerifyElementExistKeyword.groovy:77)
	at com.kms.katalon.core.mobile.keyword.builtin.VerifyElementExistKeyword$_verifyElementExist_closure1.call(VerifyElementExistKeyword.groovy)
	at com.kms.katalon.core.mobile.keyword.internal.MobileKeywordMain.runKeyword(MobileKeywordMain.groovy:21)
	at com.kms.katalon.core.mobile.keyword.builtin.VerifyElementExistKeyword.verifyElementExist(VerifyElementExistKeyword.groovy:80)
	at com.kms.katalon.core.mobile.keyword.builtin.VerifyElementExistKeyword.execute(VerifyElementExistKeyword.groovy:64)
	at com.kms.katalon.core.keyword.internal.KeywordExecutor.executeKeywordForPlatform(KeywordExecutor.groovy:74)
	at com.kms.katalon.core.mobile.keyword.MobileBuiltInKeywords.verifyElementExist(MobileBuiltInKeywords.groovy:1739)
	at com.kms.katalon.core.mobile.keyword.MobileBuiltInKeywords$verifyElementExist$4.call(Unknown Source)
	at SOW2 - G1A Account to G1A Account.run(SOW2 - G1A Account to G1A Account:158)
	at com.kms.katalon.core.main.ScriptEngine.run(ScriptEngine.java:194)
	at com.kms.katalon.core.main.ScriptEngine.runScriptAsRawText(ScriptEngine.java:119)
	at com.kms.katalon.core.main.TestCaseExecutor.runScript(TestCaseExecutor.java:448)
	at com.kms.katalon.core.main.TestCaseExecutor.doExecute(TestCaseExecutor.java:439)
	at com.kms.katalon.core.main.TestCaseExecutor.processExecutionPhase(TestCaseExecutor.java:418)
	at com.kms.katalon.core.main.TestCaseExecutor.accessMainPhase(TestCaseExecutor.java:410)
	at com.kms.katalon.core.main.TestCaseExecutor.execute(TestCaseExecutor.java:285)
	at com.kms.katalon.core.common.CommonExecutor.accessTestCaseMainPhase(CommonExecutor.java:65)
	at com.kms.katalon.core.main.TestSuiteExecutor.accessTestSuiteMainPhase(TestSuiteExecutor.java:148)
	at com.kms.katalon.core.main.TestSuiteExecutor.execute(TestSuiteExecutor.java:106)
	at com.kms.katalon.core.main.TestCaseMain.startTestSuite(TestCaseMain.java:187)
	at com.kms.katalon.core.main.TestCaseMain$startTestSuite$0.call(Unknown Source)
	at TempTestSuite1708919227400.run(TempTestSuite1708919227400.groovy:36)]]></system-err>
      </testcase>
      <testcase name="Test Cases/RETAILFX-SOW2 Market Order/Entry Point - Quick Action/SOW2 - Current account to G1A Account" time="127.233" classname="Test Cases/RETAILFX-SOW2 Market Order/Entry Point - Quick Action/SOW2 - Current account to G1A Account" status="FAILED">
         <failure type="FAILED" message="Test Cases/RETAILFX-SOW2 Market Order/Entry Point - Quick Action/SOW2 - Current account to G1A Account FAILED.
Reason:
com.kms.katalon.core.exception.StepFailedException: Element 'Object Repository/Global Account Page/dynamicText' not found
	at com.kms.katalon.core.keyword.internal.KeywordMain.stepFailed(KeywordMain.groovy:39)
	at com.kms.katalon.core.mobile.keyword.internal.MobileKeywordMain.stepFailed(MobileKeywordMain.groovy:40)
	at com.kms.katalon.core.mobile.keyword.builtin.VerifyElementExistKeyword$_verifyElementExist_closure1.doCall(VerifyElementExistKeyword.groovy:77)
	at com.kms.katalon.core.mobile.keyword.builtin.VerifyElementExistKeyword$_verifyElementExist_closure1.call(VerifyElementExistKeyword.groovy)
	at com.kms.katalon.core.mobile.keyword.internal.MobileKeywordMain.runKeyword(MobileKeywordMain.groovy:21)
	at com.kms.katalon.core.mobile.keyword.builtin.VerifyElementExistKeyword.verifyElementExist(VerifyElementExistKeyword.groovy:80)
	at com.kms.katalon.core.mobile.keyword.builtin.VerifyElementExistKeyword.execute(VerifyElementExistKeyword.groovy:64)
	at com.kms.katalon.core.keyword.internal.KeywordExecutor.executeKeywordForPlatform(KeywordExecutor.groovy:74)
	at com.kms.katalon.core.mobile.keyword.MobileBuiltInKeywords.verifyElementExist(MobileBuiltInKeywords.groovy:1739)
	at com.kms.katalon.core.mobile.keyword.MobileBuiltInKeywords$verifyElementExist$4.call(Unknown Source)
	at SOW2 - Current account to G1A Account.run(SOW2 - Current account to G1A Account:134)
	at com.kms.katalon.core.main.ScriptEngine.run(ScriptEngine.java:194)
	at com.kms.katalon.core.main.ScriptEngine.runScriptAsRawText(ScriptEngine.java:119)
	at com.kms.katalon.core.main.TestCaseExecutor.runScript(TestCaseExecutor.java:448)
	at com.kms.katalon.core.main.TestCaseExecutor.doExecute(TestCaseExecutor.java:439)
	at com.kms.katalon.core.main.TestCaseExecutor.processExecutionPhase(TestCaseExecutor.java:418)
	at com.kms.katalon.core.main.TestCaseExecutor.accessMainPhase(TestCaseExecutor.java:410)
	at com.kms.katalon.core.main.TestCaseExecutor.execute(TestCaseExecutor.java:285)
	at com.kms.katalon.core.common.CommonExecutor.accessTestCaseMainPhase(CommonExecutor.java:65)
	at com.kms.katalon.core.main.TestSuiteExecutor.accessTestSuiteMainPhase(TestSuiteExecutor.java:148)
	at com.kms.katalon.core.main.TestSuiteExecutor.execute(TestSuiteExecutor.java:106)
	at com.kms.katalon.core.main.TestCaseMain.startTestSuite(TestCaseMain.java:187)
	at com.kms.katalon.core.main.TestCaseMain$startTestSuite$0.call(Unknown Source)
	at TempTestSuite1708919227400.run(TempTestSuite1708919227400.groovy:36)
"/>
         <system-out><![CDATA[2024-02-26 11:51:02 - [TEST_CASE][FAILED] - Test Cases/RETAILFX-SOW2 Market Order/Entry Point - Quick Action/SOW2 - Current account to G1A Account: Test Cases/RETAILFX-SOW2 Market Order/Entry Point - Quick Action/SOW2 - Current account to G1A Account FAILED.
Reason:
com.kms.katalon.core.exception.StepFailedException: Element 'Object Repository/Global Account Page/dynamicText' not found
	at com.kms.katalon.core.keyword.internal.KeywordMain.stepFailed(KeywordMain.groovy:39)
	at com.kms.katalon.core.mobile.keyword.internal.MobileKeywordMain.stepFailed(MobileKeywordMain.groovy:40)
	at com.kms.katalon.core.mobile.keyword.builtin.VerifyElementExistKeyword$_verifyElementExist_closure1.doCall(VerifyElementExistKeyword.groovy:77)
	at com.kms.katalon.core.mobile.keyword.builtin.VerifyElementExistKeyword$_verifyElementExist_closure1.call(VerifyElementExistKeyword.groovy)
	at com.kms.katalon.core.mobile.keyword.internal.MobileKeywordMain.runKeyword(MobileKeywordMain.groovy:21)
	at com.kms.katalon.core.mobile.keyword.builtin.VerifyElementExistKeyword.verifyElementExist(VerifyElementExistKeyword.groovy:80)
	at com.kms.katalon.core.mobile.keyword.builtin.VerifyElementExistKeyword.execute(VerifyElementExistKeyword.groovy:64)
	at com.kms.katalon.core.keyword.internal.KeywordExecutor.executeKeywordForPlatform(KeywordExecutor.groovy:74)
	at com.kms.katalon.core.mobile.keyword.MobileBuiltInKeywords.verifyElementExist(MobileBuiltInKeywords.groovy:1739)
	at com.kms.katalon.core.mobile.keyword.MobileBuiltInKeywords$verifyElementExist$4.call(Unknown Source)
	at SOW2 - Current account to G1A Account.run(SOW2 - Current account to G1A Account:134)
	at com.kms.katalon.core.main.ScriptEngine.run(ScriptEngine.java:194)
	at com.kms.katalon.core.main.ScriptEngine.runScriptAsRawText(ScriptEngine.java:119)
	at com.kms.katalon.core.main.TestCaseExecutor.runScript(TestCaseExecutor.java:448)
	at com.kms.katalon.core.main.TestCaseExecutor.doExecute(TestCaseExecutor.java:439)
	at com.kms.katalon.core.main.TestCaseExecutor.processExecutionPhase(TestCaseExecutor.java:418)
	at com.kms.katalon.core.main.TestCaseExecutor.accessMainPhase(TestCaseExecutor.java:410)
	at com.kms.katalon.core.main.TestCaseExecutor.execute(TestCaseExecutor.java:285)
	at com.kms.katalon.core.common.CommonExecutor.accessTestCaseMainPhase(CommonExecutor.java:65)
	at com.kms.katalon.core.main.TestSuiteExecutor.accessTestSuiteMainPhase(TestSuiteExecutor.java:148)
	at com.kms.katalon.core.main.TestSuiteExecutor.execute(TestSuiteExecutor.java:106)
	at com.kms.katalon.core.main.TestCaseMain.startTestSuite(TestCaseMain.java:187)
	at com.kms.katalon.core.main.TestCaseMain$startTestSuite$0.call(Unknown Source)
	at TempTestSuite1708919227400.run(TempTestSuite1708919227400.groovy:36)


2024-02-26 11:51:02 - [TEST_STEP][PASSED] - a = 8: null

2024-02-26 11:51:02 - [TEST_STEP][PASSED] - tap(findTestObject("Global Account Page/dynamicText", ["text":findTestData("Username_Password").getValue("G1A_Account_No", a)]), 0, CONTINUE_ON_FAILURE): Tapped on element 'Object Repository/Global Account Page/dynamicText'

2024-02-26 11:51:02 - [MESSAGE][WARNING] - Timeout '0' is invalid. Using default page load timeout: '30'

2024-02-26 11:51:03 - [MESSAGE][PASSED] - Tapped on element 'Object Repository/Global Account Page/dynamicText'

2024-02-26 11:51:03 - [TEST_STEP][PASSED] - tap(findTestObject("Global Account Page/dynamicText", ["text":"Convert Currency"]), 0, CONTINUE_ON_FAILURE): Tapped on element 'Object Repository/Global Account Page/dynamicText'

2024-02-26 11:51:03 - [MESSAGE][WARNING] - Timeout '0' is invalid. Using default page load timeout: '30'

2024-02-26 11:51:03 - [MESSAGE][PASSED] - Tapped on element 'Object Repository/Global Account Page/dynamicText'

2024-02-26 11:51:03 - [TEST_STEP][PASSED] - checkLinkedDevice = Validation.checkElementExists("Object Repository/Market Order Page/android.widget.TextView - Enter your password"): Element 'Object Repository/Market Order Page/android.widget.TextView - Enter your password' not found

2024-02-26 11:51:33 - [MESSAGE][WARNING] - Element 'Object Repository/Market Order Page/android.widget.TextView - Enter your password' not found

2024-02-26 11:51:33 - [TEST_STEP][PASSED] - if (checkLinkedDevice == true): null

2024-02-26 11:51:33 - [TEST_STEP][PASSED] - else: null

2024-02-26 11:51:33 - [TEST_STEP][PASSED] - CONTINUE_ON_FAILURE: null

2024-02-26 11:51:33 - [TEST_STEP][PASSED] - delay(5): Delayed 5 second(s)

2024-02-26 11:51:38 - [MESSAGE][PASSED] - Delayed 5 second(s)

2024-02-26 11:51:38 - [TEST_STEP][PASSED] - tap(findTestObject("SOW2-Market Order/android.widget.TextView _EditText"), 0, CONTINUE_ON_FAILURE): Tapped on element 'Object Repository/SOW2-Market Order/android.widget.TextView _EditText'

2024-02-26 11:51:38 - [MESSAGE][WARNING] - Timeout '0' is invalid. Using default page load timeout: '30'

2024-02-26 11:51:38 - [MESSAGE][PASSED] - Tapped on element 'Object Repository/SOW2-Market Order/android.widget.TextView _EditText'

2024-02-26 11:51:38 - [TEST_STEP][PASSED] - digits = "1000": null

2024-02-26 11:51:38 - [TEST_STEP][PASSED] - currency_Numpad(digits): null

2024-02-26 11:51:38 - [TEST_STEP][PASSED] - digit_length = digits.length(): null

2024-02-26 11:51:38 - [TEST_STEP][PASSED] - for ([i = 0, i < digit_length, (i++)]): Object Object Repository/Calc_Pad/android.widget.TextView - 0 not found

2024-02-26 11:51:38 - [TEST_STEP][PASSED] - if (digits[i] == "1"): Object Object Repository/Calc_Pad/android.widget.TextView - 1 not found

2024-02-26 11:51:38 - [TEST_STEP][PASSED] - tap(findTestObject("Object Repository/Calc_Pad/android.widget.TextView - 1"), 5, OPTIONAL): Object Object Repository/Calc_Pad/android.widget.TextView - 1 not found

2024-02-26 11:51:43 - [MESSAGE][WARNING] - Object Object Repository/Calc_Pad/android.widget.TextView - 1 not found

2024-02-26 11:51:43 - [TEST_STEP][PASSED] - if (digits[i] == "1"): null

2024-02-26 11:51:43 - [TEST_STEP][PASSED] - else if (digits[i] == "2"): null

2024-02-26 11:51:43 - [TEST_STEP][PASSED] - else if (digits[i] == "3"): null

2024-02-26 11:51:43 - [TEST_STEP][PASSED] - else if (digits[i] == "4"): null

2024-02-26 11:51:43 - [TEST_STEP][PASSED] - else if (digits[i] == "5"): null

2024-02-26 11:51:43 - [TEST_STEP][PASSED] - else if (digits[i] == "6"): null

2024-02-26 11:51:43 - [TEST_STEP][PASSED] - else if (digits[i] == "7"): null

2024-02-26 11:51:43 - [TEST_STEP][PASSED] - else if (digits[i] == "8"): null

2024-02-26 11:51:43 - [TEST_STEP][PASSED] - else if (digits[i] == "9"): null

2024-02-26 11:51:43 - [TEST_STEP][PASSED] - else if (digits[i] == "0"): Object Object Repository/Calc_Pad/android.widget.TextView - 0 not found

2024-02-26 11:51:43 - [TEST_STEP][PASSED] - tap(findTestObject("Object Repository/Calc_Pad/android.widget.TextView - 0"), 5, OPTIONAL): Object Object Repository/Calc_Pad/android.widget.TextView - 0 not found

2024-02-26 11:51:48 - [MESSAGE][WARNING] - Object Object Repository/Calc_Pad/android.widget.TextView - 0 not found

2024-02-26 11:51:48 - [TEST_STEP][PASSED] - if (digits[i] == "1"): null

2024-02-26 11:51:48 - [TEST_STEP][PASSED] - else if (digits[i] == "2"): null

2024-02-26 11:51:48 - [TEST_STEP][PASSED] - else if (digits[i] == "3"): null

2024-02-26 11:51:48 - [TEST_STEP][PASSED] - else if (digits[i] == "4"): null

2024-02-26 11:51:48 - [TEST_STEP][PASSED] - else if (digits[i] == "5"): null

2024-02-26 11:51:48 - [TEST_STEP][PASSED] - else if (digits[i] == "6"): null

2024-02-26 11:51:48 - [TEST_STEP][PASSED] - else if (digits[i] == "7"): null

2024-02-26 11:51:48 - [TEST_STEP][PASSED] - else if (digits[i] == "8"): null

2024-02-26 11:51:48 - [TEST_STEP][PASSED] - else if (digits[i] == "9"): null

2024-02-26 11:51:48 - [TEST_STEP][PASSED] - else if (digits[i] == "0"): Object Object Repository/Calc_Pad/android.widget.TextView - 0 not found

2024-02-26 11:51:48 - [TEST_STEP][PASSED] - tap(findTestObject("Object Repository/Calc_Pad/android.widget.TextView - 0"), 5, OPTIONAL): Object Object Repository/Calc_Pad/android.widget.TextView - 0 not found

2024-02-26 11:51:53 - [MESSAGE][WARNING] - Object Object Repository/Calc_Pad/android.widget.TextView - 0 not found

2024-02-26 11:51:53 - [TEST_STEP][PASSED] - if (digits[i] == "1"): null

2024-02-26 11:51:53 - [TEST_STEP][PASSED] - else if (digits[i] == "2"): null

2024-02-26 11:51:53 - [TEST_STEP][PASSED] - else if (digits[i] == "3"): null

2024-02-26 11:51:53 - [TEST_STEP][PASSED] - else if (digits[i] == "4"): null

2024-02-26 11:51:53 - [TEST_STEP][PASSED] - else if (digits[i] == "5"): null

2024-02-26 11:51:53 - [TEST_STEP][PASSED] - else if (digits[i] == "6"): null

2024-02-26 11:51:53 - [TEST_STEP][PASSED] - else if (digits[i] == "7"): null

2024-02-26 11:51:53 - [TEST_STEP][PASSED] - else if (digits[i] == "8"): null

2024-02-26 11:51:53 - [TEST_STEP][PASSED] - else if (digits[i] == "9"): null

2024-02-26 11:51:53 - [TEST_STEP][PASSED] - else if (digits[i] == "0"): Object Object Repository/Calc_Pad/android.widget.TextView - 0 not found

2024-02-26 11:51:53 - [TEST_STEP][PASSED] - tap(findTestObject("Object Repository/Calc_Pad/android.widget.TextView - 0"), 5, OPTIONAL): Object Object Repository/Calc_Pad/android.widget.TextView - 0 not found

2024-02-26 11:51:59 - [MESSAGE][WARNING] - Object Object Repository/Calc_Pad/android.widget.TextView - 0 not found

2024-02-26 11:51:59 - [TEST_STEP][PASSED] - tap(findTestObject("Object Repository/Calc_Pad/android.widget.Image"), 5, OPTIONAL): Object Object Repository/Calc_Pad/android.widget.Image not found

2024-02-26 11:52:04 - [MESSAGE][WARNING] - Object Object Repository/Calc_Pad/android.widget.Image not found

2024-02-26 11:52:04 - [TEST_STEP][PASSED] - utilities.Mobile_Keywords.sow2market_orderdropdown("US Dol", "USD - US Dollar"): utilities.Mobile_Keywords.sow2market_orderdropdown is PASSED

2024-02-26 11:52:04 - [MESSAGE][WARNING] - Timeout '0' is invalid. Using default page load timeout: '30'

2024-02-26 11:52:04 - [MESSAGE][PASSED] - Tapped on element 'Object Repository/SOW2-Market Order/Select_Currency Dropdown'

2024-02-26 11:52:05 - [MESSAGE][PASSED] - Element 'Object Repository/SOW2-Market Order/android.view.View - Select Currency' is present

2024-02-26 11:52:05 - [MESSAGE][PASSED] - Element 'Object Repository/SOW2-Market Order/android.view.View - Select Currency' is exist

2024-02-26 11:52:05 - [MESSAGE][PASSED] - Tapped on element 'Object Repository/SOW2-Market Order/android.widget.EditText_SearchCurrency'

2024-02-26 11:52:06 - [MESSAGE][PASSED] - Text 'US Dol' has been set to element 'Object Repository/SOW2-Market Order/android.widget.EditText_SearchCurrency'

2024-02-26 11:52:07 - [MESSAGE][PASSED] - Keyboard is hidden

2024-02-26 11:52:07 - [MESSAGE][PASSED] - Element 'Object Repository/Global Account Page/dynamicText' is exist

2024-02-26 11:52:08 - [MESSAGE][PASSED] - Tapped on element 'Object Repository/Global Account Page/dynamicText'

2024-02-26 11:52:08 - [MESSAGE][PASSED] - utilities.Mobile_Keywords.sow2market_orderdropdown is PASSED

2024-02-26 11:52:08 - [TEST_STEP][PASSED] - waitForElementPresent(findTestObject("Global Account Page/dynamicText", ["text":"Exchange rate"]), 5, CONTINUE_ON_FAILURE): Element 'Object Repository/Global Account Page/dynamicText' is present

2024-02-26 11:52:08 - [MESSAGE][PASSED] - Element 'Object Repository/Global Account Page/dynamicText' is present

2024-02-26 11:52:08 - [TEST_STEP][PASSED] - verifyElementExist(findTestObject("Global Account Page/dynamicText", ["text":"Exchange rate"]), 5, CONTINUE_ON_FAILURE): Element 'Object Repository/Global Account Page/dynamicText' is exist

2024-02-26 11:52:08 - [MESSAGE][PASSED] - Element 'Object Repository/Global Account Page/dynamicText' is exist

2024-02-26 11:52:08 - [TEST_STEP][PASSED] - currency_TextMsg = getText(findTestObject("General/android.widget.TextView _Conversion"), 0, CONTINUE_ON_FAILURE): Text of element 'Object Repository/General/android.widget.TextView _Conversion' is: 'USD 1 = MYR 4.7915'

2024-02-26 11:52:08 - [MESSAGE][WARNING] - Timeout '0' is invalid. Using default page load timeout: '30'

2024-02-26 11:52:08 - [MESSAGE][PASSED] - Text of element 'Object Repository/General/android.widget.TextView _Conversion' is: 'USD 1 = MYR 4.7915'

2024-02-26 11:52:08 - [TEST_STEP][PASSED] - roundedNumber = Validation.staffConvertUSDToMYR(currency_TextMsg, 10.00): null

2024-02-26 11:52:08 - [TEST_STEP][PASSED] - verifyElementExist(findTestObject("Global Account Page/dynamicText", ["text":"Conversion fee"]), 5, CONTINUE_ON_FAILURE): Element 'Object Repository/Global Account Page/dynamicText' is exist

2024-02-26 11:52:08 - [MESSAGE][PASSED] - Element 'Object Repository/Global Account Page/dynamicText' is exist

2024-02-26 11:52:08 - [TEST_STEP][PASSED] - Conversion_Fee = getText(findTestObject("SOW2-Market Order/ConversionFee_Text"), 5, CONTINUE_ON_FAILURE): Text of element 'Object Repository/SOW2-Market Order/ConversionFee_Text' is: 'USD 0.00'

2024-02-26 11:52:09 - [MESSAGE][PASSED] - Text of element 'Object Repository/SOW2-Market Order/ConversionFee_Text' is: 'USD 0.00'

2024-02-26 11:52:09 - [TEST_STEP][PASSED] - verifyElementExist(findTestObject("Global Account Page/dynamicText", ["text":"Total to pay"]), 5, CONTINUE_ON_FAILURE): Element 'Object Repository/Global Account Page/dynamicText' is exist

2024-02-26 11:52:09 - [MESSAGE][PASSED] - Element 'Object Repository/Global Account Page/dynamicText' is exist

2024-02-26 11:52:09 - [TEST_STEP][PASSED] - verifyElementExist(findTestObject("Global Account Page/dynamicText", ["text":"MYR 10.00"]), 5, CONTINUE_ON_FAILURE): Element 'Object Repository/Global Account Page/dynamicText' is exist

2024-02-26 11:52:09 - [MESSAGE][PASSED] - Element 'Object Repository/Global Account Page/dynamicText' is exist

2024-02-26 11:52:09 - [TEST_STEP][PASSED] - verifyElementExist(findTestObject("Global Account Page/dynamicText", ["text":"Amount to receive"]), 5, CONTINUE_ON_FAILURE): Element 'Object Repository/Global Account Page/dynamicText' is exist

2024-02-26 11:52:09 - [MESSAGE][PASSED] - Element 'Object Repository/Global Account Page/dynamicText' is exist

2024-02-26 11:52:09 - [TEST_STEP][PASSED] - verifyElementExist(findTestObject("General/android.widget.EditText _AmountReceived", ["text":roundedNumber]), 5, CONTINUE_ON_FAILURE): Element 'Object Repository/General/android.widget.EditText _AmountReceived' is exist

2024-02-26 11:52:09 - [MESSAGE][PASSED] - Element 'Object Repository/General/android.widget.EditText _AmountReceived' is exist

2024-02-26 11:52:09 - [TEST_STEP][PASSED] - takeScreenshot(): Screenshot is taken

2024-02-26 11:52:09 - [MESSAGE][PASSED] - Screenshot is taken
[[ATTACHMENT|/Users/00145409nuralianatasha/Desktop/automation_Retail_FX(public_git)/Reports/20240226_114707/SOW2/Entry Point - Quick Action (1)/20240226_114707/1708919529311.png]]

2024-02-26 11:52:09 - [TEST_STEP][PASSED] - tap(findTestObject("SOW2-Market Order/android.widget.Dynamic_Button", ["text":"Next"]), 0, CONTINUE_ON_FAILURE): Tapped on element 'Object Repository/SOW2-Market Order/android.widget.Dynamic_Button'

2024-02-26 11:52:09 - [MESSAGE][WARNING] - Timeout '0' is invalid. Using default page load timeout: '30'

2024-02-26 11:52:09 - [MESSAGE][PASSED] - Tapped on element 'Object Repository/SOW2-Market Order/android.widget.Dynamic_Button'

2024-02-26 11:52:09 - [TEST_STEP][PASSED] - swipe(450, 884, 0, 884, CONTINUE_ON_FAILURE): Swiped from 450,884 to 0,884

2024-02-26 11:52:11 - [MESSAGE][PASSED] - Swiped from 450,884 to 0,884

2024-02-26 11:52:11 - [TEST_STEP][PASSED] - tap(findTestObject("Global Account Page/dynamicText", ["text":"Current Account-i (MYR)"]), 0, CONTINUE_ON_FAILURE): Tapped on element 'Object Repository/Global Account Page/dynamicText'

2024-02-26 11:52:11 - [MESSAGE][WARNING] - Timeout '0' is invalid. Using default page load timeout: '30'

2024-02-26 11:52:12 - [MESSAGE][PASSED] - Tapped on element 'Object Repository/Global Account Page/dynamicText'

2024-02-26 11:52:12 - [TEST_STEP][PASSED] - takeScreenshot(): Screenshot is taken

2024-02-26 11:52:12 - [MESSAGE][PASSED] - Screenshot is taken
[[ATTACHMENT|/Users/00145409nuralianatasha/Desktop/automation_Retail_FX(public_git)/Reports/20240226_114707/SOW2/Entry Point - Quick Action (1)/20240226_114707/1708919532114.png]]

2024-02-26 11:52:12 - [TEST_STEP][PASSED] - tap(findTestObject("SOW2-Market Order/android.widget.Dynamic_Button", ["text":"Get Quote"]), 0, CONTINUE_ON_FAILURE): Tapped on element 'Object Repository/SOW2-Market Order/android.widget.Dynamic_Button'

2024-02-26 11:52:12 - [MESSAGE][WARNING] - Timeout '0' is invalid. Using default page load timeout: '30'

2024-02-26 11:52:13 - [MESSAGE][PASSED] - Tapped on element 'Object Repository/SOW2-Market Order/android.widget.Dynamic_Button'

2024-02-26 11:52:13 - [TEST_STEP][PASSED] - waitForElementPresent(findTestObject("Global Account Page/dynamicText", ["text":"Confirmation"]), 5, CONTINUE_ON_FAILURE): Element 'Object Repository/Global Account Page/dynamicText' is present

2024-02-26 11:52:13 - [MESSAGE][PASSED] - Element 'Object Repository/Global Account Page/dynamicText' is present

2024-02-26 11:52:13 - [TEST_STEP][PASSED] - verifyElementExist(findTestObject("Global Account Page/dynamicText", ["text":"Confirmation"]), 5, CONTINUE_ON_FAILURE): Element 'Object Repository/Global Account Page/dynamicText' is exist

2024-02-26 11:52:14 - [MESSAGE][PASSED] - Element 'Object Repository/Global Account Page/dynamicText' is exist

2024-02-26 11:52:14 - [TEST_STEP][PASSED] - currency_TextMsg1 = getText(findTestObject("General/android.widget.TextView _Conversion"), 0, CONTINUE_ON_FAILURE): Text of element 'Object Repository/General/android.widget.TextView _Conversion' is: 'USD 1 = MYR 4.7635'

2024-02-26 11:52:14 - [MESSAGE][WARNING] - Timeout '0' is invalid. Using default page load timeout: '30'

2024-02-26 11:52:15 - [MESSAGE][PASSED] - Text of element 'Object Repository/General/android.widget.TextView _Conversion' is: 'USD 1 = MYR 4.7635'

2024-02-26 11:52:15 - [TEST_STEP][PASSED] - roundedNumber1 = Validation.staffConvertUSDToMYR(currency_TextMsg1, 10.00): null

2024-02-26 11:52:15 - [TEST_STEP][PASSED] - verifyElementExist(findTestObject("Global Account Page/dynamicText", ["text":"Transfer from"]), 5, CONTINUE_ON_FAILURE): Element 'Object Repository/Global Account Page/dynamicText' is exist

2024-02-26 11:52:15 - [MESSAGE][PASSED] - Element 'Object Repository/Global Account Page/dynamicText' is exist

2024-02-26 11:52:15 - [TEST_STEP][PASSED] - verifyElementExist(findTestObject("Global Account Page/dynamicText", ["text":"Current Account-i (MYR)"]), 5, CONTINUE_ON_FAILURE): Element 'Object Repository/Global Account Page/dynamicText' is exist

2024-02-26 11:52:15 - [MESSAGE][PASSED] - Element 'Object Repository/Global Account Page/dynamicText' is exist

2024-02-26 11:52:15 - [TEST_STEP][PASSED] - verifyElementExist(findTestObject("Global Account Page/dynamicText", ["text":"Transfer to"]), 5, CONTINUE_ON_FAILURE): Element 'Object Repository/Global Account Page/dynamicText' is exist

2024-02-26 11:52:15 - [MESSAGE][PASSED] - Element 'Object Repository/Global Account Page/dynamicText' is exist

2024-02-26 11:52:15 - [TEST_STEP][PASSED] - verifyElementExist(findTestObject("Global Account Page/dynamicText", ["text":"Global Access Account-i (USD)"]), 5, CONTINUE_ON_FAILURE): Element 'Object Repository/Global Account Page/dynamicText' is exist

2024-02-26 11:52:15 - [MESSAGE][PASSED] - Element 'Object Repository/Global Account Page/dynamicText' is exist

2024-02-26 11:52:15 - [TEST_STEP][PASSED] - verifyElementExist(findTestObject("Global Account Page/dynamicText", ["text":"Amount to receive"]), 5, CONTINUE_ON_FAILURE): Element 'Object Repository/Global Account Page/dynamicText' is exist

2024-02-26 11:52:16 - [MESSAGE][PASSED] - Element 'Object Repository/Global Account Page/dynamicText' is exist

2024-02-26 11:52:16 - [TEST_STEP][PASSED] - verifyElementExist(findTestObject("Global Account Page/dynamicText", ["text":"USD " + roundedNumber1]), 5, CONTINUE_ON_FAILURE): Element 'Object Repository/Global Account Page/dynamicText' is exist

2024-02-26 11:52:16 - [MESSAGE][PASSED] - Element 'Object Repository/Global Account Page/dynamicText' is exist

2024-02-26 11:52:16 - [TEST_STEP][PASSED] - verifyElementExist(findTestObject("Global Account Page/dynamicText", ["text":"Transaction type"]), 5, CONTINUE_ON_FAILURE): Element 'Object Repository/Global Account Page/dynamicText' is exist

2024-02-26 11:52:16 - [MESSAGE][PASSED] - Element 'Object Repository/Global Account Page/dynamicText' is exist

2024-02-26 11:52:16 - [TEST_STEP][PASSED] - verifyElementExist(findTestObject("Global Account Page/dynamicText", ["text":"Currency Conversion"]), 5, CONTINUE_ON_FAILURE): Element 'Object Repository/Global Account Page/dynamicText' is exist

2024-02-26 11:52:16 - [MESSAGE][PASSED] - Element 'Object Repository/Global Account Page/dynamicText' is exist

2024-02-26 11:52:16 - [TEST_STEP][FAILED] - verifyElementExist(findTestObject("Global Account Page/dynamicText", ["text":"I have read and agree to the BNM Foreign Exchange Rules, I accept the declaration as well as the Terms & Conditions for this transfer."]), 5, CONTINUE_ON_FAILURE): Element 'Object Repository/Global Account Page/dynamicText' not found

2024-02-26 11:52:22 - [MESSAGE][FAILED] - Element 'Object Repository/Global Account Page/dynamicText' not found

2024-02-26 11:52:22 - [TEST_STEP][PASSED] - takeScreenshot(CONTINUE_ON_FAILURE): Screenshot is taken

2024-02-26 11:52:22 - [MESSAGE][PASSED] - Screenshot is taken
[[ATTACHMENT|/Users/00145409nuralianatasha/Desktop/automation_Retail_FX(public_git)/Reports/20240226_114707/SOW2/Entry Point - Quick Action (1)/20240226_114707/1708919542159.png]]

2024-02-26 11:52:22 - [TEST_STEP][PASSED] - tap(findTestObject("SOW2-Market Order/android.view.View - I have read and agree to the BNM Foreign Exchange Rules, I accept the declaration as well as the Terms  Conditions for this transfer"), 0, CONTINUE_ON_FAILURE): Tapped on element 'Object Repository/SOW2-Market Order/android.view.View - I have read and agree to the BNM Foreign Exchange Rules, I accept the declaration as well as the Terms  Conditions for this transfer'

2024-02-26 11:52:22 - [MESSAGE][WARNING] - Timeout '0' is invalid. Using default page load timeout: '30'

2024-02-26 11:52:23 - [MESSAGE][PASSED] - Tapped on element 'Object Repository/SOW2-Market Order/android.view.View - I have read and agree to the BNM Foreign Exchange Rules, I accept the declaration as well as the Terms  Conditions for this transfer'

2024-02-26 11:52:23 - [TEST_STEP][PASSED] - utilities.Mobile_Keywords.scrollFromTopToBottom(): utilities.Mobile_Keywords.scrollFromTopToBottom is PASSED

2024-02-26 11:52:23 - [MESSAGE][PASSED] - Current device physical height is 2138

2024-02-26 11:52:23 - [MESSAGE][PASSED] - Current device physical width is 1080

2024-02-26 11:52:24 - [MESSAGE][PASSED] - Swiped from 540,1,496 to 540,641

2024-02-26 11:52:29 - [MESSAGE][PASSED] - Delayed 5 second(s)

2024-02-26 11:52:29 - [MESSAGE][PASSED] - utilities.Mobile_Keywords.scrollFromTopToBottom is PASSED

2024-02-26 11:52:29 - [TEST_STEP][PASSED] - tap(findTestObject("SOW2-Market Order/android.widget.Dynamic_Button", ["text":"Confirm"]), 0, CONTINUE_ON_FAILURE): Tapped on element 'Object Repository/SOW2-Market Order/android.widget.Dynamic_Button'

2024-02-26 11:52:29 - [MESSAGE][WARNING] - Timeout '0' is invalid. Using default page load timeout: '30'

2024-02-26 11:52:30 - [MESSAGE][PASSED] - Tapped on element 'Object Repository/SOW2-Market Order/android.widget.Dynamic_Button'

2024-02-26 11:52:30 - [TEST_STEP][PASSED] - waitForElementPresent(findTestObject("Global Account Page/dynamicText", ["text":"Transaction Successful"]), 5, CONTINUE_ON_FAILURE): Element 'Object Repository/Global Account Page/dynamicText' is present

2024-02-26 11:52:37 - [MESSAGE][PASSED] - Element 'Object Repository/Global Account Page/dynamicText' is present

2024-02-26 11:52:37 - [TEST_STEP][PASSED] - verifyElementExist(findTestObject("Global Account Page/dynamicText", ["text":"Transaction Successful"]), 5, CONTINUE_ON_FAILURE): Element 'Object Repository/Global Account Page/dynamicText' is exist

2024-02-26 11:52:37 - [MESSAGE][PASSED] - Element 'Object Repository/Global Account Page/dynamicText' is exist

2024-02-26 11:52:37 - [TEST_STEP][PASSED] - verifyElementExist(findTestObject("Global Account Page/dynamicText", ["text":"Reference ID"]), 5, CONTINUE_ON_FAILURE): Element 'Object Repository/Global Account Page/dynamicText' is exist

2024-02-26 11:52:37 - [MESSAGE][PASSED] - Element 'Object Repository/Global Account Page/dynamicText' is exist

2024-02-26 11:52:37 - [TEST_STEP][PASSED] - verifyElementExist(findTestObject("Global Account Page/dynamicText", ["text":"Order ID"]), 5, CONTINUE_ON_FAILURE): Element 'Object Repository/Global Account Page/dynamicText' is exist

2024-02-26 11:52:37 - [MESSAGE][PASSED] - Element 'Object Repository/Global Account Page/dynamicText' is exist

2024-02-26 11:52:37 - [TEST_STEP][PASSED] - reference_id = getText(findTestObject("Market Order Page/android.widget.TextView - Reference ID"), 5, CONTINUE_ON_FAILURE): Text of element 'Object Repository/Market Order Page/android.widget.TextView - Reference ID' is: '004136357M'

2024-02-26 11:52:38 - [MESSAGE][PASSED] - Text of element 'Object Repository/Market Order Page/android.widget.TextView - Reference ID' is: '004136357M'

2024-02-26 11:52:38 - [TEST_STEP][PASSED] - verifyElementExist(findTestObject("Global Account Page/dynamicText", ["text":"Order ID"]), 5, CONTINUE_ON_FAILURE): Element 'Object Repository/Global Account Page/dynamicText' is exist

2024-02-26 11:52:38 - [MESSAGE][PASSED] - Element 'Object Repository/Global Account Page/dynamicText' is exist

2024-02-26 11:52:38 - [TEST_STEP][PASSED] - verifyElementExist(findTestObject("Global Account Page/dynamicText", ["text":"Date & time"]), 5, CONTINUE_ON_FAILURE): Element 'Object Repository/Global Account Page/dynamicText' is exist

2024-02-26 11:52:38 - [MESSAGE][PASSED] - Element 'Object Repository/Global Account Page/dynamicText' is exist

2024-02-26 11:52:38 - [TEST_STEP][PASSED] - verifyElementExist(findTestObject("Global Account Page/dynamicText", ["text":"Converted from"]), 5, CONTINUE_ON_FAILURE): Element 'Object Repository/Global Account Page/dynamicText' is exist

2024-02-26 11:52:38 - [MESSAGE][PASSED] - Element 'Object Repository/Global Account Page/dynamicText' is exist

2024-02-26 11:52:38 - [TEST_STEP][PASSED] - verifyElementExist(findTestObject("Global Account Page/dynamicText", ["text":"Amount received"]), 5, CONTINUE_ON_FAILURE): Element 'Object Repository/Global Account Page/dynamicText' is exist

2024-02-26 11:52:38 - [MESSAGE][PASSED] - Element 'Object Repository/Global Account Page/dynamicText' is exist

2024-02-26 11:52:38 - [TEST_STEP][PASSED] - verifyElementExist(findTestObject("Global Account Page/dynamicText", ["text":"USD " + roundedNumber1]), 5, CONTINUE_ON_FAILURE): Element 'Object Repository/Global Account Page/dynamicText' is exist

2024-02-26 11:52:38 - [MESSAGE][PASSED] - Element 'Object Repository/Global Account Page/dynamicText' is exist

2024-02-26 11:52:38 - [TEST_STEP][PASSED] - verifyElementExist(findTestObject("Global Account Page/dynamicText", ["text":"Exchange rate"]), 5, CONTINUE_ON_FAILURE): Element 'Object Repository/Global Account Page/dynamicText' is exist

2024-02-26 11:52:38 - [MESSAGE][PASSED] - Element 'Object Repository/Global Account Page/dynamicText' is exist

2024-02-26 11:52:38 - [TEST_STEP][PASSED] - verifyElementExist(findTestObject("Global Account Page/dynamicText", ["text":"Transaction type"]), 5, CONTINUE_ON_FAILURE): Element 'Object Repository/Global Account Page/dynamicText' is exist

2024-02-26 11:52:38 - [MESSAGE][PASSED] - Element 'Object Repository/Global Account Page/dynamicText' is exist

2024-02-26 11:52:38 - [TEST_STEP][PASSED] - verifyElementExist(findTestObject("Global Account Page/dynamicText", ["text":"Currency Conversion"]), 5, CONTINUE_ON_FAILURE): Element 'Object Repository/Global Account Page/dynamicText' is exist

2024-02-26 11:52:38 - [MESSAGE][PASSED] - Element 'Object Repository/Global Account Page/dynamicText' is exist

2024-02-26 11:52:38 - [TEST_STEP][PASSED] - verifyElementExist(findTestObject("Global Account Page/dynamicText", ["text":"Share Receipt"]), 5, CONTINUE_ON_FAILURE): Element 'Object Repository/Global Account Page/dynamicText' is exist

2024-02-26 11:52:38 - [MESSAGE][PASSED] - Element 'Object Repository/Global Account Page/dynamicText' is exist

2024-02-26 11:52:38 - [TEST_STEP][PASSED] - verifyElementExist(findTestObject("Global Account Page/dynamicText", ["text":"Done"]), 5, CONTINUE_ON_FAILURE): Element 'Object Repository/Global Account Page/dynamicText' is exist

2024-02-26 11:52:38 - [MESSAGE][PASSED] - Element 'Object Repository/Global Account Page/dynamicText' is exist

2024-02-26 11:52:38 - [TEST_STEP][PASSED] - takeScreenshot(CONTINUE_ON_FAILURE): Screenshot is taken

2024-02-26 11:52:39 - [MESSAGE][PASSED] - Screenshot is taken
[[ATTACHMENT|/Users/00145409nuralianatasha/Desktop/automation_Retail_FX(public_git)/Reports/20240226_114707/SOW2/Entry Point - Quick Action (1)/20240226_114707/1708919558842.png]]

2024-02-26 11:52:39 - [TEST_STEP][PASSED] - tap(findTestObject("Global Account Page/dynamicText", ["text":"Share Receipt"]), 0, CONTINUE_ON_FAILURE): Tapped on element 'Object Repository/Global Account Page/dynamicText'

2024-02-26 11:52:39 - [MESSAGE][WARNING] - Timeout '0' is invalid. Using default page load timeout: '30'

2024-02-26 11:52:39 - [MESSAGE][PASSED] - Tapped on element 'Object Repository/Global Account Page/dynamicText'

2024-02-26 11:52:39 - [TEST_STEP][PASSED] - delay(10): Delayed 10 second(s)

2024-02-26 11:52:49 - [MESSAGE][PASSED] - Delayed 10 second(s)

2024-02-26 11:52:49 - [TEST_STEP][PASSED] - waitForElementPresent(findTestObject("Global Account Page/dynamicText", ["text":"Currency Exchange"]), 5, CONTINUE_ON_FAILURE): Element 'Object Repository/Global Account Page/dynamicText' is present

2024-02-26 11:52:49 - [MESSAGE][PASSED] - Element 'Object Repository/Global Account Page/dynamicText' is present

2024-02-26 11:52:49 - [TEST_STEP][PASSED] - verifyElementExist(findTestObject("Global Account Page/dynamicText", ["text":"Completed"]), 5, CONTINUE_ON_FAILURE): Element 'Object Repository/Global Account Page/dynamicText' is exist

2024-02-26 11:52:49 - [MESSAGE][PASSED] - Element 'Object Repository/Global Account Page/dynamicText' is exist

2024-02-26 11:52:49 - [TEST_STEP][PASSED] - takeScreenshot(): Screenshot is taken

2024-02-26 11:52:50 - [MESSAGE][PASSED] - Screenshot is taken
[[ATTACHMENT|/Users/00145409nuralianatasha/Desktop/automation_Retail_FX(public_git)/Reports/20240226_114707/SOW2/Entry Point - Quick Action (1)/20240226_114707/1708919569667.png]]

2024-02-26 11:52:50 - [TEST_STEP][PASSED] - verifyElementExist(findTestObject("Global Account Page/dynamicText", ["text":"From account"]), 5, CONTINUE_ON_FAILURE): Element 'Object Repository/Global Account Page/dynamicText' is exist

2024-02-26 11:52:50 - [MESSAGE][PASSED] - Element 'Object Repository/Global Account Page/dynamicText' is exist

2024-02-26 11:52:50 - [TEST_STEP][FAILED] - verifyElementExist(findTestObject("Global Account Page/dynamicText", ["text":"Current Account-i

5640 1714 8767"]), 5, CONTINUE_ON_FAILURE): Element 'Object Repository/Global Account Page/dynamicText' not found

2024-02-26 11:52:55 - [MESSAGE][FAILED] - Element 'Object Repository/Global Account Page/dynamicText' not found

2024-02-26 11:52:55 - [TEST_STEP][PASSED] - verifyElementExist(findTestObject("Global Account Page/dynamicText", ["text":"To account"]), 5, CONTINUE_ON_FAILURE): Element 'Object Repository/Global Account Page/dynamicText' is exist

2024-02-26 11:52:55 - [MESSAGE][PASSED] - Element 'Object Repository/Global Account Page/dynamicText' is exist

2024-02-26 11:52:55 - [TEST_STEP][FAILED] - verifyElementExist(findTestObject("Global Account Page/dynamicText", ["text":"Global Access Account-i (USD)

9000 0002 1160"]), 5, CONTINUE_ON_FAILURE): Element 'Object Repository/Global Account Page/dynamicText' not found

2024-02-26 11:53:00 - [MESSAGE][FAILED] - Element 'Object Repository/Global Account Page/dynamicText' not found

2024-02-26 11:53:00 - [TEST_STEP][PASSED] - utilities.Mobile_Keywords.scrollFromTopToBottom(): utilities.Mobile_Keywords.scrollFromTopToBottom is PASSED

2024-02-26 11:53:00 - [MESSAGE][PASSED] - Current device physical height is 2138

2024-02-26 11:53:00 - [MESSAGE][PASSED] - Current device physical width is 1080

2024-02-26 11:53:02 - [MESSAGE][PASSED] - Swiped from 540,1,496 to 540,641

2024-02-26 11:53:07 - [MESSAGE][PASSED] - Delayed 5 second(s)

2024-02-26 11:53:07 - [MESSAGE][PASSED] - utilities.Mobile_Keywords.scrollFromTopToBottom is PASSED

2024-02-26 11:53:07 - [TEST_STEP][PASSED] - verifyElementExist(findTestObject("Global Account Page/dynamicText", ["text":Conversion_Fee]), 5, CONTINUE_ON_FAILURE): Element 'Object Repository/Global Account Page/dynamicText' is exist

2024-02-26 11:53:07 - [MESSAGE][PASSED] - Element 'Object Repository/Global Account Page/dynamicText' is exist

2024-02-26 11:53:07 - [TEST_STEP][PASSED] - verifyElementExist(findTestObject("Global Account Page/dynamicText", ["text":"Amount received"]), 5, CONTINUE_ON_FAILURE): Element 'Object Repository/Global Account Page/dynamicText' is exist

2024-02-26 11:53:07 - [MESSAGE][PASSED] - Element 'Object Repository/Global Account Page/dynamicText' is exist

2024-02-26 11:53:07 - [TEST_STEP][PASSED] - verifyElementExist(findTestObject("Global Account Page/dynamicText", ["text":"USD " + roundedNumber1]), 5, CONTINUE_ON_FAILURE): Element 'Object Repository/Global Account Page/dynamicText' is exist

2024-02-26 11:53:07 - [MESSAGE][PASSED] - Element 'Object Repository/Global Account Page/dynamicText' is exist

2024-02-26 11:53:07 - [TEST_STEP][PASSED] - takeScreenshot(): Screenshot is taken

2024-02-26 11:53:07 - [MESSAGE][PASSED] - Screenshot is taken
[[ATTACHMENT|/Users/00145409nuralianatasha/Desktop/automation_Retail_FX(public_git)/Reports/20240226_114707/SOW2/Entry Point - Quick Action (1)/20240226_114707/1708919587358.png]]

2024-02-26 11:53:07 - [TEST_STEP][PASSED] - tap(findTestObject("Market Order Page/android.widget.ImageViewBack_Button"), 0, CONTINUE_ON_FAILURE): Tapped on element 'Object Repository/Market Order Page/android.widget.ImageViewBack_Button'

2024-02-26 11:53:07 - [MESSAGE][WARNING] - Timeout '0' is invalid. Using default page load timeout: '30'

2024-02-26 11:53:07 - [MESSAGE][PASSED] - Tapped on element 'Object Repository/Market Order Page/android.widget.ImageViewBack_Button'

2024-02-26 11:53:07 - [TEST_STEP][PASSED] - waitForElementPresent(findTestObject("Global Account Page/dynamicText", ["text":"Transaction Successful"]), 5, CONTINUE_ON_FAILURE): Element 'Object Repository/Global Account Page/dynamicText' is present

2024-02-26 11:53:08 - [MESSAGE][PASSED] - Element 'Object Repository/Global Account Page/dynamicText' is present

2024-02-26 11:53:08 - [TEST_STEP][PASSED] - verifyElementExist(findTestObject("Global Account Page/dynamicText", ["text":"Transaction Successful"]), 5, CONTINUE_ON_FAILURE): Element 'Object Repository/Global Account Page/dynamicText' is exist

2024-02-26 11:53:08 - [MESSAGE][PASSED] - Element 'Object Repository/Global Account Page/dynamicText' is exist

2024-02-26 11:53:08 - [TEST_STEP][PASSED] - takeScreenshot(): Screenshot is taken

2024-02-26 11:53:09 - [MESSAGE][PASSED] - Screenshot is taken
[[ATTACHMENT|/Users/00145409nuralianatasha/Desktop/automation_Retail_FX(public_git)/Reports/20240226_114707/SOW2/Entry Point - Quick Action (1)/20240226_114707/1708919588952.png]]

2024-02-26 11:53:09 - [TEST_STEP][PASSED] - tap(findTestObject("Global Account Page/dynamicText", ["text":"Done"]), 0, CONTINUE_ON_FAILURE): Tapped on element 'Object Repository/Global Account Page/dynamicText'

2024-02-26 11:53:09 - [MESSAGE][WARNING] - Timeout '0' is invalid. Using default page load timeout: '30'

2024-02-26 11:53:09 - [MESSAGE][PASSED] - Tapped on element 'Object Repository/Global Account Page/dynamicText']]></system-out>
         <system-err><![CDATA[2024-02-26 11:51:02 - [TEST_CASE][FAILED] - Test Cases/RETAILFX-SOW2 Market Order/Entry Point - Quick Action/SOW2 - Current account to G1A Account: Test Cases/RETAILFX-SOW2 Market Order/Entry Point - Quick Action/SOW2 - Current account to G1A Account FAILED.
Reason:
com.kms.katalon.core.exception.StepFailedException: Element 'Object Repository/Global Account Page/dynamicText' not found
	at com.kms.katalon.core.keyword.internal.KeywordMain.stepFailed(KeywordMain.groovy:39)
	at com.kms.katalon.core.mobile.keyword.internal.MobileKeywordMain.stepFailed(MobileKeywordMain.groovy:40)
	at com.kms.katalon.core.mobile.keyword.builtin.VerifyElementExistKeyword$_verifyElementExist_closure1.doCall(VerifyElementExistKeyword.groovy:77)
	at com.kms.katalon.core.mobile.keyword.builtin.VerifyElementExistKeyword$_verifyElementExist_closure1.call(VerifyElementExistKeyword.groovy)
	at com.kms.katalon.core.mobile.keyword.internal.MobileKeywordMain.runKeyword(MobileKeywordMain.groovy:21)
	at com.kms.katalon.core.mobile.keyword.builtin.VerifyElementExistKeyword.verifyElementExist(VerifyElementExistKeyword.groovy:80)
	at com.kms.katalon.core.mobile.keyword.builtin.VerifyElementExistKeyword.execute(VerifyElementExistKeyword.groovy:64)
	at com.kms.katalon.core.keyword.internal.KeywordExecutor.executeKeywordForPlatform(KeywordExecutor.groovy:74)
	at com.kms.katalon.core.mobile.keyword.MobileBuiltInKeywords.verifyElementExist(MobileBuiltInKeywords.groovy:1739)
	at com.kms.katalon.core.mobile.keyword.MobileBuiltInKeywords$verifyElementExist$4.call(Unknown Source)
	at SOW2 - Current account to G1A Account.run(SOW2 - Current account to G1A Account:134)
	at com.kms.katalon.core.main.ScriptEngine.run(ScriptEngine.java:194)
	at com.kms.katalon.core.main.ScriptEngine.runScriptAsRawText(ScriptEngine.java:119)
	at com.kms.katalon.core.main.TestCaseExecutor.runScript(TestCaseExecutor.java:448)
	at com.kms.katalon.core.main.TestCaseExecutor.doExecute(TestCaseExecutor.java:439)
	at com.kms.katalon.core.main.TestCaseExecutor.processExecutionPhase(TestCaseExecutor.java:418)
	at com.kms.katalon.core.main.TestCaseExecutor.accessMainPhase(TestCaseExecutor.java:410)
	at com.kms.katalon.core.main.TestCaseExecutor.execute(TestCaseExecutor.java:285)
	at com.kms.katalon.core.common.CommonExecutor.accessTestCaseMainPhase(CommonExecutor.java:65)
	at com.kms.katalon.core.main.TestSuiteExecutor.accessTestSuiteMainPhase(TestSuiteExecutor.java:148)
	at com.kms.katalon.core.main.TestSuiteExecutor.execute(TestSuiteExecutor.java:106)
	at com.kms.katalon.core.main.TestCaseMain.startTestSuite(TestCaseMain.java:187)
	at com.kms.katalon.core.main.TestCaseMain$startTestSuite$0.call(Unknown Source)
	at TempTestSuite1708919227400.run(TempTestSuite1708919227400.groovy:36)]]></system-err>
      </testcase>
      <testcase name="Test Cases/RETAILFX-SOW2 Market Order/Entry Point - Quick Action/SOW2 - Saving Account to G1A Account" time="137.854" classname="Test Cases/RETAILFX-SOW2 Market Order/Entry Point - Quick Action/SOW2 - Saving Account to G1A Account" status="FAILED">
         <failure type="FAILED" message="Test Cases/RETAILFX-SOW2 Market Order/Entry Point - Quick Action/SOW2 - Saving Account to G1A Account FAILED.
Reason:
com.kms.katalon.core.exception.StepFailedException: Element 'Object Repository/Global Account Page/dynamicText' not found
	at com.kms.katalon.core.keyword.internal.KeywordMain.stepFailed(KeywordMain.groovy:39)
	at com.kms.katalon.core.mobile.keyword.internal.MobileKeywordMain.stepFailed(MobileKeywordMain.groovy:40)
	at com.kms.katalon.core.mobile.keyword.builtin.VerifyElementExistKeyword$_verifyElementExist_closure1.doCall(VerifyElementExistKeyword.groovy:77)
	at com.kms.katalon.core.mobile.keyword.builtin.VerifyElementExistKeyword$_verifyElementExist_closure1.call(VerifyElementExistKeyword.groovy)
	at com.kms.katalon.core.mobile.keyword.internal.MobileKeywordMain.runKeyword(MobileKeywordMain.groovy:21)
	at com.kms.katalon.core.mobile.keyword.builtin.VerifyElementExistKeyword.verifyElementExist(VerifyElementExistKeyword.groovy:80)
	at com.kms.katalon.core.mobile.keyword.builtin.VerifyElementExistKeyword.execute(VerifyElementExistKeyword.groovy:64)
	at com.kms.katalon.core.keyword.internal.KeywordExecutor.executeKeywordForPlatform(KeywordExecutor.groovy:74)
	at com.kms.katalon.core.mobile.keyword.MobileBuiltInKeywords.verifyElementExist(MobileBuiltInKeywords.groovy:1739)
	at com.kms.katalon.core.mobile.keyword.MobileBuiltInKeywords$verifyElementExist$4.call(Unknown Source)
	at SOW2 - Saving Account to G1A Account.run(SOW2 - Saving Account to G1A Account:121)
	at com.kms.katalon.core.main.ScriptEngine.run(ScriptEngine.java:194)
	at com.kms.katalon.core.main.ScriptEngine.runScriptAsRawText(ScriptEngine.java:119)
	at com.kms.katalon.core.main.TestCaseExecutor.runScript(TestCaseExecutor.java:448)
	at com.kms.katalon.core.main.TestCaseExecutor.doExecute(TestCaseExecutor.java:439)
	at com.kms.katalon.core.main.TestCaseExecutor.processExecutionPhase(TestCaseExecutor.java:418)
	at com.kms.katalon.core.main.TestCaseExecutor.accessMainPhase(TestCaseExecutor.java:410)
	at com.kms.katalon.core.main.TestCaseExecutor.execute(TestCaseExecutor.java:285)
	at com.kms.katalon.core.common.CommonExecutor.accessTestCaseMainPhase(CommonExecutor.java:65)
	at com.kms.katalon.core.main.TestSuiteExecutor.accessTestSuiteMainPhase(TestSuiteExecutor.java:148)
	at com.kms.katalon.core.main.TestSuiteExecutor.execute(TestSuiteExecutor.java:106)
	at com.kms.katalon.core.main.TestCaseMain.startTestSuite(TestCaseMain.java:187)
	at com.kms.katalon.core.main.TestCaseMain$startTestSuite$0.call(Unknown Source)
	at TempTestSuite1708919227400.run(TempTestSuite1708919227400.groovy:36)
"/>
         <system-out><![CDATA[2024-02-26 11:53:09 - [TEST_CASE][FAILED] - Test Cases/RETAILFX-SOW2 Market Order/Entry Point - Quick Action/SOW2 - Saving Account to G1A Account: Test Cases/RETAILFX-SOW2 Market Order/Entry Point - Quick Action/SOW2 - Saving Account to G1A Account FAILED.
Reason:
com.kms.katalon.core.exception.StepFailedException: Element 'Object Repository/Global Account Page/dynamicText' not found
	at com.kms.katalon.core.keyword.internal.KeywordMain.stepFailed(KeywordMain.groovy:39)
	at com.kms.katalon.core.mobile.keyword.internal.MobileKeywordMain.stepFailed(MobileKeywordMain.groovy:40)
	at com.kms.katalon.core.mobile.keyword.builtin.VerifyElementExistKeyword$_verifyElementExist_closure1.doCall(VerifyElementExistKeyword.groovy:77)
	at com.kms.katalon.core.mobile.keyword.builtin.VerifyElementExistKeyword$_verifyElementExist_closure1.call(VerifyElementExistKeyword.groovy)
	at com.kms.katalon.core.mobile.keyword.internal.MobileKeywordMain.runKeyword(MobileKeywordMain.groovy:21)
	at com.kms.katalon.core.mobile.keyword.builtin.VerifyElementExistKeyword.verifyElementExist(VerifyElementExistKeyword.groovy:80)
	at com.kms.katalon.core.mobile.keyword.builtin.VerifyElementExistKeyword.execute(VerifyElementExistKeyword.groovy:64)
	at com.kms.katalon.core.keyword.internal.KeywordExecutor.executeKeywordForPlatform(KeywordExecutor.groovy:74)
	at com.kms.katalon.core.mobile.keyword.MobileBuiltInKeywords.verifyElementExist(MobileBuiltInKeywords.groovy:1739)
	at com.kms.katalon.core.mobile.keyword.MobileBuiltInKeywords$verifyElementExist$4.call(Unknown Source)
	at SOW2 - Saving Account to G1A Account.run(SOW2 - Saving Account to G1A Account:121)
	at com.kms.katalon.core.main.ScriptEngine.run(ScriptEngine.java:194)
	at com.kms.katalon.core.main.ScriptEngine.runScriptAsRawText(ScriptEngine.java:119)
	at com.kms.katalon.core.main.TestCaseExecutor.runScript(TestCaseExecutor.java:448)
	at com.kms.katalon.core.main.TestCaseExecutor.doExecute(TestCaseExecutor.java:439)
	at com.kms.katalon.core.main.TestCaseExecutor.processExecutionPhase(TestCaseExecutor.java:418)
	at com.kms.katalon.core.main.TestCaseExecutor.accessMainPhase(TestCaseExecutor.java:410)
	at com.kms.katalon.core.main.TestCaseExecutor.execute(TestCaseExecutor.java:285)
	at com.kms.katalon.core.common.CommonExecutor.accessTestCaseMainPhase(CommonExecutor.java:65)
	at com.kms.katalon.core.main.TestSuiteExecutor.accessTestSuiteMainPhase(TestSuiteExecutor.java:148)
	at com.kms.katalon.core.main.TestSuiteExecutor.execute(TestSuiteExecutor.java:106)
	at com.kms.katalon.core.main.TestCaseMain.startTestSuite(TestCaseMain.java:187)
	at com.kms.katalon.core.main.TestCaseMain$startTestSuite$0.call(Unknown Source)
	at TempTestSuite1708919227400.run(TempTestSuite1708919227400.groovy:36)


2024-02-26 11:53:09 - [TEST_STEP][PASSED] - a = 8: null

2024-02-26 11:53:09 - [TEST_STEP][PASSED] - tap(findTestObject("Global Account Page/dynamicText", ["text":findTestData("Username_Password").getValue("G1A_Account_No", a)]), 0, CONTINUE_ON_FAILURE): Tapped on element 'Object Repository/Global Account Page/dynamicText'

2024-02-26 11:53:09 - [MESSAGE][WARNING] - Timeout '0' is invalid. Using default page load timeout: '30'

2024-02-26 11:53:10 - [MESSAGE][PASSED] - Tapped on element 'Object Repository/Global Account Page/dynamicText'

2024-02-26 11:53:10 - [TEST_STEP][PASSED] - tap(findTestObject("Global Account Page/dynamicText", ["text":"Convert Currency"]), 0, CONTINUE_ON_FAILURE): Tapped on element 'Object Repository/Global Account Page/dynamicText'

2024-02-26 11:53:10 - [MESSAGE][WARNING] - Timeout '0' is invalid. Using default page load timeout: '30'

2024-02-26 11:53:10 - [MESSAGE][PASSED] - Tapped on element 'Object Repository/Global Account Page/dynamicText'

2024-02-26 11:53:10 - [TEST_STEP][PASSED] - checkLinkedDevice = Validation.checkElementExists("Object Repository/Market Order Page/android.widget.TextView - Enter your password"): Element 'Object Repository/Market Order Page/android.widget.TextView - Enter your password' not found

2024-02-26 11:53:40 - [MESSAGE][WARNING] - Element 'Object Repository/Market Order Page/android.widget.TextView - Enter your password' not found

2024-02-26 11:53:40 - [TEST_STEP][PASSED] - if (checkLinkedDevice == true): null

2024-02-26 11:53:40 - [TEST_STEP][PASSED] - else: null

2024-02-26 11:53:40 - [TEST_STEP][PASSED] - CONTINUE_ON_FAILURE: null

2024-02-26 11:53:40 - [TEST_STEP][PASSED] - delay(5): Delayed 5 second(s)

2024-02-26 11:53:45 - [MESSAGE][PASSED] - Delayed 5 second(s)

2024-02-26 11:53:45 - [TEST_STEP][PASSED] - tap(findTestObject("SOW2-Market Order/android.widget.TextView _EditText"), 0, CONTINUE_ON_FAILURE): Tapped on element 'Object Repository/SOW2-Market Order/android.widget.TextView _EditText'

2024-02-26 11:53:45 - [MESSAGE][WARNING] - Timeout '0' is invalid. Using default page load timeout: '30'

2024-02-26 11:53:45 - [MESSAGE][PASSED] - Tapped on element 'Object Repository/SOW2-Market Order/android.widget.TextView _EditText'

2024-02-26 11:53:45 - [TEST_STEP][PASSED] - digits = "1000": null

2024-02-26 11:53:45 - [TEST_STEP][PASSED] - Currency_Calculator.Currency_Numpad(digits): Object Object Repository/Calc_Pad/android.widget.Image not found

2024-02-26 11:53:51 - [MESSAGE][WARNING] - Object Object Repository/Calc_Pad/android.widget.TextView - 1 not found

2024-02-26 11:53:56 - [MESSAGE][WARNING] - Object Object Repository/Calc_Pad/android.widget.TextView - 0 not found

2024-02-26 11:54:01 - [MESSAGE][WARNING] - Object Object Repository/Calc_Pad/android.widget.TextView - 0 not found

2024-02-26 11:54:06 - [MESSAGE][WARNING] - Object Object Repository/Calc_Pad/android.widget.TextView - 0 not found

2024-02-26 11:54:12 - [MESSAGE][WARNING] - Object Object Repository/Calc_Pad/android.widget.Image not found

2024-02-26 11:54:12 - [TEST_STEP][PASSED] - utilities.Mobile_Keywords.sow2market_orderdropdown("US Dol", "USD - US Dollar"): utilities.Mobile_Keywords.sow2market_orderdropdown is PASSED

2024-02-26 11:54:12 - [MESSAGE][WARNING] - Timeout '0' is invalid. Using default page load timeout: '30'

2024-02-26 11:54:12 - [MESSAGE][PASSED] - Tapped on element 'Object Repository/SOW2-Market Order/Select_Currency Dropdown'

2024-02-26 11:54:13 - [MESSAGE][PASSED] - Element 'Object Repository/SOW2-Market Order/android.view.View - Select Currency' is present

2024-02-26 11:54:13 - [MESSAGE][PASSED] - Element 'Object Repository/SOW2-Market Order/android.view.View - Select Currency' is exist

2024-02-26 11:54:13 - [MESSAGE][PASSED] - Tapped on element 'Object Repository/SOW2-Market Order/android.widget.EditText_SearchCurrency'

2024-02-26 11:54:14 - [MESSAGE][PASSED] - Text 'US Dol' has been set to element 'Object Repository/SOW2-Market Order/android.widget.EditText_SearchCurrency'

2024-02-26 11:54:14 - [MESSAGE][PASSED] - Keyboard is hidden

2024-02-26 11:54:15 - [MESSAGE][PASSED] - Element 'Object Repository/Global Account Page/dynamicText' is exist

2024-02-26 11:54:15 - [MESSAGE][PASSED] - Tapped on element 'Object Repository/Global Account Page/dynamicText'

2024-02-26 11:54:15 - [MESSAGE][PASSED] - utilities.Mobile_Keywords.sow2market_orderdropdown is PASSED

2024-02-26 11:54:15 - [TEST_STEP][PASSED] - verifyElementExist(findTestObject("Global Account Page/dynamicText", ["text":"Exchange rate"]), 5, CONTINUE_ON_FAILURE): Element 'Object Repository/Global Account Page/dynamicText' is exist

2024-02-26 11:54:16 - [MESSAGE][PASSED] - Element 'Object Repository/Global Account Page/dynamicText' is exist

2024-02-26 11:54:16 - [TEST_STEP][PASSED] - currency_TextMsg = getText(findTestObject("General/android.widget.TextView _Conversion"), 5, CONTINUE_ON_FAILURE): Text of element 'Object Repository/General/android.widget.TextView _Conversion' is: 'USD 1 = MYR 4.7915'

2024-02-26 11:54:16 - [MESSAGE][PASSED] - Text of element 'Object Repository/General/android.widget.TextView _Conversion' is: 'USD 1 = MYR 4.7915'

2024-02-26 11:54:16 - [TEST_STEP][PASSED] - roundedNumber = Validation.staffConvertUSDToMYR(currency_TextMsg, 10.00): null

2024-02-26 11:54:16 - [TEST_STEP][PASSED] - verifyElementExist(findTestObject("Global Account Page/dynamicText", ["text":"Conversion fee"]), 5, CONTINUE_ON_FAILURE): Element 'Object Repository/Global Account Page/dynamicText' is exist

2024-02-26 11:54:16 - [MESSAGE][PASSED] - Element 'Object Repository/Global Account Page/dynamicText' is exist

2024-02-26 11:54:16 - [TEST_STEP][PASSED] - Conversion_Fee = getText(findTestObject("SOW2-Market Order/ConversionFee_Text"), 5, CONTINUE_ON_FAILURE): Text of element 'Object Repository/SOW2-Market Order/ConversionFee_Text' is: 'USD 0.00'

2024-02-26 11:54:16 - [MESSAGE][PASSED] - Text of element 'Object Repository/SOW2-Market Order/ConversionFee_Text' is: 'USD 0.00'

2024-02-26 11:54:16 - [TEST_STEP][PASSED] - verifyElementExist(findTestObject("Global Account Page/dynamicText", ["text":"Total to pay"]), 5, CONTINUE_ON_FAILURE): Element 'Object Repository/Global Account Page/dynamicText' is exist

2024-02-26 11:54:16 - [MESSAGE][PASSED] - Element 'Object Repository/Global Account Page/dynamicText' is exist

2024-02-26 11:54:16 - [TEST_STEP][PASSED] - verifyElementExist(findTestObject("Global Account Page/dynamicText", ["text":"MYR 10.00"]), 5, CONTINUE_ON_FAILURE): Element 'Object Repository/Global Account Page/dynamicText' is exist

2024-02-26 11:54:16 - [MESSAGE][PASSED] - Element 'Object Repository/Global Account Page/dynamicText' is exist

2024-02-26 11:54:16 - [TEST_STEP][PASSED] - verifyElementExist(findTestObject("Global Account Page/dynamicText", ["text":"Amount to receive"]), 5, CONTINUE_ON_FAILURE): Element 'Object Repository/Global Account Page/dynamicText' is exist

2024-02-26 11:54:17 - [MESSAGE][PASSED] - Element 'Object Repository/Global Account Page/dynamicText' is exist

2024-02-26 11:54:17 - [TEST_STEP][PASSED] - verifyElementExist(findTestObject("General/android.widget.EditText _AmountReceived", ["text":roundedNumber]), 0, CONTINUE_ON_FAILURE): Element 'Object Repository/General/android.widget.EditText _AmountReceived' is exist

2024-02-26 11:54:17 - [MESSAGE][WARNING] - Timeout '0' is invalid. Using default page load timeout: '30'

2024-02-26 11:54:17 - [MESSAGE][PASSED] - Element 'Object Repository/General/android.widget.EditText _AmountReceived' is exist

2024-02-26 11:54:17 - [TEST_STEP][PASSED] - takeScreenshot(): Screenshot is taken

2024-02-26 11:54:17 - [MESSAGE][PASSED] - Screenshot is taken
[[ATTACHMENT|/Users/00145409nuralianatasha/Desktop/automation_Retail_FX(public_git)/Reports/20240226_114707/SOW2/Entry Point - Quick Action (1)/20240226_114707/1708919657085.png]]

2024-02-26 11:54:17 - [TEST_STEP][PASSED] - tap(findTestObject("SOW2-Market Order/android.widget.Dynamic_Button", ["text":"Next"]), 0, CONTINUE_ON_FAILURE): Tapped on element 'Object Repository/SOW2-Market Order/android.widget.Dynamic_Button'

2024-02-26 11:54:17 - [MESSAGE][WARNING] - Timeout '0' is invalid. Using default page load timeout: '30'

2024-02-26 11:54:17 - [MESSAGE][PASSED] - Tapped on element 'Object Repository/SOW2-Market Order/android.widget.Dynamic_Button'

2024-02-26 11:54:17 - [TEST_STEP][PASSED] - swipe(450, 884, 0, 884, CONTINUE_ON_FAILURE): Swiped from 450,884 to 0,884

2024-02-26 11:54:18 - [MESSAGE][PASSED] - Swiped from 450,884 to 0,884

2024-02-26 11:54:19 - [TEST_STEP][PASSED] - swipe(450, 884, 0, 884, CONTINUE_ON_FAILURE): Swiped from 450,884 to 0,884

2024-02-26 11:54:20 - [MESSAGE][PASSED] - Swiped from 450,884 to 0,884

2024-02-26 11:54:20 - [TEST_STEP][PASSED] - takeScreenshot(): Screenshot is taken

2024-02-26 11:54:20 - [MESSAGE][PASSED] - Screenshot is taken
[[ATTACHMENT|/Users/00145409nuralianatasha/Desktop/automation_Retail_FX(public_git)/Reports/20240226_114707/SOW2/Entry Point - Quick Action (1)/20240226_114707/1708919660288.png]]

2024-02-26 11:54:20 - [TEST_STEP][PASSED] - tap(findTestObject("SOW2-Market Order/android.widget.Dynamic_Button", ["text":"Get Quote"]), 0, CONTINUE_ON_FAILURE): Tapped on element 'Object Repository/SOW2-Market Order/android.widget.Dynamic_Button'

2024-02-26 11:54:20 - [MESSAGE][WARNING] - Timeout '0' is invalid. Using default page load timeout: '30'

2024-02-26 11:54:21 - [MESSAGE][PASSED] - Tapped on element 'Object Repository/SOW2-Market Order/android.widget.Dynamic_Button'

2024-02-26 11:54:21 - [TEST_STEP][PASSED] - currency_TextMsg2 = getText(findTestObject("General/android.widget.TextView _Conversion"), 0, CONTINUE_ON_FAILURE): Text of element 'Object Repository/General/android.widget.TextView _Conversion' is: 'USD 1 = MYR 4.7635'

2024-02-26 11:54:21 - [MESSAGE][WARNING] - Timeout '0' is invalid. Using default page load timeout: '30'

2024-02-26 11:54:23 - [MESSAGE][PASSED] - Text of element 'Object Repository/General/android.widget.TextView _Conversion' is: 'USD 1 = MYR 4.7635'

2024-02-26 11:54:23 - [TEST_STEP][PASSED] - roundedNumber1 = Validation.staffConvertUSDToMYR(currency_TextMsg2, 10.00): null

2024-02-26 11:54:23 - [TEST_STEP][PASSED] - waitForElementPresent(findTestObject("Global Account Page/dynamicText", ["text":"Confirmation"]), 5, CONTINUE_ON_FAILURE): Element 'Object Repository/Global Account Page/dynamicText' is present

2024-02-26 11:54:23 - [MESSAGE][PASSED] - Element 'Object Repository/Global Account Page/dynamicText' is present

2024-02-26 11:54:23 - [TEST_STEP][PASSED] - verifyElementExist(findTestObject("Global Account Page/dynamicText", ["text":"Transfer from"]), 5, CONTINUE_ON_FAILURE): Element 'Object Repository/Global Account Page/dynamicText' is exist

2024-02-26 11:54:23 - [MESSAGE][PASSED] - Element 'Object Repository/Global Account Page/dynamicText' is exist

2024-02-26 11:54:23 - [TEST_STEP][PASSED] - verifyElementExist(findTestObject("Global Account Page/dynamicText", ["text":"Saving Account (MYR)"]), 5, CONTINUE_ON_FAILURE): Element 'Object Repository/Global Account Page/dynamicText' is exist

2024-02-26 11:54:23 - [MESSAGE][PASSED] - Element 'Object Repository/Global Account Page/dynamicText' is exist

2024-02-26 11:54:23 - [TEST_STEP][PASSED] - verifyElementExist(findTestObject("Global Account Page/dynamicText", ["text":"Transfer to"]), 5, CONTINUE_ON_FAILURE): Element 'Object Repository/Global Account Page/dynamicText' is exist

2024-02-26 11:54:23 - [MESSAGE][PASSED] - Element 'Object Repository/Global Account Page/dynamicText' is exist

2024-02-26 11:54:23 - [TEST_STEP][FAILED] - verifyElementExist(findTestObject("Global Account Page/dynamicText", ["text":"Global Access Account-i/n(USD)"]), 5, CONTINUE_ON_FAILURE): Element 'Object Repository/Global Account Page/dynamicText' not found

2024-02-26 11:54:28 - [MESSAGE][FAILED] - Element 'Object Repository/Global Account Page/dynamicText' not found

2024-02-26 11:54:28 - [TEST_STEP][PASSED] - verifyElementExist(findTestObject("Global Account Page/dynamicText", ["text":"Amount to receive"]), 5, CONTINUE_ON_FAILURE): Element 'Object Repository/Global Account Page/dynamicText' is exist

2024-02-26 11:54:29 - [MESSAGE][PASSED] - Element 'Object Repository/Global Account Page/dynamicText' is exist

2024-02-26 11:54:29 - [TEST_STEP][PASSED] - verifyElementExist(findTestObject("Global Account Page/dynamicText", ["text":"USD " + roundedNumber1]), 5, CONTINUE_ON_FAILURE): Element 'Object Repository/Global Account Page/dynamicText' is exist

2024-02-26 11:54:29 - [MESSAGE][PASSED] - Element 'Object Repository/Global Account Page/dynamicText' is exist

2024-02-26 11:54:29 - [TEST_STEP][PASSED] - verifyElementExist(findTestObject("Global Account Page/dynamicText", ["text":"Transaction type"]), 5, CONTINUE_ON_FAILURE): Element 'Object Repository/Global Account Page/dynamicText' is exist

2024-02-26 11:54:29 - [MESSAGE][PASSED] - Element 'Object Repository/Global Account Page/dynamicText' is exist

2024-02-26 11:54:29 - [TEST_STEP][PASSED] - verifyElementExist(findTestObject("Global Account Page/dynamicText", ["text":"Currency Conversion"]), 5, CONTINUE_ON_FAILURE): Element 'Object Repository/Global Account Page/dynamicText' is exist

2024-02-26 11:54:29 - [MESSAGE][PASSED] - Element 'Object Repository/Global Account Page/dynamicText' is exist

2024-02-26 11:54:29 - [TEST_STEP][FAILED] - verifyElementExist(findTestObject("Global Account Page/dynamicText", ["text":"I have read and agree to the BNM Foreign Exchange Rules, I accept the declaration as well as the Terms & Conditions for this transfer."]), 5, CONTINUE_ON_FAILURE): Element 'Object Repository/Global Account Page/dynamicText' not found

2024-02-26 11:54:35 - [MESSAGE][FAILED] - Element 'Object Repository/Global Account Page/dynamicText' not found

2024-02-26 11:54:35 - [TEST_STEP][PASSED] - takeScreenshot(CONTINUE_ON_FAILURE): Screenshot is taken

2024-02-26 11:54:35 - [MESSAGE][PASSED] - Screenshot is taken
[[ATTACHMENT|/Users/00145409nuralianatasha/Desktop/automation_Retail_FX(public_git)/Reports/20240226_114707/SOW2/Entry Point - Quick Action (1)/20240226_114707/1708919675200.png]]

2024-02-26 11:54:35 - [TEST_STEP][PASSED] - tap(findTestObject("SOW2-Market Order/android.view.View - I have read and agree to the BNM Foreign Exchange Rules, I accept the declaration as well as the Terms  Conditions for this transfer"), 0, CONTINUE_ON_FAILURE): Tapped on element 'Object Repository/SOW2-Market Order/android.view.View - I have read and agree to the BNM Foreign Exchange Rules, I accept the declaration as well as the Terms  Conditions for this transfer'

2024-02-26 11:54:35 - [MESSAGE][WARNING] - Timeout '0' is invalid. Using default page load timeout: '30'

2024-02-26 11:54:37 - [MESSAGE][PASSED] - Tapped on element 'Object Repository/SOW2-Market Order/android.view.View - I have read and agree to the BNM Foreign Exchange Rules, I accept the declaration as well as the Terms  Conditions for this transfer'

2024-02-26 11:54:37 - [TEST_STEP][PASSED] - utilities.Mobile_Keywords.scrollFromTopToBottom(): utilities.Mobile_Keywords.scrollFromTopToBottom is PASSED

2024-02-26 11:54:37 - [MESSAGE][PASSED] - Current device physical height is 2138

2024-02-26 11:54:37 - [MESSAGE][PASSED] - Current device physical width is 1080

2024-02-26 11:54:38 - [MESSAGE][PASSED] - Swiped from 540,1,496 to 540,641

2024-02-26 11:54:43 - [MESSAGE][PASSED] - Delayed 5 second(s)

2024-02-26 11:54:43 - [MESSAGE][PASSED] - utilities.Mobile_Keywords.scrollFromTopToBottom is PASSED

2024-02-26 11:54:43 - [TEST_STEP][PASSED] - tap(findTestObject("SOW2-Market Order/android.widget.Dynamic_Button", ["text":"Confirm"]), 0, CONTINUE_ON_FAILURE): Tapped on element 'Object Repository/SOW2-Market Order/android.widget.Dynamic_Button'

2024-02-26 11:54:43 - [MESSAGE][WARNING] - Timeout '0' is invalid. Using default page load timeout: '30'

2024-02-26 11:54:44 - [MESSAGE][PASSED] - Tapped on element 'Object Repository/SOW2-Market Order/android.widget.Dynamic_Button'

2024-02-26 11:54:44 - [TEST_STEP][PASSED] - waitForElementPresent(findTestObject("Global Account Page/dynamicText", ["text":"Transaction Successful"]), 5, CONTINUE_ON_FAILURE): Element 'Object Repository/Global Account Page/dynamicText' is present

2024-02-26 11:54:48 - [MESSAGE][PASSED] - Element 'Object Repository/Global Account Page/dynamicText' is present

2024-02-26 11:54:48 - [TEST_STEP][PASSED] - verifyElementExist(findTestObject("Global Account Page/dynamicText", ["text":"Transaction Successful"]), 5, CONTINUE_ON_FAILURE): Element 'Object Repository/Global Account Page/dynamicText' is exist

2024-02-26 11:54:49 - [MESSAGE][PASSED] - Element 'Object Repository/Global Account Page/dynamicText' is exist

2024-02-26 11:54:49 - [TEST_STEP][PASSED] - verifyElementExist(findTestObject("Global Account Page/dynamicText", ["text":"Reference ID"]), 5, CONTINUE_ON_FAILURE): Element 'Object Repository/Global Account Page/dynamicText' is exist

2024-02-26 11:54:49 - [MESSAGE][PASSED] - Element 'Object Repository/Global Account Page/dynamicText' is exist

2024-02-26 11:54:49 - [TEST_STEP][PASSED] - reference_id = getText(findTestObject("Market Order Page/android.widget.TextView - Reference ID"), 0, CONTINUE_ON_FAILURE): Text of element 'Object Repository/Market Order Page/android.widget.TextView - Reference ID' is: '004136359M'

2024-02-26 11:54:49 - [MESSAGE][WARNING] - Timeout '0' is invalid. Using default page load timeout: '30'

2024-02-26 11:54:49 - [MESSAGE][PASSED] - Text of element 'Object Repository/Market Order Page/android.widget.TextView - Reference ID' is: '004136359M'

2024-02-26 11:54:49 - [TEST_STEP][PASSED] - verifyElementExist(findTestObject("Global Account Page/dynamicText", ["text":"Order ID"]), 5, CONTINUE_ON_FAILURE): Element 'Object Repository/Global Account Page/dynamicText' is exist

2024-02-26 11:54:49 - [MESSAGE][PASSED] - Element 'Object Repository/Global Account Page/dynamicText' is exist

2024-02-26 11:54:49 - [TEST_STEP][PASSED] - verifyElementExist(findTestObject("Global Account Page/dynamicText", ["text":"Date & time"]), 5, CONTINUE_ON_FAILURE): Element 'Object Repository/Global Account Page/dynamicText' is exist

2024-02-26 11:54:49 - [MESSAGE][PASSED] - Element 'Object Repository/Global Account Page/dynamicText' is exist

2024-02-26 11:54:49 - [TEST_STEP][PASSED] - verifyElementExist(findTestObject("Global Account Page/dynamicText", ["text":"Converted from"]), 5, CONTINUE_ON_FAILURE): Element 'Object Repository/Global Account Page/dynamicText' is exist

2024-02-26 11:54:49 - [MESSAGE][PASSED] - Element 'Object Repository/Global Account Page/dynamicText' is exist

2024-02-26 11:54:49 - [TEST_STEP][PASSED] - verifyElementExist(findTestObject("Global Account Page/dynamicText", ["text":"Amount received"]), 5, CONTINUE_ON_FAILURE): Element 'Object Repository/Global Account Page/dynamicText' is exist

2024-02-26 11:54:49 - [MESSAGE][PASSED] - Element 'Object Repository/Global Account Page/dynamicText' is exist

2024-02-26 11:54:49 - [TEST_STEP][PASSED] - verifyElementExist(findTestObject("Global Account Page/dynamicText", ["text":"USD " + roundedNumber1]), 5, CONTINUE_ON_FAILURE): Element 'Object Repository/Global Account Page/dynamicText' is exist

2024-02-26 11:54:49 - [MESSAGE][PASSED] - Element 'Object Repository/Global Account Page/dynamicText' is exist

2024-02-26 11:54:49 - [TEST_STEP][PASSED] - verifyElementExist(findTestObject("Global Account Page/dynamicText", ["text":"Exchange rate"]), 5, CONTINUE_ON_FAILURE): Element 'Object Repository/Global Account Page/dynamicText' is exist

2024-02-26 11:54:49 - [MESSAGE][PASSED] - Element 'Object Repository/Global Account Page/dynamicText' is exist

2024-02-26 11:54:49 - [TEST_STEP][PASSED] - verifyElementExist(findTestObject("Global Account Page/dynamicText", ["text":"Transaction type"]), 5, CONTINUE_ON_FAILURE): Element 'Object Repository/Global Account Page/dynamicText' is exist

2024-02-26 11:54:49 - [MESSAGE][PASSED] - Element 'Object Repository/Global Account Page/dynamicText' is exist

2024-02-26 11:54:49 - [TEST_STEP][PASSED] - verifyElementExist(findTestObject("Global Account Page/dynamicText", ["text":"Currency Conversion"]), 5, CONTINUE_ON_FAILURE): Element 'Object Repository/Global Account Page/dynamicText' is exist

2024-02-26 11:54:49 - [MESSAGE][PASSED] - Element 'Object Repository/Global Account Page/dynamicText' is exist

2024-02-26 11:54:49 - [TEST_STEP][PASSED] - verifyElementExist(findTestObject("Global Account Page/dynamicText", ["text":"Share Receipt"]), 5, CONTINUE_ON_FAILURE): Element 'Object Repository/Global Account Page/dynamicText' is exist

2024-02-26 11:54:50 - [MESSAGE][PASSED] - Element 'Object Repository/Global Account Page/dynamicText' is exist

2024-02-26 11:54:50 - [TEST_STEP][PASSED] - verifyElementExist(findTestObject("Global Account Page/dynamicText", ["text":"Done"]), 5, CONTINUE_ON_FAILURE): Element 'Object Repository/Global Account Page/dynamicText' is exist

2024-02-26 11:54:50 - [MESSAGE][PASSED] - Element 'Object Repository/Global Account Page/dynamicText' is exist

2024-02-26 11:54:50 - [TEST_STEP][PASSED] - takeScreenshot(CONTINUE_ON_FAILURE): Screenshot is taken

2024-02-26 11:54:50 - [MESSAGE][PASSED] - Screenshot is taken
[[ATTACHMENT|/Users/00145409nuralianatasha/Desktop/automation_Retail_FX(public_git)/Reports/20240226_114707/SOW2/Entry Point - Quick Action (1)/20240226_114707/1708919690128.png]]

2024-02-26 11:54:50 - [TEST_STEP][PASSED] - tap(findTestObject("Global Account Page/dynamicText", ["text":"Share Receipt"]), 0, CONTINUE_ON_FAILURE): Tapped on element 'Object Repository/Global Account Page/dynamicText'

2024-02-26 11:54:50 - [MESSAGE][WARNING] - Timeout '0' is invalid. Using default page load timeout: '30'

2024-02-26 11:54:50 - [MESSAGE][PASSED] - Tapped on element 'Object Repository/Global Account Page/dynamicText'

2024-02-26 11:54:50 - [TEST_STEP][PASSED] - delay(10): Delayed 10 second(s)

2024-02-26 11:55:00 - [MESSAGE][PASSED] - Delayed 10 second(s)

2024-02-26 11:55:00 - [TEST_STEP][PASSED] - waitForElementPresent(findTestObject("Global Account Page/dynamicText", ["text":"Currency Exchange"]), 5, CONTINUE_ON_FAILURE): Element 'Object Repository/Global Account Page/dynamicText' is present

2024-02-26 11:55:01 - [MESSAGE][PASSED] - Element 'Object Repository/Global Account Page/dynamicText' is present

2024-02-26 11:55:01 - [TEST_STEP][PASSED] - delay(5): Delayed 5 second(s)

2024-02-26 11:55:06 - [MESSAGE][PASSED] - Delayed 5 second(s)

2024-02-26 11:55:06 - [TEST_STEP][PASSED] - verifyElementExist(findTestObject("Global Account Page/dynamicText", ["text":"Completed"]), 5, CONTINUE_ON_FAILURE): Element 'Object Repository/Global Account Page/dynamicText' is exist

2024-02-26 11:55:06 - [MESSAGE][PASSED] - Element 'Object Repository/Global Account Page/dynamicText' is exist

2024-02-26 11:55:06 - [TEST_STEP][PASSED] - verifyElementExist(findTestObject("Global Account Page/dynamicText", ["text":"Currency Exchange"]), 5, CONTINUE_ON_FAILURE): Element 'Object Repository/Global Account Page/dynamicText' is exist

2024-02-26 11:55:06 - [MESSAGE][PASSED] - Element 'Object Repository/Global Account Page/dynamicText' is exist

2024-02-26 11:55:06 - [TEST_STEP][PASSED] - takeScreenshot(): Screenshot is taken

2024-02-26 11:55:06 - [MESSAGE][PASSED] - Screenshot is taken
[[ATTACHMENT|/Users/00145409nuralianatasha/Desktop/automation_Retail_FX(public_git)/Reports/20240226_114707/SOW2/Entry Point - Quick Action (1)/20240226_114707/1708919706317.png]]

2024-02-26 11:55:06 - [TEST_STEP][PASSED] - verifyElementExist(findTestObject("Global Account Page/dynamicText", ["text":"From account"]), 5, CONTINUE_ON_FAILURE): Element 'Object Repository/Global Account Page/dynamicText' is exist

2024-02-26 11:55:07 - [MESSAGE][PASSED] - Element 'Object Repository/Global Account Page/dynamicText' is exist

2024-02-26 11:55:07 - [TEST_STEP][FAILED] - verifyElementExist(findTestObject("Global Account Page/dynamicText", ["text":"Saving Account (MYR)

1140 1399 7724"]), 5, CONTINUE_ON_FAILURE): Element 'Object Repository/Global Account Page/dynamicText' not found

2024-02-26 11:55:12 - [MESSAGE][FAILED] - Element 'Object Repository/Global Account Page/dynamicText' not found

2024-02-26 11:55:12 - [TEST_STEP][PASSED] - verifyElementExist(findTestObject("Global Account Page/dynamicText", ["text":"To account"]), 5, CONTINUE_ON_FAILURE): Element 'Object Repository/Global Account Page/dynamicText' is exist

2024-02-26 11:55:12 - [MESSAGE][PASSED] - Element 'Object Repository/Global Account Page/dynamicText' is exist

2024-02-26 11:55:12 - [TEST_STEP][FAILED] - verifyElementExist(findTestObject("Global Account Page/dynamicText", ["text":"Global Access Account-i (USD)

9000 0001 8837"]), 5, CONTINUE_ON_FAILURE): Element 'Object Repository/Global Account Page/dynamicText' not found

2024-02-26 11:55:17 - [MESSAGE][FAILED] - Element 'Object Repository/Global Account Page/dynamicText' not found

2024-02-26 11:55:17 - [TEST_STEP][PASSED] - verifyElementExist(findTestObject("Global Account Page/dynamicText", ["text":"Transaction type"]), 5, CONTINUE_ON_FAILURE): Element 'Object Repository/Global Account Page/dynamicText' is exist

2024-02-26 11:55:17 - [MESSAGE][PASSED] - Element 'Object Repository/Global Account Page/dynamicText' is exist

2024-02-26 11:55:17 - [TEST_STEP][PASSED] - utilities.Mobile_Keywords.scrollFromTopToBottom(): utilities.Mobile_Keywords.scrollFromTopToBottom is PASSED

2024-02-26 11:55:17 - [MESSAGE][PASSED] - Current device physical height is 2138

2024-02-26 11:55:17 - [MESSAGE][PASSED] - Current device physical width is 1080

2024-02-26 11:55:19 - [MESSAGE][PASSED] - Swiped from 540,1,496 to 540,641

2024-02-26 11:55:24 - [MESSAGE][PASSED] - Delayed 5 second(s)

2024-02-26 11:55:24 - [MESSAGE][PASSED] - utilities.Mobile_Keywords.scrollFromTopToBottom is PASSED

2024-02-26 11:55:24 - [TEST_STEP][PASSED] - verifyElementExist(findTestObject("Global Account Page/dynamicText", ["text":"Currency Conversion"]), 5, CONTINUE_ON_FAILURE): Element 'Object Repository/Global Account Page/dynamicText' is exist

2024-02-26 11:55:24 - [MESSAGE][PASSED] - Element 'Object Repository/Global Account Page/dynamicText' is exist

2024-02-26 11:55:24 - [TEST_STEP][PASSED] - verifyElementExist(findTestObject("Global Account Page/dynamicText", ["text":Conversion_Fee]), 5, CONTINUE_ON_FAILURE): Element 'Object Repository/Global Account Page/dynamicText' is exist

2024-02-26 11:55:24 - [MESSAGE][PASSED] - Element 'Object Repository/Global Account Page/dynamicText' is exist

2024-02-26 11:55:24 - [TEST_STEP][PASSED] - verifyElementExist(findTestObject("Global Account Page/dynamicText", ["text":"Amount received"]), 5, CONTINUE_ON_FAILURE): Element 'Object Repository/Global Account Page/dynamicText' is exist

2024-02-26 11:55:24 - [MESSAGE][PASSED] - Element 'Object Repository/Global Account Page/dynamicText' is exist

2024-02-26 11:55:24 - [TEST_STEP][PASSED] - verifyElementExist(findTestObject("Global Account Page/dynamicText", ["text":"USD " + roundedNumber1]), 5, CONTINUE_ON_FAILURE): Element 'Object Repository/Global Account Page/dynamicText' is exist

2024-02-26 11:55:24 - [MESSAGE][PASSED] - Element 'Object Repository/Global Account Page/dynamicText' is exist

2024-02-26 11:55:24 - [TEST_STEP][PASSED] - takeScreenshot(): Screenshot is taken

2024-02-26 11:55:25 - [MESSAGE][PASSED] - Screenshot is taken
[[ATTACHMENT|/Users/00145409nuralianatasha/Desktop/automation_Retail_FX(public_git)/Reports/20240226_114707/SOW2/Entry Point - Quick Action (1)/20240226_114707/1708919724572.png]]

2024-02-26 11:55:25 - [TEST_STEP][PASSED] - tap(findTestObject("Market Order Page/android.widget.ImageViewBack_Button"), 0, CONTINUE_ON_FAILURE): Tapped on element 'Object Repository/Market Order Page/android.widget.ImageViewBack_Button'

2024-02-26 11:55:25 - [MESSAGE][WARNING] - Timeout '0' is invalid. Using default page load timeout: '30'

2024-02-26 11:55:25 - [MESSAGE][PASSED] - Tapped on element 'Object Repository/Market Order Page/android.widget.ImageViewBack_Button'

2024-02-26 11:55:25 - [TEST_STEP][PASSED] - waitForElementPresent(findTestObject("Global Account Page/dynamicText", ["text":"Transaction Successful"]), 0, CONTINUE_ON_FAILURE): Element 'Object Repository/Global Account Page/dynamicText' is present

2024-02-26 11:55:25 - [MESSAGE][WARNING] - Timeout '0' is invalid. Using default page load timeout: '30'

2024-02-26 11:55:26 - [MESSAGE][PASSED] - Element 'Object Repository/Global Account Page/dynamicText' is present

2024-02-26 11:55:26 - [TEST_STEP][PASSED] - verifyElementExist(findTestObject("Global Account Page/dynamicText", ["text":"Transaction Successful"]), 5, CONTINUE_ON_FAILURE): Element 'Object Repository/Global Account Page/dynamicText' is exist

2024-02-26 11:55:26 - [MESSAGE][PASSED] - Element 'Object Repository/Global Account Page/dynamicText' is exist

2024-02-26 11:55:26 - [TEST_STEP][PASSED] - takeScreenshot(): Screenshot is taken

2024-02-26 11:55:27 - [MESSAGE][PASSED] - Screenshot is taken
[[ATTACHMENT|/Users/00145409nuralianatasha/Desktop/automation_Retail_FX(public_git)/Reports/20240226_114707/SOW2/Entry Point - Quick Action (1)/20240226_114707/1708919726651.png]]

2024-02-26 11:55:27 - [TEST_STEP][PASSED] - tap(findTestObject("Global Account Page/dynamicText", ["text":"Done"]), 0, CONTINUE_ON_FAILURE): Tapped on element 'Object Repository/Global Account Page/dynamicText'

2024-02-26 11:55:27 - [MESSAGE][WARNING] - Timeout '0' is invalid. Using default page load timeout: '30'

2024-02-26 11:55:27 - [MESSAGE][PASSED] - Tapped on element 'Object Repository/Global Account Page/dynamicText']]></system-out>
         <system-err><![CDATA[2024-02-26 11:53:09 - [TEST_CASE][FAILED] - Test Cases/RETAILFX-SOW2 Market Order/Entry Point - Quick Action/SOW2 - Saving Account to G1A Account: Test Cases/RETAILFX-SOW2 Market Order/Entry Point - Quick Action/SOW2 - Saving Account to G1A Account FAILED.
Reason:
com.kms.katalon.core.exception.StepFailedException: Element 'Object Repository/Global Account Page/dynamicText' not found
	at com.kms.katalon.core.keyword.internal.KeywordMain.stepFailed(KeywordMain.groovy:39)
	at com.kms.katalon.core.mobile.keyword.internal.MobileKeywordMain.stepFailed(MobileKeywordMain.groovy:40)
	at com.kms.katalon.core.mobile.keyword.builtin.VerifyElementExistKeyword$_verifyElementExist_closure1.doCall(VerifyElementExistKeyword.groovy:77)
	at com.kms.katalon.core.mobile.keyword.builtin.VerifyElementExistKeyword$_verifyElementExist_closure1.call(VerifyElementExistKeyword.groovy)
	at com.kms.katalon.core.mobile.keyword.internal.MobileKeywordMain.runKeyword(MobileKeywordMain.groovy:21)
	at com.kms.katalon.core.mobile.keyword.builtin.VerifyElementExistKeyword.verifyElementExist(VerifyElementExistKeyword.groovy:80)
	at com.kms.katalon.core.mobile.keyword.builtin.VerifyElementExistKeyword.execute(VerifyElementExistKeyword.groovy:64)
	at com.kms.katalon.core.keyword.internal.KeywordExecutor.executeKeywordForPlatform(KeywordExecutor.groovy:74)
	at com.kms.katalon.core.mobile.keyword.MobileBuiltInKeywords.verifyElementExist(MobileBuiltInKeywords.groovy:1739)
	at com.kms.katalon.core.mobile.keyword.MobileBuiltInKeywords$verifyElementExist$4.call(Unknown Source)
	at SOW2 - Saving Account to G1A Account.run(SOW2 - Saving Account to G1A Account:121)
	at com.kms.katalon.core.main.ScriptEngine.run(ScriptEngine.java:194)
	at com.kms.katalon.core.main.ScriptEngine.runScriptAsRawText(ScriptEngine.java:119)
	at com.kms.katalon.core.main.TestCaseExecutor.runScript(TestCaseExecutor.java:448)
	at com.kms.katalon.core.main.TestCaseExecutor.doExecute(TestCaseExecutor.java:439)
	at com.kms.katalon.core.main.TestCaseExecutor.processExecutionPhase(TestCaseExecutor.java:418)
	at com.kms.katalon.core.main.TestCaseExecutor.accessMainPhase(TestCaseExecutor.java:410)
	at com.kms.katalon.core.main.TestCaseExecutor.execute(TestCaseExecutor.java:285)
	at com.kms.katalon.core.common.CommonExecutor.accessTestCaseMainPhase(CommonExecutor.java:65)
	at com.kms.katalon.core.main.TestSuiteExecutor.accessTestSuiteMainPhase(TestSuiteExecutor.java:148)
	at com.kms.katalon.core.main.TestSuiteExecutor.execute(TestSuiteExecutor.java:106)
	at com.kms.katalon.core.main.TestCaseMain.startTestSuite(TestCaseMain.java:187)
	at com.kms.katalon.core.main.TestCaseMain$startTestSuite$0.call(Unknown Source)
	at TempTestSuite1708919227400.run(TempTestSuite1708919227400.groovy:36)]]></system-err>
      </testcase>
      <testcase name="Test Cases/RETAILFX-SOW2 Market Order/Entry Point - Quick Action/SOW2 - Covert from USD to MYR" time="133.054" classname="Test Cases/RETAILFX-SOW2 Market Order/Entry Point - Quick Action/SOW2 - Covert from USD to MYR" status="FAILED">
         <failure type="FAILED" message="Test Cases/RETAILFX-SOW2 Market Order/Entry Point - Quick Action/SOW2 - Covert from USD to MYR FAILED.
Reason:
com.kms.katalon.core.exception.StepFailedException: Element 'Object Repository/Global Account Page/dynamicText' not found
	at com.kms.katalon.core.keyword.internal.KeywordMain.stepFailed(KeywordMain.groovy:39)
	at com.kms.katalon.core.mobile.keyword.internal.MobileKeywordMain.stepFailed(MobileKeywordMain.groovy:40)
	at com.kms.katalon.core.mobile.keyword.builtin.VerifyElementExistKeyword$_verifyElementExist_closure1.doCall(VerifyElementExistKeyword.groovy:77)
	at com.kms.katalon.core.mobile.keyword.builtin.VerifyElementExistKeyword$_verifyElementExist_closure1.call(VerifyElementExistKeyword.groovy)
	at com.kms.katalon.core.mobile.keyword.internal.MobileKeywordMain.runKeyword(MobileKeywordMain.groovy:21)
	at com.kms.katalon.core.mobile.keyword.builtin.VerifyElementExistKeyword.verifyElementExist(VerifyElementExistKeyword.groovy:80)
	at com.kms.katalon.core.mobile.keyword.builtin.VerifyElementExistKeyword.execute(VerifyElementExistKeyword.groovy:64)
	at com.kms.katalon.core.keyword.internal.KeywordExecutor.executeKeywordForPlatform(KeywordExecutor.groovy:74)
	at com.kms.katalon.core.mobile.keyword.MobileBuiltInKeywords.verifyElementExist(MobileBuiltInKeywords.groovy:1739)
	at com.kms.katalon.core.mobile.keyword.MobileBuiltInKeywords$verifyElementExist$4.call(Unknown Source)
	at SOW2 - Covert from USD to MYR.run(SOW2 - Covert from USD to MYR:115)
	at com.kms.katalon.core.main.ScriptEngine.run(ScriptEngine.java:194)
	at com.kms.katalon.core.main.ScriptEngine.runScriptAsRawText(ScriptEngine.java:119)
	at com.kms.katalon.core.main.TestCaseExecutor.runScript(TestCaseExecutor.java:448)
	at com.kms.katalon.core.main.TestCaseExecutor.doExecute(TestCaseExecutor.java:439)
	at com.kms.katalon.core.main.TestCaseExecutor.processExecutionPhase(TestCaseExecutor.java:418)
	at com.kms.katalon.core.main.TestCaseExecutor.accessMainPhase(TestCaseExecutor.java:410)
	at com.kms.katalon.core.main.TestCaseExecutor.execute(TestCaseExecutor.java:285)
	at com.kms.katalon.core.common.CommonExecutor.accessTestCaseMainPhase(CommonExecutor.java:65)
	at com.kms.katalon.core.main.TestSuiteExecutor.accessTestSuiteMainPhase(TestSuiteExecutor.java:148)
	at com.kms.katalon.core.main.TestSuiteExecutor.execute(TestSuiteExecutor.java:106)
	at com.kms.katalon.core.main.TestCaseMain.startTestSuite(TestCaseMain.java:187)
	at com.kms.katalon.core.main.TestCaseMain$startTestSuite$0.call(Unknown Source)
	at TempTestSuite1708919227400.run(TempTestSuite1708919227400.groovy:36)
"/>
         <system-out><![CDATA[2024-02-26 11:55:27 - [TEST_CASE][FAILED] - Test Cases/RETAILFX-SOW2 Market Order/Entry Point - Quick Action/SOW2 - Covert from USD to MYR: Test Cases/RETAILFX-SOW2 Market Order/Entry Point - Quick Action/SOW2 - Covert from USD to MYR FAILED.
Reason:
com.kms.katalon.core.exception.StepFailedException: Element 'Object Repository/Global Account Page/dynamicText' not found
	at com.kms.katalon.core.keyword.internal.KeywordMain.stepFailed(KeywordMain.groovy:39)
	at com.kms.katalon.core.mobile.keyword.internal.MobileKeywordMain.stepFailed(MobileKeywordMain.groovy:40)
	at com.kms.katalon.core.mobile.keyword.builtin.VerifyElementExistKeyword$_verifyElementExist_closure1.doCall(VerifyElementExistKeyword.groovy:77)
	at com.kms.katalon.core.mobile.keyword.builtin.VerifyElementExistKeyword$_verifyElementExist_closure1.call(VerifyElementExistKeyword.groovy)
	at com.kms.katalon.core.mobile.keyword.internal.MobileKeywordMain.runKeyword(MobileKeywordMain.groovy:21)
	at com.kms.katalon.core.mobile.keyword.builtin.VerifyElementExistKeyword.verifyElementExist(VerifyElementExistKeyword.groovy:80)
	at com.kms.katalon.core.mobile.keyword.builtin.VerifyElementExistKeyword.execute(VerifyElementExistKeyword.groovy:64)
	at com.kms.katalon.core.keyword.internal.KeywordExecutor.executeKeywordForPlatform(KeywordExecutor.groovy:74)
	at com.kms.katalon.core.mobile.keyword.MobileBuiltInKeywords.verifyElementExist(MobileBuiltInKeywords.groovy:1739)
	at com.kms.katalon.core.mobile.keyword.MobileBuiltInKeywords$verifyElementExist$4.call(Unknown Source)
	at SOW2 - Covert from USD to MYR.run(SOW2 - Covert from USD to MYR:115)
	at com.kms.katalon.core.main.ScriptEngine.run(ScriptEngine.java:194)
	at com.kms.katalon.core.main.ScriptEngine.runScriptAsRawText(ScriptEngine.java:119)
	at com.kms.katalon.core.main.TestCaseExecutor.runScript(TestCaseExecutor.java:448)
	at com.kms.katalon.core.main.TestCaseExecutor.doExecute(TestCaseExecutor.java:439)
	at com.kms.katalon.core.main.TestCaseExecutor.processExecutionPhase(TestCaseExecutor.java:418)
	at com.kms.katalon.core.main.TestCaseExecutor.accessMainPhase(TestCaseExecutor.java:410)
	at com.kms.katalon.core.main.TestCaseExecutor.execute(TestCaseExecutor.java:285)
	at com.kms.katalon.core.common.CommonExecutor.accessTestCaseMainPhase(CommonExecutor.java:65)
	at com.kms.katalon.core.main.TestSuiteExecutor.accessTestSuiteMainPhase(TestSuiteExecutor.java:148)
	at com.kms.katalon.core.main.TestSuiteExecutor.execute(TestSuiteExecutor.java:106)
	at com.kms.katalon.core.main.TestCaseMain.startTestSuite(TestCaseMain.java:187)
	at com.kms.katalon.core.main.TestCaseMain$startTestSuite$0.call(Unknown Source)
	at TempTestSuite1708919227400.run(TempTestSuite1708919227400.groovy:36)


2024-02-26 11:55:27 - [TEST_STEP][PASSED] - a = 8: null

2024-02-26 11:55:27 - [TEST_STEP][PASSED] - tap(findTestObject("Global Account Page/dynamicText", ["text":findTestData("Username_Password").getValue("G1A_Account_No", a)]), 0, CONTINUE_ON_FAILURE): Tapped on element 'Object Repository/Global Account Page/dynamicText'

2024-02-26 11:55:28 - [MESSAGE][WARNING] - Timeout '0' is invalid. Using default page load timeout: '30'

2024-02-26 11:55:28 - [MESSAGE][PASSED] - Tapped on element 'Object Repository/Global Account Page/dynamicText'

2024-02-26 11:55:28 - [TEST_STEP][PASSED] - tap(findTestObject("Global Account Page/dynamicText", ["text":"Convert Currency"]), 0, CONTINUE_ON_FAILURE): Tapped on element 'Object Repository/Global Account Page/dynamicText'

2024-02-26 11:55:28 - [MESSAGE][WARNING] - Timeout '0' is invalid. Using default page load timeout: '30'

2024-02-26 11:55:28 - [MESSAGE][PASSED] - Tapped on element 'Object Repository/Global Account Page/dynamicText'

2024-02-26 11:55:28 - [TEST_STEP][PASSED] - checkLinkedDevice = Validation.checkElementExists("Object Repository/Market Order Page/android.widget.TextView - Enter your password"): Element 'Object Repository/Market Order Page/android.widget.TextView - Enter your password' not found

2024-02-26 11:55:58 - [MESSAGE][WARNING] - Element 'Object Repository/Market Order Page/android.widget.TextView - Enter your password' not found

2024-02-26 11:55:58 - [TEST_STEP][PASSED] - if (checkLinkedDevice == true): null

2024-02-26 11:55:58 - [TEST_STEP][PASSED] - else: null

2024-02-26 11:55:58 - [TEST_STEP][PASSED] - CONTINUE_ON_FAILURE: null

2024-02-26 11:55:58 - [TEST_STEP][PASSED] - delay(5): Delayed 5 second(s)

2024-02-26 11:56:03 - [MESSAGE][PASSED] - Delayed 5 second(s)

2024-02-26 11:56:03 - [TEST_STEP][PASSED] - comment("TC039 - Validate user able to search for the currency"): TC039 - Validate user able to search for the currency

2024-02-26 11:56:03 - [MESSAGE][INFO] - TC039 - Validate user able to search for the currency

2024-02-26 11:56:03 - [TEST_STEP][PASSED] - utilities.Market_Order.MarketOrder_FromDropdown("US Dol", "USD - US Dollar"): utilities.Market_Order.MarketOrder_FromDropdown is PASSED

2024-02-26 11:56:04 - [MESSAGE][PASSED] - Tapped on element 'Object Repository/SOW2-Market Order/Convert_Dropdown/android.widget.TextView - Convert_Dropdown'

2024-02-26 11:56:04 - [MESSAGE][PASSED] - Element 'Object Repository/SOW2-Market Order/Convert_Dropdown/android.view.View - Select Currency' is present

2024-02-26 11:56:05 - [MESSAGE][PASSED] - Tapped on element 'Object Repository/SOW2-Market Order/Convert_Dropdown/android.widget.EditText_Select_Currency'

2024-02-26 11:56:06 - [MESSAGE][PASSED] - Text 'US Dol' has been set to element 'Object Repository/SOW2-Market Order/Convert_Dropdown/android.widget.EditText_Select_Currency'

2024-02-26 11:56:06 - [MESSAGE][PASSED] - Keyboard is hidden

2024-02-26 11:56:07 - [MESSAGE][PASSED] - Element 'Object Repository/Global Account Page/dynamicText' is exist

2024-02-26 11:56:07 - [MESSAGE][PASSED] - Tapped on element 'Object Repository/Global Account Page/dynamicText'

2024-02-26 11:56:07 - [MESSAGE][PASSED] - utilities.Market_Order.MarketOrder_FromDropdown is PASSED

2024-02-26 11:56:07 - [TEST_STEP][PASSED] - delay(10): Delayed 10 second(s)

2024-02-26 11:56:17 - [MESSAGE][PASSED] - Delayed 10 second(s)

2024-02-26 11:56:17 - [TEST_STEP][PASSED] - tap(findTestObject("SOW2-Market Order/android.widget.TextView _EditText"), 0, CONTINUE_ON_FAILURE): Tapped on element 'Object Repository/SOW2-Market Order/android.widget.TextView _EditText'

2024-02-26 11:56:17 - [MESSAGE][WARNING] - Timeout '0' is invalid. Using default page load timeout: '30'

2024-02-26 11:56:18 - [MESSAGE][PASSED] - Tapped on element 'Object Repository/SOW2-Market Order/android.widget.TextView _EditText'

2024-02-26 11:56:18 - [TEST_STEP][PASSED] - digits = "1000": null

2024-02-26 11:56:18 - [TEST_STEP][PASSED] - Currency_Calculator.Currency_Numpad(digits): Tapped on element 'Object Repository/Calc_Pad/android.widget.Image'

2024-02-26 11:56:18 - [MESSAGE][PASSED] - Tapped on element 'Object Repository/Calc_Pad/android.widget.TextView - 1'

2024-02-26 11:56:19 - [MESSAGE][PASSED] - Tapped on element 'Object Repository/Calc_Pad/android.widget.TextView - 0'

2024-02-26 11:56:19 - [MESSAGE][PASSED] - Tapped on element 'Object Repository/Calc_Pad/android.widget.TextView - 0'

2024-02-26 11:56:20 - [MESSAGE][PASSED] - Tapped on element 'Object Repository/Calc_Pad/android.widget.TextView - 0'

2024-02-26 11:56:21 - [MESSAGE][PASSED] - Tapped on element 'Object Repository/Calc_Pad/android.widget.Image'

2024-02-26 11:56:21 - [TEST_STEP][PASSED] - utilities.Mobile_Keywords.sow2market_orderdropdown("MYR", "MYR - Malaysian Ringgit"): utilities.Mobile_Keywords.sow2market_orderdropdown is PASSED

2024-02-26 11:56:21 - [MESSAGE][WARNING] - Timeout '0' is invalid. Using default page load timeout: '30'

2024-02-26 11:56:22 - [MESSAGE][PASSED] - Tapped on element 'Object Repository/SOW2-Market Order/Select_Currency Dropdown'

2024-02-26 11:56:22 - [MESSAGE][PASSED] - Element 'Object Repository/SOW2-Market Order/android.view.View - Select Currency' is present

2024-02-26 11:56:23 - [MESSAGE][PASSED] - Element 'Object Repository/SOW2-Market Order/android.view.View - Select Currency' is exist

2024-02-26 11:56:23 - [MESSAGE][PASSED] - Tapped on element 'Object Repository/SOW2-Market Order/android.widget.EditText_SearchCurrency'

2024-02-26 11:56:24 - [MESSAGE][PASSED] - Text 'MYR' has been set to element 'Object Repository/SOW2-Market Order/android.widget.EditText_SearchCurrency'

2024-02-26 11:56:24 - [MESSAGE][PASSED] - Keyboard is hidden

2024-02-26 11:56:25 - [MESSAGE][PASSED] - Element 'Object Repository/Global Account Page/dynamicText' is exist

2024-02-26 11:56:25 - [MESSAGE][PASSED] - Tapped on element 'Object Repository/Global Account Page/dynamicText'

2024-02-26 11:56:25 - [MESSAGE][PASSED] - utilities.Mobile_Keywords.sow2market_orderdropdown is PASSED

2024-02-26 11:56:25 - [TEST_STEP][PASSED] - verifyElementExist(findTestObject("Global Account Page/dynamicText", ["text":"Exchange rate"]), 5, CONTINUE_ON_FAILURE): Element 'Object Repository/Global Account Page/dynamicText' is exist

2024-02-26 11:56:26 - [MESSAGE][PASSED] - Element 'Object Repository/Global Account Page/dynamicText' is exist

2024-02-26 11:56:26 - [TEST_STEP][PASSED] - currency_TextMsg = getText(findTestObject("General/android.widget.TextView _Conversion"), 5, CONTINUE_ON_FAILURE): Text of element 'Object Repository/General/android.widget.TextView _Conversion' is: 'USD 1 = MYR 4.7635'

2024-02-26 11:56:26 - [MESSAGE][PASSED] - Text of element 'Object Repository/General/android.widget.TextView _Conversion' is: 'USD 1 = MYR 4.7635'

2024-02-26 11:56:26 - [TEST_STEP][PASSED] - roundedNumber = Validation.convertMYRtoUSD(currency_TextMsg): null

2024-02-26 11:56:26 - [TEST_STEP][PASSED] - verifyElementExist(findTestObject("Global Account Page/dynamicText", ["text":"Conversion fee"]), 5, CONTINUE_ON_FAILURE): Element 'Object Repository/Global Account Page/dynamicText' is exist

2024-02-26 11:56:26 - [MESSAGE][PASSED] - Element 'Object Repository/Global Account Page/dynamicText' is exist

2024-02-26 11:56:26 - [TEST_STEP][PASSED] - Conversion_Fee = getText(findTestObject("SOW2-Market Order/ConversionFee_Text"), 5, CONTINUE_ON_FAILURE): Text of element 'Object Repository/SOW2-Market Order/ConversionFee_Text' is: 'USD 0.00'

2024-02-26 11:56:26 - [MESSAGE][PASSED] - Text of element 'Object Repository/SOW2-Market Order/ConversionFee_Text' is: 'USD 0.00'

2024-02-26 11:56:26 - [TEST_STEP][PASSED] - verifyElementExist(findTestObject("General/android.widget.EditText _AmountReceived", ["text":roundedNumber]), 5, CONTINUE_ON_FAILURE): Element 'Object Repository/General/android.widget.EditText _AmountReceived' is exist

2024-02-26 11:56:26 - [MESSAGE][PASSED] - Element 'Object Repository/General/android.widget.EditText _AmountReceived' is exist

2024-02-26 11:56:26 - [TEST_STEP][PASSED] - takeScreenshot(): Screenshot is taken

2024-02-26 11:56:27 - [MESSAGE][PASSED] - Screenshot is taken
[[ATTACHMENT|/Users/00145409nuralianatasha/Desktop/automation_Retail_FX(public_git)/Reports/20240226_114707/SOW2/Entry Point - Quick Action (1)/20240226_114707/1708919786694.png]]

2024-02-26 11:56:27 - [TEST_STEP][PASSED] - tap(findTestObject("SOW2-Market Order/android.widget.Dynamic_Button", ["text":"Next"]), 0, CONTINUE_ON_FAILURE): Tapped on element 'Object Repository/SOW2-Market Order/android.widget.Dynamic_Button'

2024-02-26 11:56:27 - [MESSAGE][WARNING] - Timeout '0' is invalid. Using default page load timeout: '30'

2024-02-26 11:56:27 - [MESSAGE][PASSED] - Tapped on element 'Object Repository/SOW2-Market Order/android.widget.Dynamic_Button'

2024-02-26 11:56:27 - [TEST_STEP][PASSED] - waitForElementPresent(findTestObject("Global Account Page/dynamicText", ["text":"Step 2 of 2"]), 5, CONTINUE_ON_FAILURE): Element 'Object Repository/Global Account Page/dynamicText' is present

2024-02-26 11:56:27 - [MESSAGE][PASSED] - Element 'Object Repository/Global Account Page/dynamicText' is present

2024-02-26 11:56:27 - [TEST_STEP][PASSED] - verifyElementExist(findTestObject("Global Account Page/dynamicText", ["text":"Step 2 of 2"]), 5, CONTINUE_ON_FAILURE): Element 'Object Repository/Global Account Page/dynamicText' is exist

2024-02-26 11:56:28 - [MESSAGE][PASSED] - Element 'Object Repository/Global Account Page/dynamicText' is exist

2024-02-26 11:56:28 - [TEST_STEP][PASSED] - verifyElementExist(findTestObject("Global Account Page/dynamicText", ["text":"USD/MYR"]), 5, CONTINUE_ON_FAILURE): Element 'Object Repository/Global Account Page/dynamicText' is exist

2024-02-26 11:56:28 - [MESSAGE][PASSED] - Element 'Object Repository/Global Account Page/dynamicText' is exist

2024-02-26 11:56:28 - [TEST_STEP][PASSED] - utilities.Mobile_Keywords.scrollFromTopToBottom(): utilities.Mobile_Keywords.scrollFromTopToBottom is PASSED

2024-02-26 11:56:28 - [MESSAGE][PASSED] - Current device physical height is 2138

2024-02-26 11:56:29 - [MESSAGE][PASSED] - Current device physical width is 1080

2024-02-26 11:56:30 - [MESSAGE][PASSED] - Swiped from 540,1,496 to 540,641

2024-02-26 11:56:35 - [MESSAGE][PASSED] - Delayed 5 second(s)

2024-02-26 11:56:35 - [MESSAGE][PASSED] - utilities.Mobile_Keywords.scrollFromTopToBottom is PASSED

2024-02-26 11:56:35 - [TEST_STEP][PASSED] - takeScreenshot(): Screenshot is taken

2024-02-26 11:56:35 - [MESSAGE][PASSED] - Screenshot is taken
[[ATTACHMENT|/Users/00145409nuralianatasha/Desktop/automation_Retail_FX(public_git)/Reports/20240226_114707/SOW2/Entry Point - Quick Action (1)/20240226_114707/1708919795299.png]]

2024-02-26 11:56:35 - [TEST_STEP][PASSED] - tap(findTestObject("SOW2-Market Order/android.widget.Dynamic_Button", ["text":"Get Quote"]), 0, CONTINUE_ON_FAILURE): Tapped on element 'Object Repository/SOW2-Market Order/android.widget.Dynamic_Button'

2024-02-26 11:56:35 - [MESSAGE][WARNING] - Timeout '0' is invalid. Using default page load timeout: '30'

2024-02-26 11:56:36 - [MESSAGE][PASSED] - Tapped on element 'Object Repository/SOW2-Market Order/android.widget.Dynamic_Button'

2024-02-26 11:56:36 - [TEST_STEP][PASSED] - waitForElementPresent(findTestObject("Global Account Page/dynamicText", ["text":"Confirmation"]), 5, CONTINUE_ON_FAILURE): Element 'Object Repository/Global Account Page/dynamicText' is present

2024-02-26 11:56:37 - [MESSAGE][PASSED] - Element 'Object Repository/Global Account Page/dynamicText' is present

2024-02-26 11:56:37 - [TEST_STEP][PASSED] - comment("Confirmation Page"): Confirmation Page

2024-02-26 11:56:37 - [MESSAGE][INFO] - Confirmation Page

2024-02-26 11:56:37 - [TEST_STEP][PASSED] - currency_TextMsg2 = getText(findTestObject("General/android.widget.TextView _Conversion"), 5, CONTINUE_ON_FAILURE): Text of element 'Object Repository/General/android.widget.TextView _Conversion' is: 'USD 1 = MYR 4.7635'

2024-02-26 11:56:39 - [MESSAGE][PASSED] - Text of element 'Object Repository/General/android.widget.TextView _Conversion' is: 'USD 1 = MYR 4.7635'

2024-02-26 11:56:39 - [TEST_STEP][PASSED] - roundedNumber2 = Validation.convertMYRtoUSD(currency_TextMsg2): null

2024-02-26 11:56:39 - [TEST_STEP][PASSED] - verifyElementExist(findTestObject("Global Account Page/dynamicText", ["text":"Amount to receive"]), 5, CONTINUE_ON_FAILURE): Element 'Object Repository/Global Account Page/dynamicText' is exist

2024-02-26 11:56:39 - [MESSAGE][PASSED] - Element 'Object Repository/Global Account Page/dynamicText' is exist

2024-02-26 11:56:39 - [TEST_STEP][FAILED] - verifyElementExist(findTestObject("Global Account Page/dynamicText", ["text":"MYR " + roundedNumber2]), 5, CONTINUE_ON_FAILURE): Element 'Object Repository/Global Account Page/dynamicText' not found

2024-02-26 11:56:44 - [MESSAGE][FAILED] - Element 'Object Repository/Global Account Page/dynamicText' not found

2024-02-26 11:56:44 - [TEST_STEP][PASSED] - takeScreenshot(CONTINUE_ON_FAILURE): Screenshot is taken

2024-02-26 11:56:44 - [MESSAGE][PASSED] - Screenshot is taken
[[ATTACHMENT|/Users/00145409nuralianatasha/Desktop/automation_Retail_FX(public_git)/Reports/20240226_114707/SOW2/Entry Point - Quick Action (1)/20240226_114707/1708919804327.png]]

2024-02-26 11:56:44 - [TEST_STEP][PASSED] - tap(findTestObject("SOW2-Market Order/android.view.View - I have read and agree to the BNM Foreign Exchange Rules, I accept the declaration as well as the Terms  Conditions for this transfer"), 0, CONTINUE_ON_FAILURE): Tapped on element 'Object Repository/SOW2-Market Order/android.view.View - I have read and agree to the BNM Foreign Exchange Rules, I accept the declaration as well as the Terms  Conditions for this transfer'

2024-02-26 11:56:44 - [MESSAGE][WARNING] - Timeout '0' is invalid. Using default page load timeout: '30'

2024-02-26 11:56:46 - [MESSAGE][PASSED] - Tapped on element 'Object Repository/SOW2-Market Order/android.view.View - I have read and agree to the BNM Foreign Exchange Rules, I accept the declaration as well as the Terms  Conditions for this transfer'

2024-02-26 11:56:46 - [TEST_STEP][PASSED] - utilities.Mobile_Keywords.scrollFromTopToBottom(): utilities.Mobile_Keywords.scrollFromTopToBottom is PASSED

2024-02-26 11:56:46 - [MESSAGE][PASSED] - Current device physical height is 2138

2024-02-26 11:56:46 - [MESSAGE][PASSED] - Current device physical width is 1080

2024-02-26 11:56:47 - [MESSAGE][PASSED] - Swiped from 540,1,496 to 540,641

2024-02-26 11:56:52 - [MESSAGE][PASSED] - Delayed 5 second(s)

2024-02-26 11:56:52 - [MESSAGE][PASSED] - utilities.Mobile_Keywords.scrollFromTopToBottom is PASSED

2024-02-26 11:56:52 - [TEST_STEP][PASSED] - tap(findTestObject("SOW2-Market Order/android.widget.Dynamic_Button", ["text":"Confirm"]), 0, CONTINUE_ON_FAILURE): Tapped on element 'Object Repository/SOW2-Market Order/android.widget.Dynamic_Button'

2024-02-26 11:56:52 - [MESSAGE][WARNING] - Timeout '0' is invalid. Using default page load timeout: '30'

2024-02-26 11:56:53 - [MESSAGE][PASSED] - Tapped on element 'Object Repository/SOW2-Market Order/android.widget.Dynamic_Button'

2024-02-26 11:56:53 - [TEST_STEP][PASSED] - waitForElementPresent(findTestObject("Global Account Page/dynamicText", ["text":"Transaction Successful"]), 5, CONTINUE_ON_FAILURE): Element 'Object Repository/Global Account Page/dynamicText' is present

2024-02-26 11:56:58 - [MESSAGE][PASSED] - Element 'Object Repository/Global Account Page/dynamicText' is present

2024-02-26 11:56:58 - [TEST_STEP][PASSED] - verifyElementExist(findTestObject("Global Account Page/dynamicText", ["text":"Transaction Successful"]), 5, CONTINUE_ON_FAILURE): Element 'Object Repository/Global Account Page/dynamicText' is exist

2024-02-26 11:56:58 - [MESSAGE][PASSED] - Element 'Object Repository/Global Account Page/dynamicText' is exist

2024-02-26 11:56:58 - [TEST_STEP][PASSED] - verifyElementExist(findTestObject("Global Account Page/dynamicText", ["text":"Reference ID"]), 0, CONTINUE_ON_FAILURE): Element 'Object Repository/Global Account Page/dynamicText' is exist

2024-02-26 11:56:58 - [MESSAGE][WARNING] - Timeout '0' is invalid. Using default page load timeout: '30'

2024-02-26 11:56:59 - [MESSAGE][PASSED] - Element 'Object Repository/Global Account Page/dynamicText' is exist

2024-02-26 11:56:59 - [TEST_STEP][PASSED] - reference_id = getText(findTestObject("Market Order Page/android.widget.TextView - Reference ID"), 5, CONTINUE_ON_FAILURE): Text of element 'Object Repository/Market Order Page/android.widget.TextView - Reference ID' is: '004136360M'

2024-02-26 11:56:59 - [MESSAGE][PASSED] - Text of element 'Object Repository/Market Order Page/android.widget.TextView - Reference ID' is: '004136360M'

2024-02-26 11:56:59 - [TEST_STEP][FAILED] - verifyElementExist(findTestObject("Global Account Page/dynamicText", ["text":"MYR " + roundedNumber2]), 5, CONTINUE_ON_FAILURE): Element 'Object Repository/Global Account Page/dynamicText' not found

2024-02-26 11:57:04 - [MESSAGE][FAILED] - Element 'Object Repository/Global Account Page/dynamicText' not found

2024-02-26 11:57:04 - [TEST_STEP][PASSED] - verifyElementExist(findTestObject("Global Account Page/dynamicText", ["text":"Done"]), 5, CONTINUE_ON_FAILURE): Element 'Object Repository/Global Account Page/dynamicText' is exist

2024-02-26 11:57:04 - [MESSAGE][PASSED] - Element 'Object Repository/Global Account Page/dynamicText' is exist

2024-02-26 11:57:04 - [TEST_STEP][PASSED] - takeScreenshot(CONTINUE_ON_FAILURE): Screenshot is taken

2024-02-26 11:57:04 - [MESSAGE][PASSED] - Screenshot is taken
[[ATTACHMENT|/Users/00145409nuralianatasha/Desktop/automation_Retail_FX(public_git)/Reports/20240226_114707/SOW2/Entry Point - Quick Action (1)/20240226_114707/1708919824224.png]]

2024-02-26 11:57:04 - [TEST_STEP][PASSED] - tap(findTestObject("Global Account Page/dynamicText", ["text":"Share Receipt"]), 0, CONTINUE_ON_FAILURE): Tapped on element 'Object Repository/Global Account Page/dynamicText'

2024-02-26 11:57:04 - [MESSAGE][WARNING] - Timeout '0' is invalid. Using default page load timeout: '30'

2024-02-26 11:57:04 - [MESSAGE][PASSED] - Tapped on element 'Object Repository/Global Account Page/dynamicText'

2024-02-26 11:57:04 - [TEST_STEP][PASSED] - delay(10): Delayed 10 second(s)

2024-02-26 11:57:14 - [MESSAGE][PASSED] - Delayed 10 second(s)

2024-02-26 11:57:14 - [TEST_STEP][PASSED] - waitForElementPresent(findTestObject("Global Account Page/dynamicText", ["text":"Currency Exchange"]), 5, CONTINUE_ON_FAILURE): Element 'Object Repository/Global Account Page/dynamicText' is present

2024-02-26 11:57:14 - [MESSAGE][PASSED] - Element 'Object Repository/Global Account Page/dynamicText' is present

2024-02-26 11:57:14 - [TEST_STEP][PASSED] - verifyElementExist(findTestObject("Global Account Page/dynamicText", ["text":"Completed"]), 5, CONTINUE_ON_FAILURE): Element 'Object Repository/Global Account Page/dynamicText' is exist

2024-02-26 11:57:15 - [MESSAGE][PASSED] - Element 'Object Repository/Global Account Page/dynamicText' is exist

2024-02-26 11:57:15 - [TEST_STEP][PASSED] - takeScreenshot(): Screenshot is taken

2024-02-26 11:57:15 - [MESSAGE][PASSED] - Screenshot is taken
[[ATTACHMENT|/Users/00145409nuralianatasha/Desktop/automation_Retail_FX(public_git)/Reports/20240226_114707/SOW2/Entry Point - Quick Action (1)/20240226_114707/1708919835039.png]]

2024-02-26 11:57:15 - [TEST_STEP][PASSED] - verifyElementExist(findTestObject("Global Account Page/dynamicText", ["text":"From account"]), 5, CONTINUE_ON_FAILURE): Element 'Object Repository/Global Account Page/dynamicText' is exist

2024-02-26 11:57:15 - [MESSAGE][PASSED] - Element 'Object Repository/Global Account Page/dynamicText' is exist

2024-02-26 11:57:15 - [TEST_STEP][FAILED] - verifyElementExist(findTestObject("Global Account Page/dynamicText", ["text":"Global Access Account-i (USD)

9000 0002 1160"]), 5, CONTINUE_ON_FAILURE): Element 'Object Repository/Global Account Page/dynamicText' not found

2024-02-26 11:57:20 - [MESSAGE][FAILED] - Element 'Object Repository/Global Account Page/dynamicText' not found

2024-02-26 11:57:20 - [TEST_STEP][PASSED] - verifyElementExist(findTestObject("Global Account Page/dynamicText", ["text":"To account"]), 5, CONTINUE_ON_FAILURE): Element 'Object Repository/Global Account Page/dynamicText' is exist

2024-02-26 11:57:20 - [MESSAGE][PASSED] - Element 'Object Repository/Global Account Page/dynamicText' is exist

2024-02-26 11:57:20 - [TEST_STEP][FAILED] - verifyElementExist(findTestObject("Global Account Page/dynamicText", ["text":"Global Access Account-i (MYR)

9000 0002 1160"]), 5, CONTINUE_ON_FAILURE): Element 'Object Repository/Global Account Page/dynamicText' not found

2024-02-26 11:57:25 - [MESSAGE][FAILED] - Element 'Object Repository/Global Account Page/dynamicText' not found

2024-02-26 11:57:25 - [TEST_STEP][PASSED] - utilities.Mobile_Keywords.scrollFromTopToBottom(): utilities.Mobile_Keywords.scrollFromTopToBottom is PASSED

2024-02-26 11:57:26 - [MESSAGE][PASSED] - Current device physical height is 2138

2024-02-26 11:57:26 - [MESSAGE][PASSED] - Current device physical width is 1080

2024-02-26 11:57:27 - [MESSAGE][PASSED] - Swiped from 540,1,496 to 540,641

2024-02-26 11:57:32 - [MESSAGE][PASSED] - Delayed 5 second(s)

2024-02-26 11:57:32 - [MESSAGE][PASSED] - utilities.Mobile_Keywords.scrollFromTopToBottom is PASSED

2024-02-26 11:57:32 - [TEST_STEP][PASSED] - verifyElementExist(findTestObject("Global Account Page/dynamicText", ["text":Conversion_Fee]), 5, CONTINUE_ON_FAILURE): Element 'Object Repository/Global Account Page/dynamicText' is exist

2024-02-26 11:57:32 - [MESSAGE][PASSED] - Element 'Object Repository/Global Account Page/dynamicText' is exist

2024-02-26 11:57:32 - [TEST_STEP][FAILED] - verifyElementExist(findTestObject("Global Account Page/dynamicText", ["text":"MYR " + roundedNumber2]), 5, CONTINUE_ON_FAILURE): Element 'Object Repository/Global Account Page/dynamicText' not found

2024-02-26 11:57:37 - [MESSAGE][FAILED] - Element 'Object Repository/Global Account Page/dynamicText' not found

2024-02-26 11:57:37 - [TEST_STEP][PASSED] - takeScreenshot(): Screenshot is taken

2024-02-26 11:57:38 - [MESSAGE][PASSED] - Screenshot is taken
[[ATTACHMENT|/Users/00145409nuralianatasha/Desktop/automation_Retail_FX(public_git)/Reports/20240226_114707/SOW2/Entry Point - Quick Action (1)/20240226_114707/1708919857778.png]]

2024-02-26 11:57:38 - [TEST_STEP][PASSED] - tap(findTestObject("Market Order Page/android.widget.ImageViewBack_Button"), 0, CONTINUE_ON_FAILURE): Tapped on element 'Object Repository/Market Order Page/android.widget.ImageViewBack_Button'

2024-02-26 11:57:38 - [MESSAGE][WARNING] - Timeout '0' is invalid. Using default page load timeout: '30'

2024-02-26 11:57:38 - [MESSAGE][PASSED] - Tapped on element 'Object Repository/Market Order Page/android.widget.ImageViewBack_Button'

2024-02-26 11:57:38 - [TEST_STEP][PASSED] - waitForElementPresent(findTestObject("Global Account Page/dynamicText", ["text":"Transaction Successful"]), 0, CONTINUE_ON_FAILURE): Element 'Object Repository/Global Account Page/dynamicText' is present

2024-02-26 11:57:38 - [MESSAGE][WARNING] - Timeout '0' is invalid. Using default page load timeout: '30'

2024-02-26 11:57:39 - [MESSAGE][PASSED] - Element 'Object Repository/Global Account Page/dynamicText' is present

2024-02-26 11:57:39 - [TEST_STEP][PASSED] - verifyElementExist(findTestObject("Global Account Page/dynamicText", ["text":"Transaction Successful"]), 0, CONTINUE_ON_FAILURE): Element 'Object Repository/Global Account Page/dynamicText' is exist

2024-02-26 11:57:39 - [MESSAGE][WARNING] - Timeout '0' is invalid. Using default page load timeout: '30'

2024-02-26 11:57:39 - [MESSAGE][PASSED] - Element 'Object Repository/Global Account Page/dynamicText' is exist

2024-02-26 11:57:39 - [TEST_STEP][PASSED] - takeScreenshot(): Screenshot is taken

2024-02-26 11:57:39 - [MESSAGE][PASSED] - Screenshot is taken
[[ATTACHMENT|/Users/00145409nuralianatasha/Desktop/automation_Retail_FX(public_git)/Reports/20240226_114707/SOW2/Entry Point - Quick Action (1)/20240226_114707/1708919859369.png]]

2024-02-26 11:57:39 - [TEST_STEP][PASSED] - tap(findTestObject("Global Account Page/dynamicText", ["text":"Done"]), 0, CONTINUE_ON_FAILURE): Tapped on element 'Object Repository/Global Account Page/dynamicText'

2024-02-26 11:57:39 - [MESSAGE][WARNING] - Timeout '0' is invalid. Using default page load timeout: '30'

2024-02-26 11:57:40 - [MESSAGE][PASSED] - Tapped on element 'Object Repository/Global Account Page/dynamicText']]></system-out>
         <system-err><![CDATA[2024-02-26 11:55:27 - [TEST_CASE][FAILED] - Test Cases/RETAILFX-SOW2 Market Order/Entry Point - Quick Action/SOW2 - Covert from USD to MYR: Test Cases/RETAILFX-SOW2 Market Order/Entry Point - Quick Action/SOW2 - Covert from USD to MYR FAILED.
Reason:
com.kms.katalon.core.exception.StepFailedException: Element 'Object Repository/Global Account Page/dynamicText' not found
	at com.kms.katalon.core.keyword.internal.KeywordMain.stepFailed(KeywordMain.groovy:39)
	at com.kms.katalon.core.mobile.keyword.internal.MobileKeywordMain.stepFailed(MobileKeywordMain.groovy:40)
	at com.kms.katalon.core.mobile.keyword.builtin.VerifyElementExistKeyword$_verifyElementExist_closure1.doCall(VerifyElementExistKeyword.groovy:77)
	at com.kms.katalon.core.mobile.keyword.builtin.VerifyElementExistKeyword$_verifyElementExist_closure1.call(VerifyElementExistKeyword.groovy)
	at com.kms.katalon.core.mobile.keyword.internal.MobileKeywordMain.runKeyword(MobileKeywordMain.groovy:21)
	at com.kms.katalon.core.mobile.keyword.builtin.VerifyElementExistKeyword.verifyElementExist(VerifyElementExistKeyword.groovy:80)
	at com.kms.katalon.core.mobile.keyword.builtin.VerifyElementExistKeyword.execute(VerifyElementExistKeyword.groovy:64)
	at com.kms.katalon.core.keyword.internal.KeywordExecutor.executeKeywordForPlatform(KeywordExecutor.groovy:74)
	at com.kms.katalon.core.mobile.keyword.MobileBuiltInKeywords.verifyElementExist(MobileBuiltInKeywords.groovy:1739)
	at com.kms.katalon.core.mobile.keyword.MobileBuiltInKeywords$verifyElementExist$4.call(Unknown Source)
	at SOW2 - Covert from USD to MYR.run(SOW2 - Covert from USD to MYR:115)
	at com.kms.katalon.core.main.ScriptEngine.run(ScriptEngine.java:194)
	at com.kms.katalon.core.main.ScriptEngine.runScriptAsRawText(ScriptEngine.java:119)
	at com.kms.katalon.core.main.TestCaseExecutor.runScript(TestCaseExecutor.java:448)
	at com.kms.katalon.core.main.TestCaseExecutor.doExecute(TestCaseExecutor.java:439)
	at com.kms.katalon.core.main.TestCaseExecutor.processExecutionPhase(TestCaseExecutor.java:418)
	at com.kms.katalon.core.main.TestCaseExecutor.accessMainPhase(TestCaseExecutor.java:410)
	at com.kms.katalon.core.main.TestCaseExecutor.execute(TestCaseExecutor.java:285)
	at com.kms.katalon.core.common.CommonExecutor.accessTestCaseMainPhase(CommonExecutor.java:65)
	at com.kms.katalon.core.main.TestSuiteExecutor.accessTestSuiteMainPhase(TestSuiteExecutor.java:148)
	at com.kms.katalon.core.main.TestSuiteExecutor.execute(TestSuiteExecutor.java:106)
	at com.kms.katalon.core.main.TestCaseMain.startTestSuite(TestCaseMain.java:187)
	at com.kms.katalon.core.main.TestCaseMain$startTestSuite$0.call(Unknown Source)
	at TempTestSuite1708919227400.run(TempTestSuite1708919227400.groovy:36)]]></system-err>
      </testcase>
      <system-out><![CDATA[2024-02-26 11:47:10 - [TEST_SUITE][FAILED] - Entry Point - Quick Action (1): Test Cases/RETAILFX-SOW2 Market Order/Entry Point - Quick Action/SOW2 - G1A Account to G1A Account FAILED.
Reason:
com.kms.katalon.core.exception.StepFailedException: Element 'Object Repository/Global Account Page/dynamicText' not found
	at com.kms.katalon.core.keyword.internal.KeywordMain.stepFailed(KeywordMain.groovy:39)
	at com.kms.katalon.core.mobile.keyword.internal.MobileKeywordMain.stepFailed(MobileKeywordMain.groovy:40)
	at com.kms.katalon.core.mobile.keyword.builtin.VerifyElementExistKeyword$_verifyElementExist_closure1.doCall(VerifyElementExistKeyword.groovy:77)
	at com.kms.katalon.core.mobile.keyword.builtin.VerifyElementExistKeyword$_verifyElementExist_closure1.call(VerifyElementExistKeyword.groovy)
	at com.kms.katalon.core.mobile.keyword.internal.MobileKeywordMain.runKeyword(MobileKeywordMain.groovy:21)
	at com.kms.katalon.core.mobile.keyword.builtin.VerifyElementExistKeyword.verifyElementExist(VerifyElementExistKeyword.groovy:80)
	at com.kms.katalon.core.mobile.keyword.builtin.VerifyElementExistKeyword.execute(VerifyElementExistKeyword.groovy:64)
	at com.kms.katalon.core.keyword.internal.KeywordExecutor.executeKeywordForPlatform(KeywordExecutor.groovy:74)
	at com.kms.katalon.core.mobile.keyword.MobileBuiltInKeywords.verifyElementExist(MobileBuiltInKeywords.groovy:1739)
	at com.kms.katalon.core.mobile.keyword.MobileBuiltInKeywords$verifyElementExist$4.call(Unknown Source)
	at SOW2 - G1A Account to G1A Account.run(SOW2 - G1A Account to G1A Account:158)
	at com.kms.katalon.core.main.ScriptEngine.run(ScriptEngine.java:194)
	at com.kms.katalon.core.main.ScriptEngine.runScriptAsRawText(ScriptEngine.java:119)
	at com.kms.katalon.core.main.TestCaseExecutor.runScript(TestCaseExecutor.java:448)
	at com.kms.katalon.core.main.TestCaseExecutor.doExecute(TestCaseExecutor.java:439)
	at com.kms.katalon.core.main.TestCaseExecutor.processExecutionPhase(TestCaseExecutor.java:418)
	at com.kms.katalon.core.main.TestCaseExecutor.accessMainPhase(TestCaseExecutor.java:410)
	at com.kms.katalon.core.main.TestCaseExecutor.execute(TestCaseExecutor.java:285)
	at com.kms.katalon.core.common.CommonExecutor.accessTestCaseMainPhase(CommonExecutor.java:65)
	at com.kms.katalon.core.main.TestSuiteExecutor.accessTestSuiteMainPhase(TestSuiteExecutor.java:148)
	at com.kms.katalon.core.main.TestSuiteExecutor.execute(TestSuiteExecutor.java:106)
	at com.kms.katalon.core.main.TestCaseMain.startTestSuite(TestCaseMain.java:187)
	at com.kms.katalon.core.main.TestCaseMain$startTestSuite$0.call(Unknown Source)
	at TempTestSuite1708919227400.run(TempTestSuite1708919227400.groovy:36)]]></system-out>
      <system-err><![CDATA[2024-02-26 11:47:10 - [TEST_SUITE][FAILED] - Entry Point - Quick Action (1): Test Cases/RETAILFX-SOW2 Market Order/Entry Point - Quick Action/SOW2 - G1A Account to G1A Account FAILED.
Reason:
com.kms.katalon.core.exception.StepFailedException: Element 'Object Repository/Global Account Page/dynamicText' not found
	at com.kms.katalon.core.keyword.internal.KeywordMain.stepFailed(KeywordMain.groovy:39)
	at com.kms.katalon.core.mobile.keyword.internal.MobileKeywordMain.stepFailed(MobileKeywordMain.groovy:40)
	at com.kms.katalon.core.mobile.keyword.builtin.VerifyElementExistKeyword$_verifyElementExist_closure1.doCall(VerifyElementExistKeyword.groovy:77)
	at com.kms.katalon.core.mobile.keyword.builtin.VerifyElementExistKeyword$_verifyElementExist_closure1.call(VerifyElementExistKeyword.groovy)
	at com.kms.katalon.core.mobile.keyword.internal.MobileKeywordMain.runKeyword(MobileKeywordMain.groovy:21)
	at com.kms.katalon.core.mobile.keyword.builtin.VerifyElementExistKeyword.verifyElementExist(VerifyElementExistKeyword.groovy:80)
	at com.kms.katalon.core.mobile.keyword.builtin.VerifyElementExistKeyword.execute(VerifyElementExistKeyword.groovy:64)
	at com.kms.katalon.core.keyword.internal.KeywordExecutor.executeKeywordForPlatform(KeywordExecutor.groovy:74)
	at com.kms.katalon.core.mobile.keyword.MobileBuiltInKeywords.verifyElementExist(MobileBuiltInKeywords.groovy:1739)
	at com.kms.katalon.core.mobile.keyword.MobileBuiltInKeywords$verifyElementExist$4.call(Unknown Source)
	at SOW2 - G1A Account to G1A Account.run(SOW2 - G1A Account to G1A Account:158)
	at com.kms.katalon.core.main.ScriptEngine.run(ScriptEngine.java:194)
	at com.kms.katalon.core.main.ScriptEngine.runScriptAsRawText(ScriptEngine.java:119)
	at com.kms.katalon.core.main.TestCaseExecutor.runScript(TestCaseExecutor.java:448)
	at com.kms.katalon.core.main.TestCaseExecutor.doExecute(TestCaseExecutor.java:439)
	at com.kms.katalon.core.main.TestCaseExecutor.processExecutionPhase(TestCaseExecutor.java:418)
	at com.kms.katalon.core.main.TestCaseExecutor.accessMainPhase(TestCaseExecutor.java:410)
	at com.kms.katalon.core.main.TestCaseExecutor.execute(TestCaseExecutor.java:285)
	at com.kms.katalon.core.common.CommonExecutor.accessTestCaseMainPhase(CommonExecutor.java:65)
	at com.kms.katalon.core.main.TestSuiteExecutor.accessTestSuiteMainPhase(TestSuiteExecutor.java:148)
	at com.kms.katalon.core.main.TestSuiteExecutor.execute(TestSuiteExecutor.java:106)
	at com.kms.katalon.core.main.TestCaseMain.startTestSuite(TestCaseMain.java:187)
	at com.kms.katalon.core.main.TestCaseMain$startTestSuite$0.call(Unknown Source)
	at TempTestSuite1708919227400.run(TempTestSuite1708919227400.groovy:36)]]></system-err>
   </testsuite>
</testsuites>
