<?xml version="1.0" encoding="UTF-8"?>
<testsuites name="Test on Different User" time="89.954" tests="1" failures="0" errors="1">
   <testsuite name="Test on Different User" tests="1" failures="0" errors="1" time="89.954" skipped="0" timestamp="2024-02-29 14:38:09" hostname="00145409nuralianatasha - 192.168.1.104" id="Test Suites/SOW2/Test on Different User">
      <properties>
         <property name="deviceName" value="Xiaomi M2007J3SY (Android 10)"/>
         <property name="devicePlatform" value=""/>
         <property name="logFolder" value="/Users/00145409nuralianatasha/Desktop/automation_Retail_FX(public_git)/Reports/20240229_143801/SOW2/Test on Different User/20240229_143801"/>
         <property name="logFiles" value="/Users/00145409nuralianatasha/Desktop/automation_Retail_FX(public_git)/Reports/20240229_143801/SOW2/Test on Different User/20240229_143801/execution0.log, /Users/00145409nuralianatasha/Desktop/automation_Retail_FX(public_git)/Reports/20240229_143801/SOW2/Test on Different User/20240229_143801/appium.log"/>
         <property name="attachments" value=""/>
         <property name="hostName" value="00145409nuralianatasha - 192.168.1.104"/>
         <property name="os" value="Mac OS X 64bit"/>
         <property name="appiumServerStatus" value="{&quot;value&quot;:{&quot;build&quot;:{&quot;version&quot;:&quot;1.22.3&quot;}},&quot;sessionId&quot;:null,&quot;status&quot;:0}"/>
         <property name="katalonVersion" value="8.6.0.208"/>
         <property name="deviceOS" value="Android"/>
         <property name="appiumVersion" value="1.22.3"/>
         <property name="deviceModel" value="M2007J3SY"/>
         <property name="hostAddress" value="192.168.1.104"/>
         <property name="deviceManufacturer" value="Xiaomi"/>
         <property name="deviceId" value="f5a0e2d9"/>
         <property name="deviceName" value="Xiaomi M2007J3SY (Android 10)"/>
         <property name="deviceOSVersion" value="10"/>
      </properties>
      <testcase name="Test Cases/RETAILFX-SOW2 Market Order/E2E - different User Covert from SGD to USD" time="89.509" classname="Test Cases/RETAILFX-SOW2 Market Order/E2E - different User Covert from SGD to USD" status="ERROR">
         <error type="ERROR" message="Test Cases/RETAILFX-SOW2 Market Order/E2E - different User Covert from SGD to USD FAILED.
Reason:
java.lang.NullPointerException: Cannot invoke method replace() on null object
	at utilities.General_Onboarding.Onboarding_Different_User(General_Onboarding.groovy:320)
	at utilities.General_Onboarding.invokeMethod(General_Onboarding.groovy)
	at com.kms.katalon.core.main.CustomKeywordDelegatingMetaClass.invokeStaticMethod(CustomKeywordDelegatingMetaClass.java:55)
	at E2E - different User Covert from SGD to USD.run(E2E - different User Covert from SGD to USD:27)
	at com.kms.katalon.core.main.ScriptEngine.run(ScriptEngine.java:194)
	at com.kms.katalon.core.main.ScriptEngine.runScriptAsRawText(ScriptEngine.java:119)
	at com.kms.katalon.core.main.TestCaseExecutor.runScript(TestCaseExecutor.java:448)
	at com.kms.katalon.core.main.TestCaseExecutor.doExecute(TestCaseExecutor.java:439)
	at com.kms.katalon.core.main.TestCaseExecutor.processExecutionPhase(TestCaseExecutor.java:418)
	at com.kms.katalon.core.main.TestCaseExecutor.accessMainPhase(TestCaseExecutor.java:410)
	at com.kms.katalon.core.main.TestCaseExecutor.execute(TestCaseExecutor.java:285)
	at com.kms.katalon.core.common.CommonExecutor.accessTestCaseMainPhase(CommonExecutor.java:65)
	at com.kms.katalon.core.main.TestSuiteExecutor.accessTestSuiteMainPhase(TestSuiteExecutor.java:148)
	at com.kms.katalon.core.main.TestSuiteExecutor.execute(TestSuiteExecutor.java:106)
	at com.kms.katalon.core.main.TestCaseMain.startTestSuite(TestCaseMain.java:187)
	at com.kms.katalon.core.main.TestCaseMain$startTestSuite$0.call(Unknown Source)
	at TempTestSuite1709188681542.run(TempTestSuite1709188681542.groovy:36)
"/>
         <system-out><![CDATA[2024-02-29 14:38:09 - [TEST_CASE][ERROR] - Test Cases/RETAILFX-SOW2 Market Order/E2E - different User Covert from SGD to USD: Test Cases/RETAILFX-SOW2 Market Order/E2E - different User Covert from SGD to USD FAILED.
Reason:
java.lang.NullPointerException: Cannot invoke method replace() on null object
	at utilities.General_Onboarding.Onboarding_Different_User(General_Onboarding.groovy:320)
	at utilities.General_Onboarding.invokeMethod(General_Onboarding.groovy)
	at com.kms.katalon.core.main.CustomKeywordDelegatingMetaClass.invokeStaticMethod(CustomKeywordDelegatingMetaClass.java:55)
	at E2E - different User Covert from SGD to USD.run(E2E - different User Covert from SGD to USD:27)
	at com.kms.katalon.core.main.ScriptEngine.run(ScriptEngine.java:194)
	at com.kms.katalon.core.main.ScriptEngine.runScriptAsRawText(ScriptEngine.java:119)
	at com.kms.katalon.core.main.TestCaseExecutor.runScript(TestCaseExecutor.java:448)
	at com.kms.katalon.core.main.TestCaseExecutor.doExecute(TestCaseExecutor.java:439)
	at com.kms.katalon.core.main.TestCaseExecutor.processExecutionPhase(TestCaseExecutor.java:418)
	at com.kms.katalon.core.main.TestCaseExecutor.accessMainPhase(TestCaseExecutor.java:410)
	at com.kms.katalon.core.main.TestCaseExecutor.execute(TestCaseExecutor.java:285)
	at com.kms.katalon.core.common.CommonExecutor.accessTestCaseMainPhase(CommonExecutor.java:65)
	at com.kms.katalon.core.main.TestSuiteExecutor.accessTestSuiteMainPhase(TestSuiteExecutor.java:148)
	at com.kms.katalon.core.main.TestSuiteExecutor.execute(TestSuiteExecutor.java:106)
	at com.kms.katalon.core.main.TestCaseMain.startTestSuite(TestCaseMain.java:187)
	at com.kms.katalon.core.main.TestCaseMain$startTestSuite$0.call(Unknown Source)
	at TempTestSuite1709188681542.run(TempTestSuite1709188681542.groovy:36)


2024-02-29 14:38:10 - [TEST_STEP][PASSED] - startExistingApplication("com.maybank2u.life.uat"): Starting app with application ID: 'com.maybank2u.life.uat'

2024-02-29 14:38:10 - [MESSAGE][INFO] - User set preference: ['appWaitActivity', '']

2024-02-29 14:38:10 - [MESSAGE][INFO] - User set preference: ['autoGrantPermission', 'true']

2024-02-29 14:38:10 - [MESSAGE][INFO] - User set preference: ['noReset', 'true']

2024-02-29 14:38:10 - [MESSAGE][INFO] - User set preference: ['deviceId', '']

2024-02-29 14:38:10 - [MESSAGE][INFO] - User set preference: ['newCommandTimeout', '10000']

2024-02-29 14:38:10 - [MESSAGE][INFO] - Detected NodeJS location: "/opt/homebrew/Cellar/node/20.2.0/bin/node"

2024-02-29 14:38:11 - [MESSAGE][INFO] - Appium server started on port 57,337

2024-02-29 14:38:27 - [MESSAGE][PASSED] - Starting app with application ID: 'com.maybank2u.life.uat'

2024-02-29 14:38:27 - [TEST_STEP][ERROR] - for ([row = 1, row <= findTestData("Different_User").getRowNumbers(), (row++)]): Test Cases/RETAILFX-SOW2 Market Order/E2E - different User Covert from SGD to USD FAILED.
Reason:
com.kms.katalon.core.exception.StepErrorException: java.lang.NullPointerException: Cannot invoke method replace() on null object
	at com.kms.katalon.core.main.CustomKeywordDelegatingMetaClass.throwError(CustomKeywordDelegatingMetaClass.java:101)
	at com.kms.katalon.core.main.CustomKeywordDelegatingMetaClass.invokeStaticMethod(CustomKeywordDelegatingMetaClass.java:73)
	at E2E - different User Covert from SGD to USD.run(E2E - different User Covert from SGD to USD:27)
	at com.kms.katalon.core.main.ScriptEngine.run(ScriptEngine.java:194)
	at com.kms.katalon.core.main.ScriptEngine.runScriptAsRawText(ScriptEngine.java:119)
	at com.kms.katalon.core.main.TestCaseExecutor.runScript(TestCaseExecutor.java:448)
	at com.kms.katalon.core.main.TestCaseExecutor.doExecute(TestCaseExecutor.java:439)
	at com.kms.katalon.core.main.TestCaseExecutor.processExecutionPhase(TestCaseExecutor.java:418)
	at com.kms.katalon.core.main.TestCaseExecutor.accessMainPhase(TestCaseExecutor.java:410)
	at com.kms.katalon.core.main.TestCaseExecutor.execute(TestCaseExecutor.java:285)
	at com.kms.katalon.core.common.CommonExecutor.accessTestCaseMainPhase(CommonExecutor.java:65)
	at com.kms.katalon.core.main.TestSuiteExecutor.accessTestSuiteMainPhase(TestSuiteExecutor.java:148)
	at com.kms.katalon.core.main.TestSuiteExecutor.execute(TestSuiteExecutor.java:106)
	at com.kms.katalon.core.main.TestCaseMain.startTestSuite(TestCaseMain.java:187)
	at com.kms.katalon.core.main.TestCaseMain$startTestSuite$0.call(Unknown Source)
	at TempTestSuite1709188681542.run(TempTestSuite1709188681542.groovy:36)
Caused by: java.lang.NullPointerException: Cannot invoke method replace() on null object
	at utilities.General_Onboarding.Onboarding_Different_User(General_Onboarding.groovy:320)
	at utilities.General_Onboarding.invokeMethod(General_Onboarding.groovy)
	at com.kms.katalon.core.main.CustomKeywordDelegatingMetaClass.invokeStaticMethod(CustomKeywordDelegatingMetaClass.java:55)
	... 14 more


2024-02-29 14:38:28 - [TEST_STEP][ERROR] - utilities.General_Onboarding.Onboarding_Different_User(row): Test Cases/RETAILFX-SOW2 Market Order/E2E - different User Covert from SGD to USD FAILED.
Reason:
com.kms.katalon.core.exception.StepErrorException: java.lang.NullPointerException: Cannot invoke method replace() on null object
	at com.kms.katalon.core.main.CustomKeywordDelegatingMetaClass.throwError(CustomKeywordDelegatingMetaClass.java:101)
	at com.kms.katalon.core.main.CustomKeywordDelegatingMetaClass.invokeStaticMethod(CustomKeywordDelegatingMetaClass.java:73)
	at E2E - different User Covert from SGD to USD.run(E2E - different User Covert from SGD to USD:27)
	at com.kms.katalon.core.main.ScriptEngine.run(ScriptEngine.java:194)
	at com.kms.katalon.core.main.ScriptEngine.runScriptAsRawText(ScriptEngine.java:119)
	at com.kms.katalon.core.main.TestCaseExecutor.runScript(TestCaseExecutor.java:448)
	at com.kms.katalon.core.main.TestCaseExecutor.doExecute(TestCaseExecutor.java:439)
	at com.kms.katalon.core.main.TestCaseExecutor.processExecutionPhase(TestCaseExecutor.java:418)
	at com.kms.katalon.core.main.TestCaseExecutor.accessMainPhase(TestCaseExecutor.java:410)
	at com.kms.katalon.core.main.TestCaseExecutor.execute(TestCaseExecutor.java:285)
	at com.kms.katalon.core.common.CommonExecutor.accessTestCaseMainPhase(CommonExecutor.java:65)
	at com.kms.katalon.core.main.TestSuiteExecutor.accessTestSuiteMainPhase(TestSuiteExecutor.java:148)
	at com.kms.katalon.core.main.TestSuiteExecutor.execute(TestSuiteExecutor.java:106)
	at com.kms.katalon.core.main.TestCaseMain.startTestSuite(TestCaseMain.java:187)
	at com.kms.katalon.core.main.TestCaseMain$startTestSuite$0.call(Unknown Source)
	at TempTestSuite1709188681542.run(TempTestSuite1709188681542.groovy:36)
Caused by: java.lang.NullPointerException: Cannot invoke method replace() on null object
	at utilities.General_Onboarding.Onboarding_Different_User(General_Onboarding.groovy:320)
	at utilities.General_Onboarding.invokeMethod(General_Onboarding.groovy)
	at com.kms.katalon.core.main.CustomKeywordDelegatingMetaClass.invokeStaticMethod(CustomKeywordDelegatingMetaClass.java:55)
	... 14 more


2024-02-29 14:38:31 - [MESSAGE][PASSED] - Tapped on element 'Object Repository/Onboarding_Obj/Next_Button'

2024-02-29 14:38:32 - [MESSAGE][PASSED] - Tapped on element 'Object Repository/Onboarding_Obj/Next_Button01'

2024-02-29 14:38:33 - [MESSAGE][PASSED] - Tapped on element 'Object Repository/Onboarding_Obj/Next_button02'

2024-02-29 14:38:38 - [MESSAGE][WARNING] - Object Object Repository/Onboarding_Obj/Next_button03 not found

2024-02-29 14:38:38 - [MESSAGE][PASSED] - Tapped on element 'Object Repository/Onboarding_Obj/Got_It_Button'

2024-02-29 14:38:39 - [MESSAGE][PASSED] - Tapped on element 'Object Repository/Onboarding_Obj/Agree_Button1'

2024-02-29 14:38:42 - [MESSAGE][PASSED] - Element 'Object Repository/Onboarding_Obj/Log_In_Now_Button' is exist

2024-02-29 14:38:42 - [MESSAGE][PASSED] - Tapped on element 'Object Repository/Dashboard_Login/Onboarding_Login/android.widget.TextView - Log In Now'

2024-02-29 14:38:44 - [MESSAGE][PASSED] - Tapped on element 'Object Repository/Dashboard_Login/Onboarding_Login/android.widget.TextView - Existing M2UMAE user Log in here'

2024-02-29 14:38:46 - [MESSAGE][PASSED] - Text 'retailfx5' has been set to element 'Object Repository/Dashboard_Login/Onboarding_Login/Username'

2024-02-29 14:38:47 - [MESSAGE][PASSED] - Keyboard is hidden

2024-02-29 14:38:48 - [MESSAGE][PASSED] - Tapped on element 'Object Repository/Dashboard_Login/Onboarding_Login/android.widget.TextView - Continue'

2024-02-29 14:38:49 - [MESSAGE][PASSED] - Tapped on element 'Object Repository/Dashboard_Login/Onboarding_Login/android.widget.TextView - Yes, Its Mine'

2024-02-29 14:38:51 - [MESSAGE][PASSED] - Text 'Maybank@1' has been set to element 'Object Repository/Dashboard_Login/Onboarding_Login/Password'

2024-02-29 14:38:54 - [MESSAGE][PASSED] - Keyboard is hidden

2024-02-29 14:38:55 - [MESSAGE][PASSED] - Tapped on element 'Object Repository/Dashboard_Login/Onboarding_Login/android.widget.TextView - Continue (1)'

2024-02-29 14:39:25 - [MESSAGE][WARNING] - Element 'Object Repository/Onboarding_Obj/android.widget.TextView - Your Maybank2u ID is already linked to the following device' not found

2024-02-29 14:39:25 - [MESSAGE][WARNING] - Timeout '0' is invalid. Using default page load timeout: '30'

2024-02-29 14:39:27 - [MESSAGE][PASSED] - Tapped on element 'Object Repository/Dashboard_Login/Onboarding_Login/android.widget.TextView - Your PIN no. is 111111'

2024-02-29 14:39:27 - [MESSAGE][PASSED] - Tapped on element 'Object Repository/Dashboard_Login/Onboarding_Login/android.widget.ImageView'

2024-02-29 14:39:29 - [MESSAGE][PASSED] - Tapped on element 'Object Repository/Dashboard_Login/Onboarding_Login/android.widget.TextView - Your PIN no. is 111111'

2024-02-29 14:39:31 - [MESSAGE][PASSED] - Tapped on element 'Object Repository/Dashboard_Login/Onboarding_Login/android.widget.ImageView'

2024-02-29 14:39:33 - [MESSAGE][PASSED] - Tapped on element 'Object Repository/Dashboard_Login/Onboarding_Login/android.widget.TextView - Set Up Later'

2024-02-29 14:39:34 - [MESSAGE][PASSED] - Tapped on element 'Object Repository/Dashboard_Login/Onboarding_Login/android.widget.TextView - Yes, Proceed'

2024-02-29 14:39:39 - [MESSAGE][WARNING] - Object Object Repository/Dashboard_Login/Onboarding_Login/android.widget.TextView - OTP not found

2024-02-29 14:39:39 - [MESSAGE][ERROR] - Cannot invoke method replace() on null object

2024-02-29 14:39:39 - [MESSAGE][ERROR] - Test Cases/RETAILFX-SOW2 Market Order/E2E - different User Covert from SGD to USD FAILED.
Reason:
com.kms.katalon.core.exception.StepErrorException: java.lang.NullPointerException: Cannot invoke method replace() on null object
	at com.kms.katalon.core.main.CustomKeywordDelegatingMetaClass.throwError(CustomKeywordDelegatingMetaClass.java:101)
	at com.kms.katalon.core.main.CustomKeywordDelegatingMetaClass.invokeStaticMethod(CustomKeywordDelegatingMetaClass.java:73)
	at E2E - different User Covert from SGD to USD.run(E2E - different User Covert from SGD to USD:27)
	at com.kms.katalon.core.main.ScriptEngine.run(ScriptEngine.java:194)
	at com.kms.katalon.core.main.ScriptEngine.runScriptAsRawText(ScriptEngine.java:119)
	at com.kms.katalon.core.main.TestCaseExecutor.runScript(TestCaseExecutor.java:448)
	at com.kms.katalon.core.main.TestCaseExecutor.doExecute(TestCaseExecutor.java:439)
	at com.kms.katalon.core.main.TestCaseExecutor.processExecutionPhase(TestCaseExecutor.java:418)
	at com.kms.katalon.core.main.TestCaseExecutor.accessMainPhase(TestCaseExecutor.java:410)
	at com.kms.katalon.core.main.TestCaseExecutor.execute(TestCaseExecutor.java:285)
	at com.kms.katalon.core.common.CommonExecutor.accessTestCaseMainPhase(CommonExecutor.java:65)
	at com.kms.katalon.core.main.TestSuiteExecutor.accessTestSuiteMainPhase(TestSuiteExecutor.java:148)
	at com.kms.katalon.core.main.TestSuiteExecutor.execute(TestSuiteExecutor.java:106)
	at com.kms.katalon.core.main.TestCaseMain.startTestSuite(TestCaseMain.java:187)
	at com.kms.katalon.core.main.TestCaseMain$startTestSuite$0.call(Unknown Source)
	at TempTestSuite1709188681542.run(TempTestSuite1709188681542.groovy:36)
Caused by: java.lang.NullPointerException: Cannot invoke method replace() on null object
	at utilities.General_Onboarding.Onboarding_Different_User(General_Onboarding.groovy:320)
	at utilities.General_Onboarding.invokeMethod(General_Onboarding.groovy)
	at com.kms.katalon.core.main.CustomKeywordDelegatingMetaClass.invokeStaticMethod(CustomKeywordDelegatingMetaClass.java:55)
	... 14 more]]></system-out>
         <system-err><![CDATA[2024-02-29 14:38:09 - [TEST_CASE][ERROR] - Test Cases/RETAILFX-SOW2 Market Order/E2E - different User Covert from SGD to USD: Test Cases/RETAILFX-SOW2 Market Order/E2E - different User Covert from SGD to USD FAILED.
Reason:
java.lang.NullPointerException: Cannot invoke method replace() on null object
	at utilities.General_Onboarding.Onboarding_Different_User(General_Onboarding.groovy:320)
	at utilities.General_Onboarding.invokeMethod(General_Onboarding.groovy)
	at com.kms.katalon.core.main.CustomKeywordDelegatingMetaClass.invokeStaticMethod(CustomKeywordDelegatingMetaClass.java:55)
	at E2E - different User Covert from SGD to USD.run(E2E - different User Covert from SGD to USD:27)
	at com.kms.katalon.core.main.ScriptEngine.run(ScriptEngine.java:194)
	at com.kms.katalon.core.main.ScriptEngine.runScriptAsRawText(ScriptEngine.java:119)
	at com.kms.katalon.core.main.TestCaseExecutor.runScript(TestCaseExecutor.java:448)
	at com.kms.katalon.core.main.TestCaseExecutor.doExecute(TestCaseExecutor.java:439)
	at com.kms.katalon.core.main.TestCaseExecutor.processExecutionPhase(TestCaseExecutor.java:418)
	at com.kms.katalon.core.main.TestCaseExecutor.accessMainPhase(TestCaseExecutor.java:410)
	at com.kms.katalon.core.main.TestCaseExecutor.execute(TestCaseExecutor.java:285)
	at com.kms.katalon.core.common.CommonExecutor.accessTestCaseMainPhase(CommonExecutor.java:65)
	at com.kms.katalon.core.main.TestSuiteExecutor.accessTestSuiteMainPhase(TestSuiteExecutor.java:148)
	at com.kms.katalon.core.main.TestSuiteExecutor.execute(TestSuiteExecutor.java:106)
	at com.kms.katalon.core.main.TestCaseMain.startTestSuite(TestCaseMain.java:187)
	at com.kms.katalon.core.main.TestCaseMain$startTestSuite$0.call(Unknown Source)
	at TempTestSuite1709188681542.run(TempTestSuite1709188681542.groovy:36)]]></system-err>
      </testcase>
      <system-out><![CDATA[2024-02-29 14:38:09 - [TEST_SUITE][ERROR] - Test on Different User: Test Cases/RETAILFX-SOW2 Market Order/E2E - different User Covert from SGD to USD FAILED.
Reason:
java.lang.NullPointerException: Cannot invoke method replace() on null object
	at utilities.General_Onboarding.Onboarding_Different_User(General_Onboarding.groovy:320)
	at utilities.General_Onboarding.invokeMethod(General_Onboarding.groovy)
	at com.kms.katalon.core.main.CustomKeywordDelegatingMetaClass.invokeStaticMethod(CustomKeywordDelegatingMetaClass.java:55)
	at E2E - different User Covert from SGD to USD.run(E2E - different User Covert from SGD to USD:27)
	at com.kms.katalon.core.main.ScriptEngine.run(ScriptEngine.java:194)
	at com.kms.katalon.core.main.ScriptEngine.runScriptAsRawText(ScriptEngine.java:119)
	at com.kms.katalon.core.main.TestCaseExecutor.runScript(TestCaseExecutor.java:448)
	at com.kms.katalon.core.main.TestCaseExecutor.doExecute(TestCaseExecutor.java:439)
	at com.kms.katalon.core.main.TestCaseExecutor.processExecutionPhase(TestCaseExecutor.java:418)
	at com.kms.katalon.core.main.TestCaseExecutor.accessMainPhase(TestCaseExecutor.java:410)
	at com.kms.katalon.core.main.TestCaseExecutor.execute(TestCaseExecutor.java:285)
	at com.kms.katalon.core.common.CommonExecutor.accessTestCaseMainPhase(CommonExecutor.java:65)
	at com.kms.katalon.core.main.TestSuiteExecutor.accessTestSuiteMainPhase(TestSuiteExecutor.java:148)
	at com.kms.katalon.core.main.TestSuiteExecutor.execute(TestSuiteExecutor.java:106)
	at com.kms.katalon.core.main.TestCaseMain.startTestSuite(TestCaseMain.java:187)
	at com.kms.katalon.core.main.TestCaseMain$startTestSuite$0.call(Unknown Source)
	at TempTestSuite1709188681542.run(TempTestSuite1709188681542.groovy:36)]]></system-out>
      <system-err><![CDATA[2024-02-29 14:38:09 - [TEST_SUITE][ERROR] - Test on Different User: Test Cases/RETAILFX-SOW2 Market Order/E2E - different User Covert from SGD to USD FAILED.
Reason:
java.lang.NullPointerException: Cannot invoke method replace() on null object
	at utilities.General_Onboarding.Onboarding_Different_User(General_Onboarding.groovy:320)
	at utilities.General_Onboarding.invokeMethod(General_Onboarding.groovy)
	at com.kms.katalon.core.main.CustomKeywordDelegatingMetaClass.invokeStaticMethod(CustomKeywordDelegatingMetaClass.java:55)
	at E2E - different User Covert from SGD to USD.run(E2E - different User Covert from SGD to USD:27)
	at com.kms.katalon.core.main.ScriptEngine.run(ScriptEngine.java:194)
	at com.kms.katalon.core.main.ScriptEngine.runScriptAsRawText(ScriptEngine.java:119)
	at com.kms.katalon.core.main.TestCaseExecutor.runScript(TestCaseExecutor.java:448)
	at com.kms.katalon.core.main.TestCaseExecutor.doExecute(TestCaseExecutor.java:439)
	at com.kms.katalon.core.main.TestCaseExecutor.processExecutionPhase(TestCaseExecutor.java:418)
	at com.kms.katalon.core.main.TestCaseExecutor.accessMainPhase(TestCaseExecutor.java:410)
	at com.kms.katalon.core.main.TestCaseExecutor.execute(TestCaseExecutor.java:285)
	at com.kms.katalon.core.common.CommonExecutor.accessTestCaseMainPhase(CommonExecutor.java:65)
	at com.kms.katalon.core.main.TestSuiteExecutor.accessTestSuiteMainPhase(TestSuiteExecutor.java:148)
	at com.kms.katalon.core.main.TestSuiteExecutor.execute(TestSuiteExecutor.java:106)
	at com.kms.katalon.core.main.TestCaseMain.startTestSuite(TestCaseMain.java:187)
	at com.kms.katalon.core.main.TestCaseMain$startTestSuite$0.call(Unknown Source)
	at TempTestSuite1709188681542.run(TempTestSuite1709188681542.groovy:36)]]></system-err>
   </testsuite>
</testsuites>
