<?xml version="1.0" encoding="UTF-8"?>
<testsuites name="Test on Different User" time="1626.518" tests="1" failures="1" errors="0">
   <testsuite name="Test on Different User" tests="1" failures="1" errors="0" time="1626.518" skipped="0" timestamp="2024-02-29 12:06:28" hostname="00145409nuralianatasha - 192.168.1.104" id="Test Suites/SOW2/Test on Different User">
      <properties>
         <property name="deviceName" value="Xiaomi M2007J3SY (Android 10)"/>
         <property name="devicePlatform" value=""/>
         <property name="logFolder" value="/Users/00145409nuralianatasha/Desktop/automation_Retail_FX(public_git)/Reports/20240229_120620/SOW2/Test on Different User/20240229_120620"/>
         <property name="logFiles" value="/Users/00145409nuralianatasha/Desktop/automation_Retail_FX(public_git)/Reports/20240229_120620/SOW2/Test on Different User/20240229_120620/execution0.log, /Users/00145409nuralianatasha/Desktop/automation_Retail_FX(public_git)/Reports/20240229_120620/SOW2/Test on Different User/20240229_120620/appium.log"/>
         <property name="attachments" value="/Users/00145409nuralianatasha/Desktop/automation_Retail_FX(public_git)/Reports/20240229_120620/SOW2/Test on Different User/20240229_120620/1709179718154.png, /Users/00145409nuralianatasha/Desktop/automation_Retail_FX(public_git)/Reports/20240229_120620/SOW2/Test on Different User/20240229_120620/1709179720293.png, /Users/00145409nuralianatasha/Desktop/automation_Retail_FX(public_git)/Reports/20240229_120620/SOW2/Test on Different User/20240229_120620/1709179721942.png, /Users/00145409nuralianatasha/Desktop/automation_Retail_FX(public_git)/Reports/20240229_120620/SOW2/Test on Different User/20240229_120620/1709179889285.png, /Users/00145409nuralianatasha/Desktop/automation_Retail_FX(public_git)/Reports/20240229_120620/SOW2/Test on Different User/20240229_120620/1709179896143.png, /Users/00145409nuralianatasha/Desktop/automation_Retail_FX(public_git)/Reports/20240229_120620/SOW2/Test on Different User/20240229_120620/1709179908341.png, /Users/00145409nuralianatasha/Desktop/automation_Retail_FX(public_git)/Reports/20240229_120620/SOW2/Test on Different User/20240229_120620/1709179924696.png, /Users/00145409nuralianatasha/Desktop/automation_Retail_FX(public_git)/Reports/20240229_120620/SOW2/Test on Different User/20240229_120620/1709179936305.png, /Users/00145409nuralianatasha/Desktop/automation_Retail_FX(public_git)/Reports/20240229_120620/SOW2/Test on Different User/20240229_120620/1709179948168.png, /Users/00145409nuralianatasha/Desktop/automation_Retail_FX(public_git)/Reports/20240229_120620/SOW2/Test on Different User/20240229_120620/1709179950397.png, /Users/00145409nuralianatasha/Desktop/automation_Retail_FX(public_git)/Reports/20240229_120620/SOW2/Test on Different User/20240229_120620/1709180080434.png, /Users/00145409nuralianatasha/Desktop/automation_Retail_FX(public_git)/Reports/20240229_120620/SOW2/Test on Different User/20240229_120620/1709180101107.png, /Users/00145409nuralianatasha/Desktop/automation_Retail_FX(public_git)/Reports/20240229_120620/SOW2/Test on Different User/20240229_120620/1709180103007.png, /Users/00145409nuralianatasha/Desktop/automation_Retail_FX(public_git)/Reports/20240229_120620/SOW2/Test on Different User/20240229_120620/1709180104484.png, /Users/00145409nuralianatasha/Desktop/automation_Retail_FX(public_git)/Reports/20240229_120620/SOW2/Test on Different User/20240229_120620/1709180318341.png, /Users/00145409nuralianatasha/Desktop/automation_Retail_FX(public_git)/Reports/20240229_120620/SOW2/Test on Different User/20240229_120620/1709180319922.png, /Users/00145409nuralianatasha/Desktop/automation_Retail_FX(public_git)/Reports/20240229_120620/SOW2/Test on Different User/20240229_120620/1709180322176.png, /Users/00145409nuralianatasha/Desktop/automation_Retail_FX(public_git)/Reports/20240229_120620/SOW2/Test on Different User/20240229_120620/1709180336576.png, /Users/00145409nuralianatasha/Desktop/automation_Retail_FX(public_git)/Reports/20240229_120620/SOW2/Test on Different User/20240229_120620/1709180348198.png, /Users/00145409nuralianatasha/Desktop/automation_Retail_FX(public_git)/Reports/20240229_120620/SOW2/Test on Different User/20240229_120620/1709180360127.png, /Users/00145409nuralianatasha/Desktop/automation_Retail_FX(public_git)/Reports/20240229_120620/SOW2/Test on Different User/20240229_120620/1709180362615.png, /Users/00145409nuralianatasha/Desktop/automation_Retail_FX(public_git)/Reports/20240229_120620/SOW2/Test on Different User/20240229_120620/1709180563121.png, /Users/00145409nuralianatasha/Desktop/automation_Retail_FX(public_git)/Reports/20240229_120620/SOW2/Test on Different User/20240229_120620/1709180565015.png, /Users/00145409nuralianatasha/Desktop/automation_Retail_FX(public_git)/Reports/20240229_120620/SOW2/Test on Different User/20240229_120620/1709180566558.png, /Users/00145409nuralianatasha/Desktop/automation_Retail_FX(public_git)/Reports/20240229_120620/SOW2/Test on Different User/20240229_120620/1709180680661.png, /Users/00145409nuralianatasha/Desktop/automation_Retail_FX(public_git)/Reports/20240229_120620/SOW2/Test on Different User/20240229_120620/1709180682307.png, /Users/00145409nuralianatasha/Desktop/automation_Retail_FX(public_git)/Reports/20240229_120620/SOW2/Test on Different User/20240229_120620/1709180685819.png, /Users/00145409nuralianatasha/Desktop/automation_Retail_FX(public_git)/Reports/20240229_120620/SOW2/Test on Different User/20240229_120620/1709180701063.png, /Users/00145409nuralianatasha/Desktop/automation_Retail_FX(public_git)/Reports/20240229_120620/SOW2/Test on Different User/20240229_120620/1709180712918.png, /Users/00145409nuralianatasha/Desktop/automation_Retail_FX(public_git)/Reports/20240229_120620/SOW2/Test on Different User/20240229_120620/1709180724797.png, /Users/00145409nuralianatasha/Desktop/automation_Retail_FX(public_git)/Reports/20240229_120620/SOW2/Test on Different User/20240229_120620/1709180726914.png, /Users/00145409nuralianatasha/Desktop/automation_Retail_FX(public_git)/Reports/20240229_120620/SOW2/Test on Different User/20240229_120620/1709180922827.png, /Users/00145409nuralianatasha/Desktop/automation_Retail_FX(public_git)/Reports/20240229_120620/SOW2/Test on Different User/20240229_120620/1709180925188.png, /Users/00145409nuralianatasha/Desktop/automation_Retail_FX(public_git)/Reports/20240229_120620/SOW2/Test on Different User/20240229_120620/1709180926530.png, /Users/00145409nuralianatasha/Desktop/automation_Retail_FX(public_git)/Reports/20240229_120620/SOW2/Test on Different User/20240229_120620/1709181084560.png, /Users/00145409nuralianatasha/Desktop/automation_Retail_FX(public_git)/Reports/20240229_120620/SOW2/Test on Different User/20240229_120620/1709181125637.png, /Users/00145409nuralianatasha/Desktop/automation_Retail_FX(public_git)/Reports/20240229_120620/SOW2/Test on Different User/20240229_120620/1709181128029.png, /Users/00145409nuralianatasha/Desktop/automation_Retail_FX(public_git)/Reports/20240229_120620/SOW2/Test on Different User/20240229_120620/1709181141782.png, /Users/00145409nuralianatasha/Desktop/automation_Retail_FX(public_git)/Reports/20240229_120620/SOW2/Test on Different User/20240229_120620/1709181153273.png, /Users/00145409nuralianatasha/Desktop/automation_Retail_FX(public_git)/Reports/20240229_120620/SOW2/Test on Different User/20240229_120620/1709181165126.png, /Users/00145409nuralianatasha/Desktop/automation_Retail_FX(public_git)/Reports/20240229_120620/SOW2/Test on Different User/20240229_120620/1709181167196.png"/>
         <property name="hostName" value="00145409nuralianatasha - 192.168.1.104"/>
         <property name="os" value="Mac OS X 64bit"/>
         <property name="appiumServerStatus" value="{&quot;value&quot;:{&quot;build&quot;:{&quot;version&quot;:&quot;1.22.3&quot;}},&quot;sessionId&quot;:null,&quot;status&quot;:0}"/>
         <property name="katalonVersion" value="8.6.0.208"/>
         <property name="deviceOS" value="Android"/>
         <property name="appiumVersion" value="1.22.3"/>
         <property name="deviceModel" value="M2007J3SY"/>
         <property name="hostAddress" value="172.25.43.28"/>
         <property name="deviceManufacturer" value="Xiaomi"/>
         <property name="deviceId" value="f5a0e2d9"/>
         <property name="deviceName" value="Xiaomi M2007J3SY (Android 10)"/>
         <property name="deviceOSVersion" value="10"/>
      </properties>
      <testcase name="Test Cases/RETAILFX-SOW2 Market Order/E2E - different User by Dealt Currency" time="1626.11" classname="Test Cases/RETAILFX-SOW2 Market Order/E2E - different User by Dealt Currency" status="FAILED">
         <failure type="FAILED" message="Test Cases/RETAILFX-SOW2 Market Order/E2E - different User by Dealt Currency FAILED.
Reason:
com.kms.katalon.core.exception.StepFailedException: Element 'Object Repository/Global Account Page/dynamicText' not found
	at com.kms.katalon.core.keyword.internal.KeywordMain.stepFailed(KeywordMain.groovy:39)
	at com.kms.katalon.core.mobile.keyword.internal.MobileKeywordMain.stepFailed(MobileKeywordMain.groovy:40)
	at com.kms.katalon.core.mobile.keyword.builtin.VerifyElementExistKeyword$_verifyElementExist_closure1.doCall(VerifyElementExistKeyword.groovy:77)
	at com.kms.katalon.core.mobile.keyword.builtin.VerifyElementExistKeyword$_verifyElementExist_closure1.call(VerifyElementExistKeyword.groovy)
	at com.kms.katalon.core.mobile.keyword.internal.MobileKeywordMain.runKeyword(MobileKeywordMain.groovy:21)
	at com.kms.katalon.core.mobile.keyword.builtin.VerifyElementExistKeyword.verifyElementExist(VerifyElementExistKeyword.groovy:80)
	at com.kms.katalon.core.mobile.keyword.builtin.VerifyElementExistKeyword.execute(VerifyElementExistKeyword.groovy:64)
	at com.kms.katalon.core.keyword.internal.KeywordExecutor.executeKeywordForPlatform(KeywordExecutor.groovy:74)
	at com.kms.katalon.core.mobile.keyword.MobileBuiltInKeywords.verifyElementExist(MobileBuiltInKeywords.groovy:1739)
	at com.kms.katalon.core.mobile.keyword.MobileBuiltInKeywords$verifyElementExist$1.call(Unknown Source)
	at E2E - different User by Dealt Currency.run(E2E - different User by Dealt Currency:104)
	at com.kms.katalon.core.main.ScriptEngine.run(ScriptEngine.java:194)
	at com.kms.katalon.core.main.ScriptEngine.runScriptAsRawText(ScriptEngine.java:119)
	at com.kms.katalon.core.main.TestCaseExecutor.runScript(TestCaseExecutor.java:448)
	at com.kms.katalon.core.main.TestCaseExecutor.doExecute(TestCaseExecutor.java:439)
	at com.kms.katalon.core.main.TestCaseExecutor.processExecutionPhase(TestCaseExecutor.java:418)
	at com.kms.katalon.core.main.TestCaseExecutor.accessMainPhase(TestCaseExecutor.java:410)
	at com.kms.katalon.core.main.TestCaseExecutor.execute(TestCaseExecutor.java:285)
	at com.kms.katalon.core.common.CommonExecutor.accessTestCaseMainPhase(CommonExecutor.java:65)
	at com.kms.katalon.core.main.TestSuiteExecutor.accessTestSuiteMainPhase(TestSuiteExecutor.java:148)
	at com.kms.katalon.core.main.TestSuiteExecutor.execute(TestSuiteExecutor.java:106)
	at com.kms.katalon.core.main.TestCaseMain.startTestSuite(TestCaseMain.java:187)
	at com.kms.katalon.core.main.TestCaseMain$startTestSuite$0.call(Unknown Source)
	at TempTestSuite1709179580552.run(TempTestSuite1709179580552.groovy:36)
"/>
         <system-out><![CDATA[2024-02-29 12:06:28 - [TEST_CASE][FAILED] - Test Cases/RETAILFX-SOW2 Market Order/E2E - different User by Dealt Currency: Test Cases/RETAILFX-SOW2 Market Order/E2E - different User by Dealt Currency FAILED.
Reason:
com.kms.katalon.core.exception.StepFailedException: Element 'Object Repository/Global Account Page/dynamicText' not found
	at com.kms.katalon.core.keyword.internal.KeywordMain.stepFailed(KeywordMain.groovy:39)
	at com.kms.katalon.core.mobile.keyword.internal.MobileKeywordMain.stepFailed(MobileKeywordMain.groovy:40)
	at com.kms.katalon.core.mobile.keyword.builtin.VerifyElementExistKeyword$_verifyElementExist_closure1.doCall(VerifyElementExistKeyword.groovy:77)
	at com.kms.katalon.core.mobile.keyword.builtin.VerifyElementExistKeyword$_verifyElementExist_closure1.call(VerifyElementExistKeyword.groovy)
	at com.kms.katalon.core.mobile.keyword.internal.MobileKeywordMain.runKeyword(MobileKeywordMain.groovy:21)
	at com.kms.katalon.core.mobile.keyword.builtin.VerifyElementExistKeyword.verifyElementExist(VerifyElementExistKeyword.groovy:80)
	at com.kms.katalon.core.mobile.keyword.builtin.VerifyElementExistKeyword.execute(VerifyElementExistKeyword.groovy:64)
	at com.kms.katalon.core.keyword.internal.KeywordExecutor.executeKeywordForPlatform(KeywordExecutor.groovy:74)
	at com.kms.katalon.core.mobile.keyword.MobileBuiltInKeywords.verifyElementExist(MobileBuiltInKeywords.groovy:1739)
	at com.kms.katalon.core.mobile.keyword.MobileBuiltInKeywords$verifyElementExist$1.call(Unknown Source)
	at E2E - different User by Dealt Currency.run(E2E - different User by Dealt Currency:104)
	at com.kms.katalon.core.main.ScriptEngine.run(ScriptEngine.java:194)
	at com.kms.katalon.core.main.ScriptEngine.runScriptAsRawText(ScriptEngine.java:119)
	at com.kms.katalon.core.main.TestCaseExecutor.runScript(TestCaseExecutor.java:448)
	at com.kms.katalon.core.main.TestCaseExecutor.doExecute(TestCaseExecutor.java:439)
	at com.kms.katalon.core.main.TestCaseExecutor.processExecutionPhase(TestCaseExecutor.java:418)
	at com.kms.katalon.core.main.TestCaseExecutor.accessMainPhase(TestCaseExecutor.java:410)
	at com.kms.katalon.core.main.TestCaseExecutor.execute(TestCaseExecutor.java:285)
	at com.kms.katalon.core.common.CommonExecutor.accessTestCaseMainPhase(CommonExecutor.java:65)
	at com.kms.katalon.core.main.TestSuiteExecutor.accessTestSuiteMainPhase(TestSuiteExecutor.java:148)
	at com.kms.katalon.core.main.TestSuiteExecutor.execute(TestSuiteExecutor.java:106)
	at com.kms.katalon.core.main.TestCaseMain.startTestSuite(TestCaseMain.java:187)
	at com.kms.katalon.core.main.TestCaseMain$startTestSuite$0.call(Unknown Source)
	at TempTestSuite1709179580552.run(TempTestSuite1709179580552.groovy:36)


2024-02-29 12:06:29 - [TEST_STEP][PASSED] - startExistingApplication("com.maybank2u.life.uat"): Starting app with application ID: 'com.maybank2u.life.uat'

2024-02-29 12:06:29 - [MESSAGE][INFO] - User set preference: ['appWaitActivity', '']

2024-02-29 12:06:29 - [MESSAGE][INFO] - User set preference: ['autoGrantPermission', 'true']

2024-02-29 12:06:29 - [MESSAGE][INFO] - User set preference: ['noReset', 'true']

2024-02-29 12:06:29 - [MESSAGE][INFO] - User set preference: ['deviceId', '']

2024-02-29 12:06:29 - [MESSAGE][INFO] - User set preference: ['newCommandTimeout', '10000']

2024-02-29 12:06:29 - [MESSAGE][INFO] - Detected NodeJS location: "/opt/homebrew/Cellar/node/20.2.0/bin/node"

2024-02-29 12:06:30 - [MESSAGE][INFO] - Appium server started on port 53,332

2024-02-29 12:06:46 - [MESSAGE][PASSED] - Starting app with application ID: 'com.maybank2u.life.uat'

2024-02-29 12:06:46 - [TEST_STEP][FAILED] - for ([row = 1, row <= findTestData("Dealt_MYR_SGD").getRowNumbers(), (row++)]): null

2024-02-29 12:06:46 - [TEST_STEP][PASSED] - delay(10): Delayed 10 second(s)

2024-02-29 12:06:56 - [MESSAGE][PASSED] - Delayed 10 second(s)

2024-02-29 12:06:56 - [TEST_STEP][PASSED] - utilities.General_Onboarding.Onboarding_Different_User(row): utilities.General_Onboarding.Onboarding_Different_User is PASSED

2024-02-29 12:06:57 - [MESSAGE][PASSED] - Tapped on element 'Object Repository/Onboarding_Obj/Next_Button'

2024-02-29 12:06:58 - [MESSAGE][PASSED] - Tapped on element 'Object Repository/Onboarding_Obj/Next_Button01'

2024-02-29 12:06:58 - [MESSAGE][PASSED] - Tapped on element 'Object Repository/Onboarding_Obj/Next_button02'

2024-02-29 12:07:04 - [MESSAGE][WARNING] - Object Object Repository/Onboarding_Obj/Next_button03 not found

2024-02-29 12:07:04 - [MESSAGE][PASSED] - Tapped on element 'Object Repository/Onboarding_Obj/Got_It_Button'

2024-02-29 12:07:05 - [MESSAGE][PASSED] - Tapped on element 'Object Repository/Onboarding_Obj/Agree_Button1'

2024-02-29 12:07:08 - [MESSAGE][PASSED] - Element 'Object Repository/Onboarding_Obj/Log_In_Now_Button' is exist

2024-02-29 12:07:08 - [MESSAGE][PASSED] - Tapped on element 'Object Repository/Dashboard_Login/Onboarding_Login/android.widget.TextView - Log In Now'

2024-02-29 12:07:10 - [MESSAGE][PASSED] - Tapped on element 'Object Repository/Dashboard_Login/Onboarding_Login/android.widget.TextView - Existing M2UMAE user Log in here'

2024-02-29 12:07:12 - [MESSAGE][PASSED] - Text 'retailfx5' has been set to element 'Object Repository/Dashboard_Login/Onboarding_Login/Username'

2024-02-29 12:07:13 - [MESSAGE][PASSED] - Keyboard is hidden

2024-02-29 12:07:13 - [MESSAGE][PASSED] - Tapped on element 'Object Repository/Dashboard_Login/Onboarding_Login/android.widget.TextView - Continue'

2024-02-29 12:07:15 - [MESSAGE][PASSED] - Tapped on element 'Object Repository/Dashboard_Login/Onboarding_Login/android.widget.TextView - Yes, Its Mine'

2024-02-29 12:07:17 - [MESSAGE][PASSED] - Text 'Maybank@1' has been set to element 'Object Repository/Dashboard_Login/Onboarding_Login/Password'

2024-02-29 12:07:20 - [MESSAGE][PASSED] - Keyboard is hidden

2024-02-29 12:07:20 - [MESSAGE][PASSED] - Tapped on element 'Object Repository/Dashboard_Login/Onboarding_Login/android.widget.TextView - Continue (1)'

2024-02-29 12:07:50 - [MESSAGE][WARNING] - Element 'Object Repository/Onboarding_Obj/android.widget.TextView - Your Maybank2u ID is already linked to the following device' not found

2024-02-29 12:07:50 - [MESSAGE][WARNING] - Timeout '0' is invalid. Using default page load timeout: '30'

2024-02-29 12:07:50 - [MESSAGE][PASSED] - Tapped on element 'Object Repository/Dashboard_Login/Onboarding_Login/android.widget.TextView - Your PIN no. is 111111'

2024-02-29 12:07:52 - [MESSAGE][PASSED] - Tapped on element 'Object Repository/Dashboard_Login/Onboarding_Login/android.widget.ImageView'

2024-02-29 12:07:53 - [MESSAGE][PASSED] - Tapped on element 'Object Repository/Dashboard_Login/Onboarding_Login/android.widget.TextView - Your PIN no. is 111111'

2024-02-29 12:07:55 - [MESSAGE][PASSED] - Tapped on element 'Object Repository/Dashboard_Login/Onboarding_Login/android.widget.ImageView'

2024-02-29 12:07:57 - [MESSAGE][PASSED] - Tapped on element 'Object Repository/Dashboard_Login/Onboarding_Login/android.widget.TextView - Set Up Later'

2024-02-29 12:07:58 - [MESSAGE][PASSED] - Tapped on element 'Object Repository/Dashboard_Login/Onboarding_Login/android.widget.TextView - Yes, Proceed'

2024-02-29 12:08:01 - [MESSAGE][PASSED] - Text of element 'Object Repository/Dashboard_Login/Onboarding_Login/android.widget.TextView - OTP' is: 'Your OTP no. is 966098'

2024-02-29 12:08:01 - [MESSAGE][PASSED] - Tapped on element 'Object Repository/OTP_Number/Button_9'

2024-02-29 12:08:02 - [MESSAGE][PASSED] - Delayed 1 second(s)

2024-02-29 12:08:03 - [MESSAGE][PASSED] - Tapped on element 'Object Repository/OTP_Number/Button_6'

2024-02-29 12:08:04 - [MESSAGE][PASSED] - Delayed 1 second(s)

2024-02-29 12:08:07 - [MESSAGE][PASSED] - Tapped on element 'Object Repository/OTP_Number/Button_6'

2024-02-29 12:08:08 - [MESSAGE][PASSED] - Delayed 1 second(s)

2024-02-29 12:08:10 - [MESSAGE][PASSED] - Tapped on element 'Object Repository/OTP_Number/Button_0'

2024-02-29 12:08:11 - [MESSAGE][PASSED] - Delayed 1 second(s)

2024-02-29 12:08:11 - [MESSAGE][PASSED] - Tapped on element 'Object Repository/OTP_Number/Button_9'

2024-02-29 12:08:12 - [MESSAGE][PASSED] - Delayed 1 second(s)

2024-02-29 12:08:13 - [MESSAGE][PASSED] - Tapped on element 'Object Repository/OTP_Number/Button_8'

2024-02-29 12:08:14 - [MESSAGE][PASSED] - Delayed 1 second(s)

2024-02-29 12:08:15 - [MESSAGE][PASSED] - Tapped on element 'Object Repository/OTP_Number/Enter_Image'

2024-02-29 12:08:20 - [MESSAGE][PASSED] - Text 'Retailfxfive' has been set to element 'Object Repository/Dashboard_Login/Onboarding_Login/android.widget.EditText - Enter your name'

2024-02-29 12:08:21 - [MESSAGE][PASSED] - Tapped on element 'Object Repository/Dashboard_Login/Onboarding_Login/android.widget.TextView - Continue (1)'

2024-02-29 12:08:23 - [MESSAGE][PASSED] - Tapped on element 'Object Repository/Dashboard_Login/Onboarding_Login/GetCurrency'

2024-02-29 12:08:25 - [MESSAGE][PASSED] - Tapped on element 'Object Repository/Dashboard_Login/Onboarding_Login/android.widget.TextView - Next'

2024-02-29 12:08:28 - [MESSAGE][PASSED] - Tapped on element 'Object Repository/Onboarding_Obj/android.widget.Close_Button'

2024-02-29 12:08:34 - [MESSAGE][WARNING] - Object Object Repository/Global Account Page/dynamicText not found

2024-02-29 12:08:34 - [MESSAGE][WARNING] - Timeout '0' is invalid. Using default page load timeout: '30'

2024-02-29 12:08:35 - [MESSAGE][PASSED] - Element 'Object Repository/Dashboard_Login/User_name' is exist

2024-02-29 12:08:35 - [MESSAGE][WARNING] - Timeout '0' is invalid. Using default page load timeout: '30'

2024-02-29 12:08:35 - [MESSAGE][PASSED] - Tapped on element 'Object Repository/Mange_Quick_Actions/android.widget.TextView - Customise'

2024-02-29 12:08:35 - [MESSAGE][WARNING] - Timeout '0' is invalid. Using default page load timeout: '30'

2024-02-29 12:08:36 - [MESSAGE][PASSED] - Element 'Object Repository/Mange_Quick_Actions/android.widget.TextView - Manage Quick Actions' is present

2024-02-29 12:08:36 - [MESSAGE][WARNING] - Timeout '0' is invalid. Using default page load timeout: '30'

2024-02-29 12:08:36 - [MESSAGE][PASSED] - Element 'Object Repository/Mange_Quick_Actions/android.widget.TextView - Manage Quick Actions' is exist

2024-02-29 12:08:37 - [MESSAGE][WARNING] - Timeout '0' is invalid. Using default page load timeout: '30'

2024-02-29 12:08:37 - [MESSAGE][PASSED] - Element 'Object Repository/Mange_Quick_Actions/android.widget.TextView - Simply hold and drag to rearrange the actions' is exist

2024-02-29 12:08:37 - [MESSAGE][WARNING] - Timeout '0' is invalid. Using default page load timeout: '30'

2024-02-29 12:08:37 - [MESSAGE][PASSED] - Element 'Object Repository/Mange_Quick_Actions/android.widget.TextView - Your current favourite actions' is exist

2024-02-29 12:08:37 - [MESSAGE][WARNING] - Timeout '0' is invalid. Using default page load timeout: '30'

2024-02-29 12:08:38 - [MESSAGE][PASSED] - Object 'Object Repository/Mange_Quick_Actions/android.widget.TextView - Save Changes' has attribute 'clickable' with value 'false'

2024-02-29 12:08:38 - [MESSAGE][PASSED] - Screenshot is taken
[[ATTACHMENT|/Users/00145409nuralianatasha/Desktop/automation_Retail_FX(public_git)/Reports/20240229_120620/SOW2/Test on Different User/20240229_120620/1709179718154.png]]

2024-02-29 12:08:38 - [MESSAGE][WARNING] - Timeout '0' is invalid. Using default page load timeout: '30'

2024-02-29 12:08:39 - [MESSAGE][PASSED] - Tapped on element 'Object Repository/Mange_Quick_Actions/android.widget.Remove_Image'

2024-02-29 12:08:40 - [MESSAGE][PASSED] - Swiped from 271,1,756 to 0,0

2024-02-29 12:08:40 - [MESSAGE][PASSED] - Screenshot is taken
[[ATTACHMENT|/Users/00145409nuralianatasha/Desktop/automation_Retail_FX(public_git)/Reports/20240229_120620/SOW2/Test on Different User/20240229_120620/1709179720293.png]]

2024-02-29 12:08:40 - [MESSAGE][WARNING] - Timeout '0' is invalid. Using default page load timeout: '30'

2024-02-29 12:08:41 - [MESSAGE][PASSED] - Tapped on element 'Object Repository/Mange_Quick_Actions/android.widget.TextView - Currency Exchange'

2024-02-29 12:08:41 - [MESSAGE][WARNING] - Timeout '0' is invalid. Using default page load timeout: '30'

2024-02-29 12:08:41 - [MESSAGE][PASSED] - Tapped on element 'Object Repository/Mange_Quick_Actions/android.widget.TextView - Save Changes'

2024-02-29 12:08:42 - [MESSAGE][PASSED] - Screenshot is taken
[[ATTACHMENT|/Users/00145409nuralianatasha/Desktop/automation_Retail_FX(public_git)/Reports/20240229_120620/SOW2/Test on Different User/20240229_120620/1709179721942.png]]

2024-02-29 12:08:42 - [MESSAGE][WARNING] - Timeout '0' is invalid. Using default page load timeout: '30'

2024-02-29 12:08:43 - [MESSAGE][PASSED] - Element 'Object Repository/Quick_Action/android.widget.TextView - Currency Exchange' is exist

2024-02-29 12:08:43 - [MESSAGE][WARNING] - Timeout '0' is invalid. Using default page load timeout: '30'

2024-02-29 12:08:43 - [MESSAGE][PASSED] - Tapped on element 'Object Repository/Quick_Action/android.widget.TextView - Currency Exchange'

2024-02-29 12:08:43 - [MESSAGE][WARNING] - Timeout '0' is invalid. Using default page load timeout: '30'

2024-02-29 12:08:46 - [MESSAGE][PASSED] - Tapped on element 'Object Repository/Global Account Page/dynamicText'

2024-02-29 12:08:46 - [MESSAGE][PASSED] - utilities.General_Onboarding.Onboarding_Different_User is PASSED

2024-02-29 12:08:46 - [TEST_STEP][PASSED] - username = findTestData("Dealt_MYR_SGD").getValue("Username", row): null

2024-02-29 12:08:46 - [TEST_STEP][PASSED] - base_currency = findTestData("Dealt_MYR_SGD").getValue("Base_Currency", row): null

2024-02-29 12:08:46 - [TEST_STEP][PASSED] - dealt_currency = findTestData("Dealt_MYR_SGD").getValue("Dealt_Currency", row): null

2024-02-29 12:08:46 - [TEST_STEP][PASSED] - checkLinkedDevice = Validation.checkElementExists("Object Repository/Market Order Page/android.widget.TextView - Enter your password"): Element 'Object Repository/Market Order Page/android.widget.TextView - Enter your password' not found

2024-02-29 12:09:16 - [MESSAGE][WARNING] - Element 'Object Repository/Market Order Page/android.widget.TextView - Enter your password' not found

2024-02-29 12:09:16 - [TEST_STEP][PASSED] - if (checkLinkedDevice == true): null

2024-02-29 12:09:16 - [TEST_STEP][PASSED] - else: null

2024-02-29 12:09:16 - [TEST_STEP][PASSED] - CONTINUE_ON_FAILURE: null

2024-02-29 12:09:16 - [TEST_STEP][PASSED] - delay(10): Delayed 10 second(s)

2024-02-29 12:09:26 - [MESSAGE][PASSED] - Delayed 10 second(s)

2024-02-29 12:09:26 - [TEST_STEP][PASSED] - utilities.Deal_Agregator.MarketOrder_FromDropdown(findTestData("Dealt_MYR_SGD").getValue("Base_Currency", row)): utilities.Deal_Agregator.MarketOrder_FromDropdown is PASSED

2024-02-29 12:09:26 - [MESSAGE][PASSED] - Tapped on element 'Object Repository/SOW2-Market Order/Convert_Dropdown/android.widget.TextView - Convert_Dropdown'

2024-02-29 12:09:27 - [MESSAGE][PASSED] - Element 'Object Repository/SOW2-Market Order/Convert_Dropdown/android.view.View - Select Currency' is present

2024-02-29 12:09:27 - [MESSAGE][PASSED] - Tapped on element 'Object Repository/SOW2-Market Order/Convert_Dropdown/android.widget.EditText_Select_Currency'

2024-02-29 12:09:28 - [MESSAGE][PASSED] - Text 'USD' has been set to element 'Object Repository/SOW2-Market Order/Convert_Dropdown/android.widget.EditText_Select_Currency'

2024-02-29 12:09:29 - [MESSAGE][PASSED] - Keyboard is hidden

2024-02-29 12:09:34 - [MESSAGE][PASSED] - Delayed 5 second(s)

2024-02-29 12:09:35 - [MESSAGE][PASSED] - Tapped on element 'Object Repository/Global Account Page/dynamicText'

2024-02-29 12:09:35 - [MESSAGE][PASSED] - utilities.Deal_Agregator.MarketOrder_FromDropdown is PASSED

2024-02-29 12:09:35 - [TEST_STEP][PASSED] - delay(10): Delayed 10 second(s)

2024-02-29 12:09:45 - [MESSAGE][PASSED] - Delayed 10 second(s)

2024-02-29 12:09:45 - [TEST_STEP][PASSED] - tap(findTestObject("SOW2-Market Order/android.widget.TextView _EditText"), 0, CONTINUE_ON_FAILURE): Tapped on element 'Object Repository/SOW2-Market Order/android.widget.TextView _EditText'

2024-02-29 12:09:45 - [MESSAGE][WARNING] - Timeout '0' is invalid. Using default page load timeout: '30'

2024-02-29 12:09:45 - [MESSAGE][PASSED] - Tapped on element 'Object Repository/SOW2-Market Order/android.widget.TextView _EditText'

2024-02-29 12:09:45 - [TEST_STEP][PASSED] - digits = "5000": null

2024-02-29 12:09:45 - [TEST_STEP][PASSED] - Currency_Calculator.Currency_Numpad(digits): Object Object Repository/Calc_Pad/android.widget.Image not found

2024-02-29 12:09:50 - [MESSAGE][WARNING] - Object Object Repository/Calc_Pad/android.widget.TextView - 5 not found

2024-02-29 12:09:55 - [MESSAGE][WARNING] - Object Object Repository/Calc_Pad/android.widget.TextView - 0 not found

2024-02-29 12:10:01 - [MESSAGE][WARNING] - Object Object Repository/Calc_Pad/android.widget.TextView - 0 not found

2024-02-29 12:10:06 - [MESSAGE][WARNING] - Object Object Repository/Calc_Pad/android.widget.TextView - 0 not found

2024-02-29 12:10:11 - [MESSAGE][WARNING] - Object Object Repository/Calc_Pad/android.widget.Image not found

2024-02-29 12:10:11 - [TEST_STEP][PASSED] - utilities.Deal_Agregator.sow2market_orderdropdown(findTestData("Dealt_MYR_SGD").getValue("Dealt_Currency", row)): utilities.Deal_Agregator.sow2market_orderdropdown is PASSED

2024-02-29 12:10:11 - [MESSAGE][WARNING] - Timeout '0' is invalid. Using default page load timeout: '30'

2024-02-29 12:10:12 - [MESSAGE][PASSED] - Tapped on element 'Object Repository/SOW2-Market Order/Select_Currency Dropdown'

2024-02-29 12:10:12 - [MESSAGE][PASSED] - Element 'Object Repository/SOW2-Market Order/android.view.View - Select Currency' is present

2024-02-29 12:10:13 - [MESSAGE][PASSED] - Element 'Object Repository/SOW2-Market Order/android.view.View - Select Currency' is exist

2024-02-29 12:10:13 - [MESSAGE][PASSED] - Tapped on element 'Object Repository/SOW2-Market Order/android.widget.EditText_SearchCurrency'

2024-02-29 12:10:14 - [MESSAGE][PASSED] - Text 'MYR' has been set to element 'Object Repository/SOW2-Market Order/android.widget.EditText_SearchCurrency'

2024-02-29 12:10:15 - [MESSAGE][PASSED] - Keyboard is hidden

2024-02-29 12:10:20 - [MESSAGE][PASSED] - Delayed 5 second(s)

2024-02-29 12:10:20 - [MESSAGE][PASSED] - Tapped on element 'Object Repository/Global Account Page/dynamicText'

2024-02-29 12:10:20 - [MESSAGE][PASSED] - utilities.Deal_Agregator.sow2market_orderdropdown is PASSED

2024-02-29 12:10:20 - [TEST_STEP][PASSED] - verifyElementExist(findTestObject("Global Account Page/dynamicText", ["text":"Exchange rate"]), 5, CONTINUE_ON_FAILURE): Element 'Object Repository/Global Account Page/dynamicText' is exist

2024-02-29 12:10:21 - [MESSAGE][PASSED] - Element 'Object Repository/Global Account Page/dynamicText' is exist

2024-02-29 12:10:21 - [TEST_STEP][PASSED] - tap(findTestObject("SOW2-Market Order/android.widget.EditText _Amount to Received"), 0, CONTINUE_ON_FAILURE): Tapped on element 'Object Repository/SOW2-Market Order/android.widget.EditText _Amount to Received'

2024-02-29 12:10:21 - [MESSAGE][WARNING] - Timeout '0' is invalid. Using default page load timeout: '30'

2024-02-29 12:10:21 - [MESSAGE][PASSED] - Tapped on element 'Object Repository/SOW2-Market Order/android.widget.EditText _Amount to Received'

2024-02-29 12:10:21 - [TEST_STEP][PASSED] - delay(10): Delayed 10 second(s)

2024-02-29 12:10:31 - [MESSAGE][PASSED] - Delayed 10 second(s)

2024-02-29 12:10:31 - [TEST_STEP][PASSED] - digits2 = "1000": null

2024-02-29 12:10:31 - [TEST_STEP][PASSED] - Currency_Calculator.remove_Amount(digits2): Delayed 1 second(s)

2024-02-29 12:10:37 - [MESSAGE][WARNING] - Object Object Repository/SOW2-Market Order/Remove_amount not found

2024-02-29 12:10:38 - [MESSAGE][PASSED] - Delayed 1 second(s)

2024-02-29 12:10:43 - [MESSAGE][WARNING] - Object Object Repository/SOW2-Market Order/Remove_amount not found

2024-02-29 12:10:44 - [MESSAGE][PASSED] - Delayed 1 second(s)

2024-02-29 12:10:49 - [MESSAGE][WARNING] - Object Object Repository/SOW2-Market Order/Remove_amount not found

2024-02-29 12:10:50 - [MESSAGE][PASSED] - Delayed 1 second(s)

2024-02-29 12:10:59 - [MESSAGE][WARNING] - Object Object Repository/SOW2-Market Order/Remove_amount not found

2024-02-29 12:11:00 - [MESSAGE][PASSED] - Delayed 1 second(s)

2024-02-29 12:11:00 - [TEST_STEP][PASSED] - delay(10): Delayed 10 second(s)

2024-02-29 12:11:10 - [MESSAGE][PASSED] - Delayed 10 second(s)

2024-02-29 12:11:10 - [TEST_STEP][PASSED] - Currency_Calculator.Currency_Numpad(digits2): Tapped on element 'Object Repository/Calc_Pad/android.widget.Image'

2024-02-29 12:11:15 - [MESSAGE][WARNING] - Object Object Repository/Calc_Pad/android.widget.TextView - 1 not found

2024-02-29 12:11:16 - [MESSAGE][PASSED] - Tapped on element 'Object Repository/Calc_Pad/android.widget.TextView - 0'

2024-02-29 12:11:17 - [MESSAGE][PASSED] - Tapped on element 'Object Repository/Calc_Pad/android.widget.TextView - 0'

2024-02-29 12:11:18 - [MESSAGE][PASSED] - Tapped on element 'Object Repository/Calc_Pad/android.widget.TextView - 0'

2024-02-29 12:11:19 - [MESSAGE][PASSED] - Tapped on element 'Object Repository/Calc_Pad/android.widget.Image'

2024-02-29 12:11:19 - [TEST_STEP][PASSED] - delay(10): Delayed 10 second(s)

2024-02-29 12:11:29 - [MESSAGE][PASSED] - Delayed 10 second(s)

2024-02-29 12:11:29 - [TEST_STEP][PASSED] - takeScreenshot(): Screenshot is taken

2024-02-29 12:11:29 - [MESSAGE][PASSED] - Screenshot is taken
[[ATTACHMENT|/Users/00145409nuralianatasha/Desktop/automation_Retail_FX(public_git)/Reports/20240229_120620/SOW2/Test on Different User/20240229_120620/1709179889285.png]]

2024-02-29 12:11:29 - [TEST_STEP][PASSED] - tap(findTestObject("SOW2-Market Order/android.widget.Dynamic_Button", ["text":"Next"]), 0, CONTINUE_ON_FAILURE): Tapped on element 'Object Repository/SOW2-Market Order/android.widget.Dynamic_Button'

2024-02-29 12:11:29 - [MESSAGE][WARNING] - Timeout '0' is invalid. Using default page load timeout: '30'

2024-02-29 12:11:29 - [MESSAGE][PASSED] - Tapped on element 'Object Repository/SOW2-Market Order/android.widget.Dynamic_Button'

2024-02-29 12:11:29 - [TEST_STEP][PASSED] - waitForElementPresent(findTestObject("Global Account Page/dynamicText", ["text":"Step 2 of 2"]), 5, CONTINUE_ON_FAILURE): Element 'Object Repository/Global Account Page/dynamicText' is present

2024-02-29 12:11:30 - [MESSAGE][PASSED] - Element 'Object Repository/Global Account Page/dynamicText' is present

2024-02-29 12:11:30 - [TEST_STEP][FAILED] - verifyElementExist(findTestObject("Global Account Page/dynamicText", ["text":"Step 2 of 2"]), 5, CONTINUE_ON_FAILURE): Element 'Object Repository/Global Account Page/dynamicText' not found

2024-02-29 12:11:36 - [MESSAGE][FAILED] - Element 'Object Repository/Global Account Page/dynamicText' not found

2024-02-29 12:11:36 - [TEST_STEP][PASSED] - takeScreenshot(): Screenshot is taken

2024-02-29 12:11:36 - [MESSAGE][PASSED] - Screenshot is taken
[[ATTACHMENT|/Users/00145409nuralianatasha/Desktop/automation_Retail_FX(public_git)/Reports/20240229_120620/SOW2/Test on Different User/20240229_120620/1709179896143.png]]

2024-02-29 12:11:36 - [TEST_STEP][PASSED] - tap(findTestObject("SOW2-Market Order/android.widget.Dynamic_Button", ["text":"Get Quote"]), 0, CONTINUE_ON_FAILURE): Tapped on element 'Object Repository/SOW2-Market Order/android.widget.Dynamic_Button'

2024-02-29 12:11:36 - [MESSAGE][WARNING] - Timeout '0' is invalid. Using default page load timeout: '30'

2024-02-29 12:11:46 - [MESSAGE][PASSED] - Tapped on element 'Object Repository/SOW2-Market Order/android.widget.Dynamic_Button'

2024-02-29 12:11:46 - [TEST_STEP][PASSED] - waitForElementPresent(findTestObject("Global Account Page/dynamicText", ["text":"Confirmation"]), 5, CONTINUE_ON_FAILURE): Element 'Object Repository/Global Account Page/dynamicText' is present

2024-02-29 12:11:47 - [MESSAGE][PASSED] - Element 'Object Repository/Global Account Page/dynamicText' is present

2024-02-29 12:11:47 - [TEST_STEP][PASSED] - comment("Confirmation Page"): Confirmation Page

2024-02-29 12:11:47 - [MESSAGE][INFO] - Confirmation Page

2024-02-29 12:11:47 - [TEST_STEP][PASSED] - verifyElementExist(findTestObject("Global Account Page/dynamicText", ["text":"Amount to receive"]), 5, CONTINUE_ON_FAILURE): Element 'Object Repository/Global Account Page/dynamicText' is exist

2024-02-29 12:11:48 - [MESSAGE][PASSED] - Element 'Object Repository/Global Account Page/dynamicText' is exist

2024-02-29 12:11:48 - [TEST_STEP][PASSED] - takeScreenshot(CONTINUE_ON_FAILURE): Screenshot is taken

2024-02-29 12:11:48 - [MESSAGE][PASSED] - Screenshot is taken
[[ATTACHMENT|/Users/00145409nuralianatasha/Desktop/automation_Retail_FX(public_git)/Reports/20240229_120620/SOW2/Test on Different User/20240229_120620/1709179908341.png]]

2024-02-29 12:11:48 - [TEST_STEP][PASSED] - tap(findTestObject("SOW2-Market Order/android.view.View - I have read and agree to the BNM Foreign Exchange Rules, I accept the declaration as well as the Terms  Conditions for this transfer"), 0, CONTINUE_ON_FAILURE): Tapped on element 'Object Repository/SOW2-Market Order/android.view.View - I have read and agree to the BNM Foreign Exchange Rules, I accept the declaration as well as the Terms  Conditions for this transfer'

2024-02-29 12:11:48 - [MESSAGE][WARNING] - Timeout '0' is invalid. Using default page load timeout: '30'

2024-02-29 12:11:49 - [MESSAGE][PASSED] - Tapped on element 'Object Repository/SOW2-Market Order/android.view.View - I have read and agree to the BNM Foreign Exchange Rules, I accept the declaration as well as the Terms  Conditions for this transfer'

2024-02-29 12:11:49 - [TEST_STEP][PASSED] - utilities.Mobile_Keywords.scrollFromTopToBottom(): utilities.Mobile_Keywords.scrollFromTopToBottom is PASSED

2024-02-29 12:11:49 - [MESSAGE][PASSED] - Current device physical height is 2180

2024-02-29 12:11:49 - [MESSAGE][PASSED] - Current device physical width is 1080

2024-02-29 12:11:50 - [MESSAGE][PASSED] - Swiped from 540,1,526 to 540,654

2024-02-29 12:11:55 - [MESSAGE][PASSED] - Delayed 5 second(s)

2024-02-29 12:11:55 - [MESSAGE][PASSED] - utilities.Mobile_Keywords.scrollFromTopToBottom is PASSED

2024-02-29 12:11:55 - [TEST_STEP][PASSED] - tap(findTestObject("SOW2-Market Order/android.widget.Dynamic_Button", ["text":"Confirm"]), 0, CONTINUE_ON_FAILURE): Tapped on element 'Object Repository/SOW2-Market Order/android.widget.Dynamic_Button'

2024-02-29 12:11:56 - [MESSAGE][WARNING] - Timeout '0' is invalid. Using default page load timeout: '30'

2024-02-29 12:11:56 - [MESSAGE][PASSED] - Tapped on element 'Object Repository/SOW2-Market Order/android.widget.Dynamic_Button'

2024-02-29 12:11:56 - [TEST_STEP][PASSED] - waitForElementPresent(findTestObject("Global Account Page/dynamicText", ["text":"Transaction Successful"]), 5, CONTINUE_ON_FAILURE): Element 'Object Repository/Global Account Page/dynamicText' is present

2024-02-29 12:12:03 - [MESSAGE][PASSED] - Element 'Object Repository/Global Account Page/dynamicText' is present

2024-02-29 12:12:03 - [TEST_STEP][PASSED] - verifyElementExist(findTestObject("Global Account Page/dynamicText", ["text":"Transaction Successful"]), 5, CONTINUE_ON_FAILURE): Element 'Object Repository/Global Account Page/dynamicText' is exist

2024-02-29 12:12:03 - [MESSAGE][PASSED] - Element 'Object Repository/Global Account Page/dynamicText' is exist

2024-02-29 12:12:03 - [TEST_STEP][PASSED] - verifyElementExist(findTestObject("Global Account Page/dynamicText", ["text":"Reference ID"]), 0, CONTINUE_ON_FAILURE): Element 'Object Repository/Global Account Page/dynamicText' is exist

2024-02-29 12:12:03 - [MESSAGE][WARNING] - Timeout '0' is invalid. Using default page load timeout: '30'

2024-02-29 12:12:04 - [MESSAGE][PASSED] - Element 'Object Repository/Global Account Page/dynamicText' is exist

2024-02-29 12:12:04 - [TEST_STEP][PASSED] - reference_id = getText(findTestObject("Market Order Page/android.widget.TextView - Reference ID"), 5, CONTINUE_ON_FAILURE): Text of element 'Object Repository/Market Order Page/android.widget.TextView - Reference ID' is: '004136807M'

2024-02-29 12:12:04 - [MESSAGE][PASSED] - Text of element 'Object Repository/Market Order Page/android.widget.TextView - Reference ID' is: '004136807M'

2024-02-29 12:12:04 - [TEST_STEP][PASSED] - amount_received = getText(findTestObject("transaction_successful/Amount received"), 5, CONTINUE_ON_FAILURE): Text of element 'Object Repository/transaction_successful/Amount received' is: 'USD 10.00'

2024-02-29 12:12:04 - [MESSAGE][PASSED] - Text of element 'Object Repository/transaction_successful/Amount received' is: 'USD 10.00'

2024-02-29 12:12:04 - [TEST_STEP][PASSED] - takeScreenshot(CONTINUE_ON_FAILURE): Screenshot is taken

2024-02-29 12:12:05 - [MESSAGE][PASSED] - Screenshot is taken
[[ATTACHMENT|/Users/00145409nuralianatasha/Desktop/automation_Retail_FX(public_git)/Reports/20240229_120620/SOW2/Test on Different User/20240229_120620/1709179924696.png]]

2024-02-29 12:12:05 - [TEST_STEP][PASSED] - tap(findTestObject("Global Account Page/dynamicText", ["text":"Share Receipt"]), 0, CONTINUE_ON_FAILURE): Tapped on element 'Object Repository/Global Account Page/dynamicText'

2024-02-29 12:12:05 - [MESSAGE][WARNING] - Timeout '0' is invalid. Using default page load timeout: '30'

2024-02-29 12:12:05 - [MESSAGE][PASSED] - Tapped on element 'Object Repository/Global Account Page/dynamicText'

2024-02-29 12:12:05 - [TEST_STEP][PASSED] - delay(10): Delayed 10 second(s)

2024-02-29 12:12:15 - [MESSAGE][PASSED] - Delayed 10 second(s)

2024-02-29 12:12:15 - [TEST_STEP][PASSED] - waitForElementPresent(findTestObject("Global Account Page/dynamicText", ["text":"Currency Exchange"]), 5, CONTINUE_ON_FAILURE): Element 'Object Repository/Global Account Page/dynamicText' is present

2024-02-29 12:12:16 - [MESSAGE][PASSED] - Element 'Object Repository/Global Account Page/dynamicText' is present

2024-02-29 12:12:16 - [TEST_STEP][PASSED] - verifyElementExist(findTestObject("Global Account Page/dynamicText", ["text":"Completed"]), 5, CONTINUE_ON_FAILURE): Element 'Object Repository/Global Account Page/dynamicText' is exist

2024-02-29 12:12:16 - [MESSAGE][PASSED] - Element 'Object Repository/Global Account Page/dynamicText' is exist

2024-02-29 12:12:16 - [TEST_STEP][PASSED] - takeScreenshot(): Screenshot is taken

2024-02-29 12:12:16 - [MESSAGE][PASSED] - Screenshot is taken
[[ATTACHMENT|/Users/00145409nuralianatasha/Desktop/automation_Retail_FX(public_git)/Reports/20240229_120620/SOW2/Test on Different User/20240229_120620/1709179936305.png]]

2024-02-29 12:12:16 - [TEST_STEP][PASSED] - utilities.Mobile_Keywords.scrollFromTopToBottom(): utilities.Mobile_Keywords.scrollFromTopToBottom is PASSED

2024-02-29 12:12:16 - [MESSAGE][PASSED] - Current device physical height is 2180

2024-02-29 12:12:16 - [MESSAGE][PASSED] - Current device physical width is 1080

2024-02-29 12:12:18 - [MESSAGE][PASSED] - Swiped from 540,1,526 to 540,654

2024-02-29 12:12:23 - [MESSAGE][PASSED] - Delayed 5 second(s)

2024-02-29 12:12:23 - [MESSAGE][PASSED] - utilities.Mobile_Keywords.scrollFromTopToBottom is PASSED

2024-02-29 12:12:23 - [TEST_STEP][PASSED] - delay(5): Delayed 5 second(s)

2024-02-29 12:12:28 - [MESSAGE][PASSED] - Delayed 5 second(s)

2024-02-29 12:12:28 - [TEST_STEP][PASSED] - takeScreenshot(): Screenshot is taken

2024-02-29 12:12:28 - [MESSAGE][PASSED] - Screenshot is taken
[[ATTACHMENT|/Users/00145409nuralianatasha/Desktop/automation_Retail_FX(public_git)/Reports/20240229_120620/SOW2/Test on Different User/20240229_120620/1709179948168.png]]

2024-02-29 12:12:28 - [TEST_STEP][PASSED] - tap(findTestObject("Market Order Page/android.widget.ImageViewBack_Button"), 0, CONTINUE_ON_FAILURE): Tapped on element 'Object Repository/Market Order Page/android.widget.ImageViewBack_Button'

2024-02-29 12:12:28 - [MESSAGE][WARNING] - Timeout '0' is invalid. Using default page load timeout: '30'

2024-02-29 12:12:28 - [MESSAGE][PASSED] - Tapped on element 'Object Repository/Market Order Page/android.widget.ImageViewBack_Button'

2024-02-29 12:12:28 - [TEST_STEP][PASSED] - waitForElementPresent(findTestObject("Global Account Page/dynamicText", ["text":"Transaction Successful"]), 0, CONTINUE_ON_FAILURE): Element 'Object Repository/Global Account Page/dynamicText' is present

2024-02-29 12:12:28 - [MESSAGE][WARNING] - Timeout '0' is invalid. Using default page load timeout: '30'

2024-02-29 12:12:30 - [MESSAGE][PASSED] - Element 'Object Repository/Global Account Page/dynamicText' is present

2024-02-29 12:12:30 - [TEST_STEP][PASSED] - verifyElementExist(findTestObject("Global Account Page/dynamicText", ["text":"Transaction Successful"]), 0, CONTINUE_ON_FAILURE): Element 'Object Repository/Global Account Page/dynamicText' is exist

2024-02-29 12:12:30 - [MESSAGE][WARNING] - Timeout '0' is invalid. Using default page load timeout: '30'

2024-02-29 12:12:30 - [MESSAGE][PASSED] - Element 'Object Repository/Global Account Page/dynamicText' is exist

2024-02-29 12:12:30 - [TEST_STEP][PASSED] - CurrentDate = Validation.datetime(): null

2024-02-29 12:12:30 - [TEST_STEP][PASSED] - comment("The Current Date is " + CurrentDate): The Current Date is 29 Feb 2024 12:12

2024-02-29 12:12:30 - [MESSAGE][INFO] - The Current Date is 29 Feb 2024 12:12

2024-02-29 12:12:30 - [TEST_STEP][PASSED] - takeScreenshot(): Screenshot is taken

2024-02-29 12:12:30 - [MESSAGE][PASSED] - Screenshot is taken
[[ATTACHMENT|/Users/00145409nuralianatasha/Desktop/automation_Retail_FX(public_git)/Reports/20240229_120620/SOW2/Test on Different User/20240229_120620/1709179950397.png]]

2024-02-29 12:12:30 - [TEST_STEP][PASSED] - tap(findTestObject("Global Account Page/dynamicText", ["text":"Done"]), 0, CONTINUE_ON_FAILURE): Tapped on element 'Object Repository/Global Account Page/dynamicText'

2024-02-29 12:12:30 - [MESSAGE][WARNING] - Timeout '0' is invalid. Using default page load timeout: '30'

2024-02-29 12:12:31 - [MESSAGE][PASSED] - Tapped on element 'Object Repository/Global Account Page/dynamicText'

2024-02-29 12:12:31 - [TEST_STEP][PASSED] - data_to_excel.dealt_ammount(row, reference_id, username, base_currency, dealt_currency, amount_received): null

2024-02-29 12:12:31 - [TEST_STEP][PASSED] - tap(findTestObject("SOW2-Market Order/Back_Button_Currency_Exchange"), 0, CONTINUE_ON_FAILURE): Tapped on element 'Object Repository/SOW2-Market Order/Back_Button_Currency_Exchange'

2024-02-29 12:12:31 - [MESSAGE][WARNING] - Timeout '0' is invalid. Using default page load timeout: '30'

2024-02-29 12:12:32 - [MESSAGE][PASSED] - Tapped on element 'Object Repository/SOW2-Market Order/Back_Button_Currency_Exchange'

2024-02-29 12:12:32 - [TEST_STEP][PASSED] - Utility.doubleTap(): Current device physical width is 1080

2024-02-29 12:12:32 - [MESSAGE][PASSED] - Current device physical height is 2180

2024-02-29 12:12:32 - [MESSAGE][PASSED] - Current device physical width is 1080

2024-02-29 12:12:53 - [TEST_STEP][PASSED] - waitForElementPresent(findTestObject("Global Account Page/dynamicText", ["text":"DEV OPTIONS"]), 0, CONTINUE_ON_FAILURE): Element 'Object Repository/Global Account Page/dynamicText' is present

2024-02-29 12:12:53 - [MESSAGE][WARNING] - Timeout '0' is invalid. Using default page load timeout: '30'

2024-02-29 12:12:53 - [MESSAGE][PASSED] - Element 'Object Repository/Global Account Page/dynamicText' is present

2024-02-29 12:12:53 - [TEST_STEP][PASSED] - waitForElementPresent(findTestObject("Global Account Page/dynamicText", ["text":"CLEAR DATA & CACHE"]), 0, CONTINUE_ON_FAILURE): Element 'Object Repository/Global Account Page/dynamicText' is present

2024-02-29 12:12:53 - [MESSAGE][WARNING] - Timeout '0' is invalid. Using default page load timeout: '30'

2024-02-29 12:12:54 - [MESSAGE][PASSED] - Element 'Object Repository/Global Account Page/dynamicText' is present

2024-02-29 12:12:54 - [TEST_STEP][PASSED] - tap(findTestObject("Global Account Page/dynamicText", ["text":"CLEAR DATA & CACHE"]), 0, CONTINUE_ON_FAILURE): Tapped on element 'Object Repository/Global Account Page/dynamicText'

2024-02-29 12:12:54 - [MESSAGE][WARNING] - Timeout '0' is invalid. Using default page load timeout: '30'

2024-02-29 12:12:54 - [MESSAGE][PASSED] - Tapped on element 'Object Repository/Global Account Page/dynamicText'

2024-02-29 12:12:54 - [TEST_STEP][PASSED] - waitForElementPresent(findTestObject("Global Account Page/dynamicText", ["text":"Confirmation"]), 0, CONTINUE_ON_FAILURE): Element 'Object Repository/Global Account Page/dynamicText' is present

2024-02-29 12:12:54 - [MESSAGE][WARNING] - Timeout '0' is invalid. Using default page load timeout: '30'

2024-02-29 12:12:55 - [MESSAGE][PASSED] - Element 'Object Repository/Global Account Page/dynamicText' is present

2024-02-29 12:12:55 - [TEST_STEP][PASSED] - tap(findTestObject("SOW2-Market Order/android.widget.Button - YES"), 0, CONTINUE_ON_FAILURE): Tapped on element 'Object Repository/SOW2-Market Order/android.widget.Button - YES'

2024-02-29 12:12:55 - [MESSAGE][WARNING] - Timeout '0' is invalid. Using default page load timeout: '30'

2024-02-29 12:12:55 - [MESSAGE][PASSED] - Tapped on element 'Object Repository/SOW2-Market Order/android.widget.Button - YES'

2024-02-29 12:12:55 - [TEST_STEP][PASSED] - delay(10): Delayed 10 second(s)

2024-02-29 12:13:05 - [MESSAGE][PASSED] - Delayed 10 second(s)

2024-02-29 12:13:05 - [TEST_STEP][PASSED] - utilities.General_Onboarding.Onboarding_Different_User(row): utilities.General_Onboarding.Onboarding_Different_User is PASSED

2024-02-29 12:13:06 - [MESSAGE][PASSED] - Tapped on element 'Object Repository/Onboarding_Obj/Next_Button'

2024-02-29 12:13:07 - [MESSAGE][PASSED] - Tapped on element 'Object Repository/Onboarding_Obj/Next_Button01'

2024-02-29 12:13:07 - [MESSAGE][PASSED] - Tapped on element 'Object Repository/Onboarding_Obj/Next_button02'

2024-02-29 12:13:12 - [MESSAGE][WARNING] - Object Object Repository/Onboarding_Obj/Next_button03 not found

2024-02-29 12:13:13 - [MESSAGE][PASSED] - Tapped on element 'Object Repository/Onboarding_Obj/Got_It_Button'

2024-02-29 12:13:14 - [MESSAGE][PASSED] - Tapped on element 'Object Repository/Onboarding_Obj/Agree_Button1'

2024-02-29 12:13:17 - [MESSAGE][PASSED] - Element 'Object Repository/Onboarding_Obj/Log_In_Now_Button' is exist

2024-02-29 12:13:18 - [MESSAGE][PASSED] - Tapped on element 'Object Repository/Dashboard_Login/Onboarding_Login/android.widget.TextView - Log In Now'

2024-02-29 12:13:19 - [MESSAGE][PASSED] - Tapped on element 'Object Repository/Dashboard_Login/Onboarding_Login/android.widget.TextView - Existing M2UMAE user Log in here'

2024-02-29 12:13:21 - [MESSAGE][PASSED] - Text 'haniftest782' has been set to element 'Object Repository/Dashboard_Login/Onboarding_Login/Username'

2024-02-29 12:13:23 - [MESSAGE][PASSED] - Keyboard is hidden

2024-02-29 12:13:23 - [MESSAGE][PASSED] - Tapped on element 'Object Repository/Dashboard_Login/Onboarding_Login/android.widget.TextView - Continue'

2024-02-29 12:13:25 - [MESSAGE][PASSED] - Tapped on element 'Object Repository/Dashboard_Login/Onboarding_Login/android.widget.TextView - Yes, Its Mine'

2024-02-29 12:13:27 - [MESSAGE][PASSED] - Text 'Maybank@1' has been set to element 'Object Repository/Dashboard_Login/Onboarding_Login/Password'

2024-02-29 12:13:30 - [MESSAGE][PASSED] - Keyboard is hidden

2024-02-29 12:13:31 - [MESSAGE][PASSED] - Tapped on element 'Object Repository/Dashboard_Login/Onboarding_Login/android.widget.TextView - Continue (1)'

2024-02-29 12:14:01 - [MESSAGE][WARNING] - Element 'Object Repository/Onboarding_Obj/android.widget.TextView - Your Maybank2u ID is already linked to the following device' not found

2024-02-29 12:14:01 - [MESSAGE][WARNING] - Timeout '0' is invalid. Using default page load timeout: '30'

2024-02-29 12:14:01 - [MESSAGE][PASSED] - Tapped on element 'Object Repository/Dashboard_Login/Onboarding_Login/android.widget.TextView - Your PIN no. is 111111'

2024-02-29 12:14:03 - [MESSAGE][PASSED] - Tapped on element 'Object Repository/Dashboard_Login/Onboarding_Login/android.widget.ImageView'

2024-02-29 12:14:04 - [MESSAGE][PASSED] - Tapped on element 'Object Repository/Dashboard_Login/Onboarding_Login/android.widget.TextView - Your PIN no. is 111111'

2024-02-29 12:14:06 - [MESSAGE][PASSED] - Tapped on element 'Object Repository/Dashboard_Login/Onboarding_Login/android.widget.ImageView'

2024-02-29 12:14:08 - [MESSAGE][PASSED] - Tapped on element 'Object Repository/Dashboard_Login/Onboarding_Login/android.widget.TextView - Set Up Later'

2024-02-29 12:14:09 - [MESSAGE][PASSED] - Tapped on element 'Object Repository/Dashboard_Login/Onboarding_Login/android.widget.TextView - Yes, Proceed'

2024-02-29 12:14:14 - [MESSAGE][PASSED] - Text of element 'Object Repository/Dashboard_Login/Onboarding_Login/android.widget.TextView - OTP' is: 'Your OTP no. is 698313'

2024-02-29 12:14:14 - [MESSAGE][PASSED] - Tapped on element 'Object Repository/OTP_Number/Button_6'

2024-02-29 12:14:15 - [MESSAGE][PASSED] - Delayed 1 second(s)

2024-02-29 12:14:18 - [MESSAGE][PASSED] - Tapped on element 'Object Repository/OTP_Number/Button_9'

2024-02-29 12:14:19 - [MESSAGE][PASSED] - Delayed 1 second(s)

2024-02-29 12:14:19 - [MESSAGE][PASSED] - Tapped on element 'Object Repository/OTP_Number/Button_8'

2024-02-29 12:14:20 - [MESSAGE][PASSED] - Delayed 1 second(s)

2024-02-29 12:14:21 - [MESSAGE][PASSED] - Tapped on element 'Object Repository/OTP_Number/Button_3'

2024-02-29 12:14:22 - [MESSAGE][PASSED] - Delayed 1 second(s)

2024-02-29 12:14:23 - [MESSAGE][PASSED] - Tapped on element 'Object Repository/OTP_Number/Button_1'

2024-02-29 12:14:24 - [MESSAGE][PASSED] - Delayed 1 second(s)

2024-02-29 12:14:25 - [MESSAGE][PASSED] - Tapped on element 'Object Repository/OTP_Number/Button_3'

2024-02-29 12:14:26 - [MESSAGE][PASSED] - Delayed 1 second(s)

2024-02-29 12:14:27 - [MESSAGE][PASSED] - Tapped on element 'Object Repository/OTP_Number/Enter_Image'

2024-02-29 12:14:31 - [MESSAGE][PASSED] - Text 'Haniftest' has been set to element 'Object Repository/Dashboard_Login/Onboarding_Login/android.widget.EditText - Enter your name'

2024-02-29 12:14:32 - [MESSAGE][PASSED] - Tapped on element 'Object Repository/Dashboard_Login/Onboarding_Login/android.widget.TextView - Continue (1)'

2024-02-29 12:14:35 - [MESSAGE][PASSED] - Tapped on element 'Object Repository/Dashboard_Login/Onboarding_Login/GetCurrency'

2024-02-29 12:14:36 - [MESSAGE][PASSED] - Tapped on element 'Object Repository/Dashboard_Login/Onboarding_Login/android.widget.TextView - Next'

2024-02-29 12:14:41 - [MESSAGE][WARNING] - Failed to tap on element 'Object Repository/Onboarding_Obj/android.widget.Close_Button' (Root cause: org.openqa.selenium.StaleElementReferenceException: Cached elements 'By.xpath: //hierarchy/android.widget.FrameLayout[1]/android.widget.LinearLayout[1]/android.widget.FrameLayout[1]/android.widget.LinearLayout[1]/android.widget.FrameLayout[1]/android.widget.FrameLayout[1]/android.view.ViewGroup[1]/android.view.ViewGroup[1]/android.view.ViewGroup[1]/android.view.ViewGroup[1]/android.view.ViewGroup[1]/android.widget.FrameLayout[1]/android.view.ViewGroup[1]/android.view.ViewGroup[1]/android.view.ViewGroup[1]/android.view.ViewGroup[1]/android.view.ViewGroup[1]/android.view.ViewGroup[1]/android.widget.FrameLayout[1]/android.view.ViewGroup[1]/android.view.ViewGroup[1]/android.view.ViewGroup[1]/android.view.ViewGroup[1]/android.view.ViewGroup[1]/android.view.ViewGroup[1]/android.view.ViewGroup[1]/android.view.ViewGroup[1]/android.view.ViewGroup[3]/android.view.ViewGroup[1]/android.widget.ImageView[1]' do not exist in DOM anymore
For documentation on this error, please visit: https://www.seleniumhq.org/exceptions/stale_element_reference.html
Build info: version: '3.141.59', revision: 'e82be7d358', time: '2018-11-14T08:25:53'
System info: host: '00145409s-MacBook-Pro.local', ip: 'fe80:0:0:0:1c78:916:5c04:efb3%en0', os.name: 'Mac OS X', os.arch: 'x86_64', os.version: '10.16', java.version: '1.8.0_275'
Driver info: com.kms.katalon.core.appium.driver.SwipeableAndroidDriver
Capabilities {appActivity: .Settings, appPackage: com.android.settings, appWaitActivity: , autoGrantPermission: true, autoGrantPermissions: true, automationName: uiautomator2, chromedriverPort: 53333, databaseEnabled: false, desired: {appActivity: .Settings, appPackage: com.android.settings, appWaitActivity: , autoGrantPermission: true, autoGrantPermissions: true, automationName: uiautomator2, chromedriverPort: 53333, deviceId: , deviceName: Xiaomi M2007J3SY (Android 10), newCommandTimeout: 10000, noReset: true, platform: ANDROID, platformName: android, platformVersion: 10, systemPort: 8225, udid: f5a0e2d9}, deviceApiLevel: 29, deviceId: , deviceManufacturer: Xiaomi, deviceModel: M2007J3SY, deviceName: f5a0e2d9, deviceScreenDensity: 440, deviceScreenSize: 1080x2400, deviceUDID: f5a0e2d9, javascriptEnabled: true, locationContextEnabled: false, networkConnectionEnabled: true, newCommandTimeout: 10000, noReset: true, pixelRatio: 2.75, platform: ANDROID, platformName: Android, platformVersion: 10, statBarHeight: 90, systemPort: 8225, takesScreenshot: true, udid: f5a0e2d9, viewportRect: {height: 2090, left: 0, top: 90, width: 1080}, warnings: {}, webStorageEnabled: false}
Session ID: 8ce6f97a-7302-42fb-8a6f-28bc295d9220
	at org.openqa.selenium.remote.http.W3CHttpResponseCodec.createException(W3CHttpResponseCodec.java:187)
	at org.openqa.selenium.remote.http.W3CHttpResponseCodec.decode(W3CHttpResponseCodec.java:122)
	at org.openqa.selenium.remote.http.W3CHttpResponseCodec.decode(W3CHttpResponseCodec.java:49)
	at org.openqa.selenium.remote.HttpCommandExecutor.execute(HttpCommandExecutor.java:158)
	at io.appium.java_client.remote.AppiumCommandExecutor.execute(AppiumCommandExecutor.java:239)
	at org.openqa.selenium.remote.RemoteWebDriver.execute(RemoteWebDriver.java:552)
	at io.appium.java_client.DefaultGenericMobileDriver.execute(DefaultGenericMobileDriver.java:42)
	at io.appium.java_client.AppiumDriver.execute(AppiumDriver.java:1)
	at io.appium.java_client.android.AndroidDriver.execute(AndroidDriver.java:1)
	at com.kms.katalon.core.appium.driver.SwipeableAndroidDriver.execute(SwipeableAndroidDriver.java:1)
	at org.openqa.selenium.remote.RemoteWebElement.execute(RemoteWebElement.java:285)
	at io.appium.java_client.DefaultGenericMobileElement.execute(DefaultGenericMobileElement.java:45)
	at io.appium.java_client.MobileElement.execute(MobileElement.java:1)
	at io.appium.java_client.android.AndroidElement.execute(AndroidElement.java:1)
	at org.openqa.selenium.remote.RemoteWebElement.getLocation(RemoteWebElement.java:337)
	at org.openqa.selenium.WebElement$getLocation.call(Unknown Source)
	at com.kms.katalon.core.mobile.keyword.internal.MobileAbstractKeyword.findElement(MobileAbstractKeyword.groovy:86)
	at com.kms.katalon.core.mobile.keyword.builtin.TapKeyword.access$1(TapKeyword.groovy)
	at com.kms.katalon.core.mobile.keyword.builtin.TapKeyword$_tap_closure1.doCall(TapKeyword.groovy:76)
	at com.kms.katalon.core.mobile.keyword.builtin.TapKeyword$_tap_closure1.call(TapKeyword.groovy)
	at com.kms.katalon.core.mobile.keyword.internal.MobileKeywordMain.runKeyword(MobileKeywordMain.groovy:21)
	at com.kms.katalon.core.mobile.keyword.builtin.TapKeyword.tap(TapKeyword.groovy:84)
	at com.kms.katalon.core.mobile.keyword.builtin.TapKeyword.execute(TapKeyword.groovy:68)
	at com.kms.katalon.core.keyword.internal.KeywordExecutor.executeKeywordForPlatform(KeywordExecutor.groovy:74)
	at com.kms.katalon.core.mobile.keyword.MobileBuiltInKeywords.tap(MobileBuiltInKeywords.groovy:1476)
	at com.kms.katalon.core.mobile.keyword.MobileBuiltInKeywords$tap$0.call(Unknown Source)
	at utilities.General_Onboarding.Onboarding_Different_User(General_Onboarding.groovy:341)
	at utilities.General_Onboarding.invokeMethod(General_Onboarding.groovy)
	at com.kms.katalon.core.main.CustomKeywordDelegatingMetaClass.invokeStaticMethod(CustomKeywordDelegatingMetaClass.java:55)
	at E2E - different User by Dealt Currency.run(E2E - different User by Dealt Currency:31)
	at com.kms.katalon.core.main.ScriptEngine.run(ScriptEngine.java:194)
	at com.kms.katalon.core.main.ScriptEngine.runScriptAsRawText(ScriptEngine.java:119)
	at com.kms.katalon.core.main.TestCaseExecutor.runScript(TestCaseExecutor.java:448)
	at com.kms.katalon.core.main.TestCaseExecutor.doExecute(TestCaseExecutor.java:439)
	at com.kms.katalon.core.main.TestCaseExecutor.processExecutionPhase(TestCaseExecutor.java:418)
	at com.kms.katalon.core.main.TestCaseExecutor.accessMainPhase(TestCaseExecutor.java:410)
	at com.kms.katalon.core.main.TestCaseExecutor.execute(TestCaseExecutor.java:285)
	at com.kms.katalon.core.common.CommonExecutor.accessTestCaseMainPhase(CommonExecutor.java:65)
	at com.kms.katalon.core.main.TestSuiteExecutor.accessTestSuiteMainPhase(TestSuiteExecutor.java:148)
	at com.kms.katalon.core.main.TestSuiteExecutor.execute(TestSuiteExecutor.java:106)
	at com.kms.katalon.core.main.TestCaseMain.startTestSuite(TestCaseMain.java:187)
	at com.kms.katalon.core.main.TestCaseMain$startTestSuite$0.call(Unknown Source)
	at TempTestSuite1709179580552.run(TempTestSuite1709179580552.groovy:36)
)
[[ATTACHMENT|/Users/00145409nuralianatasha/Desktop/automation_Retail_FX(public_git)/Reports/20240229_120620/SOW2/Test on Different User/20240229_120620/1709180080434.png]]

2024-02-29 12:14:46 - [MESSAGE][WARNING] - Object Object Repository/Global Account Page/dynamicText not found

2024-02-29 12:14:46 - [MESSAGE][WARNING] - Timeout '0' is invalid. Using default page load timeout: '30'

2024-02-29 12:14:58 - [MESSAGE][PASSED] - Element 'Object Repository/Dashboard_Login/User_name' is exist

2024-02-29 12:14:58 - [MESSAGE][WARNING] - Timeout '0' is invalid. Using default page load timeout: '30'

2024-02-29 12:14:58 - [MESSAGE][PASSED] - Tapped on element 'Object Repository/Mange_Quick_Actions/android.widget.TextView - Customise'

2024-02-29 12:14:58 - [MESSAGE][WARNING] - Timeout '0' is invalid. Using default page load timeout: '30'

2024-02-29 12:14:59 - [MESSAGE][PASSED] - Element 'Object Repository/Mange_Quick_Actions/android.widget.TextView - Manage Quick Actions' is present

2024-02-29 12:14:59 - [MESSAGE][WARNING] - Timeout '0' is invalid. Using default page load timeout: '30'

2024-02-29 12:14:59 - [MESSAGE][PASSED] - Element 'Object Repository/Mange_Quick_Actions/android.widget.TextView - Manage Quick Actions' is exist

2024-02-29 12:14:59 - [MESSAGE][WARNING] - Timeout '0' is invalid. Using default page load timeout: '30'

2024-02-29 12:15:00 - [MESSAGE][PASSED] - Element 'Object Repository/Mange_Quick_Actions/android.widget.TextView - Simply hold and drag to rearrange the actions' is exist

2024-02-29 12:15:00 - [MESSAGE][WARNING] - Timeout '0' is invalid. Using default page load timeout: '30'

2024-02-29 12:15:00 - [MESSAGE][PASSED] - Element 'Object Repository/Mange_Quick_Actions/android.widget.TextView - Your current favourite actions' is exist

2024-02-29 12:15:00 - [MESSAGE][WARNING] - Timeout '0' is invalid. Using default page load timeout: '30'

2024-02-29 12:15:01 - [MESSAGE][PASSED] - Object 'Object Repository/Mange_Quick_Actions/android.widget.TextView - Save Changes' has attribute 'clickable' with value 'false'

2024-02-29 12:15:01 - [MESSAGE][PASSED] - Screenshot is taken
[[ATTACHMENT|/Users/00145409nuralianatasha/Desktop/automation_Retail_FX(public_git)/Reports/20240229_120620/SOW2/Test on Different User/20240229_120620/1709180101107.png]]

2024-02-29 12:15:01 - [MESSAGE][WARNING] - Timeout '0' is invalid. Using default page load timeout: '30'

2024-02-29 12:15:01 - [MESSAGE][PASSED] - Tapped on element 'Object Repository/Mange_Quick_Actions/android.widget.Remove_Image'

2024-02-29 12:15:02 - [MESSAGE][PASSED] - Swiped from 271,1,756 to 0,0

2024-02-29 12:15:03 - [MESSAGE][PASSED] - Screenshot is taken
[[ATTACHMENT|/Users/00145409nuralianatasha/Desktop/automation_Retail_FX(public_git)/Reports/20240229_120620/SOW2/Test on Different User/20240229_120620/1709180103007.png]]

2024-02-29 12:15:03 - [MESSAGE][WARNING] - Timeout '0' is invalid. Using default page load timeout: '30'

2024-02-29 12:15:03 - [MESSAGE][PASSED] - Tapped on element 'Object Repository/Mange_Quick_Actions/android.widget.TextView - Currency Exchange'

2024-02-29 12:15:03 - [MESSAGE][WARNING] - Timeout '0' is invalid. Using default page load timeout: '30'

2024-02-29 12:15:04 - [MESSAGE][PASSED] - Tapped on element 'Object Repository/Mange_Quick_Actions/android.widget.TextView - Save Changes'

2024-02-29 12:15:04 - [MESSAGE][PASSED] - Screenshot is taken
[[ATTACHMENT|/Users/00145409nuralianatasha/Desktop/automation_Retail_FX(public_git)/Reports/20240229_120620/SOW2/Test on Different User/20240229_120620/1709180104484.png]]

2024-02-29 12:15:04 - [MESSAGE][WARNING] - Timeout '0' is invalid. Using default page load timeout: '30'

2024-02-29 12:15:05 - [MESSAGE][PASSED] - Element 'Object Repository/Quick_Action/android.widget.TextView - Currency Exchange' is exist

2024-02-29 12:15:06 - [MESSAGE][WARNING] - Timeout '0' is invalid. Using default page load timeout: '30'

2024-02-29 12:15:06 - [MESSAGE][PASSED] - Tapped on element 'Object Repository/Quick_Action/android.widget.TextView - Currency Exchange'

2024-02-29 12:15:06 - [MESSAGE][WARNING] - Timeout '0' is invalid. Using default page load timeout: '30'

2024-02-29 12:15:08 - [MESSAGE][PASSED] - Tapped on element 'Object Repository/Global Account Page/dynamicText'

2024-02-29 12:15:08 - [MESSAGE][PASSED] - utilities.General_Onboarding.Onboarding_Different_User is PASSED

2024-02-29 12:15:08 - [TEST_STEP][PASSED] - username = findTestData("Dealt_MYR_SGD").getValue("Username", row): null

2024-02-29 12:15:08 - [TEST_STEP][PASSED] - base_currency = findTestData("Dealt_MYR_SGD").getValue("Base_Currency", row): null

2024-02-29 12:15:08 - [TEST_STEP][PASSED] - dealt_currency = findTestData("Dealt_MYR_SGD").getValue("Dealt_Currency", row): null

2024-02-29 12:15:08 - [TEST_STEP][PASSED] - checkLinkedDevice = Validation.checkElementExists("Object Repository/Market Order Page/android.widget.TextView - Enter your password"): Element 'Object Repository/Market Order Page/android.widget.TextView - Enter your password' not found

2024-02-29 12:15:38 - [MESSAGE][WARNING] - Element 'Object Repository/Market Order Page/android.widget.TextView - Enter your password' not found

2024-02-29 12:15:38 - [TEST_STEP][PASSED] - if (checkLinkedDevice == true): null

2024-02-29 12:15:38 - [TEST_STEP][PASSED] - else: null

2024-02-29 12:15:38 - [TEST_STEP][PASSED] - CONTINUE_ON_FAILURE: null

2024-02-29 12:15:38 - [TEST_STEP][PASSED] - delay(10): Delayed 10 second(s)

2024-02-29 12:15:48 - [MESSAGE][PASSED] - Delayed 10 second(s)

2024-02-29 12:15:48 - [TEST_STEP][FAILED] - utilities.Deal_Agregator.MarketOrder_FromDropdown(findTestData("Dealt_MYR_SGD").getValue("Base_Currency", row)): com.kms.katalon.core.exception.StepFailedException: Object Object Repository/SOW2-Market Order/Convert_Dropdown/android.widget.EditText_Select_Currency not found

2024-02-29 12:15:54 - [MESSAGE][WARNING] - Object Object Repository/SOW2-Market Order/Convert_Dropdown/android.widget.TextView - Convert_Dropdown not found

2024-02-29 12:15:59 - [MESSAGE][WARNING] - Object Object Repository/SOW2-Market Order/Convert_Dropdown/android.view.View - Select Currency not found

2024-02-29 12:16:04 - [MESSAGE][FAILED] - Object Object Repository/SOW2-Market Order/Convert_Dropdown/android.widget.EditText_Select_Currency not found

2024-02-29 12:16:09 - [MESSAGE][FAILED] - Object Object Repository/SOW2-Market Order/Convert_Dropdown/android.widget.EditText_Select_Currency not found

2024-02-29 12:16:09 - [MESSAGE][PASSED] - Keyboard is hidden

2024-02-29 12:16:15 - [MESSAGE][PASSED] - Delayed 5 second(s)

2024-02-29 12:16:20 - [MESSAGE][FAILED] - Object Object Repository/Global Account Page/dynamicText not found

2024-02-29 12:16:20 - [MESSAGE][FAILED] - com.kms.katalon.core.exception.StepFailedException: Object Object Repository/SOW2-Market Order/Convert_Dropdown/android.widget.EditText_Select_Currency not found

2024-02-29 12:16:20 - [TEST_STEP][PASSED] - delay(10): Delayed 10 second(s)

2024-02-29 12:16:30 - [MESSAGE][PASSED] - Delayed 10 second(s)

2024-02-29 12:16:30 - [TEST_STEP][FAILED] - tap(findTestObject("SOW2-Market Order/android.widget.TextView _EditText"), 0, CONTINUE_ON_FAILURE): Object Object Repository/SOW2-Market Order/android.widget.TextView _EditText not found

2024-02-29 12:16:30 - [MESSAGE][WARNING] - Timeout '0' is invalid. Using default page load timeout: '30'

2024-02-29 12:17:00 - [MESSAGE][FAILED] - Object Object Repository/SOW2-Market Order/android.widget.TextView _EditText not found

2024-02-29 12:17:00 - [TEST_STEP][PASSED] - digits = "5000": null

2024-02-29 12:17:00 - [TEST_STEP][PASSED] - Currency_Calculator.Currency_Numpad(digits): Object Object Repository/Calc_Pad/android.widget.Image not found

2024-02-29 12:17:05 - [MESSAGE][WARNING] - Object Object Repository/Calc_Pad/android.widget.TextView - 5 not found

2024-02-29 12:17:10 - [MESSAGE][WARNING] - Object Object Repository/Calc_Pad/android.widget.TextView - 0 not found

2024-02-29 12:17:16 - [MESSAGE][WARNING] - Object Object Repository/Calc_Pad/android.widget.TextView - 0 not found

2024-02-29 12:17:21 - [MESSAGE][WARNING] - Object Object Repository/Calc_Pad/android.widget.TextView - 0 not found

2024-02-29 12:17:26 - [MESSAGE][WARNING] - Object Object Repository/Calc_Pad/android.widget.Image not found

2024-02-29 12:17:26 - [TEST_STEP][PASSED] - utilities.Deal_Agregator.sow2market_orderdropdown(findTestData("Dealt_MYR_SGD").getValue("Dealt_Currency", row)): utilities.Deal_Agregator.sow2market_orderdropdown is PASSED

2024-02-29 12:17:26 - [MESSAGE][WARNING] - Timeout '0' is invalid. Using default page load timeout: '30'

2024-02-29 12:17:41 - [MESSAGE][PASSED] - Tapped on element 'Object Repository/SOW2-Market Order/Select_Currency Dropdown'

2024-02-29 12:17:41 - [MESSAGE][PASSED] - Element 'Object Repository/SOW2-Market Order/android.view.View - Select Currency' is present

2024-02-29 12:17:42 - [MESSAGE][PASSED] - Element 'Object Repository/SOW2-Market Order/android.view.View - Select Currency' is exist

2024-02-29 12:17:42 - [MESSAGE][PASSED] - Tapped on element 'Object Repository/SOW2-Market Order/android.widget.EditText_SearchCurrency'

2024-02-29 12:17:43 - [MESSAGE][PASSED] - Text 'MYR' has been set to element 'Object Repository/SOW2-Market Order/android.widget.EditText_SearchCurrency'

2024-02-29 12:17:44 - [MESSAGE][PASSED] - Keyboard is hidden

2024-02-29 12:17:49 - [MESSAGE][PASSED] - Delayed 5 second(s)

2024-02-29 12:17:51 - [MESSAGE][PASSED] - Tapped on element 'Object Repository/Global Account Page/dynamicText'

2024-02-29 12:17:51 - [MESSAGE][PASSED] - utilities.Deal_Agregator.sow2market_orderdropdown is PASSED

2024-02-29 12:17:51 - [TEST_STEP][PASSED] - verifyElementExist(findTestObject("Global Account Page/dynamicText", ["text":"Exchange rate"]), 5, CONTINUE_ON_FAILURE): Element 'Object Repository/Global Account Page/dynamicText' is exist

2024-02-29 12:17:54 - [MESSAGE][PASSED] - Element 'Object Repository/Global Account Page/dynamicText' is exist

2024-02-29 12:17:54 - [TEST_STEP][PASSED] - tap(findTestObject("SOW2-Market Order/android.widget.EditText _Amount to Received"), 0, CONTINUE_ON_FAILURE): Tapped on element 'Object Repository/SOW2-Market Order/android.widget.EditText _Amount to Received'

2024-02-29 12:17:54 - [MESSAGE][WARNING] - Timeout '0' is invalid. Using default page load timeout: '30'

2024-02-29 12:17:54 - [MESSAGE][PASSED] - Tapped on element 'Object Repository/SOW2-Market Order/android.widget.EditText _Amount to Received'

2024-02-29 12:17:54 - [TEST_STEP][PASSED] - delay(10): Delayed 10 second(s)

2024-02-29 12:18:04 - [MESSAGE][PASSED] - Delayed 10 second(s)

2024-02-29 12:18:04 - [TEST_STEP][PASSED] - digits2 = "1000": null

2024-02-29 12:18:04 - [TEST_STEP][PASSED] - Currency_Calculator.remove_Amount(digits2): Delayed 1 second(s)

2024-02-29 12:18:10 - [MESSAGE][WARNING] - Object Object Repository/SOW2-Market Order/Remove_amount not found

2024-02-29 12:18:11 - [MESSAGE][PASSED] - Delayed 1 second(s)

2024-02-29 12:18:12 - [MESSAGE][PASSED] - Tapped on element 'Object Repository/SOW2-Market Order/Remove_amount'

2024-02-29 12:18:13 - [MESSAGE][PASSED] - Delayed 1 second(s)

2024-02-29 12:18:13 - [MESSAGE][PASSED] - Tapped on element 'Object Repository/SOW2-Market Order/Remove_amount'

2024-02-29 12:18:14 - [MESSAGE][PASSED] - Delayed 1 second(s)

2024-02-29 12:18:14 - [MESSAGE][PASSED] - Tapped on element 'Object Repository/SOW2-Market Order/Remove_amount'

2024-02-29 12:18:15 - [MESSAGE][PASSED] - Delayed 1 second(s)

2024-02-29 12:18:15 - [TEST_STEP][PASSED] - delay(10): Delayed 10 second(s)

2024-02-29 12:18:25 - [MESSAGE][PASSED] - Delayed 10 second(s)

2024-02-29 12:18:25 - [TEST_STEP][PASSED] - Currency_Calculator.Currency_Numpad(digits2): Tapped on element 'Object Repository/Calc_Pad/android.widget.Image'

2024-02-29 12:18:25 - [MESSAGE][PASSED] - Tapped on element 'Object Repository/Calc_Pad/android.widget.TextView - 1'

2024-02-29 12:18:26 - [MESSAGE][PASSED] - Tapped on element 'Object Repository/Calc_Pad/android.widget.TextView - 0'

2024-02-29 12:18:26 - [MESSAGE][PASSED] - Tapped on element 'Object Repository/Calc_Pad/android.widget.TextView - 0'

2024-02-29 12:18:27 - [MESSAGE][PASSED] - Tapped on element 'Object Repository/Calc_Pad/android.widget.TextView - 0'

2024-02-29 12:18:28 - [MESSAGE][PASSED] - Tapped on element 'Object Repository/Calc_Pad/android.widget.Image'

2024-02-29 12:18:28 - [TEST_STEP][PASSED] - delay(10): Delayed 10 second(s)

2024-02-29 12:18:38 - [MESSAGE][PASSED] - Delayed 10 second(s)

2024-02-29 12:18:38 - [TEST_STEP][PASSED] - takeScreenshot(): Screenshot is taken

2024-02-29 12:18:38 - [MESSAGE][PASSED] - Screenshot is taken
[[ATTACHMENT|/Users/00145409nuralianatasha/Desktop/automation_Retail_FX(public_git)/Reports/20240229_120620/SOW2/Test on Different User/20240229_120620/1709180318341.png]]

2024-02-29 12:18:38 - [TEST_STEP][PASSED] - tap(findTestObject("SOW2-Market Order/android.widget.Dynamic_Button", ["text":"Next"]), 0, CONTINUE_ON_FAILURE): Tapped on element 'Object Repository/SOW2-Market Order/android.widget.Dynamic_Button'

2024-02-29 12:18:38 - [MESSAGE][WARNING] - Timeout '0' is invalid. Using default page load timeout: '30'

2024-02-29 12:18:39 - [MESSAGE][PASSED] - Tapped on element 'Object Repository/SOW2-Market Order/android.widget.Dynamic_Button'

2024-02-29 12:18:39 - [TEST_STEP][PASSED] - waitForElementPresent(findTestObject("Global Account Page/dynamicText", ["text":"Step 2 of 2"]), 5, CONTINUE_ON_FAILURE): Element 'Object Repository/Global Account Page/dynamicText' is present

2024-02-29 12:18:39 - [MESSAGE][PASSED] - Element 'Object Repository/Global Account Page/dynamicText' is present

2024-02-29 12:18:39 - [TEST_STEP][PASSED] - verifyElementExist(findTestObject("Global Account Page/dynamicText", ["text":"Step 2 of 2"]), 5, CONTINUE_ON_FAILURE): Element 'Object Repository/Global Account Page/dynamicText' is exist

2024-02-29 12:18:39 - [MESSAGE][PASSED] - Element 'Object Repository/Global Account Page/dynamicText' is exist

2024-02-29 12:18:39 - [TEST_STEP][PASSED] - takeScreenshot(): Screenshot is taken

2024-02-29 12:18:40 - [MESSAGE][PASSED] - Screenshot is taken
[[ATTACHMENT|/Users/00145409nuralianatasha/Desktop/automation_Retail_FX(public_git)/Reports/20240229_120620/SOW2/Test on Different User/20240229_120620/1709180319922.png]]

2024-02-29 12:18:40 - [TEST_STEP][PASSED] - tap(findTestObject("SOW2-Market Order/android.widget.Dynamic_Button", ["text":"Get Quote"]), 0, CONTINUE_ON_FAILURE): Tapped on element 'Object Repository/SOW2-Market Order/android.widget.Dynamic_Button'

2024-02-29 12:18:40 - [MESSAGE][WARNING] - Timeout '0' is invalid. Using default page load timeout: '30'

2024-02-29 12:18:40 - [MESSAGE][PASSED] - Tapped on element 'Object Repository/SOW2-Market Order/android.widget.Dynamic_Button'

2024-02-29 12:18:40 - [TEST_STEP][PASSED] - waitForElementPresent(findTestObject("Global Account Page/dynamicText", ["text":"Confirmation"]), 5, CONTINUE_ON_FAILURE): Element 'Object Repository/Global Account Page/dynamicText' is present

2024-02-29 12:18:41 - [MESSAGE][PASSED] - Element 'Object Repository/Global Account Page/dynamicText' is present

2024-02-29 12:18:41 - [TEST_STEP][PASSED] - comment("Confirmation Page"): Confirmation Page

2024-02-29 12:18:41 - [MESSAGE][INFO] - Confirmation Page

2024-02-29 12:18:41 - [TEST_STEP][PASSED] - verifyElementExist(findTestObject("Global Account Page/dynamicText", ["text":"Amount to receive"]), 5, CONTINUE_ON_FAILURE): Element 'Object Repository/Global Account Page/dynamicText' is exist

2024-02-29 12:18:42 - [MESSAGE][PASSED] - Element 'Object Repository/Global Account Page/dynamicText' is exist

2024-02-29 12:18:42 - [TEST_STEP][PASSED] - takeScreenshot(CONTINUE_ON_FAILURE): Screenshot is taken

2024-02-29 12:18:42 - [MESSAGE][PASSED] - Screenshot is taken
[[ATTACHMENT|/Users/00145409nuralianatasha/Desktop/automation_Retail_FX(public_git)/Reports/20240229_120620/SOW2/Test on Different User/20240229_120620/1709180322176.png]]

2024-02-29 12:18:42 - [TEST_STEP][PASSED] - tap(findTestObject("SOW2-Market Order/android.view.View - I have read and agree to the BNM Foreign Exchange Rules, I accept the declaration as well as the Terms  Conditions for this transfer"), 0, CONTINUE_ON_FAILURE): Tapped on element 'Object Repository/SOW2-Market Order/android.view.View - I have read and agree to the BNM Foreign Exchange Rules, I accept the declaration as well as the Terms  Conditions for this transfer'

2024-02-29 12:18:42 - [MESSAGE][WARNING] - Timeout '0' is invalid. Using default page load timeout: '30'

2024-02-29 12:18:42 - [MESSAGE][PASSED] - Tapped on element 'Object Repository/SOW2-Market Order/android.view.View - I have read and agree to the BNM Foreign Exchange Rules, I accept the declaration as well as the Terms  Conditions for this transfer'

2024-02-29 12:18:42 - [TEST_STEP][PASSED] - utilities.Mobile_Keywords.scrollFromTopToBottom(): utilities.Mobile_Keywords.scrollFromTopToBottom is PASSED

2024-02-29 12:18:43 - [MESSAGE][PASSED] - Current device physical height is 2180

2024-02-29 12:18:43 - [MESSAGE][PASSED] - Current device physical width is 1080

2024-02-29 12:18:44 - [MESSAGE][PASSED] - Swiped from 540,1,526 to 540,654

2024-02-29 12:18:49 - [MESSAGE][PASSED] - Delayed 5 second(s)

2024-02-29 12:18:49 - [MESSAGE][PASSED] - utilities.Mobile_Keywords.scrollFromTopToBottom is PASSED

2024-02-29 12:18:49 - [TEST_STEP][PASSED] - tap(findTestObject("SOW2-Market Order/android.widget.Dynamic_Button", ["text":"Confirm"]), 0, CONTINUE_ON_FAILURE): Tapped on element 'Object Repository/SOW2-Market Order/android.widget.Dynamic_Button'

2024-02-29 12:18:49 - [MESSAGE][WARNING] - Timeout '0' is invalid. Using default page load timeout: '30'

2024-02-29 12:18:49 - [MESSAGE][PASSED] - Tapped on element 'Object Repository/SOW2-Market Order/android.widget.Dynamic_Button'

2024-02-29 12:18:49 - [TEST_STEP][PASSED] - waitForElementPresent(findTestObject("Global Account Page/dynamicText", ["text":"Transaction Successful"]), 5, CONTINUE_ON_FAILURE): Element 'Object Repository/Global Account Page/dynamicText' is present

2024-02-29 12:18:55 - [MESSAGE][PASSED] - Element 'Object Repository/Global Account Page/dynamicText' is present

2024-02-29 12:18:55 - [TEST_STEP][PASSED] - verifyElementExist(findTestObject("Global Account Page/dynamicText", ["text":"Transaction Successful"]), 5, CONTINUE_ON_FAILURE): Element 'Object Repository/Global Account Page/dynamicText' is exist

2024-02-29 12:18:56 - [MESSAGE][PASSED] - Element 'Object Repository/Global Account Page/dynamicText' is exist

2024-02-29 12:18:56 - [TEST_STEP][PASSED] - verifyElementExist(findTestObject("Global Account Page/dynamicText", ["text":"Reference ID"]), 0, CONTINUE_ON_FAILURE): Element 'Object Repository/Global Account Page/dynamicText' is exist

2024-02-29 12:18:56 - [MESSAGE][WARNING] - Timeout '0' is invalid. Using default page load timeout: '30'

2024-02-29 12:18:56 - [MESSAGE][PASSED] - Element 'Object Repository/Global Account Page/dynamicText' is exist

2024-02-29 12:18:56 - [TEST_STEP][PASSED] - reference_id = getText(findTestObject("Market Order Page/android.widget.TextView - Reference ID"), 5, CONTINUE_ON_FAILURE): Text of element 'Object Repository/Market Order Page/android.widget.TextView - Reference ID' is: '004136808M'

2024-02-29 12:18:56 - [MESSAGE][PASSED] - Text of element 'Object Repository/Market Order Page/android.widget.TextView - Reference ID' is: '004136808M'

2024-02-29 12:18:56 - [TEST_STEP][PASSED] - amount_received = getText(findTestObject("transaction_successful/Amount received"), 5, CONTINUE_ON_FAILURE): Text of element 'Object Repository/transaction_successful/Amount received' is: 'MYR 10.00'

2024-02-29 12:18:56 - [MESSAGE][PASSED] - Text of element 'Object Repository/transaction_successful/Amount received' is: 'MYR 10.00'

2024-02-29 12:18:56 - [TEST_STEP][PASSED] - takeScreenshot(CONTINUE_ON_FAILURE): Screenshot is taken

2024-02-29 12:18:57 - [MESSAGE][PASSED] - Screenshot is taken
[[ATTACHMENT|/Users/00145409nuralianatasha/Desktop/automation_Retail_FX(public_git)/Reports/20240229_120620/SOW2/Test on Different User/20240229_120620/1709180336576.png]]

2024-02-29 12:18:57 - [TEST_STEP][PASSED] - tap(findTestObject("Global Account Page/dynamicText", ["text":"Share Receipt"]), 0, CONTINUE_ON_FAILURE): Tapped on element 'Object Repository/Global Account Page/dynamicText'

2024-02-29 12:18:57 - [MESSAGE][WARNING] - Timeout '0' is invalid. Using default page load timeout: '30'

2024-02-29 12:18:57 - [MESSAGE][PASSED] - Tapped on element 'Object Repository/Global Account Page/dynamicText'

2024-02-29 12:18:57 - [TEST_STEP][PASSED] - delay(10): Delayed 10 second(s)

2024-02-29 12:19:07 - [MESSAGE][PASSED] - Delayed 10 second(s)

2024-02-29 12:19:07 - [TEST_STEP][PASSED] - waitForElementPresent(findTestObject("Global Account Page/dynamicText", ["text":"Currency Exchange"]), 5, CONTINUE_ON_FAILURE): Element 'Object Repository/Global Account Page/dynamicText' is present

2024-02-29 12:19:07 - [MESSAGE][PASSED] - Element 'Object Repository/Global Account Page/dynamicText' is present

2024-02-29 12:19:07 - [TEST_STEP][PASSED] - verifyElementExist(findTestObject("Global Account Page/dynamicText", ["text":"Completed"]), 5, CONTINUE_ON_FAILURE): Element 'Object Repository/Global Account Page/dynamicText' is exist

2024-02-29 12:19:08 - [MESSAGE][PASSED] - Element 'Object Repository/Global Account Page/dynamicText' is exist

2024-02-29 12:19:08 - [TEST_STEP][PASSED] - takeScreenshot(): Screenshot is taken

2024-02-29 12:19:08 - [MESSAGE][PASSED] - Screenshot is taken
[[ATTACHMENT|/Users/00145409nuralianatasha/Desktop/automation_Retail_FX(public_git)/Reports/20240229_120620/SOW2/Test on Different User/20240229_120620/1709180348198.png]]

2024-02-29 12:19:08 - [TEST_STEP][PASSED] - utilities.Mobile_Keywords.scrollFromTopToBottom(): utilities.Mobile_Keywords.scrollFromTopToBottom is PASSED

2024-02-29 12:19:08 - [MESSAGE][PASSED] - Current device physical height is 2180

2024-02-29 12:19:08 - [MESSAGE][PASSED] - Current device physical width is 1080

2024-02-29 12:19:10 - [MESSAGE][PASSED] - Swiped from 540,1,526 to 540,654

2024-02-29 12:19:15 - [MESSAGE][PASSED] - Delayed 5 second(s)

2024-02-29 12:19:15 - [MESSAGE][PASSED] - utilities.Mobile_Keywords.scrollFromTopToBottom is PASSED

2024-02-29 12:19:15 - [TEST_STEP][PASSED] - delay(5): Delayed 5 second(s)

2024-02-29 12:19:20 - [MESSAGE][PASSED] - Delayed 5 second(s)

2024-02-29 12:19:20 - [TEST_STEP][PASSED] - takeScreenshot(): Screenshot is taken

2024-02-29 12:19:20 - [MESSAGE][PASSED] - Screenshot is taken
[[ATTACHMENT|/Users/00145409nuralianatasha/Desktop/automation_Retail_FX(public_git)/Reports/20240229_120620/SOW2/Test on Different User/20240229_120620/1709180360127.png]]

2024-02-29 12:19:20 - [TEST_STEP][PASSED] - tap(findTestObject("Market Order Page/android.widget.ImageViewBack_Button"), 0, CONTINUE_ON_FAILURE): Tapped on element 'Object Repository/Market Order Page/android.widget.ImageViewBack_Button'

2024-02-29 12:19:20 - [MESSAGE][WARNING] - Timeout '0' is invalid. Using default page load timeout: '30'

2024-02-29 12:19:20 - [MESSAGE][PASSED] - Tapped on element 'Object Repository/Market Order Page/android.widget.ImageViewBack_Button'

2024-02-29 12:19:20 - [TEST_STEP][PASSED] - waitForElementPresent(findTestObject("Global Account Page/dynamicText", ["text":"Transaction Successful"]), 0, CONTINUE_ON_FAILURE): Element 'Object Repository/Global Account Page/dynamicText' is present

2024-02-29 12:19:20 - [MESSAGE][WARNING] - Timeout '0' is invalid. Using default page load timeout: '30'

2024-02-29 12:19:22 - [MESSAGE][PASSED] - Element 'Object Repository/Global Account Page/dynamicText' is present

2024-02-29 12:19:22 - [TEST_STEP][PASSED] - verifyElementExist(findTestObject("Global Account Page/dynamicText", ["text":"Transaction Successful"]), 0, CONTINUE_ON_FAILURE): Element 'Object Repository/Global Account Page/dynamicText' is exist

2024-02-29 12:19:22 - [MESSAGE][WARNING] - Timeout '0' is invalid. Using default page load timeout: '30'

2024-02-29 12:19:22 - [MESSAGE][PASSED] - Element 'Object Repository/Global Account Page/dynamicText' is exist

2024-02-29 12:19:22 - [TEST_STEP][PASSED] - CurrentDate = Validation.datetime(): null

2024-02-29 12:19:22 - [TEST_STEP][PASSED] - comment("The Current Date is " + CurrentDate): The Current Date is 29 Feb 2024 12:19

2024-02-29 12:19:22 - [MESSAGE][INFO] - The Current Date is 29 Feb 2024 12:19

2024-02-29 12:19:22 - [TEST_STEP][PASSED] - takeScreenshot(): Screenshot is taken

2024-02-29 12:19:23 - [MESSAGE][PASSED] - Screenshot is taken
[[ATTACHMENT|/Users/00145409nuralianatasha/Desktop/automation_Retail_FX(public_git)/Reports/20240229_120620/SOW2/Test on Different User/20240229_120620/1709180362615.png]]

2024-02-29 12:19:23 - [TEST_STEP][PASSED] - tap(findTestObject("Global Account Page/dynamicText", ["text":"Done"]), 0, CONTINUE_ON_FAILURE): Tapped on element 'Object Repository/Global Account Page/dynamicText'

2024-02-29 12:19:23 - [MESSAGE][WARNING] - Timeout '0' is invalid. Using default page load timeout: '30'

2024-02-29 12:19:23 - [MESSAGE][PASSED] - Tapped on element 'Object Repository/Global Account Page/dynamicText'

2024-02-29 12:19:23 - [TEST_STEP][PASSED] - data_to_excel.dealt_ammount(row, reference_id, username, base_currency, dealt_currency, amount_received): null

2024-02-29 12:19:23 - [TEST_STEP][PASSED] - tap(findTestObject("SOW2-Market Order/Back_Button_Currency_Exchange"), 0, CONTINUE_ON_FAILURE): Tapped on element 'Object Repository/SOW2-Market Order/Back_Button_Currency_Exchange'

2024-02-29 12:19:23 - [MESSAGE][WARNING] - Timeout '0' is invalid. Using default page load timeout: '30'

2024-02-29 12:19:24 - [MESSAGE][PASSED] - Tapped on element 'Object Repository/SOW2-Market Order/Back_Button_Currency_Exchange'

2024-02-29 12:19:24 - [TEST_STEP][PASSED] - Utility.doubleTap(): Current device physical width is 1080

2024-02-29 12:19:24 - [MESSAGE][PASSED] - Current device physical height is 2180

2024-02-29 12:19:24 - [MESSAGE][PASSED] - Current device physical width is 1080

2024-02-29 12:19:45 - [TEST_STEP][PASSED] - waitForElementPresent(findTestObject("Global Account Page/dynamicText", ["text":"DEV OPTIONS"]), 0, CONTINUE_ON_FAILURE): Element 'Object Repository/Global Account Page/dynamicText' is present

2024-02-29 12:19:45 - [MESSAGE][WARNING] - Timeout '0' is invalid. Using default page load timeout: '30'

2024-02-29 12:19:45 - [MESSAGE][PASSED] - Element 'Object Repository/Global Account Page/dynamicText' is present

2024-02-29 12:19:45 - [TEST_STEP][PASSED] - waitForElementPresent(findTestObject("Global Account Page/dynamicText", ["text":"CLEAR DATA & CACHE"]), 0, CONTINUE_ON_FAILURE): Element 'Object Repository/Global Account Page/dynamicText' is present

2024-02-29 12:19:45 - [MESSAGE][WARNING] - Timeout '0' is invalid. Using default page load timeout: '30'

2024-02-29 12:19:45 - [MESSAGE][PASSED] - Element 'Object Repository/Global Account Page/dynamicText' is present

2024-02-29 12:19:45 - [TEST_STEP][PASSED] - tap(findTestObject("Global Account Page/dynamicText", ["text":"CLEAR DATA & CACHE"]), 0, CONTINUE_ON_FAILURE): Tapped on element 'Object Repository/Global Account Page/dynamicText'

2024-02-29 12:19:45 - [MESSAGE][WARNING] - Timeout '0' is invalid. Using default page load timeout: '30'

2024-02-29 12:19:46 - [MESSAGE][PASSED] - Tapped on element 'Object Repository/Global Account Page/dynamicText'

2024-02-29 12:19:46 - [TEST_STEP][PASSED] - waitForElementPresent(findTestObject("Global Account Page/dynamicText", ["text":"Confirmation"]), 0, CONTINUE_ON_FAILURE): Element 'Object Repository/Global Account Page/dynamicText' is present

2024-02-29 12:19:46 - [MESSAGE][WARNING] - Timeout '0' is invalid. Using default page load timeout: '30'

2024-02-29 12:19:46 - [MESSAGE][PASSED] - Element 'Object Repository/Global Account Page/dynamicText' is present

2024-02-29 12:19:46 - [TEST_STEP][PASSED] - tap(findTestObject("SOW2-Market Order/android.widget.Button - YES"), 0, CONTINUE_ON_FAILURE): Tapped on element 'Object Repository/SOW2-Market Order/android.widget.Button - YES'

2024-02-29 12:19:46 - [MESSAGE][WARNING] - Timeout '0' is invalid. Using default page load timeout: '30'

2024-02-29 12:19:47 - [MESSAGE][PASSED] - Tapped on element 'Object Repository/SOW2-Market Order/android.widget.Button - YES'

2024-02-29 12:19:47 - [TEST_STEP][PASSED] - delay(10): Delayed 10 second(s)

2024-02-29 12:19:57 - [MESSAGE][PASSED] - Delayed 10 second(s)

2024-02-29 12:19:57 - [TEST_STEP][FAILED] - utilities.General_Onboarding.Onboarding_Different_User(row): com.kms.katalon.core.exception.StepFailedException: Object Object Repository/Mange_Quick_Actions/android.widget.TextView - Customise not found

2024-02-29 12:19:57 - [MESSAGE][PASSED] - Tapped on element 'Object Repository/Onboarding_Obj/Next_Button'

2024-02-29 12:19:58 - [MESSAGE][PASSED] - Tapped on element 'Object Repository/Onboarding_Obj/Next_Button01'

2024-02-29 12:19:58 - [MESSAGE][PASSED] - Tapped on element 'Object Repository/Onboarding_Obj/Next_button02'

2024-02-29 12:20:04 - [MESSAGE][WARNING] - Object Object Repository/Onboarding_Obj/Next_button03 not found

2024-02-29 12:20:04 - [MESSAGE][PASSED] - Tapped on element 'Object Repository/Onboarding_Obj/Got_It_Button'

2024-02-29 12:20:05 - [MESSAGE][PASSED] - Tapped on element 'Object Repository/Onboarding_Obj/Agree_Button1'

2024-02-29 12:20:07 - [MESSAGE][PASSED] - Element 'Object Repository/Onboarding_Obj/Log_In_Now_Button' is exist

2024-02-29 12:20:08 - [MESSAGE][PASSED] - Tapped on element 'Object Repository/Dashboard_Login/Onboarding_Login/android.widget.TextView - Log In Now'

2024-02-29 12:20:10 - [MESSAGE][PASSED] - Tapped on element 'Object Repository/Dashboard_Login/Onboarding_Login/android.widget.TextView - Existing M2UMAE user Log in here'

2024-02-29 12:20:12 - [MESSAGE][PASSED] - Text 'retailfx1' has been set to element 'Object Repository/Dashboard_Login/Onboarding_Login/Username'

2024-02-29 12:20:13 - [MESSAGE][PASSED] - Keyboard is hidden

2024-02-29 12:20:14 - [MESSAGE][PASSED] - Tapped on element 'Object Repository/Dashboard_Login/Onboarding_Login/android.widget.TextView - Continue'

2024-02-29 12:20:16 - [MESSAGE][PASSED] - Tapped on element 'Object Repository/Dashboard_Login/Onboarding_Login/android.widget.TextView - Yes, Its Mine'

2024-02-29 12:20:18 - [MESSAGE][PASSED] - Text 'Pass@1122' has been set to element 'Object Repository/Dashboard_Login/Onboarding_Login/Password'

2024-02-29 12:20:20 - [MESSAGE][PASSED] - Keyboard is hidden

2024-02-29 12:20:21 - [MESSAGE][PASSED] - Tapped on element 'Object Repository/Dashboard_Login/Onboarding_Login/android.widget.TextView - Continue (1)'

2024-02-29 12:20:51 - [MESSAGE][WARNING] - Element 'Object Repository/Onboarding_Obj/android.widget.TextView - Your Maybank2u ID is already linked to the following device' not found

2024-02-29 12:20:51 - [MESSAGE][WARNING] - Timeout '0' is invalid. Using default page load timeout: '30'

2024-02-29 12:20:51 - [MESSAGE][PASSED] - Tapped on element 'Object Repository/Dashboard_Login/Onboarding_Login/android.widget.TextView - Your PIN no. is 111111'

2024-02-29 12:20:53 - [MESSAGE][PASSED] - Tapped on element 'Object Repository/Dashboard_Login/Onboarding_Login/android.widget.ImageView'

2024-02-29 12:20:54 - [MESSAGE][PASSED] - Tapped on element 'Object Repository/Dashboard_Login/Onboarding_Login/android.widget.TextView - Your PIN no. is 111111'

2024-02-29 12:20:56 - [MESSAGE][PASSED] - Tapped on element 'Object Repository/Dashboard_Login/Onboarding_Login/android.widget.ImageView'

2024-02-29 12:20:58 - [MESSAGE][PASSED] - Tapped on element 'Object Repository/Dashboard_Login/Onboarding_Login/android.widget.TextView - Set Up Later'

2024-02-29 12:20:59 - [MESSAGE][PASSED] - Tapped on element 'Object Repository/Dashboard_Login/Onboarding_Login/android.widget.TextView - Yes, Proceed'

2024-02-29 12:21:02 - [MESSAGE][PASSED] - Text of element 'Object Repository/Dashboard_Login/Onboarding_Login/android.widget.TextView - OTP' is: 'Your OTP no. is 000716'

2024-02-29 12:21:04 - [MESSAGE][PASSED] - Tapped on element 'Object Repository/OTP_Number/Button_0'

2024-02-29 12:21:05 - [MESSAGE][PASSED] - Delayed 1 second(s)

2024-02-29 12:21:05 - [MESSAGE][PASSED] - Tapped on element 'Object Repository/OTP_Number/Button_0'

2024-02-29 12:21:06 - [MESSAGE][PASSED] - Delayed 1 second(s)

2024-02-29 12:21:07 - [MESSAGE][PASSED] - Tapped on element 'Object Repository/OTP_Number/Button_0'

2024-02-29 12:21:08 - [MESSAGE][PASSED] - Delayed 1 second(s)

2024-02-29 12:21:09 - [MESSAGE][PASSED] - Tapped on element 'Object Repository/OTP_Number/Button_7'

2024-02-29 12:21:10 - [MESSAGE][PASSED] - Delayed 1 second(s)

2024-02-29 12:21:11 - [MESSAGE][PASSED] - Tapped on element 'Object Repository/OTP_Number/Button_1'

2024-02-29 12:21:12 - [MESSAGE][PASSED] - Delayed 1 second(s)

2024-02-29 12:21:13 - [MESSAGE][PASSED] - Tapped on element 'Object Repository/OTP_Number/Button_6'

2024-02-29 12:21:14 - [MESSAGE][PASSED] - Delayed 1 second(s)

2024-02-29 12:21:15 - [MESSAGE][PASSED] - Tapped on element 'Object Repository/OTP_Number/Enter_Image'

2024-02-29 12:21:20 - [MESSAGE][PASSED] - Text 'Retailfxone' has been set to element 'Object Repository/Dashboard_Login/Onboarding_Login/android.widget.EditText - Enter your name'

2024-02-29 12:21:21 - [MESSAGE][PASSED] - Tapped on element 'Object Repository/Dashboard_Login/Onboarding_Login/android.widget.TextView - Continue (1)'

2024-02-29 12:21:26 - [MESSAGE][WARNING] - Object Object Repository/Dashboard_Login/Onboarding_Login/GetCurrency not found

2024-02-29 12:21:26 - [MESSAGE][PASSED] - Tapped on element 'Object Repository/Dashboard_Login/Onboarding_Login/android.widget.TextView - Next'

2024-02-29 12:21:27 - [MESSAGE][PASSED] - Tapped on element 'Object Repository/Onboarding_Obj/android.widget.Close_Button'

2024-02-29 12:21:34 - [MESSAGE][WARNING] - Object Object Repository/Global Account Page/dynamicText not found

2024-02-29 12:21:34 - [MESSAGE][WARNING] - Timeout '0' is invalid. Using default page load timeout: '30'

2024-02-29 12:22:05 - [MESSAGE][WARNING] - Element 'Object Repository/Dashboard_Login/User_name' not found

2024-02-29 12:22:05 - [MESSAGE][WARNING] - Timeout '0' is invalid. Using default page load timeout: '30'

2024-02-29 12:22:35 - [MESSAGE][FAILED] - Object Object Repository/Mange_Quick_Actions/android.widget.TextView - Customise not found

2024-02-29 12:22:35 - [MESSAGE][WARNING] - Timeout '0' is invalid. Using default page load timeout: '30'

2024-02-29 12:22:41 - [MESSAGE][PASSED] - Element 'Object Repository/Mange_Quick_Actions/android.widget.TextView - Manage Quick Actions' is present

2024-02-29 12:22:42 - [MESSAGE][WARNING] - Timeout '0' is invalid. Using default page load timeout: '30'

2024-02-29 12:22:42 - [MESSAGE][PASSED] - Element 'Object Repository/Mange_Quick_Actions/android.widget.TextView - Manage Quick Actions' is exist

2024-02-29 12:22:42 - [MESSAGE][WARNING] - Timeout '0' is invalid. Using default page load timeout: '30'

2024-02-29 12:22:42 - [MESSAGE][PASSED] - Element 'Object Repository/Mange_Quick_Actions/android.widget.TextView - Simply hold and drag to rearrange the actions' is exist

2024-02-29 12:22:42 - [MESSAGE][WARNING] - Timeout '0' is invalid. Using default page load timeout: '30'

2024-02-29 12:22:42 - [MESSAGE][PASSED] - Element 'Object Repository/Mange_Quick_Actions/android.widget.TextView - Your current favourite actions' is exist

2024-02-29 12:22:42 - [MESSAGE][WARNING] - Timeout '0' is invalid. Using default page load timeout: '30'

2024-02-29 12:22:43 - [MESSAGE][PASSED] - Object 'Object Repository/Mange_Quick_Actions/android.widget.TextView - Save Changes' has attribute 'clickable' with value 'false'

2024-02-29 12:22:43 - [MESSAGE][PASSED] - Screenshot is taken
[[ATTACHMENT|/Users/00145409nuralianatasha/Desktop/automation_Retail_FX(public_git)/Reports/20240229_120620/SOW2/Test on Different User/20240229_120620/1709180563121.png]]

2024-02-29 12:22:43 - [MESSAGE][WARNING] - Timeout '0' is invalid. Using default page load timeout: '30'

2024-02-29 12:22:43 - [MESSAGE][PASSED] - Tapped on element 'Object Repository/Mange_Quick_Actions/android.widget.Remove_Image'

2024-02-29 12:22:44 - [MESSAGE][PASSED] - Swiped from 271,1,756 to 0,0

2024-02-29 12:22:45 - [MESSAGE][PASSED] - Screenshot is taken
[[ATTACHMENT|/Users/00145409nuralianatasha/Desktop/automation_Retail_FX(public_git)/Reports/20240229_120620/SOW2/Test on Different User/20240229_120620/1709180565015.png]]

2024-02-29 12:22:45 - [MESSAGE][WARNING] - Timeout '0' is invalid. Using default page load timeout: '30'

2024-02-29 12:22:45 - [MESSAGE][PASSED] - Tapped on element 'Object Repository/Mange_Quick_Actions/android.widget.TextView - Currency Exchange'

2024-02-29 12:22:45 - [MESSAGE][WARNING] - Timeout '0' is invalid. Using default page load timeout: '30'

2024-02-29 12:22:46 - [MESSAGE][PASSED] - Tapped on element 'Object Repository/Mange_Quick_Actions/android.widget.TextView - Save Changes'

2024-02-29 12:22:47 - [MESSAGE][PASSED] - Screenshot is taken
[[ATTACHMENT|/Users/00145409nuralianatasha/Desktop/automation_Retail_FX(public_git)/Reports/20240229_120620/SOW2/Test on Different User/20240229_120620/1709180566558.png]]

2024-02-29 12:22:47 - [MESSAGE][WARNING] - Timeout '0' is invalid. Using default page load timeout: '30'

2024-02-29 12:22:48 - [MESSAGE][PASSED] - Element 'Object Repository/Quick_Action/android.widget.TextView - Currency Exchange' is exist

2024-02-29 12:22:48 - [MESSAGE][WARNING] - Timeout '0' is invalid. Using default page load timeout: '30'

2024-02-29 12:22:48 - [MESSAGE][PASSED] - Tapped on element 'Object Repository/Quick_Action/android.widget.TextView - Currency Exchange'

2024-02-29 12:22:48 - [MESSAGE][WARNING] - Timeout '0' is invalid. Using default page load timeout: '30'

2024-02-29 12:22:50 - [MESSAGE][PASSED] - Tapped on element 'Object Repository/Global Account Page/dynamicText'

2024-02-29 12:22:50 - [MESSAGE][FAILED] - com.kms.katalon.core.exception.StepFailedException: Object Object Repository/Mange_Quick_Actions/android.widget.TextView - Customise not found

2024-02-29 12:22:50 - [TEST_STEP][PASSED] - username = findTestData("Dealt_MYR_SGD").getValue("Username", row): null

2024-02-29 12:22:50 - [TEST_STEP][PASSED] - base_currency = findTestData("Dealt_MYR_SGD").getValue("Base_Currency", row): null

2024-02-29 12:22:50 - [TEST_STEP][PASSED] - dealt_currency = findTestData("Dealt_MYR_SGD").getValue("Dealt_Currency", row): null

2024-02-29 12:22:50 - [TEST_STEP][PASSED] - checkLinkedDevice = Validation.checkElementExists("Object Repository/Market Order Page/android.widget.TextView - Enter your password"): Element 'Object Repository/Market Order Page/android.widget.TextView - Enter your password' not found

2024-02-29 12:23:21 - [MESSAGE][WARNING] - Element 'Object Repository/Market Order Page/android.widget.TextView - Enter your password' not found

2024-02-29 12:23:21 - [TEST_STEP][PASSED] - if (checkLinkedDevice == true): null

2024-02-29 12:23:21 - [TEST_STEP][PASSED] - else: null

2024-02-29 12:23:21 - [TEST_STEP][PASSED] - CONTINUE_ON_FAILURE: null

2024-02-29 12:23:21 - [TEST_STEP][PASSED] - delay(10): Delayed 10 second(s)

2024-02-29 12:23:31 - [MESSAGE][PASSED] - Delayed 10 second(s)

2024-02-29 12:23:31 - [TEST_STEP][PASSED] - utilities.Deal_Agregator.MarketOrder_FromDropdown(findTestData("Dealt_MYR_SGD").getValue("Base_Currency", row)): utilities.Deal_Agregator.MarketOrder_FromDropdown is PASSED

2024-02-29 12:23:31 - [MESSAGE][PASSED] - Tapped on element 'Object Repository/SOW2-Market Order/Convert_Dropdown/android.widget.TextView - Convert_Dropdown'

2024-02-29 12:23:32 - [MESSAGE][PASSED] - Element 'Object Repository/SOW2-Market Order/Convert_Dropdown/android.view.View - Select Currency' is present

2024-02-29 12:23:32 - [MESSAGE][PASSED] - Tapped on element 'Object Repository/SOW2-Market Order/Convert_Dropdown/android.widget.EditText_Select_Currency'

2024-02-29 12:23:33 - [MESSAGE][PASSED] - Text 'USD' has been set to element 'Object Repository/SOW2-Market Order/Convert_Dropdown/android.widget.EditText_Select_Currency'

2024-02-29 12:23:34 - [MESSAGE][PASSED] - Keyboard is hidden

2024-02-29 12:23:39 - [MESSAGE][PASSED] - Delayed 5 second(s)

2024-02-29 12:23:39 - [MESSAGE][PASSED] - Tapped on element 'Object Repository/Global Account Page/dynamicText'

2024-02-29 12:23:39 - [MESSAGE][PASSED] - utilities.Deal_Agregator.MarketOrder_FromDropdown is PASSED

2024-02-29 12:23:39 - [TEST_STEP][PASSED] - delay(10): Delayed 10 second(s)

2024-02-29 12:23:49 - [MESSAGE][PASSED] - Delayed 10 second(s)

2024-02-29 12:23:49 - [TEST_STEP][PASSED] - tap(findTestObject("SOW2-Market Order/android.widget.TextView _EditText"), 0, CONTINUE_ON_FAILURE): Tapped on element 'Object Repository/SOW2-Market Order/android.widget.TextView _EditText'

2024-02-29 12:23:49 - [MESSAGE][WARNING] - Timeout '0' is invalid. Using default page load timeout: '30'

2024-02-29 12:23:49 - [MESSAGE][PASSED] - Tapped on element 'Object Repository/SOW2-Market Order/android.widget.TextView _EditText'

2024-02-29 12:23:49 - [TEST_STEP][PASSED] - digits = "5000": null

2024-02-29 12:23:49 - [TEST_STEP][PASSED] - Currency_Calculator.Currency_Numpad(digits): Tapped on element 'Object Repository/Calc_Pad/android.widget.Image'

2024-02-29 12:23:50 - [MESSAGE][PASSED] - Tapped on element 'Object Repository/Calc_Pad/android.widget.TextView - 5'

2024-02-29 12:23:51 - [MESSAGE][PASSED] - Tapped on element 'Object Repository/Calc_Pad/android.widget.TextView - 0'

2024-02-29 12:23:51 - [MESSAGE][PASSED] - Tapped on element 'Object Repository/Calc_Pad/android.widget.TextView - 0'

2024-02-29 12:23:52 - [MESSAGE][PASSED] - Tapped on element 'Object Repository/Calc_Pad/android.widget.TextView - 0'

2024-02-29 12:23:52 - [MESSAGE][PASSED] - Tapped on element 'Object Repository/Calc_Pad/android.widget.Image'

2024-02-29 12:23:52 - [TEST_STEP][PASSED] - utilities.Deal_Agregator.sow2market_orderdropdown(findTestData("Dealt_MYR_SGD").getValue("Dealt_Currency", row)): utilities.Deal_Agregator.sow2market_orderdropdown is PASSED

2024-02-29 12:23:52 - [MESSAGE][WARNING] - Timeout '0' is invalid. Using default page load timeout: '30'

2024-02-29 12:23:53 - [MESSAGE][PASSED] - Tapped on element 'Object Repository/SOW2-Market Order/Select_Currency Dropdown'

2024-02-29 12:23:54 - [MESSAGE][PASSED] - Element 'Object Repository/SOW2-Market Order/android.view.View - Select Currency' is present

2024-02-29 12:23:54 - [MESSAGE][PASSED] - Element 'Object Repository/SOW2-Market Order/android.view.View - Select Currency' is exist

2024-02-29 12:23:54 - [MESSAGE][PASSED] - Tapped on element 'Object Repository/SOW2-Market Order/android.widget.EditText_SearchCurrency'

2024-02-29 12:23:55 - [MESSAGE][PASSED] - Text 'MYR' has been set to element 'Object Repository/SOW2-Market Order/android.widget.EditText_SearchCurrency'

2024-02-29 12:23:56 - [MESSAGE][PASSED] - Keyboard is hidden

2024-02-29 12:24:01 - [MESSAGE][PASSED] - Delayed 5 second(s)

2024-02-29 12:24:01 - [MESSAGE][PASSED] - Tapped on element 'Object Repository/Global Account Page/dynamicText'

2024-02-29 12:24:01 - [MESSAGE][PASSED] - utilities.Deal_Agregator.sow2market_orderdropdown is PASSED

2024-02-29 12:24:01 - [TEST_STEP][PASSED] - verifyElementExist(findTestObject("Global Account Page/dynamicText", ["text":"Exchange rate"]), 5, CONTINUE_ON_FAILURE): Element 'Object Repository/Global Account Page/dynamicText' is exist

2024-02-29 12:24:02 - [MESSAGE][PASSED] - Element 'Object Repository/Global Account Page/dynamicText' is exist

2024-02-29 12:24:02 - [TEST_STEP][PASSED] - tap(findTestObject("SOW2-Market Order/android.widget.EditText _Amount to Received"), 0, CONTINUE_ON_FAILURE): Tapped on element 'Object Repository/SOW2-Market Order/android.widget.EditText _Amount to Received'

2024-02-29 12:24:02 - [MESSAGE][WARNING] - Timeout '0' is invalid. Using default page load timeout: '30'

2024-02-29 12:24:02 - [MESSAGE][PASSED] - Tapped on element 'Object Repository/SOW2-Market Order/android.widget.EditText _Amount to Received'

2024-02-29 12:24:02 - [TEST_STEP][PASSED] - delay(10): Delayed 10 second(s)

2024-02-29 12:24:12 - [MESSAGE][PASSED] - Delayed 10 second(s)

2024-02-29 12:24:12 - [TEST_STEP][PASSED] - digits2 = "1000": null

2024-02-29 12:24:12 - [TEST_STEP][PASSED] - Currency_Calculator.remove_Amount(digits2): Delayed 1 second(s)

2024-02-29 12:24:12 - [MESSAGE][PASSED] - Tapped on element 'Object Repository/SOW2-Market Order/Remove_amount'

2024-02-29 12:24:13 - [MESSAGE][PASSED] - Delayed 1 second(s)

2024-02-29 12:24:14 - [MESSAGE][PASSED] - Tapped on element 'Object Repository/SOW2-Market Order/Remove_amount'

2024-02-29 12:24:15 - [MESSAGE][PASSED] - Delayed 1 second(s)

2024-02-29 12:24:15 - [MESSAGE][PASSED] - Tapped on element 'Object Repository/SOW2-Market Order/Remove_amount'

2024-02-29 12:24:16 - [MESSAGE][PASSED] - Delayed 1 second(s)

2024-02-29 12:24:16 - [MESSAGE][PASSED] - Tapped on element 'Object Repository/SOW2-Market Order/Remove_amount'

2024-02-29 12:24:17 - [MESSAGE][PASSED] - Delayed 1 second(s)

2024-02-29 12:24:17 - [TEST_STEP][PASSED] - delay(10): Delayed 10 second(s)

2024-02-29 12:24:27 - [MESSAGE][PASSED] - Delayed 10 second(s)

2024-02-29 12:24:27 - [TEST_STEP][PASSED] - Currency_Calculator.Currency_Numpad(digits2): Tapped on element 'Object Repository/Calc_Pad/android.widget.Image'

2024-02-29 12:24:28 - [MESSAGE][PASSED] - Tapped on element 'Object Repository/Calc_Pad/android.widget.TextView - 1'

2024-02-29 12:24:28 - [MESSAGE][PASSED] - Tapped on element 'Object Repository/Calc_Pad/android.widget.TextView - 0'

2024-02-29 12:24:29 - [MESSAGE][PASSED] - Tapped on element 'Object Repository/Calc_Pad/android.widget.TextView - 0'

2024-02-29 12:24:29 - [MESSAGE][PASSED] - Tapped on element 'Object Repository/Calc_Pad/android.widget.TextView - 0'

2024-02-29 12:24:30 - [MESSAGE][PASSED] - Tapped on element 'Object Repository/Calc_Pad/android.widget.Image'

2024-02-29 12:24:30 - [TEST_STEP][PASSED] - delay(10): Delayed 10 second(s)

2024-02-29 12:24:40 - [MESSAGE][PASSED] - Delayed 10 second(s)

2024-02-29 12:24:40 - [TEST_STEP][PASSED] - takeScreenshot(): Screenshot is taken

2024-02-29 12:24:41 - [MESSAGE][PASSED] - Screenshot is taken
[[ATTACHMENT|/Users/00145409nuralianatasha/Desktop/automation_Retail_FX(public_git)/Reports/20240229_120620/SOW2/Test on Different User/20240229_120620/1709180680661.png]]

2024-02-29 12:24:41 - [TEST_STEP][PASSED] - tap(findTestObject("SOW2-Market Order/android.widget.Dynamic_Button", ["text":"Next"]), 0, CONTINUE_ON_FAILURE): Tapped on element 'Object Repository/SOW2-Market Order/android.widget.Dynamic_Button'

2024-02-29 12:24:41 - [MESSAGE][WARNING] - Timeout '0' is invalid. Using default page load timeout: '30'

2024-02-29 12:24:41 - [MESSAGE][PASSED] - Tapped on element 'Object Repository/SOW2-Market Order/android.widget.Dynamic_Button'

2024-02-29 12:24:41 - [TEST_STEP][PASSED] - waitForElementPresent(findTestObject("Global Account Page/dynamicText", ["text":"Step 2 of 2"]), 5, CONTINUE_ON_FAILURE): Element 'Object Repository/Global Account Page/dynamicText' is present

2024-02-29 12:24:42 - [MESSAGE][PASSED] - Element 'Object Repository/Global Account Page/dynamicText' is present

2024-02-29 12:24:42 - [TEST_STEP][PASSED] - verifyElementExist(findTestObject("Global Account Page/dynamicText", ["text":"Step 2 of 2"]), 5, CONTINUE_ON_FAILURE): Element 'Object Repository/Global Account Page/dynamicText' is exist

2024-02-29 12:24:42 - [MESSAGE][PASSED] - Element 'Object Repository/Global Account Page/dynamicText' is exist

2024-02-29 12:24:42 - [TEST_STEP][PASSED] - takeScreenshot(): Screenshot is taken

2024-02-29 12:24:42 - [MESSAGE][PASSED] - Screenshot is taken
[[ATTACHMENT|/Users/00145409nuralianatasha/Desktop/automation_Retail_FX(public_git)/Reports/20240229_120620/SOW2/Test on Different User/20240229_120620/1709180682307.png]]

2024-02-29 12:24:42 - [TEST_STEP][PASSED] - tap(findTestObject("SOW2-Market Order/android.widget.Dynamic_Button", ["text":"Get Quote"]), 0, CONTINUE_ON_FAILURE): Tapped on element 'Object Repository/SOW2-Market Order/android.widget.Dynamic_Button'

2024-02-29 12:24:42 - [MESSAGE][WARNING] - Timeout '0' is invalid. Using default page load timeout: '30'

2024-02-29 12:24:42 - [MESSAGE][PASSED] - Tapped on element 'Object Repository/SOW2-Market Order/android.widget.Dynamic_Button'

2024-02-29 12:24:42 - [TEST_STEP][PASSED] - waitForElementPresent(findTestObject("Global Account Page/dynamicText", ["text":"Confirmation"]), 5, CONTINUE_ON_FAILURE): Element 'Object Repository/Global Account Page/dynamicText' is present

2024-02-29 12:24:43 - [MESSAGE][PASSED] - Element 'Object Repository/Global Account Page/dynamicText' is present

2024-02-29 12:24:43 - [TEST_STEP][PASSED] - comment("Confirmation Page"): Confirmation Page

2024-02-29 12:24:43 - [MESSAGE][INFO] - Confirmation Page

2024-02-29 12:24:43 - [TEST_STEP][PASSED] - verifyElementExist(findTestObject("Global Account Page/dynamicText", ["text":"Amount to receive"]), 5, CONTINUE_ON_FAILURE): Element 'Object Repository/Global Account Page/dynamicText' is exist

2024-02-29 12:24:45 - [MESSAGE][PASSED] - Element 'Object Repository/Global Account Page/dynamicText' is exist

2024-02-29 12:24:45 - [TEST_STEP][PASSED] - takeScreenshot(CONTINUE_ON_FAILURE): Screenshot is taken

2024-02-29 12:24:46 - [MESSAGE][PASSED] - Screenshot is taken
[[ATTACHMENT|/Users/00145409nuralianatasha/Desktop/automation_Retail_FX(public_git)/Reports/20240229_120620/SOW2/Test on Different User/20240229_120620/1709180685819.png]]

2024-02-29 12:24:46 - [TEST_STEP][PASSED] - tap(findTestObject("SOW2-Market Order/android.view.View - I have read and agree to the BNM Foreign Exchange Rules, I accept the declaration as well as the Terms  Conditions for this transfer"), 0, CONTINUE_ON_FAILURE): Tapped on element 'Object Repository/SOW2-Market Order/android.view.View - I have read and agree to the BNM Foreign Exchange Rules, I accept the declaration as well as the Terms  Conditions for this transfer'

2024-02-29 12:24:46 - [MESSAGE][WARNING] - Timeout '0' is invalid. Using default page load timeout: '30'

2024-02-29 12:24:46 - [MESSAGE][PASSED] - Tapped on element 'Object Repository/SOW2-Market Order/android.view.View - I have read and agree to the BNM Foreign Exchange Rules, I accept the declaration as well as the Terms  Conditions for this transfer'

2024-02-29 12:24:46 - [TEST_STEP][PASSED] - utilities.Mobile_Keywords.scrollFromTopToBottom(): utilities.Mobile_Keywords.scrollFromTopToBottom is PASSED

2024-02-29 12:24:46 - [MESSAGE][PASSED] - Current device physical height is 2180

2024-02-29 12:24:46 - [MESSAGE][PASSED] - Current device physical width is 1080

2024-02-29 12:24:47 - [MESSAGE][PASSED] - Swiped from 540,1,526 to 540,654

2024-02-29 12:24:52 - [MESSAGE][PASSED] - Delayed 5 second(s)

2024-02-29 12:24:52 - [MESSAGE][PASSED] - utilities.Mobile_Keywords.scrollFromTopToBottom is PASSED

2024-02-29 12:24:52 - [TEST_STEP][PASSED] - tap(findTestObject("SOW2-Market Order/android.widget.Dynamic_Button", ["text":"Confirm"]), 0, CONTINUE_ON_FAILURE): Tapped on element 'Object Repository/SOW2-Market Order/android.widget.Dynamic_Button'

2024-02-29 12:24:52 - [MESSAGE][WARNING] - Timeout '0' is invalid. Using default page load timeout: '30'

2024-02-29 12:24:53 - [MESSAGE][PASSED] - Tapped on element 'Object Repository/SOW2-Market Order/android.widget.Dynamic_Button'

2024-02-29 12:24:53 - [TEST_STEP][PASSED] - waitForElementPresent(findTestObject("Global Account Page/dynamicText", ["text":"Transaction Successful"]), 5, CONTINUE_ON_FAILURE): Element 'Object Repository/Global Account Page/dynamicText' is present

2024-02-29 12:24:59 - [MESSAGE][PASSED] - Element 'Object Repository/Global Account Page/dynamicText' is present

2024-02-29 12:24:59 - [TEST_STEP][PASSED] - verifyElementExist(findTestObject("Global Account Page/dynamicText", ["text":"Transaction Successful"]), 5, CONTINUE_ON_FAILURE): Element 'Object Repository/Global Account Page/dynamicText' is exist

2024-02-29 12:25:00 - [MESSAGE][PASSED] - Element 'Object Repository/Global Account Page/dynamicText' is exist

2024-02-29 12:25:00 - [TEST_STEP][PASSED] - verifyElementExist(findTestObject("Global Account Page/dynamicText", ["text":"Reference ID"]), 0, CONTINUE_ON_FAILURE): Element 'Object Repository/Global Account Page/dynamicText' is exist

2024-02-29 12:25:00 - [MESSAGE][WARNING] - Timeout '0' is invalid. Using default page load timeout: '30'

2024-02-29 12:25:00 - [MESSAGE][PASSED] - Element 'Object Repository/Global Account Page/dynamicText' is exist

2024-02-29 12:25:00 - [TEST_STEP][PASSED] - reference_id = getText(findTestObject("Market Order Page/android.widget.TextView - Reference ID"), 5, CONTINUE_ON_FAILURE): Text of element 'Object Repository/Market Order Page/android.widget.TextView - Reference ID' is: '004136809M'

2024-02-29 12:25:00 - [MESSAGE][PASSED] - Text of element 'Object Repository/Market Order Page/android.widget.TextView - Reference ID' is: '004136809M'

2024-02-29 12:25:00 - [TEST_STEP][PASSED] - amount_received = getText(findTestObject("transaction_successful/Amount received"), 5, CONTINUE_ON_FAILURE): Text of element 'Object Repository/transaction_successful/Amount received' is: 'MYR 10.00'

2024-02-29 12:25:01 - [MESSAGE][PASSED] - Text of element 'Object Repository/transaction_successful/Amount received' is: 'MYR 10.00'

2024-02-29 12:25:01 - [TEST_STEP][PASSED] - takeScreenshot(CONTINUE_ON_FAILURE): Screenshot is taken

2024-02-29 12:25:01 - [MESSAGE][PASSED] - Screenshot is taken
[[ATTACHMENT|/Users/00145409nuralianatasha/Desktop/automation_Retail_FX(public_git)/Reports/20240229_120620/SOW2/Test on Different User/20240229_120620/1709180701063.png]]

2024-02-29 12:25:01 - [TEST_STEP][PASSED] - tap(findTestObject("Global Account Page/dynamicText", ["text":"Share Receipt"]), 0, CONTINUE_ON_FAILURE): Tapped on element 'Object Repository/Global Account Page/dynamicText'

2024-02-29 12:25:01 - [MESSAGE][WARNING] - Timeout '0' is invalid. Using default page load timeout: '30'

2024-02-29 12:25:01 - [MESSAGE][PASSED] - Tapped on element 'Object Repository/Global Account Page/dynamicText'

2024-02-29 12:25:01 - [TEST_STEP][PASSED] - delay(10): Delayed 10 second(s)

2024-02-29 12:25:11 - [MESSAGE][PASSED] - Delayed 10 second(s)

2024-02-29 12:25:11 - [TEST_STEP][PASSED] - waitForElementPresent(findTestObject("Global Account Page/dynamicText", ["text":"Currency Exchange"]), 5, CONTINUE_ON_FAILURE): Element 'Object Repository/Global Account Page/dynamicText' is present

2024-02-29 12:25:12 - [MESSAGE][PASSED] - Element 'Object Repository/Global Account Page/dynamicText' is present

2024-02-29 12:25:12 - [TEST_STEP][PASSED] - verifyElementExist(findTestObject("Global Account Page/dynamicText", ["text":"Completed"]), 5, CONTINUE_ON_FAILURE): Element 'Object Repository/Global Account Page/dynamicText' is exist

2024-02-29 12:25:12 - [MESSAGE][PASSED] - Element 'Object Repository/Global Account Page/dynamicText' is exist

2024-02-29 12:25:12 - [TEST_STEP][PASSED] - takeScreenshot(): Screenshot is taken

2024-02-29 12:25:13 - [MESSAGE][PASSED] - Screenshot is taken
[[ATTACHMENT|/Users/00145409nuralianatasha/Desktop/automation_Retail_FX(public_git)/Reports/20240229_120620/SOW2/Test on Different User/20240229_120620/1709180712918.png]]

2024-02-29 12:25:13 - [TEST_STEP][PASSED] - utilities.Mobile_Keywords.scrollFromTopToBottom(): utilities.Mobile_Keywords.scrollFromTopToBottom is PASSED

2024-02-29 12:25:13 - [MESSAGE][PASSED] - Current device physical height is 2180

2024-02-29 12:25:13 - [MESSAGE][PASSED] - Current device physical width is 1080

2024-02-29 12:25:14 - [MESSAGE][PASSED] - Swiped from 540,1,526 to 540,654

2024-02-29 12:25:19 - [MESSAGE][PASSED] - Delayed 5 second(s)

2024-02-29 12:25:19 - [MESSAGE][PASSED] - utilities.Mobile_Keywords.scrollFromTopToBottom is PASSED

2024-02-29 12:25:19 - [TEST_STEP][PASSED] - delay(5): Delayed 5 second(s)

2024-02-29 12:25:24 - [MESSAGE][PASSED] - Delayed 5 second(s)

2024-02-29 12:25:24 - [TEST_STEP][PASSED] - takeScreenshot(): Screenshot is taken

2024-02-29 12:25:25 - [MESSAGE][PASSED] - Screenshot is taken
[[ATTACHMENT|/Users/00145409nuralianatasha/Desktop/automation_Retail_FX(public_git)/Reports/20240229_120620/SOW2/Test on Different User/20240229_120620/1709180724797.png]]

2024-02-29 12:25:25 - [TEST_STEP][PASSED] - tap(findTestObject("Market Order Page/android.widget.ImageViewBack_Button"), 0, CONTINUE_ON_FAILURE): Tapped on element 'Object Repository/Market Order Page/android.widget.ImageViewBack_Button'

2024-02-29 12:25:25 - [MESSAGE][WARNING] - Timeout '0' is invalid. Using default page load timeout: '30'

2024-02-29 12:25:25 - [MESSAGE][PASSED] - Tapped on element 'Object Repository/Market Order Page/android.widget.ImageViewBack_Button'

2024-02-29 12:25:25 - [TEST_STEP][PASSED] - waitForElementPresent(findTestObject("Global Account Page/dynamicText", ["text":"Transaction Successful"]), 0, CONTINUE_ON_FAILURE): Element 'Object Repository/Global Account Page/dynamicText' is present

2024-02-29 12:25:25 - [MESSAGE][WARNING] - Timeout '0' is invalid. Using default page load timeout: '30'

2024-02-29 12:25:26 - [MESSAGE][PASSED] - Element 'Object Repository/Global Account Page/dynamicText' is present

2024-02-29 12:25:26 - [TEST_STEP][PASSED] - verifyElementExist(findTestObject("Global Account Page/dynamicText", ["text":"Transaction Successful"]), 0, CONTINUE_ON_FAILURE): Element 'Object Repository/Global Account Page/dynamicText' is exist

2024-02-29 12:25:26 - [MESSAGE][WARNING] - Timeout '0' is invalid. Using default page load timeout: '30'

2024-02-29 12:25:26 - [MESSAGE][PASSED] - Element 'Object Repository/Global Account Page/dynamicText' is exist

2024-02-29 12:25:26 - [TEST_STEP][PASSED] - CurrentDate = Validation.datetime(): null

2024-02-29 12:25:26 - [TEST_STEP][PASSED] - comment("The Current Date is " + CurrentDate): The Current Date is 29 Feb 2024 12:25

2024-02-29 12:25:26 - [MESSAGE][INFO] - The Current Date is 29 Feb 2024 12:25

2024-02-29 12:25:26 - [TEST_STEP][PASSED] - takeScreenshot(): Screenshot is taken

2024-02-29 12:25:27 - [MESSAGE][PASSED] - Screenshot is taken
[[ATTACHMENT|/Users/00145409nuralianatasha/Desktop/automation_Retail_FX(public_git)/Reports/20240229_120620/SOW2/Test on Different User/20240229_120620/1709180726914.png]]

2024-02-29 12:25:27 - [TEST_STEP][PASSED] - tap(findTestObject("Global Account Page/dynamicText", ["text":"Done"]), 0, CONTINUE_ON_FAILURE): Tapped on element 'Object Repository/Global Account Page/dynamicText'

2024-02-29 12:25:27 - [MESSAGE][WARNING] - Timeout '0' is invalid. Using default page load timeout: '30'

2024-02-29 12:25:27 - [MESSAGE][PASSED] - Tapped on element 'Object Repository/Global Account Page/dynamicText'

2024-02-29 12:25:27 - [TEST_STEP][PASSED] - data_to_excel.dealt_ammount(row, reference_id, username, base_currency, dealt_currency, amount_received): null

2024-02-29 12:25:27 - [TEST_STEP][PASSED] - tap(findTestObject("SOW2-Market Order/Back_Button_Currency_Exchange"), 0, CONTINUE_ON_FAILURE): Tapped on element 'Object Repository/SOW2-Market Order/Back_Button_Currency_Exchange'

2024-02-29 12:25:27 - [MESSAGE][WARNING] - Timeout '0' is invalid. Using default page load timeout: '30'

2024-02-29 12:25:28 - [MESSAGE][PASSED] - Tapped on element 'Object Repository/SOW2-Market Order/Back_Button_Currency_Exchange'

2024-02-29 12:25:28 - [TEST_STEP][PASSED] - Utility.doubleTap(): Current device physical width is 1080

2024-02-29 12:25:29 - [MESSAGE][PASSED] - Current device physical height is 2180

2024-02-29 12:25:29 - [MESSAGE][PASSED] - Current device physical width is 1080

2024-02-29 12:25:50 - [TEST_STEP][PASSED] - waitForElementPresent(findTestObject("Global Account Page/dynamicText", ["text":"DEV OPTIONS"]), 0, CONTINUE_ON_FAILURE): Element 'Object Repository/Global Account Page/dynamicText' is present

2024-02-29 12:25:50 - [MESSAGE][WARNING] - Timeout '0' is invalid. Using default page load timeout: '30'

2024-02-29 12:25:50 - [MESSAGE][PASSED] - Element 'Object Repository/Global Account Page/dynamicText' is present

2024-02-29 12:25:50 - [TEST_STEP][PASSED] - waitForElementPresent(findTestObject("Global Account Page/dynamicText", ["text":"CLEAR DATA & CACHE"]), 0, CONTINUE_ON_FAILURE): Element 'Object Repository/Global Account Page/dynamicText' is present

2024-02-29 12:25:50 - [MESSAGE][WARNING] - Timeout '0' is invalid. Using default page load timeout: '30'

2024-02-29 12:25:50 - [MESSAGE][PASSED] - Element 'Object Repository/Global Account Page/dynamicText' is present

2024-02-29 12:25:50 - [TEST_STEP][PASSED] - tap(findTestObject("Global Account Page/dynamicText", ["text":"CLEAR DATA & CACHE"]), 0, CONTINUE_ON_FAILURE): Tapped on element 'Object Repository/Global Account Page/dynamicText'

2024-02-29 12:25:50 - [MESSAGE][WARNING] - Timeout '0' is invalid. Using default page load timeout: '30'

2024-02-29 12:25:50 - [MESSAGE][PASSED] - Tapped on element 'Object Repository/Global Account Page/dynamicText'

2024-02-29 12:25:50 - [TEST_STEP][PASSED] - waitForElementPresent(findTestObject("Global Account Page/dynamicText", ["text":"Confirmation"]), 0, CONTINUE_ON_FAILURE): Element 'Object Repository/Global Account Page/dynamicText' is present

2024-02-29 12:25:50 - [MESSAGE][WARNING] - Timeout '0' is invalid. Using default page load timeout: '30'

2024-02-29 12:25:51 - [MESSAGE][PASSED] - Element 'Object Repository/Global Account Page/dynamicText' is present

2024-02-29 12:25:51 - [TEST_STEP][PASSED] - tap(findTestObject("SOW2-Market Order/android.widget.Button - YES"), 0, CONTINUE_ON_FAILURE): Tapped on element 'Object Repository/SOW2-Market Order/android.widget.Button - YES'

2024-02-29 12:25:51 - [MESSAGE][WARNING] - Timeout '0' is invalid. Using default page load timeout: '30'

2024-02-29 12:25:51 - [MESSAGE][PASSED] - Tapped on element 'Object Repository/SOW2-Market Order/android.widget.Button - YES'

2024-02-29 12:25:51 - [TEST_STEP][PASSED] - delay(10): Delayed 10 second(s)

2024-02-29 12:26:01 - [MESSAGE][PASSED] - Delayed 10 second(s)

2024-02-29 12:26:01 - [TEST_STEP][PASSED] - utilities.General_Onboarding.Onboarding_Different_User(row): utilities.General_Onboarding.Onboarding_Different_User is PASSED

2024-02-29 12:26:01 - [MESSAGE][PASSED] - Tapped on element 'Object Repository/Onboarding_Obj/Next_Button'

2024-02-29 12:26:02 - [MESSAGE][PASSED] - Tapped on element 'Object Repository/Onboarding_Obj/Next_Button01'

2024-02-29 12:26:03 - [MESSAGE][PASSED] - Tapped on element 'Object Repository/Onboarding_Obj/Next_button02'

2024-02-29 12:26:08 - [MESSAGE][WARNING] - Object Object Repository/Onboarding_Obj/Next_button03 not found

2024-02-29 12:26:08 - [MESSAGE][PASSED] - Tapped on element 'Object Repository/Onboarding_Obj/Got_It_Button'

2024-02-29 12:26:09 - [MESSAGE][PASSED] - Tapped on element 'Object Repository/Onboarding_Obj/Agree_Button1'

2024-02-29 12:26:12 - [MESSAGE][PASSED] - Element 'Object Repository/Onboarding_Obj/Log_In_Now_Button' is exist

2024-02-29 12:26:12 - [MESSAGE][PASSED] - Tapped on element 'Object Repository/Dashboard_Login/Onboarding_Login/android.widget.TextView - Log In Now'

2024-02-29 12:26:14 - [MESSAGE][PASSED] - Tapped on element 'Object Repository/Dashboard_Login/Onboarding_Login/android.widget.TextView - Existing M2UMAE user Log in here'

2024-02-29 12:26:16 - [MESSAGE][PASSED] - Text 'retailfx3' has been set to element 'Object Repository/Dashboard_Login/Onboarding_Login/Username'

2024-02-29 12:26:17 - [MESSAGE][PASSED] - Keyboard is hidden

2024-02-29 12:26:17 - [MESSAGE][PASSED] - Tapped on element 'Object Repository/Dashboard_Login/Onboarding_Login/android.widget.TextView - Continue'

2024-02-29 12:26:19 - [MESSAGE][PASSED] - Tapped on element 'Object Repository/Dashboard_Login/Onboarding_Login/android.widget.TextView - Yes, Its Mine'

2024-02-29 12:26:21 - [MESSAGE][PASSED] - Text 'Maybank@1' has been set to element 'Object Repository/Dashboard_Login/Onboarding_Login/Password'

2024-02-29 12:26:24 - [MESSAGE][PASSED] - Keyboard is hidden

2024-02-29 12:26:25 - [MESSAGE][PASSED] - Tapped on element 'Object Repository/Dashboard_Login/Onboarding_Login/android.widget.TextView - Continue (1)'

2024-02-29 12:26:57 - [MESSAGE][WARNING] - Element 'Object Repository/Onboarding_Obj/android.widget.TextView - Your Maybank2u ID is already linked to the following device' not found

2024-02-29 12:26:57 - [MESSAGE][WARNING] - Timeout '0' is invalid. Using default page load timeout: '30'

2024-02-29 12:27:12 - [MESSAGE][PASSED] - Tapped on element 'Object Repository/Dashboard_Login/Onboarding_Login/android.widget.TextView - Your PIN no. is 111111'

2024-02-29 12:27:13 - [MESSAGE][PASSED] - Tapped on element 'Object Repository/Dashboard_Login/Onboarding_Login/android.widget.ImageView'

2024-02-29 12:27:15 - [MESSAGE][PASSED] - Tapped on element 'Object Repository/Dashboard_Login/Onboarding_Login/android.widget.TextView - Your PIN no. is 111111'

2024-02-29 12:27:18 - [MESSAGE][PASSED] - Tapped on element 'Object Repository/Dashboard_Login/Onboarding_Login/android.widget.ImageView'

2024-02-29 12:27:19 - [MESSAGE][PASSED] - Tapped on element 'Object Repository/Dashboard_Login/Onboarding_Login/android.widget.TextView - Set Up Later'

2024-02-29 12:27:20 - [MESSAGE][PASSED] - Tapped on element 'Object Repository/Dashboard_Login/Onboarding_Login/android.widget.TextView - Yes, Proceed'

2024-02-29 12:27:22 - [MESSAGE][PASSED] - Text of element 'Object Repository/Dashboard_Login/Onboarding_Login/android.widget.TextView - OTP' is: 'Your OTP no. is 335983'

2024-02-29 12:27:23 - [MESSAGE][PASSED] - Tapped on element 'Object Repository/OTP_Number/Button_3'

2024-02-29 12:27:24 - [MESSAGE][PASSED] - Delayed 1 second(s)

2024-02-29 12:27:24 - [MESSAGE][PASSED] - Tapped on element 'Object Repository/OTP_Number/Button_3'

2024-02-29 12:27:25 - [MESSAGE][PASSED] - Delayed 1 second(s)

2024-02-29 12:27:26 - [MESSAGE][PASSED] - Tapped on element 'Object Repository/OTP_Number/Button_5'

2024-02-29 12:27:27 - [MESSAGE][PASSED] - Delayed 1 second(s)

2024-02-29 12:27:28 - [MESSAGE][PASSED] - Tapped on element 'Object Repository/OTP_Number/Button_9'

2024-02-29 12:27:29 - [MESSAGE][PASSED] - Delayed 1 second(s)

2024-02-29 12:27:30 - [MESSAGE][PASSED] - Tapped on element 'Object Repository/OTP_Number/Button_8'

2024-02-29 12:27:31 - [MESSAGE][PASSED] - Delayed 1 second(s)

2024-02-29 12:27:32 - [MESSAGE][PASSED] - Tapped on element 'Object Repository/OTP_Number/Button_3'

2024-02-29 12:27:33 - [MESSAGE][PASSED] - Delayed 1 second(s)

2024-02-29 12:27:34 - [MESSAGE][PASSED] - Tapped on element 'Object Repository/OTP_Number/Enter_Image'

2024-02-29 12:27:40 - [MESSAGE][PASSED] - Text 'Retailfxthree' has been set to element 'Object Repository/Dashboard_Login/Onboarding_Login/android.widget.EditText - Enter your name'

2024-02-29 12:27:41 - [MESSAGE][PASSED] - Tapped on element 'Object Repository/Dashboard_Login/Onboarding_Login/android.widget.TextView - Continue (1)'

2024-02-29 12:27:46 - [MESSAGE][WARNING] - Object Object Repository/Dashboard_Login/Onboarding_Login/GetCurrency not found

2024-02-29 12:27:46 - [MESSAGE][PASSED] - Tapped on element 'Object Repository/Dashboard_Login/Onboarding_Login/android.widget.TextView - Next'

2024-02-29 12:27:46 - [MESSAGE][PASSED] - Tapped on element 'Object Repository/Onboarding_Obj/android.widget.Close_Button'

2024-02-29 12:27:52 - [MESSAGE][WARNING] - Object Object Repository/Global Account Page/dynamicText not found

2024-02-29 12:27:52 - [MESSAGE][WARNING] - Timeout '0' is invalid. Using default page load timeout: '30'

2024-02-29 12:28:22 - [MESSAGE][WARNING] - Element 'Object Repository/Dashboard_Login/User_name' not found

2024-02-29 12:28:22 - [MESSAGE][WARNING] - Timeout '0' is invalid. Using default page load timeout: '30'

2024-02-29 12:28:40 - [MESSAGE][PASSED] - Tapped on element 'Object Repository/Mange_Quick_Actions/android.widget.TextView - Customise'

2024-02-29 12:28:40 - [MESSAGE][WARNING] - Timeout '0' is invalid. Using default page load timeout: '30'

2024-02-29 12:28:41 - [MESSAGE][PASSED] - Element 'Object Repository/Mange_Quick_Actions/android.widget.TextView - Manage Quick Actions' is present

2024-02-29 12:28:41 - [MESSAGE][WARNING] - Timeout '0' is invalid. Using default page load timeout: '30'

2024-02-29 12:28:42 - [MESSAGE][PASSED] - Element 'Object Repository/Mange_Quick_Actions/android.widget.TextView - Manage Quick Actions' is exist

2024-02-29 12:28:42 - [MESSAGE][WARNING] - Timeout '0' is invalid. Using default page load timeout: '30'

2024-02-29 12:28:42 - [MESSAGE][PASSED] - Element 'Object Repository/Mange_Quick_Actions/android.widget.TextView - Simply hold and drag to rearrange the actions' is exist

2024-02-29 12:28:42 - [MESSAGE][WARNING] - Timeout '0' is invalid. Using default page load timeout: '30'

2024-02-29 12:28:42 - [MESSAGE][PASSED] - Element 'Object Repository/Mange_Quick_Actions/android.widget.TextView - Your current favourite actions' is exist

2024-02-29 12:28:42 - [MESSAGE][WARNING] - Timeout '0' is invalid. Using default page load timeout: '30'

2024-02-29 12:28:42 - [MESSAGE][PASSED] - Object 'Object Repository/Mange_Quick_Actions/android.widget.TextView - Save Changes' has attribute 'clickable' with value 'false'

2024-02-29 12:28:43 - [MESSAGE][PASSED] - Screenshot is taken
[[ATTACHMENT|/Users/00145409nuralianatasha/Desktop/automation_Retail_FX(public_git)/Reports/20240229_120620/SOW2/Test on Different User/20240229_120620/1709180922827.png]]

2024-02-29 12:28:43 - [MESSAGE][WARNING] - Timeout '0' is invalid. Using default page load timeout: '30'

2024-02-29 12:28:44 - [MESSAGE][PASSED] - Tapped on element 'Object Repository/Mange_Quick_Actions/android.widget.Remove_Image'

2024-02-29 12:28:45 - [MESSAGE][PASSED] - Swiped from 271,1,756 to 0,0

2024-02-29 12:28:45 - [MESSAGE][PASSED] - Screenshot is taken
[[ATTACHMENT|/Users/00145409nuralianatasha/Desktop/automation_Retail_FX(public_git)/Reports/20240229_120620/SOW2/Test on Different User/20240229_120620/1709180925188.png]]

2024-02-29 12:28:45 - [MESSAGE][WARNING] - Timeout '0' is invalid. Using default page load timeout: '30'

2024-02-29 12:28:45 - [MESSAGE][PASSED] - Tapped on element 'Object Repository/Mange_Quick_Actions/android.widget.TextView - Currency Exchange'

2024-02-29 12:28:45 - [MESSAGE][WARNING] - Timeout '0' is invalid. Using default page load timeout: '30'

2024-02-29 12:28:46 - [MESSAGE][PASSED] - Tapped on element 'Object Repository/Mange_Quick_Actions/android.widget.TextView - Save Changes'

2024-02-29 12:28:46 - [MESSAGE][PASSED] - Screenshot is taken
[[ATTACHMENT|/Users/00145409nuralianatasha/Desktop/automation_Retail_FX(public_git)/Reports/20240229_120620/SOW2/Test on Different User/20240229_120620/1709180926530.png]]

2024-02-29 12:28:46 - [MESSAGE][WARNING] - Timeout '0' is invalid. Using default page load timeout: '30'

2024-02-29 12:28:48 - [MESSAGE][PASSED] - Element 'Object Repository/Quick_Action/android.widget.TextView - Currency Exchange' is exist

2024-02-29 12:28:48 - [MESSAGE][WARNING] - Timeout '0' is invalid. Using default page load timeout: '30'

2024-02-29 12:28:48 - [MESSAGE][PASSED] - Tapped on element 'Object Repository/Quick_Action/android.widget.TextView - Currency Exchange'

2024-02-29 12:28:48 - [MESSAGE][WARNING] - Timeout '0' is invalid. Using default page load timeout: '30'

2024-02-29 12:28:50 - [MESSAGE][PASSED] - Tapped on element 'Object Repository/Global Account Page/dynamicText'

2024-02-29 12:28:50 - [MESSAGE][PASSED] - utilities.General_Onboarding.Onboarding_Different_User is PASSED

2024-02-29 12:28:50 - [TEST_STEP][PASSED] - username = findTestData("Dealt_MYR_SGD").getValue("Username", row): null

2024-02-29 12:28:50 - [TEST_STEP][PASSED] - base_currency = findTestData("Dealt_MYR_SGD").getValue("Base_Currency", row): null

2024-02-29 12:28:50 - [TEST_STEP][PASSED] - dealt_currency = findTestData("Dealt_MYR_SGD").getValue("Dealt_Currency", row): null

2024-02-29 12:28:50 - [TEST_STEP][PASSED] - checkLinkedDevice = Validation.checkElementExists("Object Repository/Market Order Page/android.widget.TextView - Enter your password"): Element 'Object Repository/Market Order Page/android.widget.TextView - Enter your password' not found

2024-02-29 12:29:20 - [MESSAGE][WARNING] - Element 'Object Repository/Market Order Page/android.widget.TextView - Enter your password' not found

2024-02-29 12:29:20 - [TEST_STEP][PASSED] - if (checkLinkedDevice == true): null

2024-02-29 12:29:20 - [TEST_STEP][PASSED] - else: null

2024-02-29 12:29:20 - [TEST_STEP][PASSED] - CONTINUE_ON_FAILURE: null

2024-02-29 12:29:20 - [TEST_STEP][PASSED] - delay(10): Delayed 10 second(s)

2024-02-29 12:29:30 - [MESSAGE][PASSED] - Delayed 10 second(s)

2024-02-29 12:29:30 - [TEST_STEP][PASSED] - utilities.Deal_Agregator.MarketOrder_FromDropdown(findTestData("Dealt_MYR_SGD").getValue("Base_Currency", row)): utilities.Deal_Agregator.MarketOrder_FromDropdown is PASSED

2024-02-29 12:29:30 - [MESSAGE][PASSED] - Tapped on element 'Object Repository/SOW2-Market Order/Convert_Dropdown/android.widget.TextView - Convert_Dropdown'

2024-02-29 12:29:31 - [MESSAGE][PASSED] - Element 'Object Repository/SOW2-Market Order/Convert_Dropdown/android.view.View - Select Currency' is present

2024-02-29 12:29:31 - [MESSAGE][PASSED] - Tapped on element 'Object Repository/SOW2-Market Order/Convert_Dropdown/android.widget.EditText_Select_Currency'

2024-02-29 12:29:32 - [MESSAGE][PASSED] - Text 'USD' has been set to element 'Object Repository/SOW2-Market Order/Convert_Dropdown/android.widget.EditText_Select_Currency'

2024-02-29 12:29:33 - [MESSAGE][PASSED] - Keyboard is hidden

2024-02-29 12:29:38 - [MESSAGE][PASSED] - Delayed 5 second(s)

2024-02-29 12:29:38 - [MESSAGE][PASSED] - Tapped on element 'Object Repository/Global Account Page/dynamicText'

2024-02-29 12:29:38 - [MESSAGE][PASSED] - utilities.Deal_Agregator.MarketOrder_FromDropdown is PASSED

2024-02-29 12:29:38 - [TEST_STEP][PASSED] - delay(10): Delayed 10 second(s)

2024-02-29 12:29:48 - [MESSAGE][PASSED] - Delayed 10 second(s)

2024-02-29 12:29:48 - [TEST_STEP][PASSED] - tap(findTestObject("SOW2-Market Order/android.widget.TextView _EditText"), 0, CONTINUE_ON_FAILURE): Tapped on element 'Object Repository/SOW2-Market Order/android.widget.TextView _EditText'

2024-02-29 12:29:49 - [MESSAGE][WARNING] - Timeout '0' is invalid. Using default page load timeout: '30'

2024-02-29 12:29:49 - [MESSAGE][PASSED] - Tapped on element 'Object Repository/SOW2-Market Order/android.widget.TextView _EditText'

2024-02-29 12:29:49 - [TEST_STEP][PASSED] - digits = "5000": null

2024-02-29 12:29:49 - [TEST_STEP][PASSED] - Currency_Calculator.Currency_Numpad(digits): Tapped on element 'Object Repository/Calc_Pad/android.widget.Image'

2024-02-29 12:29:50 - [MESSAGE][PASSED] - Tapped on element 'Object Repository/Calc_Pad/android.widget.TextView - 5'

2024-02-29 12:29:51 - [MESSAGE][PASSED] - Tapped on element 'Object Repository/Calc_Pad/android.widget.TextView - 0'

2024-02-29 12:29:51 - [MESSAGE][PASSED] - Tapped on element 'Object Repository/Calc_Pad/android.widget.TextView - 0'

2024-02-29 12:29:52 - [MESSAGE][PASSED] - Tapped on element 'Object Repository/Calc_Pad/android.widget.TextView - 0'

2024-02-29 12:29:52 - [MESSAGE][PASSED] - Tapped on element 'Object Repository/Calc_Pad/android.widget.Image'

2024-02-29 12:29:52 - [TEST_STEP][PASSED] - utilities.Deal_Agregator.sow2market_orderdropdown(findTestData("Dealt_MYR_SGD").getValue("Dealt_Currency", row)): utilities.Deal_Agregator.sow2market_orderdropdown is PASSED

2024-02-29 12:29:52 - [MESSAGE][WARNING] - Timeout '0' is invalid. Using default page load timeout: '30'

2024-02-29 12:29:53 - [MESSAGE][PASSED] - Tapped on element 'Object Repository/SOW2-Market Order/Select_Currency Dropdown'

2024-02-29 12:29:54 - [MESSAGE][PASSED] - Element 'Object Repository/SOW2-Market Order/android.view.View - Select Currency' is present

2024-02-29 12:29:54 - [MESSAGE][PASSED] - Element 'Object Repository/SOW2-Market Order/android.view.View - Select Currency' is exist

2024-02-29 12:29:54 - [MESSAGE][PASSED] - Tapped on element 'Object Repository/SOW2-Market Order/android.widget.EditText_SearchCurrency'

2024-02-29 12:29:55 - [MESSAGE][PASSED] - Text 'MYR' has been set to element 'Object Repository/SOW2-Market Order/android.widget.EditText_SearchCurrency'

2024-02-29 12:29:56 - [MESSAGE][PASSED] - Keyboard is hidden

2024-02-29 12:30:01 - [MESSAGE][PASSED] - Delayed 5 second(s)

2024-02-29 12:30:01 - [MESSAGE][PASSED] - Tapped on element 'Object Repository/Global Account Page/dynamicText'

2024-02-29 12:30:01 - [MESSAGE][PASSED] - utilities.Deal_Agregator.sow2market_orderdropdown is PASSED

2024-02-29 12:30:01 - [TEST_STEP][PASSED] - verifyElementExist(findTestObject("Global Account Page/dynamicText", ["text":"Exchange rate"]), 5, CONTINUE_ON_FAILURE): Element 'Object Repository/Global Account Page/dynamicText' is exist

2024-02-29 12:30:02 - [MESSAGE][PASSED] - Element 'Object Repository/Global Account Page/dynamicText' is exist

2024-02-29 12:30:02 - [TEST_STEP][PASSED] - tap(findTestObject("SOW2-Market Order/android.widget.EditText _Amount to Received"), 0, CONTINUE_ON_FAILURE): Tapped on element 'Object Repository/SOW2-Market Order/android.widget.EditText _Amount to Received'

2024-02-29 12:30:02 - [MESSAGE][WARNING] - Timeout '0' is invalid. Using default page load timeout: '30'

2024-02-29 12:30:02 - [MESSAGE][PASSED] - Tapped on element 'Object Repository/SOW2-Market Order/android.widget.EditText _Amount to Received'

2024-02-29 12:30:02 - [TEST_STEP][PASSED] - delay(10): Delayed 10 second(s)

2024-02-29 12:30:12 - [MESSAGE][PASSED] - Delayed 10 second(s)

2024-02-29 12:30:12 - [TEST_STEP][PASSED] - digits2 = "1000": null

2024-02-29 12:30:12 - [TEST_STEP][PASSED] - Currency_Calculator.remove_Amount(digits2): Delayed 1 second(s)

2024-02-29 12:30:18 - [MESSAGE][WARNING] - Object Object Repository/SOW2-Market Order/Remove_amount not found

2024-02-29 12:30:19 - [MESSAGE][PASSED] - Delayed 1 second(s)

2024-02-29 12:30:24 - [MESSAGE][WARNING] - Object Object Repository/SOW2-Market Order/Remove_amount not found

2024-02-29 12:30:25 - [MESSAGE][PASSED] - Delayed 1 second(s)

2024-02-29 12:30:30 - [MESSAGE][WARNING] - Object Object Repository/SOW2-Market Order/Remove_amount not found

2024-02-29 12:30:32 - [MESSAGE][PASSED] - Delayed 1 second(s)

2024-02-29 12:30:37 - [MESSAGE][WARNING] - Object Object Repository/SOW2-Market Order/Remove_amount not found

2024-02-29 12:30:38 - [MESSAGE][PASSED] - Delayed 1 second(s)

2024-02-29 12:30:38 - [TEST_STEP][PASSED] - delay(10): Delayed 10 second(s)

2024-02-29 12:30:48 - [MESSAGE][PASSED] - Delayed 10 second(s)

2024-02-29 12:30:48 - [TEST_STEP][PASSED] - Currency_Calculator.Currency_Numpad(digits2): Object Object Repository/Calc_Pad/android.widget.Image not found

2024-02-29 12:30:54 - [MESSAGE][WARNING] - Object Object Repository/Calc_Pad/android.widget.TextView - 1 not found

2024-02-29 12:30:59 - [MESSAGE][WARNING] - Object Object Repository/Calc_Pad/android.widget.TextView - 0 not found

2024-02-29 12:31:04 - [MESSAGE][WARNING] - Object Object Repository/Calc_Pad/android.widget.TextView - 0 not found

2024-02-29 12:31:09 - [MESSAGE][WARNING] - Object Object Repository/Calc_Pad/android.widget.TextView - 0 not found

2024-02-29 12:31:14 - [MESSAGE][WARNING] - Object Object Repository/Calc_Pad/android.widget.Image not found

2024-02-29 12:31:14 - [TEST_STEP][PASSED] - delay(10): Delayed 10 second(s)

2024-02-29 12:31:24 - [MESSAGE][PASSED] - Delayed 10 second(s)

2024-02-29 12:31:24 - [TEST_STEP][PASSED] - takeScreenshot(): Screenshot is taken

2024-02-29 12:31:24 - [MESSAGE][PASSED] - Screenshot is taken
[[ATTACHMENT|/Users/00145409nuralianatasha/Desktop/automation_Retail_FX(public_git)/Reports/20240229_120620/SOW2/Test on Different User/20240229_120620/1709181084560.png]]

2024-02-29 12:31:24 - [TEST_STEP][FAILED] - tap(findTestObject("SOW2-Market Order/android.widget.Dynamic_Button", ["text":"Next"]), 0, CONTINUE_ON_FAILURE): Object Object Repository/SOW2-Market Order/android.widget.Dynamic_Button not found

2024-02-29 12:31:25 - [MESSAGE][WARNING] - Timeout '0' is invalid. Using default page load timeout: '30'

2024-02-29 12:31:55 - [MESSAGE][FAILED] - Object Object Repository/SOW2-Market Order/android.widget.Dynamic_Button not found

2024-02-29 12:31:55 - [TEST_STEP][PASSED] - waitForElementPresent(findTestObject("Global Account Page/dynamicText", ["text":"Step 2 of 2"]), 5, CONTINUE_ON_FAILURE): Object Object Repository/Global Account Page/dynamicText not found

2024-02-29 12:32:00 - [MESSAGE][WARNING] - Object Object Repository/Global Account Page/dynamicText not found

2024-02-29 12:32:00 - [TEST_STEP][FAILED] - verifyElementExist(findTestObject("Global Account Page/dynamicText", ["text":"Step 2 of 2"]), 5, CONTINUE_ON_FAILURE): Element 'Object Repository/Global Account Page/dynamicText' not found

2024-02-29 12:32:05 - [MESSAGE][FAILED] - Element 'Object Repository/Global Account Page/dynamicText' not found

2024-02-29 12:32:05 - [TEST_STEP][PASSED] - takeScreenshot(): Screenshot is taken

2024-02-29 12:32:06 - [MESSAGE][PASSED] - Screenshot is taken
[[ATTACHMENT|/Users/00145409nuralianatasha/Desktop/automation_Retail_FX(public_git)/Reports/20240229_120620/SOW2/Test on Different User/20240229_120620/1709181125637.png]]

2024-02-29 12:32:06 - [TEST_STEP][PASSED] - tap(findTestObject("SOW2-Market Order/android.widget.Dynamic_Button", ["text":"Get Quote"]), 0, CONTINUE_ON_FAILURE): Tapped on element 'Object Repository/SOW2-Market Order/android.widget.Dynamic_Button'

2024-02-29 12:32:06 - [MESSAGE][WARNING] - Timeout '0' is invalid. Using default page load timeout: '30'

2024-02-29 12:32:06 - [MESSAGE][PASSED] - Tapped on element 'Object Repository/SOW2-Market Order/android.widget.Dynamic_Button'

2024-02-29 12:32:06 - [TEST_STEP][PASSED] - waitForElementPresent(findTestObject("Global Account Page/dynamicText", ["text":"Confirmation"]), 5, CONTINUE_ON_FAILURE): Element 'Object Repository/Global Account Page/dynamicText' is present

2024-02-29 12:32:06 - [MESSAGE][PASSED] - Element 'Object Repository/Global Account Page/dynamicText' is present

2024-02-29 12:32:06 - [TEST_STEP][PASSED] - comment("Confirmation Page"): Confirmation Page

2024-02-29 12:32:06 - [MESSAGE][INFO] - Confirmation Page

2024-02-29 12:32:06 - [TEST_STEP][PASSED] - verifyElementExist(findTestObject("Global Account Page/dynamicText", ["text":"Amount to receive"]), 5, CONTINUE_ON_FAILURE): Element 'Object Repository/Global Account Page/dynamicText' is exist

2024-02-29 12:32:08 - [MESSAGE][PASSED] - Element 'Object Repository/Global Account Page/dynamicText' is exist

2024-02-29 12:32:08 - [TEST_STEP][PASSED] - takeScreenshot(CONTINUE_ON_FAILURE): Screenshot is taken

2024-02-29 12:32:08 - [MESSAGE][PASSED] - Screenshot is taken
[[ATTACHMENT|/Users/00145409nuralianatasha/Desktop/automation_Retail_FX(public_git)/Reports/20240229_120620/SOW2/Test on Different User/20240229_120620/1709181128029.png]]

2024-02-29 12:32:08 - [TEST_STEP][PASSED] - tap(findTestObject("SOW2-Market Order/android.view.View - I have read and agree to the BNM Foreign Exchange Rules, I accept the declaration as well as the Terms  Conditions for this transfer"), 0, CONTINUE_ON_FAILURE): Tapped on element 'Object Repository/SOW2-Market Order/android.view.View - I have read and agree to the BNM Foreign Exchange Rules, I accept the declaration as well as the Terms  Conditions for this transfer'

2024-02-29 12:32:08 - [MESSAGE][WARNING] - Timeout '0' is invalid. Using default page load timeout: '30'

2024-02-29 12:32:08 - [MESSAGE][PASSED] - Tapped on element 'Object Repository/SOW2-Market Order/android.view.View - I have read and agree to the BNM Foreign Exchange Rules, I accept the declaration as well as the Terms  Conditions for this transfer'

2024-02-29 12:32:08 - [TEST_STEP][PASSED] - utilities.Mobile_Keywords.scrollFromTopToBottom(): utilities.Mobile_Keywords.scrollFromTopToBottom is PASSED

2024-02-29 12:32:08 - [MESSAGE][PASSED] - Current device physical height is 2180

2024-02-29 12:32:09 - [MESSAGE][PASSED] - Current device physical width is 1080

2024-02-29 12:32:10 - [MESSAGE][PASSED] - Swiped from 540,1,526 to 540,654

2024-02-29 12:32:15 - [MESSAGE][PASSED] - Delayed 5 second(s)

2024-02-29 12:32:15 - [MESSAGE][PASSED] - utilities.Mobile_Keywords.scrollFromTopToBottom is PASSED

2024-02-29 12:32:15 - [TEST_STEP][PASSED] - tap(findTestObject("SOW2-Market Order/android.widget.Dynamic_Button", ["text":"Confirm"]), 0, CONTINUE_ON_FAILURE): Tapped on element 'Object Repository/SOW2-Market Order/android.widget.Dynamic_Button'

2024-02-29 12:32:15 - [MESSAGE][WARNING] - Timeout '0' is invalid. Using default page load timeout: '30'

2024-02-29 12:32:15 - [MESSAGE][PASSED] - Tapped on element 'Object Repository/SOW2-Market Order/android.widget.Dynamic_Button'

2024-02-29 12:32:15 - [TEST_STEP][PASSED] - waitForElementPresent(findTestObject("Global Account Page/dynamicText", ["text":"Transaction Successful"]), 5, CONTINUE_ON_FAILURE): Element 'Object Repository/Global Account Page/dynamicText' is present

2024-02-29 12:32:21 - [MESSAGE][PASSED] - Element 'Object Repository/Global Account Page/dynamicText' is present

2024-02-29 12:32:21 - [TEST_STEP][PASSED] - verifyElementExist(findTestObject("Global Account Page/dynamicText", ["text":"Transaction Successful"]), 5, CONTINUE_ON_FAILURE): Element 'Object Repository/Global Account Page/dynamicText' is exist

2024-02-29 12:32:21 - [MESSAGE][PASSED] - Element 'Object Repository/Global Account Page/dynamicText' is exist

2024-02-29 12:32:21 - [TEST_STEP][PASSED] - verifyElementExist(findTestObject("Global Account Page/dynamicText", ["text":"Reference ID"]), 0, CONTINUE_ON_FAILURE): Element 'Object Repository/Global Account Page/dynamicText' is exist

2024-02-29 12:32:21 - [MESSAGE][WARNING] - Timeout '0' is invalid. Using default page load timeout: '30'

2024-02-29 12:32:21 - [MESSAGE][PASSED] - Element 'Object Repository/Global Account Page/dynamicText' is exist

2024-02-29 12:32:21 - [TEST_STEP][PASSED] - reference_id = getText(findTestObject("Market Order Page/android.widget.TextView - Reference ID"), 5, CONTINUE_ON_FAILURE): Text of element 'Object Repository/Market Order Page/android.widget.TextView - Reference ID' is: '004136810M'

2024-02-29 12:32:21 - [MESSAGE][PASSED] - Text of element 'Object Repository/Market Order Page/android.widget.TextView - Reference ID' is: '004136810M'

2024-02-29 12:32:21 - [TEST_STEP][PASSED] - amount_received = getText(findTestObject("transaction_successful/Amount received"), 5, CONTINUE_ON_FAILURE): Text of element 'Object Repository/transaction_successful/Amount received' is: 'MYR 10.00'

2024-02-29 12:32:21 - [MESSAGE][PASSED] - Text of element 'Object Repository/transaction_successful/Amount received' is: 'MYR 10.00'

2024-02-29 12:32:21 - [TEST_STEP][PASSED] - takeScreenshot(CONTINUE_ON_FAILURE): Screenshot is taken

2024-02-29 12:32:22 - [MESSAGE][PASSED] - Screenshot is taken
[[ATTACHMENT|/Users/00145409nuralianatasha/Desktop/automation_Retail_FX(public_git)/Reports/20240229_120620/SOW2/Test on Different User/20240229_120620/1709181141782.png]]

2024-02-29 12:32:22 - [TEST_STEP][PASSED] - tap(findTestObject("Global Account Page/dynamicText", ["text":"Share Receipt"]), 0, CONTINUE_ON_FAILURE): Tapped on element 'Object Repository/Global Account Page/dynamicText'

2024-02-29 12:32:22 - [MESSAGE][WARNING] - Timeout '0' is invalid. Using default page load timeout: '30'

2024-02-29 12:32:22 - [MESSAGE][PASSED] - Tapped on element 'Object Repository/Global Account Page/dynamicText'

2024-02-29 12:32:22 - [TEST_STEP][PASSED] - delay(10): Delayed 10 second(s)

2024-02-29 12:32:32 - [MESSAGE][PASSED] - Delayed 10 second(s)

2024-02-29 12:32:32 - [TEST_STEP][PASSED] - waitForElementPresent(findTestObject("Global Account Page/dynamicText", ["text":"Currency Exchange"]), 5, CONTINUE_ON_FAILURE): Element 'Object Repository/Global Account Page/dynamicText' is present

2024-02-29 12:32:33 - [MESSAGE][PASSED] - Element 'Object Repository/Global Account Page/dynamicText' is present

2024-02-29 12:32:33 - [TEST_STEP][PASSED] - verifyElementExist(findTestObject("Global Account Page/dynamicText", ["text":"Completed"]), 5, CONTINUE_ON_FAILURE): Element 'Object Repository/Global Account Page/dynamicText' is exist

2024-02-29 12:32:33 - [MESSAGE][PASSED] - Element 'Object Repository/Global Account Page/dynamicText' is exist

2024-02-29 12:32:33 - [TEST_STEP][PASSED] - takeScreenshot(): Screenshot is taken

2024-02-29 12:32:33 - [MESSAGE][PASSED] - Screenshot is taken
[[ATTACHMENT|/Users/00145409nuralianatasha/Desktop/automation_Retail_FX(public_git)/Reports/20240229_120620/SOW2/Test on Different User/20240229_120620/1709181153273.png]]

2024-02-29 12:32:33 - [TEST_STEP][PASSED] - utilities.Mobile_Keywords.scrollFromTopToBottom(): utilities.Mobile_Keywords.scrollFromTopToBottom is PASSED

2024-02-29 12:32:33 - [MESSAGE][PASSED] - Current device physical height is 2180

2024-02-29 12:32:33 - [MESSAGE][PASSED] - Current device physical width is 1080

2024-02-29 12:32:35 - [MESSAGE][PASSED] - Swiped from 540,1,526 to 540,654

2024-02-29 12:32:40 - [MESSAGE][PASSED] - Delayed 5 second(s)

2024-02-29 12:32:40 - [MESSAGE][PASSED] - utilities.Mobile_Keywords.scrollFromTopToBottom is PASSED

2024-02-29 12:32:40 - [TEST_STEP][PASSED] - delay(5): Delayed 5 second(s)

2024-02-29 12:32:45 - [MESSAGE][PASSED] - Delayed 5 second(s)

2024-02-29 12:32:45 - [TEST_STEP][PASSED] - takeScreenshot(): Screenshot is taken

2024-02-29 12:32:45 - [MESSAGE][PASSED] - Screenshot is taken
[[ATTACHMENT|/Users/00145409nuralianatasha/Desktop/automation_Retail_FX(public_git)/Reports/20240229_120620/SOW2/Test on Different User/20240229_120620/1709181165126.png]]

2024-02-29 12:32:45 - [TEST_STEP][PASSED] - tap(findTestObject("Market Order Page/android.widget.ImageViewBack_Button"), 0, CONTINUE_ON_FAILURE): Tapped on element 'Object Repository/Market Order Page/android.widget.ImageViewBack_Button'

2024-02-29 12:32:45 - [MESSAGE][WARNING] - Timeout '0' is invalid. Using default page load timeout: '30'

2024-02-29 12:32:45 - [MESSAGE][PASSED] - Tapped on element 'Object Repository/Market Order Page/android.widget.ImageViewBack_Button'

2024-02-29 12:32:45 - [TEST_STEP][PASSED] - waitForElementPresent(findTestObject("Global Account Page/dynamicText", ["text":"Transaction Successful"]), 0, CONTINUE_ON_FAILURE): Element 'Object Repository/Global Account Page/dynamicText' is present

2024-02-29 12:32:45 - [MESSAGE][WARNING] - Timeout '0' is invalid. Using default page load timeout: '30'

2024-02-29 12:32:47 - [MESSAGE][PASSED] - Element 'Object Repository/Global Account Page/dynamicText' is present

2024-02-29 12:32:47 - [TEST_STEP][PASSED] - verifyElementExist(findTestObject("Global Account Page/dynamicText", ["text":"Transaction Successful"]), 0, CONTINUE_ON_FAILURE): Element 'Object Repository/Global Account Page/dynamicText' is exist

2024-02-29 12:32:47 - [MESSAGE][WARNING] - Timeout '0' is invalid. Using default page load timeout: '30'

2024-02-29 12:32:47 - [MESSAGE][PASSED] - Element 'Object Repository/Global Account Page/dynamicText' is exist

2024-02-29 12:32:47 - [TEST_STEP][PASSED] - CurrentDate = Validation.datetime(): null

2024-02-29 12:32:47 - [TEST_STEP][PASSED] - comment("The Current Date is " + CurrentDate): The Current Date is 29 Feb 2024 12:32

2024-02-29 12:32:47 - [MESSAGE][INFO] - The Current Date is 29 Feb 2024 12:32

2024-02-29 12:32:47 - [TEST_STEP][PASSED] - takeScreenshot(): Screenshot is taken

2024-02-29 12:32:47 - [MESSAGE][PASSED] - Screenshot is taken
[[ATTACHMENT|/Users/00145409nuralianatasha/Desktop/automation_Retail_FX(public_git)/Reports/20240229_120620/SOW2/Test on Different User/20240229_120620/1709181167196.png]]

2024-02-29 12:32:47 - [TEST_STEP][PASSED] - tap(findTestObject("Global Account Page/dynamicText", ["text":"Done"]), 0, CONTINUE_ON_FAILURE): Tapped on element 'Object Repository/Global Account Page/dynamicText'

2024-02-29 12:32:47 - [MESSAGE][WARNING] - Timeout '0' is invalid. Using default page load timeout: '30'

2024-02-29 12:32:48 - [MESSAGE][PASSED] - Tapped on element 'Object Repository/Global Account Page/dynamicText'

2024-02-29 12:32:48 - [TEST_STEP][PASSED] - data_to_excel.dealt_ammount(row, reference_id, username, base_currency, dealt_currency, amount_received): null

2024-02-29 12:32:48 - [TEST_STEP][PASSED] - tap(findTestObject("SOW2-Market Order/Back_Button_Currency_Exchange"), 0, CONTINUE_ON_FAILURE): Tapped on element 'Object Repository/SOW2-Market Order/Back_Button_Currency_Exchange'

2024-02-29 12:32:48 - [MESSAGE][WARNING] - Timeout '0' is invalid. Using default page load timeout: '30'

2024-02-29 12:32:49 - [MESSAGE][PASSED] - Tapped on element 'Object Repository/SOW2-Market Order/Back_Button_Currency_Exchange'

2024-02-29 12:32:49 - [TEST_STEP][PASSED] - Utility.doubleTap(): Current device physical width is 1080

2024-02-29 12:32:49 - [MESSAGE][PASSED] - Current device physical height is 2180

2024-02-29 12:32:49 - [MESSAGE][PASSED] - Current device physical width is 1080

2024-02-29 12:33:10 - [TEST_STEP][PASSED] - waitForElementPresent(findTestObject("Global Account Page/dynamicText", ["text":"DEV OPTIONS"]), 0, CONTINUE_ON_FAILURE): Element 'Object Repository/Global Account Page/dynamicText' is present

2024-02-29 12:33:10 - [MESSAGE][WARNING] - Timeout '0' is invalid. Using default page load timeout: '30'

2024-02-29 12:33:10 - [MESSAGE][PASSED] - Element 'Object Repository/Global Account Page/dynamicText' is present

2024-02-29 12:33:10 - [TEST_STEP][PASSED] - waitForElementPresent(findTestObject("Global Account Page/dynamicText", ["text":"CLEAR DATA & CACHE"]), 0, CONTINUE_ON_FAILURE): Element 'Object Repository/Global Account Page/dynamicText' is present

2024-02-29 12:33:10 - [MESSAGE][WARNING] - Timeout '0' is invalid. Using default page load timeout: '30'

2024-02-29 12:33:10 - [MESSAGE][PASSED] - Element 'Object Repository/Global Account Page/dynamicText' is present

2024-02-29 12:33:10 - [TEST_STEP][PASSED] - tap(findTestObject("Global Account Page/dynamicText", ["text":"CLEAR DATA & CACHE"]), 0, CONTINUE_ON_FAILURE): Tapped on element 'Object Repository/Global Account Page/dynamicText'

2024-02-29 12:33:10 - [MESSAGE][WARNING] - Timeout '0' is invalid. Using default page load timeout: '30'

2024-02-29 12:33:10 - [MESSAGE][PASSED] - Tapped on element 'Object Repository/Global Account Page/dynamicText'

2024-02-29 12:33:10 - [TEST_STEP][PASSED] - waitForElementPresent(findTestObject("Global Account Page/dynamicText", ["text":"Confirmation"]), 0, CONTINUE_ON_FAILURE): Element 'Object Repository/Global Account Page/dynamicText' is present

2024-02-29 12:33:10 - [MESSAGE][WARNING] - Timeout '0' is invalid. Using default page load timeout: '30'

2024-02-29 12:33:11 - [MESSAGE][PASSED] - Element 'Object Repository/Global Account Page/dynamicText' is present

2024-02-29 12:33:11 - [TEST_STEP][PASSED] - tap(findTestObject("SOW2-Market Order/android.widget.Button - YES"), 0, CONTINUE_ON_FAILURE): Tapped on element 'Object Repository/SOW2-Market Order/android.widget.Button - YES'

2024-02-29 12:33:11 - [MESSAGE][WARNING] - Timeout '0' is invalid. Using default page load timeout: '30'

2024-02-29 12:33:11 - [MESSAGE][PASSED] - Tapped on element 'Object Repository/SOW2-Market Order/android.widget.Button - YES'

2024-02-29 12:33:11 - [TEST_STEP][PASSED] - delay(10): Delayed 10 second(s)

2024-02-29 12:33:21 - [MESSAGE][PASSED] - Delayed 10 second(s)

2024-02-29 12:33:21 - [TEST_STEP][ERROR] - utilities.General_Onboarding.Onboarding_Different_User(row): Test Cases/RETAILFX-SOW2 Market Order/E2E - different User by Dealt Currency FAILED.
Reason:
com.kms.katalon.core.exception.StepErrorException: java.lang.IllegalArgumentException: Invalid row index 5 for test data '/Users/00145409nuralianatasha/Desktop/automation_Retail_FX(public_git)/Data Files/type_of_User.xlsx'. Row index must be between 1..4
	at com.kms.katalon.core.main.CustomKeywordDelegatingMetaClass.throwError(CustomKeywordDelegatingMetaClass.java:101)
	at com.kms.katalon.core.main.CustomKeywordDelegatingMetaClass.invokeStaticMethod(CustomKeywordDelegatingMetaClass.java:73)
	at E2E - different User by Dealt Currency.run(E2E - different User by Dealt Currency:31)
	at com.kms.katalon.core.main.ScriptEngine.run(ScriptEngine.java:194)
	at com.kms.katalon.core.main.ScriptEngine.runScriptAsRawText(ScriptEngine.java:119)
	at com.kms.katalon.core.main.TestCaseExecutor.runScript(TestCaseExecutor.java:448)
	at com.kms.katalon.core.main.TestCaseExecutor.doExecute(TestCaseExecutor.java:439)
	at com.kms.katalon.core.main.TestCaseExecutor.processExecutionPhase(TestCaseExecutor.java:418)
	at com.kms.katalon.core.main.TestCaseExecutor.accessMainPhase(TestCaseExecutor.java:410)
	at com.kms.katalon.core.main.TestCaseExecutor.execute(TestCaseExecutor.java:285)
	at com.kms.katalon.core.common.CommonExecutor.accessTestCaseMainPhase(CommonExecutor.java:65)
	at com.kms.katalon.core.main.TestSuiteExecutor.accessTestSuiteMainPhase(TestSuiteExecutor.java:148)
	at com.kms.katalon.core.main.TestSuiteExecutor.execute(TestSuiteExecutor.java:106)
	at com.kms.katalon.core.main.TestCaseMain.startTestSuite(TestCaseMain.java:187)
	at com.kms.katalon.core.main.TestCaseMain$startTestSuite$0.call(Unknown Source)
	at TempTestSuite1709179580552.run(TempTestSuite1709179580552.groovy:36)
Caused by: java.lang.IllegalArgumentException: Invalid row index 5 for test data '/Users/00145409nuralianatasha/Desktop/automation_Retail_FX(public_git)/Data Files/type_of_User.xlsx'. Row index must be between 1..4
	at com.kms.katalon.core.testdata.AbstractTestData.verifyRowIndex(AbstractTestData.java:54)
	at com.kms.katalon.core.testdata.AbstractTestData.getObjectValue(AbstractTestData.java:135)
	at com.kms.katalon.core.testdata.AbstractTestData.getValue(AbstractTestData.java:107)
	at com.kms.katalon.core.testdata.TestData$getValue$0.call(Unknown Source)
	at utilities.General_Onboarding.Onboarding_Different_User(General_Onboarding.groovy:269)
	at utilities.General_Onboarding.invokeMethod(General_Onboarding.groovy)
	at com.kms.katalon.core.main.CustomKeywordDelegatingMetaClass.invokeStaticMethod(CustomKeywordDelegatingMetaClass.java:55)
	... 14 more


2024-02-29 12:33:22 - [MESSAGE][PASSED] - Tapped on element 'Object Repository/Onboarding_Obj/Next_Button'

2024-02-29 12:33:22 - [MESSAGE][PASSED] - Tapped on element 'Object Repository/Onboarding_Obj/Next_Button01'

2024-02-29 12:33:23 - [MESSAGE][PASSED] - Tapped on element 'Object Repository/Onboarding_Obj/Next_button02'

2024-02-29 12:33:28 - [MESSAGE][WARNING] - Object Object Repository/Onboarding_Obj/Next_button03 not found

2024-02-29 12:33:29 - [MESSAGE][PASSED] - Tapped on element 'Object Repository/Onboarding_Obj/Got_It_Button'

2024-02-29 12:33:29 - [MESSAGE][PASSED] - Tapped on element 'Object Repository/Onboarding_Obj/Agree_Button1'

2024-02-29 12:33:32 - [MESSAGE][PASSED] - Element 'Object Repository/Onboarding_Obj/Log_In_Now_Button' is exist

2024-02-29 12:33:32 - [MESSAGE][PASSED] - Tapped on element 'Object Repository/Dashboard_Login/Onboarding_Login/android.widget.TextView - Log In Now'

2024-02-29 12:33:34 - [MESSAGE][PASSED] - Tapped on element 'Object Repository/Dashboard_Login/Onboarding_Login/android.widget.TextView - Existing M2UMAE user Log in here'

2024-02-29 12:33:34 - [MESSAGE][ERROR] - Invalid row index 5 for test data '/Users/00145409nuralianatasha/Desktop/automation_Retail_FX(public_git)/Data Files/type_of_User.xlsx'. Row index must be between 1..4

2024-02-29 12:33:34 - [MESSAGE][ERROR] - Test Cases/RETAILFX-SOW2 Market Order/E2E - different User by Dealt Currency FAILED.
Reason:
com.kms.katalon.core.exception.StepErrorException: java.lang.IllegalArgumentException: Invalid row index 5 for test data '/Users/00145409nuralianatasha/Desktop/automation_Retail_FX(public_git)/Data Files/type_of_User.xlsx'. Row index must be between 1..4
	at com.kms.katalon.core.main.CustomKeywordDelegatingMetaClass.throwError(CustomKeywordDelegatingMetaClass.java:101)
	at com.kms.katalon.core.main.CustomKeywordDelegatingMetaClass.invokeStaticMethod(CustomKeywordDelegatingMetaClass.java:73)
	at E2E - different User by Dealt Currency.run(E2E - different User by Dealt Currency:31)
	at com.kms.katalon.core.main.ScriptEngine.run(ScriptEngine.java:194)
	at com.kms.katalon.core.main.ScriptEngine.runScriptAsRawText(ScriptEngine.java:119)
	at com.kms.katalon.core.main.TestCaseExecutor.runScript(TestCaseExecutor.java:448)
	at com.kms.katalon.core.main.TestCaseExecutor.doExecute(TestCaseExecutor.java:439)
	at com.kms.katalon.core.main.TestCaseExecutor.processExecutionPhase(TestCaseExecutor.java:418)
	at com.kms.katalon.core.main.TestCaseExecutor.accessMainPhase(TestCaseExecutor.java:410)
	at com.kms.katalon.core.main.TestCaseExecutor.execute(TestCaseExecutor.java:285)
	at com.kms.katalon.core.common.CommonExecutor.accessTestCaseMainPhase(CommonExecutor.java:65)
	at com.kms.katalon.core.main.TestSuiteExecutor.accessTestSuiteMainPhase(TestSuiteExecutor.java:148)
	at com.kms.katalon.core.main.TestSuiteExecutor.execute(TestSuiteExecutor.java:106)
	at com.kms.katalon.core.main.TestCaseMain.startTestSuite(TestCaseMain.java:187)
	at com.kms.katalon.core.main.TestCaseMain$startTestSuite$0.call(Unknown Source)
	at TempTestSuite1709179580552.run(TempTestSuite1709179580552.groovy:36)
Caused by: java.lang.IllegalArgumentException: Invalid row index 5 for test data '/Users/00145409nuralianatasha/Desktop/automation_Retail_FX(public_git)/Data Files/type_of_User.xlsx'. Row index must be between 1..4
	at com.kms.katalon.core.testdata.AbstractTestData.verifyRowIndex(AbstractTestData.java:54)
	at com.kms.katalon.core.testdata.AbstractTestData.getObjectValue(AbstractTestData.java:135)
	at com.kms.katalon.core.testdata.AbstractTestData.getValue(AbstractTestData.java:107)
	at com.kms.katalon.core.testdata.TestData$getValue$0.call(Unknown Source)
	at utilities.General_Onboarding.Onboarding_Different_User(General_Onboarding.groovy:269)
	at utilities.General_Onboarding.invokeMethod(General_Onboarding.groovy)
	at com.kms.katalon.core.main.CustomKeywordDelegatingMetaClass.invokeStaticMethod(CustomKeywordDelegatingMetaClass.java:55)
	... 14 more]]></system-out>
         <system-err><![CDATA[2024-02-29 12:06:28 - [TEST_CASE][FAILED] - Test Cases/RETAILFX-SOW2 Market Order/E2E - different User by Dealt Currency: Test Cases/RETAILFX-SOW2 Market Order/E2E - different User by Dealt Currency FAILED.
Reason:
com.kms.katalon.core.exception.StepFailedException: Element 'Object Repository/Global Account Page/dynamicText' not found
	at com.kms.katalon.core.keyword.internal.KeywordMain.stepFailed(KeywordMain.groovy:39)
	at com.kms.katalon.core.mobile.keyword.internal.MobileKeywordMain.stepFailed(MobileKeywordMain.groovy:40)
	at com.kms.katalon.core.mobile.keyword.builtin.VerifyElementExistKeyword$_verifyElementExist_closure1.doCall(VerifyElementExistKeyword.groovy:77)
	at com.kms.katalon.core.mobile.keyword.builtin.VerifyElementExistKeyword$_verifyElementExist_closure1.call(VerifyElementExistKeyword.groovy)
	at com.kms.katalon.core.mobile.keyword.internal.MobileKeywordMain.runKeyword(MobileKeywordMain.groovy:21)
	at com.kms.katalon.core.mobile.keyword.builtin.VerifyElementExistKeyword.verifyElementExist(VerifyElementExistKeyword.groovy:80)
	at com.kms.katalon.core.mobile.keyword.builtin.VerifyElementExistKeyword.execute(VerifyElementExistKeyword.groovy:64)
	at com.kms.katalon.core.keyword.internal.KeywordExecutor.executeKeywordForPlatform(KeywordExecutor.groovy:74)
	at com.kms.katalon.core.mobile.keyword.MobileBuiltInKeywords.verifyElementExist(MobileBuiltInKeywords.groovy:1739)
	at com.kms.katalon.core.mobile.keyword.MobileBuiltInKeywords$verifyElementExist$1.call(Unknown Source)
	at E2E - different User by Dealt Currency.run(E2E - different User by Dealt Currency:104)
	at com.kms.katalon.core.main.ScriptEngine.run(ScriptEngine.java:194)
	at com.kms.katalon.core.main.ScriptEngine.runScriptAsRawText(ScriptEngine.java:119)
	at com.kms.katalon.core.main.TestCaseExecutor.runScript(TestCaseExecutor.java:448)
	at com.kms.katalon.core.main.TestCaseExecutor.doExecute(TestCaseExecutor.java:439)
	at com.kms.katalon.core.main.TestCaseExecutor.processExecutionPhase(TestCaseExecutor.java:418)
	at com.kms.katalon.core.main.TestCaseExecutor.accessMainPhase(TestCaseExecutor.java:410)
	at com.kms.katalon.core.main.TestCaseExecutor.execute(TestCaseExecutor.java:285)
	at com.kms.katalon.core.common.CommonExecutor.accessTestCaseMainPhase(CommonExecutor.java:65)
	at com.kms.katalon.core.main.TestSuiteExecutor.accessTestSuiteMainPhase(TestSuiteExecutor.java:148)
	at com.kms.katalon.core.main.TestSuiteExecutor.execute(TestSuiteExecutor.java:106)
	at com.kms.katalon.core.main.TestCaseMain.startTestSuite(TestCaseMain.java:187)
	at com.kms.katalon.core.main.TestCaseMain$startTestSuite$0.call(Unknown Source)
	at TempTestSuite1709179580552.run(TempTestSuite1709179580552.groovy:36)]]></system-err>
      </testcase>
      <system-out><![CDATA[2024-02-29 12:06:28 - [TEST_SUITE][FAILED] - Test on Different User: Test Cases/RETAILFX-SOW2 Market Order/E2E - different User by Dealt Currency FAILED.
Reason:
com.kms.katalon.core.exception.StepFailedException: Element 'Object Repository/Global Account Page/dynamicText' not found
	at com.kms.katalon.core.keyword.internal.KeywordMain.stepFailed(KeywordMain.groovy:39)
	at com.kms.katalon.core.mobile.keyword.internal.MobileKeywordMain.stepFailed(MobileKeywordMain.groovy:40)
	at com.kms.katalon.core.mobile.keyword.builtin.VerifyElementExistKeyword$_verifyElementExist_closure1.doCall(VerifyElementExistKeyword.groovy:77)
	at com.kms.katalon.core.mobile.keyword.builtin.VerifyElementExistKeyword$_verifyElementExist_closure1.call(VerifyElementExistKeyword.groovy)
	at com.kms.katalon.core.mobile.keyword.internal.MobileKeywordMain.runKeyword(MobileKeywordMain.groovy:21)
	at com.kms.katalon.core.mobile.keyword.builtin.VerifyElementExistKeyword.verifyElementExist(VerifyElementExistKeyword.groovy:80)
	at com.kms.katalon.core.mobile.keyword.builtin.VerifyElementExistKeyword.execute(VerifyElementExistKeyword.groovy:64)
	at com.kms.katalon.core.keyword.internal.KeywordExecutor.executeKeywordForPlatform(KeywordExecutor.groovy:74)
	at com.kms.katalon.core.mobile.keyword.MobileBuiltInKeywords.verifyElementExist(MobileBuiltInKeywords.groovy:1739)
	at com.kms.katalon.core.mobile.keyword.MobileBuiltInKeywords$verifyElementExist$1.call(Unknown Source)
	at E2E - different User by Dealt Currency.run(E2E - different User by Dealt Currency:104)
	at com.kms.katalon.core.main.ScriptEngine.run(ScriptEngine.java:194)
	at com.kms.katalon.core.main.ScriptEngine.runScriptAsRawText(ScriptEngine.java:119)
	at com.kms.katalon.core.main.TestCaseExecutor.runScript(TestCaseExecutor.java:448)
	at com.kms.katalon.core.main.TestCaseExecutor.doExecute(TestCaseExecutor.java:439)
	at com.kms.katalon.core.main.TestCaseExecutor.processExecutionPhase(TestCaseExecutor.java:418)
	at com.kms.katalon.core.main.TestCaseExecutor.accessMainPhase(TestCaseExecutor.java:410)
	at com.kms.katalon.core.main.TestCaseExecutor.execute(TestCaseExecutor.java:285)
	at com.kms.katalon.core.common.CommonExecutor.accessTestCaseMainPhase(CommonExecutor.java:65)
	at com.kms.katalon.core.main.TestSuiteExecutor.accessTestSuiteMainPhase(TestSuiteExecutor.java:148)
	at com.kms.katalon.core.main.TestSuiteExecutor.execute(TestSuiteExecutor.java:106)
	at com.kms.katalon.core.main.TestCaseMain.startTestSuite(TestCaseMain.java:187)
	at com.kms.katalon.core.main.TestCaseMain$startTestSuite$0.call(Unknown Source)
	at TempTestSuite1709179580552.run(TempTestSuite1709179580552.groovy:36)]]></system-out>
      <system-err><![CDATA[2024-02-29 12:06:28 - [TEST_SUITE][FAILED] - Test on Different User: Test Cases/RETAILFX-SOW2 Market Order/E2E - different User by Dealt Currency FAILED.
Reason:
com.kms.katalon.core.exception.StepFailedException: Element 'Object Repository/Global Account Page/dynamicText' not found
	at com.kms.katalon.core.keyword.internal.KeywordMain.stepFailed(KeywordMain.groovy:39)
	at com.kms.katalon.core.mobile.keyword.internal.MobileKeywordMain.stepFailed(MobileKeywordMain.groovy:40)
	at com.kms.katalon.core.mobile.keyword.builtin.VerifyElementExistKeyword$_verifyElementExist_closure1.doCall(VerifyElementExistKeyword.groovy:77)
	at com.kms.katalon.core.mobile.keyword.builtin.VerifyElementExistKeyword$_verifyElementExist_closure1.call(VerifyElementExistKeyword.groovy)
	at com.kms.katalon.core.mobile.keyword.internal.MobileKeywordMain.runKeyword(MobileKeywordMain.groovy:21)
	at com.kms.katalon.core.mobile.keyword.builtin.VerifyElementExistKeyword.verifyElementExist(VerifyElementExistKeyword.groovy:80)
	at com.kms.katalon.core.mobile.keyword.builtin.VerifyElementExistKeyword.execute(VerifyElementExistKeyword.groovy:64)
	at com.kms.katalon.core.keyword.internal.KeywordExecutor.executeKeywordForPlatform(KeywordExecutor.groovy:74)
	at com.kms.katalon.core.mobile.keyword.MobileBuiltInKeywords.verifyElementExist(MobileBuiltInKeywords.groovy:1739)
	at com.kms.katalon.core.mobile.keyword.MobileBuiltInKeywords$verifyElementExist$1.call(Unknown Source)
	at E2E - different User by Dealt Currency.run(E2E - different User by Dealt Currency:104)
	at com.kms.katalon.core.main.ScriptEngine.run(ScriptEngine.java:194)
	at com.kms.katalon.core.main.ScriptEngine.runScriptAsRawText(ScriptEngine.java:119)
	at com.kms.katalon.core.main.TestCaseExecutor.runScript(TestCaseExecutor.java:448)
	at com.kms.katalon.core.main.TestCaseExecutor.doExecute(TestCaseExecutor.java:439)
	at com.kms.katalon.core.main.TestCaseExecutor.processExecutionPhase(TestCaseExecutor.java:418)
	at com.kms.katalon.core.main.TestCaseExecutor.accessMainPhase(TestCaseExecutor.java:410)
	at com.kms.katalon.core.main.TestCaseExecutor.execute(TestCaseExecutor.java:285)
	at com.kms.katalon.core.common.CommonExecutor.accessTestCaseMainPhase(CommonExecutor.java:65)
	at com.kms.katalon.core.main.TestSuiteExecutor.accessTestSuiteMainPhase(TestSuiteExecutor.java:148)
	at com.kms.katalon.core.main.TestSuiteExecutor.execute(TestSuiteExecutor.java:106)
	at com.kms.katalon.core.main.TestCaseMain.startTestSuite(TestCaseMain.java:187)
	at com.kms.katalon.core.main.TestCaseMain$startTestSuite$0.call(Unknown Source)
	at TempTestSuite1709179580552.run(TempTestSuite1709179580552.groovy:36)]]></system-err>
   </testsuite>
</testsuites>
